DEBUG - 2025-08-06 05:14:27 --> Selected Variations for Variation ID 2: [{"variation_type_id":"2","selected_value":"Blue"},{"variation_type_id":"3","selected_value":"2 L"}]
DEBUG - 2025-08-06 05:14:27 --> Variation Details for Variation ID 2: [{"variation_id":"2","variation_type":"Colour","display_name":"Colour","selected_value":"Blue"},{"variation_id":"3","variation_type":"Capacity","display_name":"Capacity","selected_value":"2 L"}]
DEBUG - 2025-08-06 05:14:27 --> Variation Options for Product ID 2: [{"variation_type_id":"2","selected_value":"Blue"},{"variation_type_id":"3","selected_value":"2 L"}]
DEBUG - 2025-08-06 05:14:27 --> Variation Type for ID 2: null
DEBUG - 2025-08-06 05:14:27 --> Variation Type for ID 3: null
DEBUG - 2025-08-06 05:14:27 --> Variation Types for Product ID 2: []
DEBUG - 2025-08-06 05:14:27 --> Selected Variations for Variation ID 3: [{"variation_type_id":"2","selected_value":"Red"},{"variation_type_id":"3","selected_value":"1 L"}]
DEBUG - 2025-08-06 05:14:27 --> Variation Details for Variation ID 3: [{"variation_id":"2","variation_type":"Colour","display_name":"Colour","selected_value":"Red"},{"variation_id":"3","variation_type":"Capacity","display_name":"Capacity","selected_value":"1 L"}]
DEBUG - 2025-08-06 05:14:27 --> Variation Options for Product ID 3: [{"variation_type_id":"2","selected_value":"Red"},{"variation_type_id":"3","selected_value":"1 L"}]
DEBUG - 2025-08-06 05:14:27 --> Variation Type for ID 2: null
DEBUG - 2025-08-06 05:14:27 --> Variation Type for ID 3: null
DEBUG - 2025-08-06 05:14:27 --> Variation Types for Product ID 3: []
DEBUG - 2025-08-06 05:14:28 --> Selected Variations for Variation ID 4: [{"variation_type_id":"2","selected_value":"Black"},{"variation_type_id":"3","selected_value":"3 L"}]
DEBUG - 2025-08-06 05:14:28 --> Variation Details for Variation ID 4: [{"variation_id":"2","variation_type":"Colour","display_name":"Colour","selected_value":"Black"},{"variation_id":"3","variation_type":"Capacity","display_name":"Capacity","selected_value":"3 L"}]
DEBUG - 2025-08-06 05:14:28 --> Variation Options for Product ID 4: [{"variation_type_id":"2","selected_value":"Black"},{"variation_type_id":"3","selected_value":"3 L"}]
DEBUG - 2025-08-06 05:14:28 --> Variation Type for ID 2: null
DEBUG - 2025-08-06 05:14:28 --> Variation Type for ID 3: null
DEBUG - 2025-08-06 05:14:28 --> Variation Types for Product ID 4: []
DEBUG - 2025-08-06 05:14:28 --> Selected Variations for Variation ID 5: [{"variation_type_id":"2","selected_value":"Blue"},{"variation_type_id":"3","selected_value":"2 L"}]
DEBUG - 2025-08-06 05:14:28 --> Variation Details for Variation ID 5: [{"variation_id":"2","variation_type":"Colour","display_name":"Colour","selected_value":"Blue"},{"variation_id":"3","variation_type":"Capacity","display_name":"Capacity","selected_value":"2 L"}]
DEBUG - 2025-08-06 05:14:28 --> Variation Options for Product ID 5: [{"variation_type_id":"2","selected_value":"Blue"},{"variation_type_id":"3","selected_value":"2 L"}]
DEBUG - 2025-08-06 05:14:28 --> Variation Type for ID 2: null
DEBUG - 2025-08-06 05:14:28 --> Variation Type for ID 3: null
DEBUG - 2025-08-06 05:14:28 --> Variation Types for Product ID 5: []
DEBUG - 2025-08-06 05:14:28 --> Selected Variations for Variation ID 6: [{"variation_type_id":"2","selected_value":"Red"},{"variation_type_id":"3","selected_value":"2 L"}]
DEBUG - 2025-08-06 05:14:28 --> Variation Details for Variation ID 6: [{"variation_id":"2","variation_type":"Colour","display_name":"Colour","selected_value":"Red"},{"variation_id":"3","variation_type":"Capacity","display_name":"Capacity","selected_value":"2 L"}]
DEBUG - 2025-08-06 05:14:28 --> Variation Options for Product ID 6: [{"variation_type_id":"2","selected_value":"Red"},{"variation_type_id":"3","selected_value":"2 L"}]
DEBUG - 2025-08-06 05:14:28 --> Variation Type for ID 2: null
DEBUG - 2025-08-06 05:14:28 --> Variation Type for ID 3: null
DEBUG - 2025-08-06 05:14:28 --> Variation Types for Product ID 6: []
DEBUG - 2025-08-06 05:14:28 --> Selected Variations for Variation ID 7: [{"variation_type_id":"2","selected_value":"Black"},{"variation_type_id":"3","selected_value":"1 L"}]
DEBUG - 2025-08-06 05:14:28 --> Variation Details for Variation ID 7: [{"variation_id":"2","variation_type":"Colour","display_name":"Colour","selected_value":"Black"},{"variation_id":"3","variation_type":"Capacity","display_name":"Capacity","selected_value":"1 L"}]
DEBUG - 2025-08-06 05:14:28 --> Variation Options for Product ID 7: [{"variation_type_id":"2","selected_value":"Black"},{"variation_type_id":"3","selected_value":"1 L"}]
DEBUG - 2025-08-06 05:14:28 --> Variation Type for ID 2: null
DEBUG - 2025-08-06 05:14:28 --> Variation Type for ID 3: null
DEBUG - 2025-08-06 05:14:28 --> Variation Types for Product ID 7: []
DEBUG - 2025-08-06 05:14:28 --> Selected Variations for Variation ID 8: [{"variation_type_id":"2","selected_value":"Black"},{"variation_type_id":"3","selected_value":"3 L"}]
DEBUG - 2025-08-06 05:14:28 --> Variation Details for Variation ID 8: [{"variation_id":"2","variation_type":"Colour","display_name":"Colour","selected_value":"Black"},{"variation_id":"3","variation_type":"Capacity","display_name":"Capacity","selected_value":"3 L"}]
DEBUG - 2025-08-06 05:14:28 --> Variation Options for Product ID 8: [{"variation_type_id":"2","selected_value":"Black"},{"variation_type_id":"3","selected_value":"3 L"}]
DEBUG - 2025-08-06 05:14:28 --> Variation Type for ID 2: null
DEBUG - 2025-08-06 05:14:28 --> Variation Type for ID 3: null
DEBUG - 2025-08-06 05:14:28 --> Variation Types for Product ID 8: []
DEBUG - 2025-08-06 05:14:28 --> Selected Variations for Variation ID 9: [{"variation_type_id":"2","selected_value":"Blue"},{"variation_type_id":"3","selected_value":"3 L"}]
DEBUG - 2025-08-06 05:14:28 --> Variation Details for Variation ID 9: [{"variation_id":"2","variation_type":"Colour","display_name":"Colour","selected_value":"Blue"},{"variation_id":"3","variation_type":"Capacity","display_name":"Capacity","selected_value":"3 L"}]
DEBUG - 2025-08-06 05:14:28 --> Selected Variations for Variation ID 10: [{"variation_type_id":"2","selected_value":"Red"},{"variation_type_id":"3","selected_value":"2 L"}]
DEBUG - 2025-08-06 05:14:28 --> Variation Details for Variation ID 10: [{"variation_id":"2","variation_type":"Colour","display_name":"Colour","selected_value":"Red"},{"variation_id":"3","variation_type":"Capacity","display_name":"Capacity","selected_value":"2 L"}]
DEBUG - 2025-08-06 05:14:28 --> Selected Variations for Variation ID 11: [{"variation_type_id":"2","selected_value":"Red"},{"variation_type_id":"3","selected_value":"1 L"}]
DEBUG - 2025-08-06 05:14:28 --> Variation Details for Variation ID 11: [{"variation_id":"2","variation_type":"Colour","display_name":"Colour","selected_value":"Red"},{"variation_id":"3","variation_type":"Capacity","display_name":"Capacity","selected_value":"1 L"}]
DEBUG - 2025-08-06 05:14:28 --> Selected Variations for Variation ID 12: [{"variation_type_id":"2","selected_value":"Red"},{"variation_type_id":"3","selected_value":"1 L"}]
DEBUG - 2025-08-06 05:14:28 --> Variation Details for Variation ID 12: [{"variation_id":"2","variation_type":"Colour","display_name":"Colour","selected_value":"Red"},{"variation_id":"3","variation_type":"Capacity","display_name":"Capacity","selected_value":"1 L"}]
DEBUG - 2025-08-06 05:14:28 --> Variation Options for Product ID 9: [{"variation_type_id":"2","selected_value":"Blue"},{"variation_type_id":"3","selected_value":"3 L"},{"variation_type_id":"2","selected_value":"Red"},{"variation_type_id":"3","selected_value":"2 L"},{"variation_type_id":"2","selected_value":"Red"},{"variation_type_id":"3","selected_value":"1 L"},{"variation_type_id":"2","selected_value":"Red"},{"variation_type_id":"3","selected_value":"1 L"}]
DEBUG - 2025-08-06 05:14:28 --> Variation Type for ID 2: null
DEBUG - 2025-08-06 05:14:28 --> Variation Type for ID 3: null
DEBUG - 2025-08-06 05:14:28 --> Variation Type for ID 2: null
DEBUG - 2025-08-06 05:14:28 --> Variation Type for ID 3: null
DEBUG - 2025-08-06 05:14:28 --> Variation Type for ID 2: null
DEBUG - 2025-08-06 05:14:28 --> Variation Type for ID 3: null
DEBUG - 2025-08-06 05:14:28 --> Variation Type for ID 2: null
DEBUG - 2025-08-06 05:14:28 --> Variation Type for ID 3: null
DEBUG - 2025-08-06 05:14:28 --> Variation Types for Product ID 9: []
DEBUG - 2025-08-06 05:14:28 --> Selected Variations for Variation ID 13: [{"variation_type_id":"1","selected_value":"Large"},{"variation_type_id":"2","selected_value":"Blue"}]
DEBUG - 2025-08-06 05:14:28 --> Variation Details for Variation ID 13: [{"variation_id":"1","variation_type":"Size","display_name":"ty","selected_value":"Large"},{"variation_id":"2","variation_type":"Colour","display_name":"Colour","selected_value":"Blue"}]
DEBUG - 2025-08-06 05:14:28 --> Variation Options for Product ID 13: [{"variation_type_id":"1","selected_value":"Large"},{"variation_type_id":"2","selected_value":"Blue"}]
DEBUG - 2025-08-06 05:14:28 --> Variation Type for ID 1: null
DEBUG - 2025-08-06 05:14:28 --> Variation Type for ID 2: null
DEBUG - 2025-08-06 05:14:28 --> Variation Types for Product ID 13: []
CRITICAL - 2025-08-06 05:14:32 --> ErrorException: Undefined array key "return_policy_days"
[Method: GET, Route: api/bestsellingproducts]
in APPPATH\Controllers\api\BestSellingController.php on line 95.
 1 APPPATH\Controllers\api\BestSellingController.php(95): CodeIgniter\Debug\Exceptions->errorHandler(2, 'Undefined array key "return_policy_days"', 'C:\\Users\\Admin\\Documents\\Planery-User-Api\\app\\Controllers\\api\\BestSellingController.php', 95)
 2 SYSTEMPATH\CodeIgniter.php(933): App\Controllers\api\BestSellingController->bestsellingproduct()
 3 SYSTEMPATH\CodeIgniter.php(509): CodeIgniter\CodeIgniter->runController(Object(App\Controllers\api\BestSellingController))
 4 SYSTEMPATH\CodeIgniter.php(355): CodeIgniter\CodeIgniter->handleRequest(null, Object(Config\Cache), false)
 5 SYSTEMPATH\Boot.php(312): CodeIgniter\CodeIgniter->run()
 6 SYSTEMPATH\Boot.php(67): CodeIgniter\Boot::runCodeIgniter(Object(CodeIgniter\CodeIgniter))
 7 FCPATH\index.php(56): CodeIgniter\Boot::bootWeb(Object(Config\Paths))
 8 SYSTEMPATH\Commands\Server\rewrite.php(49): require_once('C:\\Users\\Admin\\Documents\\Planery-User-Api\\public\\index.php')
DEBUG - 2025-08-06 05:14:33 --> Selected Variations for Variation ID 2: [{"variation_type_id":"2","selected_value":"Blue"},{"variation_type_id":"3","selected_value":"2 L"}]
DEBUG - 2025-08-06 05:14:33 --> Variation Details for Variation ID 2: [{"variation_id":"2","variation_type":"Colour","display_name":"Colour","selected_value":"Blue"},{"variation_id":"3","variation_type":"Capacity","display_name":"Capacity","selected_value":"2 L"}]
DEBUG - 2025-08-06 05:14:33 --> Variation Options for Product ID 2: [{"variation_type_id":"2","selected_value":"Blue"},{"variation_type_id":"3","selected_value":"2 L"}]
DEBUG - 2025-08-06 05:14:33 --> Variation Type for ID 2: null
DEBUG - 2025-08-06 05:14:33 --> Variation Type for ID 3: null
DEBUG - 2025-08-06 05:14:33 --> Variation Types for Product ID 2: []
DEBUG - 2025-08-06 05:14:33 --> Selected Variations for Variation ID 3: [{"variation_type_id":"2","selected_value":"Red"},{"variation_type_id":"3","selected_value":"1 L"}]
DEBUG - 2025-08-06 05:14:33 --> Variation Details for Variation ID 3: [{"variation_id":"2","variation_type":"Colour","display_name":"Colour","selected_value":"Red"},{"variation_id":"3","variation_type":"Capacity","display_name":"Capacity","selected_value":"1 L"}]
DEBUG - 2025-08-06 05:14:33 --> Variation Options for Product ID 3: [{"variation_type_id":"2","selected_value":"Red"},{"variation_type_id":"3","selected_value":"1 L"}]
DEBUG - 2025-08-06 05:14:33 --> Variation Type for ID 2: null
DEBUG - 2025-08-06 05:14:33 --> Variation Type for ID 3: null
DEBUG - 2025-08-06 05:14:33 --> Variation Types for Product ID 3: []
DEBUG - 2025-08-06 05:14:33 --> Selected Variations for Variation ID 4: [{"variation_type_id":"2","selected_value":"Black"},{"variation_type_id":"3","selected_value":"3 L"}]
DEBUG - 2025-08-06 05:14:33 --> Variation Details for Variation ID 4: [{"variation_id":"2","variation_type":"Colour","display_name":"Colour","selected_value":"Black"},{"variation_id":"3","variation_type":"Capacity","display_name":"Capacity","selected_value":"3 L"}]
DEBUG - 2025-08-06 05:14:33 --> Variation Options for Product ID 4: [{"variation_type_id":"2","selected_value":"Black"},{"variation_type_id":"3","selected_value":"3 L"}]
DEBUG - 2025-08-06 05:14:33 --> Variation Type for ID 2: null
DEBUG - 2025-08-06 05:14:33 --> Variation Type for ID 3: null
DEBUG - 2025-08-06 05:14:33 --> Variation Types for Product ID 4: []
DEBUG - 2025-08-06 05:14:33 --> Selected Variations for Variation ID 5: [{"variation_type_id":"2","selected_value":"Blue"},{"variation_type_id":"3","selected_value":"2 L"}]
DEBUG - 2025-08-06 05:14:33 --> Variation Details for Variation ID 5: [{"variation_id":"2","variation_type":"Colour","display_name":"Colour","selected_value":"Blue"},{"variation_id":"3","variation_type":"Capacity","display_name":"Capacity","selected_value":"2 L"}]
DEBUG - 2025-08-06 05:14:33 --> Variation Options for Product ID 5: [{"variation_type_id":"2","selected_value":"Blue"},{"variation_type_id":"3","selected_value":"2 L"}]
DEBUG - 2025-08-06 05:14:33 --> Variation Type for ID 2: null
DEBUG - 2025-08-06 05:14:33 --> Variation Type for ID 3: null
DEBUG - 2025-08-06 05:14:33 --> Variation Types for Product ID 5: []
DEBUG - 2025-08-06 05:14:33 --> Selected Variations for Variation ID 6: [{"variation_type_id":"2","selected_value":"Red"},{"variation_type_id":"3","selected_value":"2 L"}]
DEBUG - 2025-08-06 05:14:33 --> Variation Details for Variation ID 6: [{"variation_id":"2","variation_type":"Colour","display_name":"Colour","selected_value":"Red"},{"variation_id":"3","variation_type":"Capacity","display_name":"Capacity","selected_value":"2 L"}]
DEBUG - 2025-08-06 05:14:33 --> Variation Options for Product ID 6: [{"variation_type_id":"2","selected_value":"Red"},{"variation_type_id":"3","selected_value":"2 L"}]
DEBUG - 2025-08-06 05:14:33 --> Variation Type for ID 2: null
DEBUG - 2025-08-06 05:14:33 --> Variation Type for ID 3: null
DEBUG - 2025-08-06 05:14:33 --> Variation Types for Product ID 6: []
DEBUG - 2025-08-06 05:14:33 --> Selected Variations for Variation ID 7: [{"variation_type_id":"2","selected_value":"Black"},{"variation_type_id":"3","selected_value":"1 L"}]
DEBUG - 2025-08-06 05:14:33 --> Variation Details for Variation ID 7: [{"variation_id":"2","variation_type":"Colour","display_name":"Colour","selected_value":"Black"},{"variation_id":"3","variation_type":"Capacity","display_name":"Capacity","selected_value":"1 L"}]
DEBUG - 2025-08-06 05:14:33 --> Variation Options for Product ID 7: [{"variation_type_id":"2","selected_value":"Black"},{"variation_type_id":"3","selected_value":"1 L"}]
DEBUG - 2025-08-06 05:14:33 --> Variation Type for ID 2: null
DEBUG - 2025-08-06 05:14:33 --> Variation Type for ID 3: null
DEBUG - 2025-08-06 05:14:33 --> Variation Types for Product ID 7: []
DEBUG - 2025-08-06 05:14:33 --> Selected Variations for Variation ID 8: [{"variation_type_id":"2","selected_value":"Black"},{"variation_type_id":"3","selected_value":"3 L"}]
DEBUG - 2025-08-06 05:14:33 --> Variation Details for Variation ID 8: [{"variation_id":"2","variation_type":"Colour","display_name":"Colour","selected_value":"Black"},{"variation_id":"3","variation_type":"Capacity","display_name":"Capacity","selected_value":"3 L"}]
DEBUG - 2025-08-06 05:14:33 --> Variation Options for Product ID 8: [{"variation_type_id":"2","selected_value":"Black"},{"variation_type_id":"3","selected_value":"3 L"}]
DEBUG - 2025-08-06 05:14:33 --> Variation Type for ID 2: null
DEBUG - 2025-08-06 05:14:33 --> Variation Type for ID 3: null
DEBUG - 2025-08-06 05:14:33 --> Variation Types for Product ID 8: []
DEBUG - 2025-08-06 05:14:33 --> Selected Variations for Variation ID 9: [{"variation_type_id":"2","selected_value":"Blue"},{"variation_type_id":"3","selected_value":"3 L"}]
DEBUG - 2025-08-06 05:14:33 --> Variation Details for Variation ID 9: [{"variation_id":"2","variation_type":"Colour","display_name":"Colour","selected_value":"Blue"},{"variation_id":"3","variation_type":"Capacity","display_name":"Capacity","selected_value":"3 L"}]
DEBUG - 2025-08-06 05:14:33 --> Selected Variations for Variation ID 10: [{"variation_type_id":"2","selected_value":"Red"},{"variation_type_id":"3","selected_value":"2 L"}]
DEBUG - 2025-08-06 05:14:33 --> Variation Details for Variation ID 10: [{"variation_id":"2","variation_type":"Colour","display_name":"Colour","selected_value":"Red"},{"variation_id":"3","variation_type":"Capacity","display_name":"Capacity","selected_value":"2 L"}]
DEBUG - 2025-08-06 05:14:33 --> Selected Variations for Variation ID 11: [{"variation_type_id":"2","selected_value":"Red"},{"variation_type_id":"3","selected_value":"1 L"}]
DEBUG - 2025-08-06 05:14:33 --> Variation Details for Variation ID 11: [{"variation_id":"2","variation_type":"Colour","display_name":"Colour","selected_value":"Red"},{"variation_id":"3","variation_type":"Capacity","display_name":"Capacity","selected_value":"1 L"}]
DEBUG - 2025-08-06 05:14:33 --> Selected Variations for Variation ID 12: [{"variation_type_id":"2","selected_value":"Red"},{"variation_type_id":"3","selected_value":"1 L"}]
DEBUG - 2025-08-06 05:14:33 --> Variation Details for Variation ID 12: [{"variation_id":"2","variation_type":"Colour","display_name":"Colour","selected_value":"Red"},{"variation_id":"3","variation_type":"Capacity","display_name":"Capacity","selected_value":"1 L"}]
DEBUG - 2025-08-06 05:14:33 --> Variation Options for Product ID 9: [{"variation_type_id":"2","selected_value":"Blue"},{"variation_type_id":"3","selected_value":"3 L"},{"variation_type_id":"2","selected_value":"Red"},{"variation_type_id":"3","selected_value":"2 L"},{"variation_type_id":"2","selected_value":"Red"},{"variation_type_id":"3","selected_value":"1 L"},{"variation_type_id":"2","selected_value":"Red"},{"variation_type_id":"3","selected_value":"1 L"}]
DEBUG - 2025-08-06 05:14:33 --> Variation Type for ID 2: null
DEBUG - 2025-08-06 05:14:33 --> Variation Type for ID 3: null
DEBUG - 2025-08-06 05:14:33 --> Variation Type for ID 2: null
DEBUG - 2025-08-06 05:14:33 --> Variation Type for ID 3: null
DEBUG - 2025-08-06 05:14:33 --> Variation Type for ID 2: null
DEBUG - 2025-08-06 05:14:33 --> Variation Type for ID 3: null
DEBUG - 2025-08-06 05:14:33 --> Variation Type for ID 2: null
DEBUG - 2025-08-06 05:14:33 --> Variation Type for ID 3: null
DEBUG - 2025-08-06 05:14:33 --> Variation Types for Product ID 9: []
DEBUG - 2025-08-06 05:14:33 --> Selected Variations for Variation ID 13: [{"variation_type_id":"1","selected_value":"Large"},{"variation_type_id":"2","selected_value":"Blue"}]
DEBUG - 2025-08-06 05:14:33 --> Variation Details for Variation ID 13: [{"variation_id":"1","variation_type":"Size","display_name":"ty","selected_value":"Large"},{"variation_id":"2","variation_type":"Colour","display_name":"Colour","selected_value":"Blue"}]
DEBUG - 2025-08-06 05:14:33 --> Variation Options for Product ID 13: [{"variation_type_id":"1","selected_value":"Large"},{"variation_type_id":"2","selected_value":"Blue"}]
DEBUG - 2025-08-06 05:14:33 --> Variation Type for ID 1: null
DEBUG - 2025-08-06 05:14:33 --> Variation Type for ID 2: null
DEBUG - 2025-08-06 05:14:33 --> Variation Types for Product ID 13: []
DEBUG - 2025-08-06 05:14:34 --> Selected Variations for Variation ID 2: [{"variation_type_id":"2","selected_value":"Blue"},{"variation_type_id":"3","selected_value":"2 L"}]
DEBUG - 2025-08-06 05:14:34 --> Variation Details for Variation ID 2: [{"variation_id":"2","variation_type":"Colour","display_name":"Colour","selected_value":"Blue"},{"variation_id":"3","variation_type":"Capacity","display_name":"Capacity","selected_value":"2 L"}]
DEBUG - 2025-08-06 05:14:34 --> Variation Options for Product ID 2: [{"variation_type_id":"2","selected_value":"Blue"},{"variation_type_id":"3","selected_value":"2 L"}]
DEBUG - 2025-08-06 05:14:34 --> Variation Type for ID 2: null
DEBUG - 2025-08-06 05:14:34 --> Variation Type for ID 3: null
DEBUG - 2025-08-06 05:14:34 --> Variation Types for Product ID 2: []
DEBUG - 2025-08-06 05:14:34 --> Selected Variations for Variation ID 3: [{"variation_type_id":"2","selected_value":"Red"},{"variation_type_id":"3","selected_value":"1 L"}]
DEBUG - 2025-08-06 05:14:34 --> Variation Details for Variation ID 3: [{"variation_id":"2","variation_type":"Colour","display_name":"Colour","selected_value":"Red"},{"variation_id":"3","variation_type":"Capacity","display_name":"Capacity","selected_value":"1 L"}]
DEBUG - 2025-08-06 05:14:34 --> Variation Options for Product ID 3: [{"variation_type_id":"2","selected_value":"Red"},{"variation_type_id":"3","selected_value":"1 L"}]
DEBUG - 2025-08-06 05:14:34 --> Variation Type for ID 2: null
DEBUG - 2025-08-06 05:14:34 --> Variation Type for ID 3: null
DEBUG - 2025-08-06 05:14:34 --> Variation Types for Product ID 3: []
DEBUG - 2025-08-06 05:14:34 --> Selected Variations for Variation ID 4: [{"variation_type_id":"2","selected_value":"Black"},{"variation_type_id":"3","selected_value":"3 L"}]
DEBUG - 2025-08-06 05:14:34 --> Variation Details for Variation ID 4: [{"variation_id":"2","variation_type":"Colour","display_name":"Colour","selected_value":"Black"},{"variation_id":"3","variation_type":"Capacity","display_name":"Capacity","selected_value":"3 L"}]
DEBUG - 2025-08-06 05:14:34 --> Variation Options for Product ID 4: [{"variation_type_id":"2","selected_value":"Black"},{"variation_type_id":"3","selected_value":"3 L"}]
DEBUG - 2025-08-06 05:14:34 --> Variation Type for ID 2: null
DEBUG - 2025-08-06 05:14:34 --> Variation Type for ID 3: null
DEBUG - 2025-08-06 05:14:34 --> Variation Types for Product ID 4: []
DEBUG - 2025-08-06 05:14:34 --> Selected Variations for Variation ID 5: [{"variation_type_id":"2","selected_value":"Blue"},{"variation_type_id":"3","selected_value":"2 L"}]
DEBUG - 2025-08-06 05:14:34 --> Variation Details for Variation ID 5: [{"variation_id":"2","variation_type":"Colour","display_name":"Colour","selected_value":"Blue"},{"variation_id":"3","variation_type":"Capacity","display_name":"Capacity","selected_value":"2 L"}]
DEBUG - 2025-08-06 05:14:34 --> Variation Options for Product ID 5: [{"variation_type_id":"2","selected_value":"Blue"},{"variation_type_id":"3","selected_value":"2 L"}]
DEBUG - 2025-08-06 05:14:34 --> Variation Type for ID 2: null
DEBUG - 2025-08-06 05:14:34 --> Variation Type for ID 3: null
DEBUG - 2025-08-06 05:14:34 --> Variation Types for Product ID 5: []
DEBUG - 2025-08-06 05:14:34 --> Selected Variations for Variation ID 6: [{"variation_type_id":"2","selected_value":"Red"},{"variation_type_id":"3","selected_value":"2 L"}]
DEBUG - 2025-08-06 05:14:34 --> Variation Details for Variation ID 6: [{"variation_id":"2","variation_type":"Colour","display_name":"Colour","selected_value":"Red"},{"variation_id":"3","variation_type":"Capacity","display_name":"Capacity","selected_value":"2 L"}]
DEBUG - 2025-08-06 05:14:34 --> Variation Options for Product ID 6: [{"variation_type_id":"2","selected_value":"Red"},{"variation_type_id":"3","selected_value":"2 L"}]
DEBUG - 2025-08-06 05:14:34 --> Variation Type for ID 2: null
DEBUG - 2025-08-06 05:14:34 --> Variation Type for ID 3: null
DEBUG - 2025-08-06 05:14:34 --> Variation Types for Product ID 6: []
DEBUG - 2025-08-06 05:14:34 --> Selected Variations for Variation ID 7: [{"variation_type_id":"2","selected_value":"Black"},{"variation_type_id":"3","selected_value":"1 L"}]
DEBUG - 2025-08-06 05:14:34 --> Variation Details for Variation ID 7: [{"variation_id":"2","variation_type":"Colour","display_name":"Colour","selected_value":"Black"},{"variation_id":"3","variation_type":"Capacity","display_name":"Capacity","selected_value":"1 L"}]
DEBUG - 2025-08-06 05:14:34 --> Variation Options for Product ID 7: [{"variation_type_id":"2","selected_value":"Black"},{"variation_type_id":"3","selected_value":"1 L"}]
DEBUG - 2025-08-06 05:14:34 --> Variation Type for ID 2: null
DEBUG - 2025-08-06 05:14:34 --> Variation Type for ID 3: null
DEBUG - 2025-08-06 05:14:34 --> Variation Types for Product ID 7: []
DEBUG - 2025-08-06 05:14:34 --> Selected Variations for Variation ID 8: [{"variation_type_id":"2","selected_value":"Black"},{"variation_type_id":"3","selected_value":"3 L"}]
DEBUG - 2025-08-06 05:14:34 --> Variation Details for Variation ID 8: [{"variation_id":"2","variation_type":"Colour","display_name":"Colour","selected_value":"Black"},{"variation_id":"3","variation_type":"Capacity","display_name":"Capacity","selected_value":"3 L"}]
DEBUG - 2025-08-06 05:14:34 --> Variation Options for Product ID 8: [{"variation_type_id":"2","selected_value":"Black"},{"variation_type_id":"3","selected_value":"3 L"}]
DEBUG - 2025-08-06 05:14:34 --> Variation Type for ID 2: null
DEBUG - 2025-08-06 05:14:34 --> Variation Type for ID 3: null
DEBUG - 2025-08-06 05:14:34 --> Variation Types for Product ID 8: []
DEBUG - 2025-08-06 05:14:34 --> Selected Variations for Variation ID 9: [{"variation_type_id":"2","selected_value":"Blue"},{"variation_type_id":"3","selected_value":"3 L"}]
DEBUG - 2025-08-06 05:14:34 --> Variation Details for Variation ID 9: [{"variation_id":"2","variation_type":"Colour","display_name":"Colour","selected_value":"Blue"},{"variation_id":"3","variation_type":"Capacity","display_name":"Capacity","selected_value":"3 L"}]
DEBUG - 2025-08-06 05:14:34 --> Selected Variations for Variation ID 10: [{"variation_type_id":"2","selected_value":"Red"},{"variation_type_id":"3","selected_value":"2 L"}]
DEBUG - 2025-08-06 05:14:34 --> Variation Details for Variation ID 10: [{"variation_id":"2","variation_type":"Colour","display_name":"Colour","selected_value":"Red"},{"variation_id":"3","variation_type":"Capacity","display_name":"Capacity","selected_value":"2 L"}]
DEBUG - 2025-08-06 05:14:34 --> Selected Variations for Variation ID 11: [{"variation_type_id":"2","selected_value":"Red"},{"variation_type_id":"3","selected_value":"1 L"}]
DEBUG - 2025-08-06 05:14:34 --> Variation Details for Variation ID 11: [{"variation_id":"2","variation_type":"Colour","display_name":"Colour","selected_value":"Red"},{"variation_id":"3","variation_type":"Capacity","display_name":"Capacity","selected_value":"1 L"}]
DEBUG - 2025-08-06 05:14:34 --> Selected Variations for Variation ID 12: [{"variation_type_id":"2","selected_value":"Red"},{"variation_type_id":"3","selected_value":"1 L"}]
DEBUG - 2025-08-06 05:14:34 --> Variation Details for Variation ID 12: [{"variation_id":"2","variation_type":"Colour","display_name":"Colour","selected_value":"Red"},{"variation_id":"3","variation_type":"Capacity","display_name":"Capacity","selected_value":"1 L"}]
DEBUG - 2025-08-06 05:14:34 --> Variation Options for Product ID 9: [{"variation_type_id":"2","selected_value":"Blue"},{"variation_type_id":"3","selected_value":"3 L"},{"variation_type_id":"2","selected_value":"Red"},{"variation_type_id":"3","selected_value":"2 L"},{"variation_type_id":"2","selected_value":"Red"},{"variation_type_id":"3","selected_value":"1 L"},{"variation_type_id":"2","selected_value":"Red"},{"variation_type_id":"3","selected_value":"1 L"}]
DEBUG - 2025-08-06 05:14:34 --> Variation Type for ID 2: null
DEBUG - 2025-08-06 05:14:34 --> Variation Type for ID 3: null
DEBUG - 2025-08-06 05:14:34 --> Variation Type for ID 2: null
DEBUG - 2025-08-06 05:14:34 --> Variation Type for ID 3: null
DEBUG - 2025-08-06 05:14:34 --> Variation Type for ID 2: null
DEBUG - 2025-08-06 05:14:34 --> Variation Type for ID 3: null
DEBUG - 2025-08-06 05:14:34 --> Variation Type for ID 2: null
DEBUG - 2025-08-06 05:14:34 --> Variation Type for ID 3: null
DEBUG - 2025-08-06 05:14:34 --> Variation Types for Product ID 9: []
DEBUG - 2025-08-06 05:14:34 --> Selected Variations for Variation ID 13: [{"variation_type_id":"1","selected_value":"Large"},{"variation_type_id":"2","selected_value":"Blue"}]
DEBUG - 2025-08-06 05:14:34 --> Variation Details for Variation ID 13: [{"variation_id":"1","variation_type":"Size","display_name":"ty","selected_value":"Large"},{"variation_id":"2","variation_type":"Colour","display_name":"Colour","selected_value":"Blue"}]
DEBUG - 2025-08-06 05:14:34 --> Variation Options for Product ID 13: [{"variation_type_id":"1","selected_value":"Large"},{"variation_type_id":"2","selected_value":"Blue"}]
DEBUG - 2025-08-06 05:14:34 --> Variation Type for ID 1: null
DEBUG - 2025-08-06 05:14:34 --> Variation Type for ID 2: null
DEBUG - 2025-08-06 05:14:34 --> Variation Types for Product ID 13: []
DEBUG - 2025-08-06 09:46:45 --> Selected Variations for Variation ID 2: [{"variation_type_id":"2","selected_value":"Blue"},{"variation_type_id":"3","selected_value":"2 L"}]
DEBUG - 2025-08-06 09:46:45 --> Variation Details for Variation ID 2: [{"variation_id":"2","variation_type":"Colour","display_name":"Colour","selected_value":"Blue"},{"variation_id":"3","variation_type":"Capacity","display_name":"Capacity","selected_value":"2 L"}]
DEBUG - 2025-08-06 09:46:45 --> Variation Options for Product ID 2: [{"variation_type_id":"2","selected_value":"Blue"},{"variation_type_id":"3","selected_value":"2 L"}]
DEBUG - 2025-08-06 09:46:45 --> Variation Type for ID 2: null
DEBUG - 2025-08-06 09:46:45 --> Variation Type for ID 3: null
DEBUG - 2025-08-06 09:46:45 --> Variation Types for Product ID 2: []
DEBUG - 2025-08-06 09:46:45 --> Selected Variations for Variation ID 3: [{"variation_type_id":"2","selected_value":"Red"},{"variation_type_id":"3","selected_value":"1 L"}]
DEBUG - 2025-08-06 09:46:45 --> Variation Details for Variation ID 3: [{"variation_id":"2","variation_type":"Colour","display_name":"Colour","selected_value":"Red"},{"variation_id":"3","variation_type":"Capacity","display_name":"Capacity","selected_value":"1 L"}]
DEBUG - 2025-08-06 09:46:45 --> Variation Options for Product ID 3: [{"variation_type_id":"2","selected_value":"Red"},{"variation_type_id":"3","selected_value":"1 L"}]
DEBUG - 2025-08-06 09:46:45 --> Variation Type for ID 2: null
DEBUG - 2025-08-06 09:46:45 --> Variation Type for ID 3: null
DEBUG - 2025-08-06 09:46:45 --> Variation Types for Product ID 3: []
DEBUG - 2025-08-06 09:46:45 --> Selected Variations for Variation ID 4: [{"variation_type_id":"2","selected_value":"Black"},{"variation_type_id":"3","selected_value":"3 L"}]
DEBUG - 2025-08-06 09:46:45 --> Variation Details for Variation ID 4: [{"variation_id":"2","variation_type":"Colour","display_name":"Colour","selected_value":"Black"},{"variation_id":"3","variation_type":"Capacity","display_name":"Capacity","selected_value":"3 L"}]
DEBUG - 2025-08-06 09:46:45 --> Variation Options for Product ID 4: [{"variation_type_id":"2","selected_value":"Black"},{"variation_type_id":"3","selected_value":"3 L"}]
DEBUG - 2025-08-06 09:46:45 --> Variation Type for ID 2: null
DEBUG - 2025-08-06 09:46:45 --> Variation Type for ID 3: null
DEBUG - 2025-08-06 09:46:45 --> Variation Types for Product ID 4: []
DEBUG - 2025-08-06 09:46:45 --> Selected Variations for Variation ID 5: [{"variation_type_id":"2","selected_value":"Blue"},{"variation_type_id":"3","selected_value":"2 L"}]
DEBUG - 2025-08-06 09:46:45 --> Variation Details for Variation ID 5: [{"variation_id":"2","variation_type":"Colour","display_name":"Colour","selected_value":"Blue"},{"variation_id":"3","variation_type":"Capacity","display_name":"Capacity","selected_value":"2 L"}]
DEBUG - 2025-08-06 09:46:45 --> Variation Options for Product ID 5: [{"variation_type_id":"2","selected_value":"Blue"},{"variation_type_id":"3","selected_value":"2 L"}]
DEBUG - 2025-08-06 09:46:45 --> Variation Type for ID 2: null
DEBUG - 2025-08-06 09:46:45 --> Variation Type for ID 3: null
DEBUG - 2025-08-06 09:46:45 --> Variation Types for Product ID 5: []
DEBUG - 2025-08-06 09:46:45 --> Selected Variations for Variation ID 6: [{"variation_type_id":"2","selected_value":"Red"},{"variation_type_id":"3","selected_value":"2 L"}]
DEBUG - 2025-08-06 09:46:45 --> Variation Details for Variation ID 6: [{"variation_id":"2","variation_type":"Colour","display_name":"Colour","selected_value":"Red"},{"variation_id":"3","variation_type":"Capacity","display_name":"Capacity","selected_value":"2 L"}]
DEBUG - 2025-08-06 09:46:45 --> Variation Options for Product ID 6: [{"variation_type_id":"2","selected_value":"Red"},{"variation_type_id":"3","selected_value":"2 L"}]
DEBUG - 2025-08-06 09:46:45 --> Variation Type for ID 2: null
DEBUG - 2025-08-06 09:46:45 --> Variation Type for ID 3: null
DEBUG - 2025-08-06 09:46:45 --> Variation Types for Product ID 6: []
DEBUG - 2025-08-06 09:46:45 --> Selected Variations for Variation ID 7: [{"variation_type_id":"2","selected_value":"Black"},{"variation_type_id":"3","selected_value":"1 L"}]
DEBUG - 2025-08-06 09:46:45 --> Variation Details for Variation ID 7: [{"variation_id":"2","variation_type":"Colour","display_name":"Colour","selected_value":"Black"},{"variation_id":"3","variation_type":"Capacity","display_name":"Capacity","selected_value":"1 L"}]
DEBUG - 2025-08-06 09:46:45 --> Variation Options for Product ID 7: [{"variation_type_id":"2","selected_value":"Black"},{"variation_type_id":"3","selected_value":"1 L"}]
DEBUG - 2025-08-06 09:46:45 --> Variation Type for ID 2: null
DEBUG - 2025-08-06 09:46:45 --> Variation Type for ID 3: null
DEBUG - 2025-08-06 09:46:45 --> Variation Types for Product ID 7: []
DEBUG - 2025-08-06 09:46:45 --> Selected Variations for Variation ID 8: [{"variation_type_id":"2","selected_value":"Black"},{"variation_type_id":"3","selected_value":"3 L"}]
DEBUG - 2025-08-06 09:46:45 --> Variation Details for Variation ID 8: [{"variation_id":"2","variation_type":"Colour","display_name":"Colour","selected_value":"Black"},{"variation_id":"3","variation_type":"Capacity","display_name":"Capacity","selected_value":"3 L"}]
DEBUG - 2025-08-06 09:46:45 --> Variation Options for Product ID 8: [{"variation_type_id":"2","selected_value":"Black"},{"variation_type_id":"3","selected_value":"3 L"}]
DEBUG - 2025-08-06 09:46:45 --> Variation Type for ID 2: null
DEBUG - 2025-08-06 09:46:45 --> Variation Type for ID 3: null
DEBUG - 2025-08-06 09:46:45 --> Variation Types for Product ID 8: []
DEBUG - 2025-08-06 09:46:45 --> Selected Variations for Variation ID 9: [{"variation_type_id":"2","selected_value":"Blue"},{"variation_type_id":"3","selected_value":"3 L"}]
DEBUG - 2025-08-06 09:46:45 --> Variation Details for Variation ID 9: [{"variation_id":"2","variation_type":"Colour","display_name":"Colour","selected_value":"Blue"},{"variation_id":"3","variation_type":"Capacity","display_name":"Capacity","selected_value":"3 L"}]
DEBUG - 2025-08-06 09:46:45 --> Selected Variations for Variation ID 10: [{"variation_type_id":"2","selected_value":"Red"},{"variation_type_id":"3","selected_value":"2 L"}]
DEBUG - 2025-08-06 09:46:45 --> Variation Details for Variation ID 10: [{"variation_id":"2","variation_type":"Colour","display_name":"Colour","selected_value":"Red"},{"variation_id":"3","variation_type":"Capacity","display_name":"Capacity","selected_value":"2 L"}]
DEBUG - 2025-08-06 09:46:45 --> Selected Variations for Variation ID 11: [{"variation_type_id":"2","selected_value":"Red"},{"variation_type_id":"3","selected_value":"1 L"}]
DEBUG - 2025-08-06 09:46:45 --> Variation Details for Variation ID 11: [{"variation_id":"2","variation_type":"Colour","display_name":"Colour","selected_value":"Red"},{"variation_id":"3","variation_type":"Capacity","display_name":"Capacity","selected_value":"1 L"}]
DEBUG - 2025-08-06 09:46:45 --> Selected Variations for Variation ID 12: [{"variation_type_id":"2","selected_value":"Red"},{"variation_type_id":"3","selected_value":"1 L"}]
DEBUG - 2025-08-06 09:46:45 --> Variation Details for Variation ID 12: [{"variation_id":"2","variation_type":"Colour","display_name":"Colour","selected_value":"Red"},{"variation_id":"3","variation_type":"Capacity","display_name":"Capacity","selected_value":"1 L"}]
DEBUG - 2025-08-06 09:46:45 --> Variation Options for Product ID 9: [{"variation_type_id":"2","selected_value":"Blue"},{"variation_type_id":"3","selected_value":"3 L"},{"variation_type_id":"2","selected_value":"Red"},{"variation_type_id":"3","selected_value":"2 L"},{"variation_type_id":"2","selected_value":"Red"},{"variation_type_id":"3","selected_value":"1 L"},{"variation_type_id":"2","selected_value":"Red"},{"variation_type_id":"3","selected_value":"1 L"}]
DEBUG - 2025-08-06 09:46:45 --> Variation Type for ID 2: null
DEBUG - 2025-08-06 09:46:45 --> Variation Type for ID 3: null
DEBUG - 2025-08-06 09:46:45 --> Variation Type for ID 2: null
DEBUG - 2025-08-06 09:46:45 --> Variation Type for ID 3: null
DEBUG - 2025-08-06 09:46:45 --> Variation Type for ID 2: null
DEBUG - 2025-08-06 09:46:45 --> Variation Type for ID 3: null
DEBUG - 2025-08-06 09:46:45 --> Variation Type for ID 2: null
DEBUG - 2025-08-06 09:46:45 --> Variation Type for ID 3: null
DEBUG - 2025-08-06 09:46:45 --> Variation Types for Product ID 9: []
DEBUG - 2025-08-06 09:46:45 --> Selected Variations for Variation ID 13: [{"variation_type_id":"1","selected_value":"Large"},{"variation_type_id":"2","selected_value":"Blue"}]
DEBUG - 2025-08-06 09:46:45 --> Variation Details for Variation ID 13: [{"variation_id":"1","variation_type":"Size","display_name":"ty","selected_value":"Large"},{"variation_id":"2","variation_type":"Colour","display_name":"Colour","selected_value":"Blue"}]
DEBUG - 2025-08-06 09:46:45 --> Variation Options for Product ID 13: [{"variation_type_id":"1","selected_value":"Large"},{"variation_type_id":"2","selected_value":"Blue"}]
DEBUG - 2025-08-06 09:46:45 --> Variation Type for ID 1: null
DEBUG - 2025-08-06 09:46:45 --> Variation Type for ID 2: null
DEBUG - 2025-08-06 09:46:45 --> Variation Types for Product ID 13: []
CRITICAL - 2025-08-06 09:46:47 --> ErrorException: Undefined array key "return_policy_days"
[Method: GET, Route: api/bestsellingproducts]
in APPPATH\Controllers\api\BestSellingController.php on line 95.
 1 APPPATH\Controllers\api\BestSellingController.php(95): CodeIgniter\Debug\Exceptions->errorHandler(2, 'Undefined array key "return_policy_days"', 'C:\\Users\\Admin\\Documents\\EstoreAPI\\app\\Controllers\\api\\BestSellingController.php', 95)
 2 SYSTEMPATH\CodeIgniter.php(933): App\Controllers\api\BestSellingController->bestsellingproduct()
 3 SYSTEMPATH\CodeIgniter.php(509): CodeIgniter\CodeIgniter->runController(Object(App\Controllers\api\BestSellingController))
 4 SYSTEMPATH\CodeIgniter.php(355): CodeIgniter\CodeIgniter->handleRequest(null, Object(Config\Cache), false)
 5 SYSTEMPATH\Boot.php(312): CodeIgniter\CodeIgniter->run()
 6 SYSTEMPATH\Boot.php(67): CodeIgniter\Boot::runCodeIgniter(Object(CodeIgniter\CodeIgniter))
 7 FCPATH\index.php(56): CodeIgniter\Boot::bootWeb(Object(Config\Paths))
 8 SYSTEMPATH\Commands\Server\rewrite.php(49): require_once('C:\\Users\\Admin\\Documents\\EstoreAPI\\public\\index.php')
DEBUG - 2025-08-06 09:46:47 --> Selected Variations for Variation ID 2: [{"variation_type_id":"2","selected_value":"Blue"},{"variation_type_id":"3","selected_value":"2 L"}]
DEBUG - 2025-08-06 09:46:47 --> Variation Details for Variation ID 2: [{"variation_id":"2","variation_type":"Colour","display_name":"Colour","selected_value":"Blue"},{"variation_id":"3","variation_type":"Capacity","display_name":"Capacity","selected_value":"2 L"}]
DEBUG - 2025-08-06 09:46:47 --> Variation Options for Product ID 2: [{"variation_type_id":"2","selected_value":"Blue"},{"variation_type_id":"3","selected_value":"2 L"}]
DEBUG - 2025-08-06 09:46:47 --> Variation Type for ID 2: null
DEBUG - 2025-08-06 09:46:47 --> Variation Type for ID 3: null
DEBUG - 2025-08-06 09:46:47 --> Variation Types for Product ID 2: []
DEBUG - 2025-08-06 09:46:47 --> Selected Variations for Variation ID 3: [{"variation_type_id":"2","selected_value":"Red"},{"variation_type_id":"3","selected_value":"1 L"}]
DEBUG - 2025-08-06 09:46:47 --> Variation Details for Variation ID 3: [{"variation_id":"2","variation_type":"Colour","display_name":"Colour","selected_value":"Red"},{"variation_id":"3","variation_type":"Capacity","display_name":"Capacity","selected_value":"1 L"}]
DEBUG - 2025-08-06 09:46:47 --> Variation Options for Product ID 3: [{"variation_type_id":"2","selected_value":"Red"},{"variation_type_id":"3","selected_value":"1 L"}]
DEBUG - 2025-08-06 09:46:47 --> Variation Type for ID 2: null
DEBUG - 2025-08-06 09:46:47 --> Variation Type for ID 3: null
DEBUG - 2025-08-06 09:46:47 --> Variation Types for Product ID 3: []
DEBUG - 2025-08-06 09:46:47 --> Selected Variations for Variation ID 4: [{"variation_type_id":"2","selected_value":"Black"},{"variation_type_id":"3","selected_value":"3 L"}]
DEBUG - 2025-08-06 09:46:47 --> Variation Details for Variation ID 4: [{"variation_id":"2","variation_type":"Colour","display_name":"Colour","selected_value":"Black"},{"variation_id":"3","variation_type":"Capacity","display_name":"Capacity","selected_value":"3 L"}]
DEBUG - 2025-08-06 09:46:47 --> Variation Options for Product ID 4: [{"variation_type_id":"2","selected_value":"Black"},{"variation_type_id":"3","selected_value":"3 L"}]
DEBUG - 2025-08-06 09:46:47 --> Variation Type for ID 2: null
DEBUG - 2025-08-06 09:46:47 --> Variation Type for ID 3: null
DEBUG - 2025-08-06 09:46:47 --> Variation Types for Product ID 4: []
DEBUG - 2025-08-06 09:46:47 --> Selected Variations for Variation ID 5: [{"variation_type_id":"2","selected_value":"Blue"},{"variation_type_id":"3","selected_value":"2 L"}]
DEBUG - 2025-08-06 09:46:47 --> Variation Details for Variation ID 5: [{"variation_id":"2","variation_type":"Colour","display_name":"Colour","selected_value":"Blue"},{"variation_id":"3","variation_type":"Capacity","display_name":"Capacity","selected_value":"2 L"}]
DEBUG - 2025-08-06 09:46:47 --> Variation Options for Product ID 5: [{"variation_type_id":"2","selected_value":"Blue"},{"variation_type_id":"3","selected_value":"2 L"}]
DEBUG - 2025-08-06 09:46:47 --> Variation Type for ID 2: null
DEBUG - 2025-08-06 09:46:47 --> Variation Type for ID 3: null
DEBUG - 2025-08-06 09:46:47 --> Variation Types for Product ID 5: []
DEBUG - 2025-08-06 09:46:47 --> Selected Variations for Variation ID 6: [{"variation_type_id":"2","selected_value":"Red"},{"variation_type_id":"3","selected_value":"2 L"}]
DEBUG - 2025-08-06 09:46:47 --> Variation Details for Variation ID 6: [{"variation_id":"2","variation_type":"Colour","display_name":"Colour","selected_value":"Red"},{"variation_id":"3","variation_type":"Capacity","display_name":"Capacity","selected_value":"2 L"}]
DEBUG - 2025-08-06 09:46:47 --> Variation Options for Product ID 6: [{"variation_type_id":"2","selected_value":"Red"},{"variation_type_id":"3","selected_value":"2 L"}]
DEBUG - 2025-08-06 09:46:47 --> Variation Type for ID 2: null
DEBUG - 2025-08-06 09:46:47 --> Variation Type for ID 3: null
DEBUG - 2025-08-06 09:46:47 --> Variation Types for Product ID 6: []
DEBUG - 2025-08-06 09:46:47 --> Selected Variations for Variation ID 7: [{"variation_type_id":"2","selected_value":"Black"},{"variation_type_id":"3","selected_value":"1 L"}]
DEBUG - 2025-08-06 09:46:47 --> Variation Details for Variation ID 7: [{"variation_id":"2","variation_type":"Colour","display_name":"Colour","selected_value":"Black"},{"variation_id":"3","variation_type":"Capacity","display_name":"Capacity","selected_value":"1 L"}]
DEBUG - 2025-08-06 09:46:47 --> Variation Options for Product ID 7: [{"variation_type_id":"2","selected_value":"Black"},{"variation_type_id":"3","selected_value":"1 L"}]
DEBUG - 2025-08-06 09:46:47 --> Variation Type for ID 2: null
DEBUG - 2025-08-06 09:46:47 --> Variation Type for ID 3: null
DEBUG - 2025-08-06 09:46:47 --> Variation Types for Product ID 7: []
DEBUG - 2025-08-06 09:46:47 --> Selected Variations for Variation ID 8: [{"variation_type_id":"2","selected_value":"Black"},{"variation_type_id":"3","selected_value":"3 L"}]
DEBUG - 2025-08-06 09:46:47 --> Variation Details for Variation ID 8: [{"variation_id":"2","variation_type":"Colour","display_name":"Colour","selected_value":"Black"},{"variation_id":"3","variation_type":"Capacity","display_name":"Capacity","selected_value":"3 L"}]
DEBUG - 2025-08-06 09:46:47 --> Variation Options for Product ID 8: [{"variation_type_id":"2","selected_value":"Black"},{"variation_type_id":"3","selected_value":"3 L"}]
DEBUG - 2025-08-06 09:46:47 --> Variation Type for ID 2: null
DEBUG - 2025-08-06 09:46:47 --> Variation Type for ID 3: null
DEBUG - 2025-08-06 09:46:47 --> Variation Types for Product ID 8: []
DEBUG - 2025-08-06 09:46:47 --> Selected Variations for Variation ID 9: [{"variation_type_id":"2","selected_value":"Blue"},{"variation_type_id":"3","selected_value":"3 L"}]
DEBUG - 2025-08-06 09:46:47 --> Variation Details for Variation ID 9: [{"variation_id":"2","variation_type":"Colour","display_name":"Colour","selected_value":"Blue"},{"variation_id":"3","variation_type":"Capacity","display_name":"Capacity","selected_value":"3 L"}]
DEBUG - 2025-08-06 09:46:47 --> Selected Variations for Variation ID 10: [{"variation_type_id":"2","selected_value":"Red"},{"variation_type_id":"3","selected_value":"2 L"}]
DEBUG - 2025-08-06 09:46:47 --> Variation Details for Variation ID 10: [{"variation_id":"2","variation_type":"Colour","display_name":"Colour","selected_value":"Red"},{"variation_id":"3","variation_type":"Capacity","display_name":"Capacity","selected_value":"2 L"}]
DEBUG - 2025-08-06 09:46:47 --> Selected Variations for Variation ID 11: [{"variation_type_id":"2","selected_value":"Red"},{"variation_type_id":"3","selected_value":"1 L"}]
DEBUG - 2025-08-06 09:46:47 --> Variation Details for Variation ID 11: [{"variation_id":"2","variation_type":"Colour","display_name":"Colour","selected_value":"Red"},{"variation_id":"3","variation_type":"Capacity","display_name":"Capacity","selected_value":"1 L"}]
DEBUG - 2025-08-06 09:46:47 --> Selected Variations for Variation ID 12: [{"variation_type_id":"2","selected_value":"Red"},{"variation_type_id":"3","selected_value":"1 L"}]
DEBUG - 2025-08-06 09:46:47 --> Variation Details for Variation ID 12: [{"variation_id":"2","variation_type":"Colour","display_name":"Colour","selected_value":"Red"},{"variation_id":"3","variation_type":"Capacity","display_name":"Capacity","selected_value":"1 L"}]
DEBUG - 2025-08-06 09:46:47 --> Variation Options for Product ID 9: [{"variation_type_id":"2","selected_value":"Blue"},{"variation_type_id":"3","selected_value":"3 L"},{"variation_type_id":"2","selected_value":"Red"},{"variation_type_id":"3","selected_value":"2 L"},{"variation_type_id":"2","selected_value":"Red"},{"variation_type_id":"3","selected_value":"1 L"},{"variation_type_id":"2","selected_value":"Red"},{"variation_type_id":"3","selected_value":"1 L"}]
DEBUG - 2025-08-06 09:46:47 --> Variation Type for ID 2: null
DEBUG - 2025-08-06 09:46:47 --> Variation Type for ID 3: null
DEBUG - 2025-08-06 09:46:47 --> Variation Type for ID 2: null
DEBUG - 2025-08-06 09:46:47 --> Variation Type for ID 3: null
DEBUG - 2025-08-06 09:46:47 --> Variation Type for ID 2: null
DEBUG - 2025-08-06 09:46:47 --> Variation Type for ID 3: null
DEBUG - 2025-08-06 09:46:47 --> Variation Type for ID 2: null
DEBUG - 2025-08-06 09:46:47 --> Variation Type for ID 3: null
DEBUG - 2025-08-06 09:46:47 --> Variation Types for Product ID 9: []
DEBUG - 2025-08-06 09:46:47 --> Selected Variations for Variation ID 13: [{"variation_type_id":"1","selected_value":"Large"},{"variation_type_id":"2","selected_value":"Blue"}]
DEBUG - 2025-08-06 09:46:47 --> Variation Details for Variation ID 13: [{"variation_id":"1","variation_type":"Size","display_name":"ty","selected_value":"Large"},{"variation_id":"2","variation_type":"Colour","display_name":"Colour","selected_value":"Blue"}]
DEBUG - 2025-08-06 09:46:47 --> Variation Options for Product ID 13: [{"variation_type_id":"1","selected_value":"Large"},{"variation_type_id":"2","selected_value":"Blue"}]
DEBUG - 2025-08-06 09:46:47 --> Variation Type for ID 1: null
DEBUG - 2025-08-06 09:46:47 --> Variation Type for ID 2: null
DEBUG - 2025-08-06 09:46:47 --> Variation Types for Product ID 13: []
DEBUG - 2025-08-06 09:46:48 --> Selected Variations for Variation ID 2: [{"variation_type_id":"2","selected_value":"Blue"},{"variation_type_id":"3","selected_value":"2 L"}]
DEBUG - 2025-08-06 09:46:48 --> Variation Details for Variation ID 2: [{"variation_id":"2","variation_type":"Colour","display_name":"Colour","selected_value":"Blue"},{"variation_id":"3","variation_type":"Capacity","display_name":"Capacity","selected_value":"2 L"}]
DEBUG - 2025-08-06 09:46:48 --> Variation Options for Product ID 2: [{"variation_type_id":"2","selected_value":"Blue"},{"variation_type_id":"3","selected_value":"2 L"}]
DEBUG - 2025-08-06 09:46:48 --> Variation Type for ID 2: null
DEBUG - 2025-08-06 09:46:48 --> Variation Type for ID 3: null
DEBUG - 2025-08-06 09:46:48 --> Variation Types for Product ID 2: []
DEBUG - 2025-08-06 09:46:48 --> Selected Variations for Variation ID 3: [{"variation_type_id":"2","selected_value":"Red"},{"variation_type_id":"3","selected_value":"1 L"}]
DEBUG - 2025-08-06 09:46:48 --> Variation Details for Variation ID 3: [{"variation_id":"2","variation_type":"Colour","display_name":"Colour","selected_value":"Red"},{"variation_id":"3","variation_type":"Capacity","display_name":"Capacity","selected_value":"1 L"}]
DEBUG - 2025-08-06 09:46:48 --> Variation Options for Product ID 3: [{"variation_type_id":"2","selected_value":"Red"},{"variation_type_id":"3","selected_value":"1 L"}]
DEBUG - 2025-08-06 09:46:48 --> Variation Type for ID 2: null
DEBUG - 2025-08-06 09:46:48 --> Variation Type for ID 3: null
DEBUG - 2025-08-06 09:46:48 --> Variation Types for Product ID 3: []
DEBUG - 2025-08-06 09:46:48 --> Selected Variations for Variation ID 4: [{"variation_type_id":"2","selected_value":"Black"},{"variation_type_id":"3","selected_value":"3 L"}]
DEBUG - 2025-08-06 09:46:48 --> Variation Details for Variation ID 4: [{"variation_id":"2","variation_type":"Colour","display_name":"Colour","selected_value":"Black"},{"variation_id":"3","variation_type":"Capacity","display_name":"Capacity","selected_value":"3 L"}]
DEBUG - 2025-08-06 09:46:48 --> Variation Options for Product ID 4: [{"variation_type_id":"2","selected_value":"Black"},{"variation_type_id":"3","selected_value":"3 L"}]
DEBUG - 2025-08-06 09:46:48 --> Variation Type for ID 2: null
DEBUG - 2025-08-06 09:46:48 --> Variation Type for ID 3: null
DEBUG - 2025-08-06 09:46:48 --> Variation Types for Product ID 4: []
DEBUG - 2025-08-06 09:46:48 --> Selected Variations for Variation ID 5: [{"variation_type_id":"2","selected_value":"Blue"},{"variation_type_id":"3","selected_value":"2 L"}]
DEBUG - 2025-08-06 09:46:48 --> Variation Details for Variation ID 5: [{"variation_id":"2","variation_type":"Colour","display_name":"Colour","selected_value":"Blue"},{"variation_id":"3","variation_type":"Capacity","display_name":"Capacity","selected_value":"2 L"}]
DEBUG - 2025-08-06 09:46:48 --> Variation Options for Product ID 5: [{"variation_type_id":"2","selected_value":"Blue"},{"variation_type_id":"3","selected_value":"2 L"}]
DEBUG - 2025-08-06 09:46:48 --> Variation Type for ID 2: null
DEBUG - 2025-08-06 09:46:48 --> Variation Type for ID 3: null
DEBUG - 2025-08-06 09:46:48 --> Variation Types for Product ID 5: []
DEBUG - 2025-08-06 09:46:48 --> Selected Variations for Variation ID 6: [{"variation_type_id":"2","selected_value":"Red"},{"variation_type_id":"3","selected_value":"2 L"}]
DEBUG - 2025-08-06 09:46:48 --> Variation Details for Variation ID 6: [{"variation_id":"2","variation_type":"Colour","display_name":"Colour","selected_value":"Red"},{"variation_id":"3","variation_type":"Capacity","display_name":"Capacity","selected_value":"2 L"}]
DEBUG - 2025-08-06 09:46:48 --> Variation Options for Product ID 6: [{"variation_type_id":"2","selected_value":"Red"},{"variation_type_id":"3","selected_value":"2 L"}]
DEBUG - 2025-08-06 09:46:48 --> Variation Type for ID 2: null
DEBUG - 2025-08-06 09:46:48 --> Variation Type for ID 3: null
DEBUG - 2025-08-06 09:46:48 --> Variation Types for Product ID 6: []
DEBUG - 2025-08-06 09:46:48 --> Selected Variations for Variation ID 7: [{"variation_type_id":"2","selected_value":"Black"},{"variation_type_id":"3","selected_value":"1 L"}]
DEBUG - 2025-08-06 09:46:48 --> Variation Details for Variation ID 7: [{"variation_id":"2","variation_type":"Colour","display_name":"Colour","selected_value":"Black"},{"variation_id":"3","variation_type":"Capacity","display_name":"Capacity","selected_value":"1 L"}]
DEBUG - 2025-08-06 09:46:48 --> Variation Options for Product ID 7: [{"variation_type_id":"2","selected_value":"Black"},{"variation_type_id":"3","selected_value":"1 L"}]
DEBUG - 2025-08-06 09:46:48 --> Variation Type for ID 2: null
DEBUG - 2025-08-06 09:46:48 --> Variation Type for ID 3: null
DEBUG - 2025-08-06 09:46:48 --> Variation Types for Product ID 7: []
DEBUG - 2025-08-06 09:46:48 --> Selected Variations for Variation ID 8: [{"variation_type_id":"2","selected_value":"Black"},{"variation_type_id":"3","selected_value":"3 L"}]
DEBUG - 2025-08-06 09:46:48 --> Variation Details for Variation ID 8: [{"variation_id":"2","variation_type":"Colour","display_name":"Colour","selected_value":"Black"},{"variation_id":"3","variation_type":"Capacity","display_name":"Capacity","selected_value":"3 L"}]
DEBUG - 2025-08-06 09:46:48 --> Variation Options for Product ID 8: [{"variation_type_id":"2","selected_value":"Black"},{"variation_type_id":"3","selected_value":"3 L"}]
DEBUG - 2025-08-06 09:46:48 --> Variation Type for ID 2: null
DEBUG - 2025-08-06 09:46:48 --> Variation Type for ID 3: null
DEBUG - 2025-08-06 09:46:48 --> Variation Types for Product ID 8: []
DEBUG - 2025-08-06 09:46:48 --> Selected Variations for Variation ID 9: [{"variation_type_id":"2","selected_value":"Blue"},{"variation_type_id":"3","selected_value":"3 L"}]
DEBUG - 2025-08-06 09:46:48 --> Variation Details for Variation ID 9: [{"variation_id":"2","variation_type":"Colour","display_name":"Colour","selected_value":"Blue"},{"variation_id":"3","variation_type":"Capacity","display_name":"Capacity","selected_value":"3 L"}]
DEBUG - 2025-08-06 09:46:48 --> Selected Variations for Variation ID 10: [{"variation_type_id":"2","selected_value":"Red"},{"variation_type_id":"3","selected_value":"2 L"}]
DEBUG - 2025-08-06 09:46:48 --> Variation Details for Variation ID 10: [{"variation_id":"2","variation_type":"Colour","display_name":"Colour","selected_value":"Red"},{"variation_id":"3","variation_type":"Capacity","display_name":"Capacity","selected_value":"2 L"}]
DEBUG - 2025-08-06 09:46:48 --> Selected Variations for Variation ID 11: [{"variation_type_id":"2","selected_value":"Red"},{"variation_type_id":"3","selected_value":"1 L"}]
DEBUG - 2025-08-06 09:46:48 --> Variation Details for Variation ID 11: [{"variation_id":"2","variation_type":"Colour","display_name":"Colour","selected_value":"Red"},{"variation_id":"3","variation_type":"Capacity","display_name":"Capacity","selected_value":"1 L"}]
DEBUG - 2025-08-06 09:46:48 --> Selected Variations for Variation ID 12: [{"variation_type_id":"2","selected_value":"Red"},{"variation_type_id":"3","selected_value":"1 L"}]
DEBUG - 2025-08-06 09:46:48 --> Variation Details for Variation ID 12: [{"variation_id":"2","variation_type":"Colour","display_name":"Colour","selected_value":"Red"},{"variation_id":"3","variation_type":"Capacity","display_name":"Capacity","selected_value":"1 L"}]
DEBUG - 2025-08-06 09:46:48 --> Variation Options for Product ID 9: [{"variation_type_id":"2","selected_value":"Blue"},{"variation_type_id":"3","selected_value":"3 L"},{"variation_type_id":"2","selected_value":"Red"},{"variation_type_id":"3","selected_value":"2 L"},{"variation_type_id":"2","selected_value":"Red"},{"variation_type_id":"3","selected_value":"1 L"},{"variation_type_id":"2","selected_value":"Red"},{"variation_type_id":"3","selected_value":"1 L"}]
DEBUG - 2025-08-06 09:46:48 --> Variation Type for ID 2: null
DEBUG - 2025-08-06 09:46:48 --> Variation Type for ID 3: null
DEBUG - 2025-08-06 09:46:48 --> Variation Type for ID 2: null
DEBUG - 2025-08-06 09:46:48 --> Variation Type for ID 3: null
DEBUG - 2025-08-06 09:46:48 --> Variation Type for ID 2: null
DEBUG - 2025-08-06 09:46:48 --> Variation Type for ID 3: null
DEBUG - 2025-08-06 09:46:48 --> Variation Type for ID 2: null
DEBUG - 2025-08-06 09:46:48 --> Variation Type for ID 3: null
DEBUG - 2025-08-06 09:46:48 --> Variation Types for Product ID 9: []
DEBUG - 2025-08-06 09:46:48 --> Selected Variations for Variation ID 13: [{"variation_type_id":"1","selected_value":"Large"},{"variation_type_id":"2","selected_value":"Blue"}]
DEBUG - 2025-08-06 09:46:48 --> Variation Details for Variation ID 13: [{"variation_id":"1","variation_type":"Size","display_name":"ty","selected_value":"Large"},{"variation_id":"2","variation_type":"Colour","display_name":"Colour","selected_value":"Blue"}]
DEBUG - 2025-08-06 09:46:48 --> Variation Options for Product ID 13: [{"variation_type_id":"1","selected_value":"Large"},{"variation_type_id":"2","selected_value":"Blue"}]
DEBUG - 2025-08-06 09:46:48 --> Variation Type for ID 1: null
DEBUG - 2025-08-06 09:46:48 --> Variation Type for ID 2: null
DEBUG - 2025-08-06 09:46:48 --> Variation Types for Product ID 13: []
DEBUG - 2025-08-06 10:00:26 --> Selected Variations for Variation ID 2: [{"variation_type_id":"2","selected_value":"Blue"},{"variation_type_id":"3","selected_value":"2 L"}]
DEBUG - 2025-08-06 10:00:26 --> Variation Details for Variation ID 2: [{"variation_id":"2","variation_type":"Colour","display_name":"Colour","selected_value":"Blue"},{"variation_id":"3","variation_type":"Capacity","display_name":"Capacity","selected_value":"2 L"}]
DEBUG - 2025-08-06 10:00:26 --> Variation Options for Product ID 2: [{"variation_type_id":"2","selected_value":"Blue"},{"variation_type_id":"3","selected_value":"2 L"}]
DEBUG - 2025-08-06 10:00:26 --> Variation Type for ID 2: null
DEBUG - 2025-08-06 10:00:26 --> Variation Type for ID 3: null
DEBUG - 2025-08-06 10:00:26 --> Variation Types for Product ID 2: []
DEBUG - 2025-08-06 10:00:26 --> Selected Variations for Variation ID 3: [{"variation_type_id":"2","selected_value":"Red"},{"variation_type_id":"3","selected_value":"1 L"}]
DEBUG - 2025-08-06 10:00:26 --> Variation Details for Variation ID 3: [{"variation_id":"2","variation_type":"Colour","display_name":"Colour","selected_value":"Red"},{"variation_id":"3","variation_type":"Capacity","display_name":"Capacity","selected_value":"1 L"}]
DEBUG - 2025-08-06 10:00:26 --> Variation Options for Product ID 3: [{"variation_type_id":"2","selected_value":"Red"},{"variation_type_id":"3","selected_value":"1 L"}]
DEBUG - 2025-08-06 10:00:26 --> Variation Type for ID 2: null
DEBUG - 2025-08-06 10:00:26 --> Variation Type for ID 3: null
DEBUG - 2025-08-06 10:00:26 --> Variation Types for Product ID 3: []
DEBUG - 2025-08-06 10:00:26 --> Selected Variations for Variation ID 4: [{"variation_type_id":"2","selected_value":"Black"},{"variation_type_id":"3","selected_value":"3 L"}]
DEBUG - 2025-08-06 10:00:26 --> Variation Details for Variation ID 4: [{"variation_id":"2","variation_type":"Colour","display_name":"Colour","selected_value":"Black"},{"variation_id":"3","variation_type":"Capacity","display_name":"Capacity","selected_value":"3 L"}]
DEBUG - 2025-08-06 10:00:26 --> Variation Options for Product ID 4: [{"variation_type_id":"2","selected_value":"Black"},{"variation_type_id":"3","selected_value":"3 L"}]
DEBUG - 2025-08-06 10:00:26 --> Variation Type for ID 2: null
DEBUG - 2025-08-06 10:00:26 --> Variation Type for ID 3: null
DEBUG - 2025-08-06 10:00:26 --> Variation Types for Product ID 4: []
DEBUG - 2025-08-06 10:00:26 --> Selected Variations for Variation ID 5: [{"variation_type_id":"2","selected_value":"Blue"},{"variation_type_id":"3","selected_value":"2 L"}]
DEBUG - 2025-08-06 10:00:26 --> Variation Details for Variation ID 5: [{"variation_id":"2","variation_type":"Colour","display_name":"Colour","selected_value":"Blue"},{"variation_id":"3","variation_type":"Capacity","display_name":"Capacity","selected_value":"2 L"}]
DEBUG - 2025-08-06 10:00:26 --> Variation Options for Product ID 5: [{"variation_type_id":"2","selected_value":"Blue"},{"variation_type_id":"3","selected_value":"2 L"}]
DEBUG - 2025-08-06 10:00:26 --> Variation Type for ID 2: null
DEBUG - 2025-08-06 10:00:26 --> Variation Type for ID 3: null
DEBUG - 2025-08-06 10:00:26 --> Variation Types for Product ID 5: []
DEBUG - 2025-08-06 10:00:26 --> Selected Variations for Variation ID 6: [{"variation_type_id":"2","selected_value":"Red"},{"variation_type_id":"3","selected_value":"2 L"}]
DEBUG - 2025-08-06 10:00:26 --> Variation Details for Variation ID 6: [{"variation_id":"2","variation_type":"Colour","display_name":"Colour","selected_value":"Red"},{"variation_id":"3","variation_type":"Capacity","display_name":"Capacity","selected_value":"2 L"}]
DEBUG - 2025-08-06 10:00:26 --> Variation Options for Product ID 6: [{"variation_type_id":"2","selected_value":"Red"},{"variation_type_id":"3","selected_value":"2 L"}]
DEBUG - 2025-08-06 10:00:26 --> Variation Type for ID 2: null
DEBUG - 2025-08-06 10:00:26 --> Variation Type for ID 3: null
DEBUG - 2025-08-06 10:00:26 --> Variation Types for Product ID 6: []
DEBUG - 2025-08-06 10:00:26 --> Selected Variations for Variation ID 7: [{"variation_type_id":"2","selected_value":"Black"},{"variation_type_id":"3","selected_value":"1 L"}]
DEBUG - 2025-08-06 10:00:26 --> Variation Details for Variation ID 7: [{"variation_id":"2","variation_type":"Colour","display_name":"Colour","selected_value":"Black"},{"variation_id":"3","variation_type":"Capacity","display_name":"Capacity","selected_value":"1 L"}]
DEBUG - 2025-08-06 10:00:26 --> Variation Options for Product ID 7: [{"variation_type_id":"2","selected_value":"Black"},{"variation_type_id":"3","selected_value":"1 L"}]
DEBUG - 2025-08-06 10:00:26 --> Variation Type for ID 2: null
DEBUG - 2025-08-06 10:00:26 --> Variation Type for ID 3: null
DEBUG - 2025-08-06 10:00:26 --> Variation Types for Product ID 7: []
DEBUG - 2025-08-06 10:00:26 --> Selected Variations for Variation ID 8: [{"variation_type_id":"2","selected_value":"Black"},{"variation_type_id":"3","selected_value":"3 L"}]
DEBUG - 2025-08-06 10:00:26 --> Variation Details for Variation ID 8: [{"variation_id":"2","variation_type":"Colour","display_name":"Colour","selected_value":"Black"},{"variation_id":"3","variation_type":"Capacity","display_name":"Capacity","selected_value":"3 L"}]
DEBUG - 2025-08-06 10:00:26 --> Variation Options for Product ID 8: [{"variation_type_id":"2","selected_value":"Black"},{"variation_type_id":"3","selected_value":"3 L"}]
DEBUG - 2025-08-06 10:00:26 --> Variation Type for ID 2: null
DEBUG - 2025-08-06 10:00:26 --> Variation Type for ID 3: null
DEBUG - 2025-08-06 10:00:26 --> Variation Types for Product ID 8: []
DEBUG - 2025-08-06 10:00:26 --> Selected Variations for Variation ID 9: [{"variation_type_id":"2","selected_value":"Blue"},{"variation_type_id":"3","selected_value":"3 L"}]
DEBUG - 2025-08-06 10:00:26 --> Variation Details for Variation ID 9: [{"variation_id":"2","variation_type":"Colour","display_name":"Colour","selected_value":"Blue"},{"variation_id":"3","variation_type":"Capacity","display_name":"Capacity","selected_value":"3 L"}]
DEBUG - 2025-08-06 10:00:26 --> Selected Variations for Variation ID 10: [{"variation_type_id":"2","selected_value":"Red"},{"variation_type_id":"3","selected_value":"2 L"}]
DEBUG - 2025-08-06 10:00:26 --> Variation Details for Variation ID 10: [{"variation_id":"2","variation_type":"Colour","display_name":"Colour","selected_value":"Red"},{"variation_id":"3","variation_type":"Capacity","display_name":"Capacity","selected_value":"2 L"}]
DEBUG - 2025-08-06 10:00:26 --> Selected Variations for Variation ID 11: [{"variation_type_id":"2","selected_value":"Red"},{"variation_type_id":"3","selected_value":"1 L"}]
DEBUG - 2025-08-06 10:00:26 --> Variation Details for Variation ID 11: [{"variation_id":"2","variation_type":"Colour","display_name":"Colour","selected_value":"Red"},{"variation_id":"3","variation_type":"Capacity","display_name":"Capacity","selected_value":"1 L"}]
DEBUG - 2025-08-06 10:00:26 --> Selected Variations for Variation ID 12: [{"variation_type_id":"2","selected_value":"Red"},{"variation_type_id":"3","selected_value":"1 L"}]
DEBUG - 2025-08-06 10:00:26 --> Variation Details for Variation ID 12: [{"variation_id":"2","variation_type":"Colour","display_name":"Colour","selected_value":"Red"},{"variation_id":"3","variation_type":"Capacity","display_name":"Capacity","selected_value":"1 L"}]
DEBUG - 2025-08-06 10:00:26 --> Variation Options for Product ID 9: [{"variation_type_id":"2","selected_value":"Blue"},{"variation_type_id":"3","selected_value":"3 L"},{"variation_type_id":"2","selected_value":"Red"},{"variation_type_id":"3","selected_value":"2 L"},{"variation_type_id":"2","selected_value":"Red"},{"variation_type_id":"3","selected_value":"1 L"},{"variation_type_id":"2","selected_value":"Red"},{"variation_type_id":"3","selected_value":"1 L"}]
DEBUG - 2025-08-06 10:00:26 --> Variation Type for ID 2: null
DEBUG - 2025-08-06 10:00:26 --> Variation Type for ID 3: null
DEBUG - 2025-08-06 10:00:26 --> Variation Type for ID 2: null
DEBUG - 2025-08-06 10:00:26 --> Variation Type for ID 3: null
DEBUG - 2025-08-06 10:00:26 --> Variation Type for ID 2: null
DEBUG - 2025-08-06 10:00:26 --> Variation Type for ID 3: null
DEBUG - 2025-08-06 10:00:26 --> Variation Type for ID 2: null
DEBUG - 2025-08-06 10:00:26 --> Variation Type for ID 3: null
DEBUG - 2025-08-06 10:00:26 --> Variation Types for Product ID 9: []
DEBUG - 2025-08-06 10:00:26 --> Selected Variations for Variation ID 13: [{"variation_type_id":"1","selected_value":"Large"},{"variation_type_id":"2","selected_value":"Blue"}]
DEBUG - 2025-08-06 10:00:26 --> Variation Details for Variation ID 13: [{"variation_id":"1","variation_type":"Size","display_name":"ty","selected_value":"Large"},{"variation_id":"2","variation_type":"Colour","display_name":"Colour","selected_value":"Blue"}]
DEBUG - 2025-08-06 10:00:26 --> Variation Options for Product ID 13: [{"variation_type_id":"1","selected_value":"Large"},{"variation_type_id":"2","selected_value":"Blue"}]
DEBUG - 2025-08-06 10:00:26 --> Variation Type for ID 1: null
DEBUG - 2025-08-06 10:00:26 --> Variation Type for ID 2: null
DEBUG - 2025-08-06 10:00:26 --> Variation Types for Product ID 13: []
CRITICAL - 2025-08-06 10:00:28 --> ErrorException: Undefined array key "return_policy_days"
[Method: GET, Route: api/bestsellingproducts]
in APPPATH\Controllers\api\BestSellingController.php on line 95.
 1 APPPATH\Controllers\api\BestSellingController.php(95): CodeIgniter\Debug\Exceptions->errorHandler(2, 'Undefined array key "return_policy_days"', 'C:\\Users\\Admin\\Documents\\EstoreAPI\\app\\Controllers\\api\\BestSellingController.php', 95)
 2 SYSTEMPATH\CodeIgniter.php(933): App\Controllers\api\BestSellingController->bestsellingproduct()
 3 SYSTEMPATH\CodeIgniter.php(509): CodeIgniter\CodeIgniter->runController(Object(App\Controllers\api\BestSellingController))
 4 SYSTEMPATH\CodeIgniter.php(355): CodeIgniter\CodeIgniter->handleRequest(null, Object(Config\Cache), false)
 5 SYSTEMPATH\Boot.php(312): CodeIgniter\CodeIgniter->run()
 6 SYSTEMPATH\Boot.php(67): CodeIgniter\Boot::runCodeIgniter(Object(CodeIgniter\CodeIgniter))
 7 FCPATH\index.php(56): CodeIgniter\Boot::bootWeb(Object(Config\Paths))
 8 SYSTEMPATH\Commands\Server\rewrite.php(49): require_once('C:\\Users\\Admin\\Documents\\EstoreAPI\\public\\index.php')
DEBUG - 2025-08-06 10:00:29 --> Selected Variations for Variation ID 2: [{"variation_type_id":"2","selected_value":"Blue"},{"variation_type_id":"3","selected_value":"2 L"}]
DEBUG - 2025-08-06 10:00:29 --> Variation Details for Variation ID 2: [{"variation_id":"2","variation_type":"Colour","display_name":"Colour","selected_value":"Blue"},{"variation_id":"3","variation_type":"Capacity","display_name":"Capacity","selected_value":"2 L"}]
DEBUG - 2025-08-06 10:00:29 --> Variation Options for Product ID 2: [{"variation_type_id":"2","selected_value":"Blue"},{"variation_type_id":"3","selected_value":"2 L"}]
DEBUG - 2025-08-06 10:00:29 --> Variation Type for ID 2: null
DEBUG - 2025-08-06 10:00:29 --> Variation Type for ID 3: null
DEBUG - 2025-08-06 10:00:29 --> Variation Types for Product ID 2: []
DEBUG - 2025-08-06 10:00:29 --> Selected Variations for Variation ID 3: [{"variation_type_id":"2","selected_value":"Red"},{"variation_type_id":"3","selected_value":"1 L"}]
DEBUG - 2025-08-06 10:00:29 --> Variation Details for Variation ID 3: [{"variation_id":"2","variation_type":"Colour","display_name":"Colour","selected_value":"Red"},{"variation_id":"3","variation_type":"Capacity","display_name":"Capacity","selected_value":"1 L"}]
DEBUG - 2025-08-06 10:00:29 --> Variation Options for Product ID 3: [{"variation_type_id":"2","selected_value":"Red"},{"variation_type_id":"3","selected_value":"1 L"}]
DEBUG - 2025-08-06 10:00:29 --> Variation Type for ID 2: null
DEBUG - 2025-08-06 10:00:29 --> Variation Type for ID 3: null
DEBUG - 2025-08-06 10:00:29 --> Variation Types for Product ID 3: []
DEBUG - 2025-08-06 10:00:29 --> Selected Variations for Variation ID 4: [{"variation_type_id":"2","selected_value":"Black"},{"variation_type_id":"3","selected_value":"3 L"}]
DEBUG - 2025-08-06 10:00:29 --> Variation Details for Variation ID 4: [{"variation_id":"2","variation_type":"Colour","display_name":"Colour","selected_value":"Black"},{"variation_id":"3","variation_type":"Capacity","display_name":"Capacity","selected_value":"3 L"}]
DEBUG - 2025-08-06 10:00:29 --> Variation Options for Product ID 4: [{"variation_type_id":"2","selected_value":"Black"},{"variation_type_id":"3","selected_value":"3 L"}]
DEBUG - 2025-08-06 10:00:29 --> Variation Type for ID 2: null
DEBUG - 2025-08-06 10:00:29 --> Variation Type for ID 3: null
DEBUG - 2025-08-06 10:00:29 --> Variation Types for Product ID 4: []
DEBUG - 2025-08-06 10:00:29 --> Selected Variations for Variation ID 5: [{"variation_type_id":"2","selected_value":"Blue"},{"variation_type_id":"3","selected_value":"2 L"}]
DEBUG - 2025-08-06 10:00:29 --> Variation Details for Variation ID 5: [{"variation_id":"2","variation_type":"Colour","display_name":"Colour","selected_value":"Blue"},{"variation_id":"3","variation_type":"Capacity","display_name":"Capacity","selected_value":"2 L"}]
DEBUG - 2025-08-06 10:00:29 --> Variation Options for Product ID 5: [{"variation_type_id":"2","selected_value":"Blue"},{"variation_type_id":"3","selected_value":"2 L"}]
DEBUG - 2025-08-06 10:00:29 --> Variation Type for ID 2: null
DEBUG - 2025-08-06 10:00:29 --> Variation Type for ID 3: null
DEBUG - 2025-08-06 10:00:29 --> Variation Types for Product ID 5: []
DEBUG - 2025-08-06 10:00:29 --> Selected Variations for Variation ID 6: [{"variation_type_id":"2","selected_value":"Red"},{"variation_type_id":"3","selected_value":"2 L"}]
DEBUG - 2025-08-06 10:00:29 --> Variation Details for Variation ID 6: [{"variation_id":"2","variation_type":"Colour","display_name":"Colour","selected_value":"Red"},{"variation_id":"3","variation_type":"Capacity","display_name":"Capacity","selected_value":"2 L"}]
DEBUG - 2025-08-06 10:00:29 --> Variation Options for Product ID 6: [{"variation_type_id":"2","selected_value":"Red"},{"variation_type_id":"3","selected_value":"2 L"}]
DEBUG - 2025-08-06 10:00:29 --> Variation Type for ID 2: null
DEBUG - 2025-08-06 10:00:29 --> Variation Type for ID 3: null
DEBUG - 2025-08-06 10:00:29 --> Variation Types for Product ID 6: []
DEBUG - 2025-08-06 10:00:29 --> Selected Variations for Variation ID 7: [{"variation_type_id":"2","selected_value":"Black"},{"variation_type_id":"3","selected_value":"1 L"}]
DEBUG - 2025-08-06 10:00:29 --> Variation Details for Variation ID 7: [{"variation_id":"2","variation_type":"Colour","display_name":"Colour","selected_value":"Black"},{"variation_id":"3","variation_type":"Capacity","display_name":"Capacity","selected_value":"1 L"}]
DEBUG - 2025-08-06 10:00:29 --> Variation Options for Product ID 7: [{"variation_type_id":"2","selected_value":"Black"},{"variation_type_id":"3","selected_value":"1 L"}]
DEBUG - 2025-08-06 10:00:29 --> Variation Type for ID 2: null
DEBUG - 2025-08-06 10:00:29 --> Variation Type for ID 3: null
DEBUG - 2025-08-06 10:00:29 --> Variation Types for Product ID 7: []
DEBUG - 2025-08-06 10:00:29 --> Selected Variations for Variation ID 8: [{"variation_type_id":"2","selected_value":"Black"},{"variation_type_id":"3","selected_value":"3 L"}]
DEBUG - 2025-08-06 10:00:29 --> Variation Details for Variation ID 8: [{"variation_id":"2","variation_type":"Colour","display_name":"Colour","selected_value":"Black"},{"variation_id":"3","variation_type":"Capacity","display_name":"Capacity","selected_value":"3 L"}]
DEBUG - 2025-08-06 10:00:29 --> Variation Options for Product ID 8: [{"variation_type_id":"2","selected_value":"Black"},{"variation_type_id":"3","selected_value":"3 L"}]
DEBUG - 2025-08-06 10:00:29 --> Variation Type for ID 2: null
DEBUG - 2025-08-06 10:00:29 --> Variation Type for ID 3: null
DEBUG - 2025-08-06 10:00:29 --> Variation Types for Product ID 8: []
DEBUG - 2025-08-06 10:00:29 --> Selected Variations for Variation ID 9: [{"variation_type_id":"2","selected_value":"Blue"},{"variation_type_id":"3","selected_value":"3 L"}]
DEBUG - 2025-08-06 10:00:29 --> Variation Details for Variation ID 9: [{"variation_id":"2","variation_type":"Colour","display_name":"Colour","selected_value":"Blue"},{"variation_id":"3","variation_type":"Capacity","display_name":"Capacity","selected_value":"3 L"}]
DEBUG - 2025-08-06 10:00:29 --> Selected Variations for Variation ID 10: [{"variation_type_id":"2","selected_value":"Red"},{"variation_type_id":"3","selected_value":"2 L"}]
DEBUG - 2025-08-06 10:00:29 --> Variation Details for Variation ID 10: [{"variation_id":"2","variation_type":"Colour","display_name":"Colour","selected_value":"Red"},{"variation_id":"3","variation_type":"Capacity","display_name":"Capacity","selected_value":"2 L"}]
DEBUG - 2025-08-06 10:00:29 --> Selected Variations for Variation ID 11: [{"variation_type_id":"2","selected_value":"Red"},{"variation_type_id":"3","selected_value":"1 L"}]
DEBUG - 2025-08-06 10:00:29 --> Variation Details for Variation ID 11: [{"variation_id":"2","variation_type":"Colour","display_name":"Colour","selected_value":"Red"},{"variation_id":"3","variation_type":"Capacity","display_name":"Capacity","selected_value":"1 L"}]
DEBUG - 2025-08-06 10:00:29 --> Selected Variations for Variation ID 12: [{"variation_type_id":"2","selected_value":"Red"},{"variation_type_id":"3","selected_value":"1 L"}]
DEBUG - 2025-08-06 10:00:29 --> Variation Details for Variation ID 12: [{"variation_id":"2","variation_type":"Colour","display_name":"Colour","selected_value":"Red"},{"variation_id":"3","variation_type":"Capacity","display_name":"Capacity","selected_value":"1 L"}]
DEBUG - 2025-08-06 10:00:29 --> Variation Options for Product ID 9: [{"variation_type_id":"2","selected_value":"Blue"},{"variation_type_id":"3","selected_value":"3 L"},{"variation_type_id":"2","selected_value":"Red"},{"variation_type_id":"3","selected_value":"2 L"},{"variation_type_id":"2","selected_value":"Red"},{"variation_type_id":"3","selected_value":"1 L"},{"variation_type_id":"2","selected_value":"Red"},{"variation_type_id":"3","selected_value":"1 L"}]
DEBUG - 2025-08-06 10:00:29 --> Variation Type for ID 2: null
DEBUG - 2025-08-06 10:00:29 --> Variation Type for ID 3: null
DEBUG - 2025-08-06 10:00:29 --> Variation Type for ID 2: null
DEBUG - 2025-08-06 10:00:29 --> Variation Type for ID 3: null
DEBUG - 2025-08-06 10:00:29 --> Variation Type for ID 2: null
DEBUG - 2025-08-06 10:00:29 --> Variation Type for ID 3: null
DEBUG - 2025-08-06 10:00:29 --> Variation Type for ID 2: null
DEBUG - 2025-08-06 10:00:29 --> Variation Type for ID 3: null
DEBUG - 2025-08-06 10:00:29 --> Variation Types for Product ID 9: []
DEBUG - 2025-08-06 10:00:29 --> Selected Variations for Variation ID 13: [{"variation_type_id":"1","selected_value":"Large"},{"variation_type_id":"2","selected_value":"Blue"}]
DEBUG - 2025-08-06 10:00:29 --> Variation Details for Variation ID 13: [{"variation_id":"1","variation_type":"Size","display_name":"ty","selected_value":"Large"},{"variation_id":"2","variation_type":"Colour","display_name":"Colour","selected_value":"Blue"}]
DEBUG - 2025-08-06 10:00:29 --> Variation Options for Product ID 13: [{"variation_type_id":"1","selected_value":"Large"},{"variation_type_id":"2","selected_value":"Blue"}]
DEBUG - 2025-08-06 10:00:29 --> Variation Type for ID 1: null
DEBUG - 2025-08-06 10:00:29 --> Variation Type for ID 2: null
DEBUG - 2025-08-06 10:00:29 --> Variation Types for Product ID 13: []
DEBUG - 2025-08-06 10:00:30 --> Selected Variations for Variation ID 2: [{"variation_type_id":"2","selected_value":"Blue"},{"variation_type_id":"3","selected_value":"2 L"}]
DEBUG - 2025-08-06 10:00:30 --> Variation Details for Variation ID 2: [{"variation_id":"2","variation_type":"Colour","display_name":"Colour","selected_value":"Blue"},{"variation_id":"3","variation_type":"Capacity","display_name":"Capacity","selected_value":"2 L"}]
DEBUG - 2025-08-06 10:00:30 --> Variation Options for Product ID 2: [{"variation_type_id":"2","selected_value":"Blue"},{"variation_type_id":"3","selected_value":"2 L"}]
DEBUG - 2025-08-06 10:00:30 --> Variation Type for ID 2: null
DEBUG - 2025-08-06 10:00:30 --> Variation Type for ID 3: null
DEBUG - 2025-08-06 10:00:30 --> Variation Types for Product ID 2: []
DEBUG - 2025-08-06 10:00:30 --> Selected Variations for Variation ID 3: [{"variation_type_id":"2","selected_value":"Red"},{"variation_type_id":"3","selected_value":"1 L"}]
DEBUG - 2025-08-06 10:00:30 --> Variation Details for Variation ID 3: [{"variation_id":"2","variation_type":"Colour","display_name":"Colour","selected_value":"Red"},{"variation_id":"3","variation_type":"Capacity","display_name":"Capacity","selected_value":"1 L"}]
DEBUG - 2025-08-06 10:00:30 --> Variation Options for Product ID 3: [{"variation_type_id":"2","selected_value":"Red"},{"variation_type_id":"3","selected_value":"1 L"}]
DEBUG - 2025-08-06 10:00:30 --> Variation Type for ID 2: null
DEBUG - 2025-08-06 10:00:30 --> Variation Type for ID 3: null
DEBUG - 2025-08-06 10:00:30 --> Variation Types for Product ID 3: []
DEBUG - 2025-08-06 10:00:30 --> Selected Variations for Variation ID 4: [{"variation_type_id":"2","selected_value":"Black"},{"variation_type_id":"3","selected_value":"3 L"}]
DEBUG - 2025-08-06 10:00:30 --> Variation Details for Variation ID 4: [{"variation_id":"2","variation_type":"Colour","display_name":"Colour","selected_value":"Black"},{"variation_id":"3","variation_type":"Capacity","display_name":"Capacity","selected_value":"3 L"}]
DEBUG - 2025-08-06 10:00:30 --> Variation Options for Product ID 4: [{"variation_type_id":"2","selected_value":"Black"},{"variation_type_id":"3","selected_value":"3 L"}]
DEBUG - 2025-08-06 10:00:30 --> Variation Type for ID 2: null
DEBUG - 2025-08-06 10:00:30 --> Variation Type for ID 3: null
DEBUG - 2025-08-06 10:00:30 --> Variation Types for Product ID 4: []
DEBUG - 2025-08-06 10:00:30 --> Selected Variations for Variation ID 5: [{"variation_type_id":"2","selected_value":"Blue"},{"variation_type_id":"3","selected_value":"2 L"}]
DEBUG - 2025-08-06 10:00:30 --> Variation Details for Variation ID 5: [{"variation_id":"2","variation_type":"Colour","display_name":"Colour","selected_value":"Blue"},{"variation_id":"3","variation_type":"Capacity","display_name":"Capacity","selected_value":"2 L"}]
DEBUG - 2025-08-06 10:00:30 --> Variation Options for Product ID 5: [{"variation_type_id":"2","selected_value":"Blue"},{"variation_type_id":"3","selected_value":"2 L"}]
DEBUG - 2025-08-06 10:00:30 --> Variation Type for ID 2: null
DEBUG - 2025-08-06 10:00:30 --> Variation Type for ID 3: null
DEBUG - 2025-08-06 10:00:30 --> Variation Types for Product ID 5: []
DEBUG - 2025-08-06 10:00:30 --> Selected Variations for Variation ID 6: [{"variation_type_id":"2","selected_value":"Red"},{"variation_type_id":"3","selected_value":"2 L"}]
DEBUG - 2025-08-06 10:00:30 --> Variation Details for Variation ID 6: [{"variation_id":"2","variation_type":"Colour","display_name":"Colour","selected_value":"Red"},{"variation_id":"3","variation_type":"Capacity","display_name":"Capacity","selected_value":"2 L"}]
DEBUG - 2025-08-06 10:00:30 --> Variation Options for Product ID 6: [{"variation_type_id":"2","selected_value":"Red"},{"variation_type_id":"3","selected_value":"2 L"}]
DEBUG - 2025-08-06 10:00:30 --> Variation Type for ID 2: null
DEBUG - 2025-08-06 10:00:30 --> Variation Type for ID 3: null
DEBUG - 2025-08-06 10:00:30 --> Variation Types for Product ID 6: []
DEBUG - 2025-08-06 10:00:30 --> Selected Variations for Variation ID 7: [{"variation_type_id":"2","selected_value":"Black"},{"variation_type_id":"3","selected_value":"1 L"}]
DEBUG - 2025-08-06 10:00:30 --> Variation Details for Variation ID 7: [{"variation_id":"2","variation_type":"Colour","display_name":"Colour","selected_value":"Black"},{"variation_id":"3","variation_type":"Capacity","display_name":"Capacity","selected_value":"1 L"}]
DEBUG - 2025-08-06 10:00:30 --> Variation Options for Product ID 7: [{"variation_type_id":"2","selected_value":"Black"},{"variation_type_id":"3","selected_value":"1 L"}]
DEBUG - 2025-08-06 10:00:30 --> Variation Type for ID 2: null
DEBUG - 2025-08-06 10:00:30 --> Variation Type for ID 3: null
DEBUG - 2025-08-06 10:00:30 --> Variation Types for Product ID 7: []
DEBUG - 2025-08-06 10:00:30 --> Selected Variations for Variation ID 8: [{"variation_type_id":"2","selected_value":"Black"},{"variation_type_id":"3","selected_value":"3 L"}]
DEBUG - 2025-08-06 10:00:30 --> Variation Details for Variation ID 8: [{"variation_id":"2","variation_type":"Colour","display_name":"Colour","selected_value":"Black"},{"variation_id":"3","variation_type":"Capacity","display_name":"Capacity","selected_value":"3 L"}]
DEBUG - 2025-08-06 10:00:30 --> Variation Options for Product ID 8: [{"variation_type_id":"2","selected_value":"Black"},{"variation_type_id":"3","selected_value":"3 L"}]
DEBUG - 2025-08-06 10:00:30 --> Variation Type for ID 2: null
DEBUG - 2025-08-06 10:00:30 --> Variation Type for ID 3: null
DEBUG - 2025-08-06 10:00:30 --> Variation Types for Product ID 8: []
DEBUG - 2025-08-06 10:00:30 --> Selected Variations for Variation ID 9: [{"variation_type_id":"2","selected_value":"Blue"},{"variation_type_id":"3","selected_value":"3 L"}]
DEBUG - 2025-08-06 10:00:30 --> Variation Details for Variation ID 9: [{"variation_id":"2","variation_type":"Colour","display_name":"Colour","selected_value":"Blue"},{"variation_id":"3","variation_type":"Capacity","display_name":"Capacity","selected_value":"3 L"}]
DEBUG - 2025-08-06 10:00:30 --> Selected Variations for Variation ID 10: [{"variation_type_id":"2","selected_value":"Red"},{"variation_type_id":"3","selected_value":"2 L"}]
DEBUG - 2025-08-06 10:00:30 --> Variation Details for Variation ID 10: [{"variation_id":"2","variation_type":"Colour","display_name":"Colour","selected_value":"Red"},{"variation_id":"3","variation_type":"Capacity","display_name":"Capacity","selected_value":"2 L"}]
DEBUG - 2025-08-06 10:00:30 --> Selected Variations for Variation ID 11: [{"variation_type_id":"2","selected_value":"Red"},{"variation_type_id":"3","selected_value":"1 L"}]
DEBUG - 2025-08-06 10:00:30 --> Variation Details for Variation ID 11: [{"variation_id":"2","variation_type":"Colour","display_name":"Colour","selected_value":"Red"},{"variation_id":"3","variation_type":"Capacity","display_name":"Capacity","selected_value":"1 L"}]
DEBUG - 2025-08-06 10:00:30 --> Selected Variations for Variation ID 12: [{"variation_type_id":"2","selected_value":"Red"},{"variation_type_id":"3","selected_value":"1 L"}]
DEBUG - 2025-08-06 10:00:30 --> Variation Details for Variation ID 12: [{"variation_id":"2","variation_type":"Colour","display_name":"Colour","selected_value":"Red"},{"variation_id":"3","variation_type":"Capacity","display_name":"Capacity","selected_value":"1 L"}]
DEBUG - 2025-08-06 10:00:30 --> Variation Options for Product ID 9: [{"variation_type_id":"2","selected_value":"Blue"},{"variation_type_id":"3","selected_value":"3 L"},{"variation_type_id":"2","selected_value":"Red"},{"variation_type_id":"3","selected_value":"2 L"},{"variation_type_id":"2","selected_value":"Red"},{"variation_type_id":"3","selected_value":"1 L"},{"variation_type_id":"2","selected_value":"Red"},{"variation_type_id":"3","selected_value":"1 L"}]
DEBUG - 2025-08-06 10:00:30 --> Variation Type for ID 2: null
DEBUG - 2025-08-06 10:00:30 --> Variation Type for ID 3: null
DEBUG - 2025-08-06 10:00:30 --> Variation Type for ID 2: null
DEBUG - 2025-08-06 10:00:30 --> Variation Type for ID 3: null
DEBUG - 2025-08-06 10:00:30 --> Variation Type for ID 2: null
DEBUG - 2025-08-06 10:00:30 --> Variation Type for ID 3: null
DEBUG - 2025-08-06 10:00:30 --> Variation Type for ID 2: null
DEBUG - 2025-08-06 10:00:30 --> Variation Type for ID 3: null
DEBUG - 2025-08-06 10:00:30 --> Variation Types for Product ID 9: []
DEBUG - 2025-08-06 10:00:30 --> Selected Variations for Variation ID 13: [{"variation_type_id":"1","selected_value":"Large"},{"variation_type_id":"2","selected_value":"Blue"}]
DEBUG - 2025-08-06 10:00:30 --> Variation Details for Variation ID 13: [{"variation_id":"1","variation_type":"Size","display_name":"ty","selected_value":"Large"},{"variation_id":"2","variation_type":"Colour","display_name":"Colour","selected_value":"Blue"}]
DEBUG - 2025-08-06 10:00:30 --> Variation Options for Product ID 13: [{"variation_type_id":"1","selected_value":"Large"},{"variation_type_id":"2","selected_value":"Blue"}]
DEBUG - 2025-08-06 10:00:30 --> Variation Type for ID 1: null
DEBUG - 2025-08-06 10:00:30 --> Variation Type for ID 2: null
DEBUG - 2025-08-06 10:00:30 --> Variation Types for Product ID 13: []
