DEBUG - 2025-03-21 10:10:30 --> Selected Variations for Variation ID 1: [{"variation_type_id":"2","selected_value":"Blue"},{"variation_type_id":"3","selected_value":"2L"}]
DEBUG - 2025-03-21 10:10:30 --> Variation Details for Variation ID 1: [{"variation_id":"2","variation_type":"Colour","display_name":"Colour","selected_value":"Blue"},{"variation_id":"3","variation_type":"Capacity","display_name":"Capacity","selected_value":"2L"}]
DEBUG - 2025-03-21 10:10:30 --> Selected Variations for Variation ID 4: [{"variation_type_id":"2","selected_value":"Black"},{"variation_type_id":"3","selected_value":"3L"}]
DEBUG - 2025-03-21 10:10:30 --> Variation Details for Variation ID 4: [{"variation_id":"2","variation_type":"Colour","display_name":"Colour","selected_value":"Black"},{"variation_id":"3","variation_type":"Capacity","display_name":"Capacity","selected_value":"3L"}]
DEBUG - 2025-03-21 10:10:30 --> Selected Variations for Variation ID 9: [{"variation_type_id":"2","selected_value":"Black"},{"variation_type_id":"3","selected_value":"2L"}]
DEBUG - 2025-03-21 10:10:30 --> Variation Details for Variation ID 9: [{"variation_id":"2","variation_type":"Colour","display_name":"Colour","selected_value":"Black"},{"variation_id":"3","variation_type":"Capacity","display_name":"Capacity","selected_value":"2L"}]
DEBUG - 2025-03-21 10:10:30 --> Selected Variations for Variation ID 10: [{"variation_type_id":"2","selected_value":"Black"},{"variation_type_id":"3","selected_value":"2L"}]
DEBUG - 2025-03-21 10:10:30 --> Variation Details for Variation ID 10: [{"variation_id":"2","variation_type":"Colour","display_name":"Colour","selected_value":"Black"},{"variation_id":"3","variation_type":"Capacity","display_name":"Capacity","selected_value":"2L"}]
DEBUG - 2025-03-21 10:10:30 --> Selected Variations for Variation ID 11: [{"variation_type_id":"2","selected_value":"Black"},{"variation_type_id":"3","selected_value":"2L"}]
DEBUG - 2025-03-21 10:10:30 --> Variation Details for Variation ID 11: [{"variation_id":"2","variation_type":"Colour","display_name":"Colour","selected_value":"Black"},{"variation_id":"3","variation_type":"Capacity","display_name":"Capacity","selected_value":"2L"}]
DEBUG - 2025-03-21 10:10:30 --> Selected Variations for Variation ID 12: [{"variation_type_id":"2","selected_value":"Black"},{"variation_type_id":"3","selected_value":"2L"}]
DEBUG - 2025-03-21 10:10:30 --> Variation Details for Variation ID 12: [{"variation_id":"2","variation_type":"Colour","display_name":"Colour","selected_value":"Black"},{"variation_id":"3","variation_type":"Capacity","display_name":"Capacity","selected_value":"2L"}]
DEBUG - 2025-03-21 10:10:30 --> Variation Options for Product ID 1: [{"variation_type_id":"2","selected_value":"Blue"},{"variation_type_id":"3","selected_value":"2L"},{"variation_type_id":"2","selected_value":"Black"},{"variation_type_id":"3","selected_value":"3L"},{"variation_type_id":"2","selected_value":"Black"},{"variation_type_id":"3","selected_value":"2L"},{"variation_type_id":"2","selected_value":"Black"},{"variation_type_id":"3","selected_value":"2L"},{"variation_type_id":"2","selected_value":"Black"},{"variation_type_id":"3","selected_value":"2L"},{"variation_type_id":"2","selected_value":"Black"},{"variation_type_id":"3","selected_value":"2L"}]
DEBUG - 2025-03-21 10:10:30 --> Variation Type for ID 2: null
DEBUG - 2025-03-21 10:10:30 --> Variation Type for ID 3: null
DEBUG - 2025-03-21 10:10:30 --> Variation Type for ID 2: null
DEBUG - 2025-03-21 10:10:30 --> Variation Type for ID 3: null
DEBUG - 2025-03-21 10:10:30 --> Variation Type for ID 2: null
DEBUG - 2025-03-21 10:10:30 --> Variation Type for ID 3: null
DEBUG - 2025-03-21 10:10:30 --> Variation Type for ID 2: null
DEBUG - 2025-03-21 10:10:30 --> Variation Type for ID 3: null
DEBUG - 2025-03-21 10:10:30 --> Variation Type for ID 2: null
DEBUG - 2025-03-21 10:10:30 --> Variation Type for ID 3: null
DEBUG - 2025-03-21 10:10:30 --> Variation Type for ID 2: null
DEBUG - 2025-03-21 10:10:30 --> Variation Type for ID 3: null
DEBUG - 2025-03-21 10:10:30 --> Variation Types for Product ID 1: []
DEBUG - 2025-03-21 10:10:31 --> Selected Variations for Variation ID 2: [{"variation_type_id":"2","selected_value":"Blue"}]
DEBUG - 2025-03-21 10:10:31 --> Variation Details for Variation ID 2: [{"variation_id":"2","variation_type":"Colour","display_name":"Colour","selected_value":"Blue"}]
DEBUG - 2025-03-21 10:10:31 --> Variation Options for Product ID 2: [{"variation_type_id":"2","selected_value":"Blue"}]
DEBUG - 2025-03-21 10:10:31 --> Variation Type for ID 2: null
DEBUG - 2025-03-21 10:10:31 --> Variation Types for Product ID 2: []
DEBUG - 2025-03-21 10:10:31 --> Selected Variations for Variation ID 5: [{"variation_type_id":"2","selected_value":"Red"},{"variation_type_id":"3","selected_value":"1L"}]
DEBUG - 2025-03-21 10:10:31 --> Variation Details for Variation ID 5: [{"variation_id":"2","variation_type":"Colour","display_name":"Colour","selected_value":"Red"},{"variation_id":"3","variation_type":"Capacity","display_name":"Capacity","selected_value":"1L"}]
DEBUG - 2025-03-21 10:10:31 --> Selected Variations for Variation ID 15: [{"variation_type_id":"2","selected_value":"Blue"},{"variation_type_id":"3","selected_value":"2 Kg"}]
DEBUG - 2025-03-21 10:10:31 --> Variation Details for Variation ID 15: [{"variation_id":"2","variation_type":"Colour","display_name":"Colour","selected_value":"Blue"},{"variation_id":"3","variation_type":"Capacity","display_name":"Capacity","selected_value":"2 Kg"}]
DEBUG - 2025-03-21 10:10:31 --> Variation Options for Product ID 4: [{"variation_type_id":"2","selected_value":"Red"},{"variation_type_id":"3","selected_value":"1L"},{"variation_type_id":"2","selected_value":"Blue"},{"variation_type_id":"3","selected_value":"2 Kg"}]
DEBUG - 2025-03-21 10:10:31 --> Variation Type for ID 2: null
DEBUG - 2025-03-21 10:10:31 --> Variation Type for ID 3: null
DEBUG - 2025-03-21 10:10:31 --> Variation Type for ID 2: null
DEBUG - 2025-03-21 10:10:31 --> Variation Type for ID 3: null
DEBUG - 2025-03-21 10:10:31 --> Variation Types for Product ID 4: []
DEBUG - 2025-03-21 10:10:31 --> Selected Variations for Variation ID 6: [{"variation_type_id":"2","selected_value":"Blue"},{"variation_type_id":"3","selected_value":"2L"}]
DEBUG - 2025-03-21 10:10:31 --> Variation Details for Variation ID 6: [{"variation_id":"2","variation_type":"Colour","display_name":"Colour","selected_value":"Blue"},{"variation_id":"3","variation_type":"Capacity","display_name":"Capacity","selected_value":"2L"}]
DEBUG - 2025-03-21 10:10:31 --> Variation Options for Product ID 5: [{"variation_type_id":"2","selected_value":"Blue"},{"variation_type_id":"3","selected_value":"2L"}]
DEBUG - 2025-03-21 10:10:31 --> Variation Type for ID 2: null
DEBUG - 2025-03-21 10:10:31 --> Variation Type for ID 3: null
DEBUG - 2025-03-21 10:10:31 --> Variation Types for Product ID 5: []
DEBUG - 2025-03-21 10:10:31 --> Selected Variations for Variation ID 7: [{"variation_type_id":"2","selected_value":"Red"},{"variation_type_id":"3","selected_value":"1L"}]
DEBUG - 2025-03-21 10:10:31 --> Variation Details for Variation ID 7: [{"variation_id":"2","variation_type":"Colour","display_name":"Colour","selected_value":"Red"},{"variation_id":"3","variation_type":"Capacity","display_name":"Capacity","selected_value":"1L"}]
DEBUG - 2025-03-21 10:10:31 --> Variation Options for Product ID 6: [{"variation_type_id":"2","selected_value":"Red"},{"variation_type_id":"3","selected_value":"1L"}]
DEBUG - 2025-03-21 10:10:31 --> Variation Type for ID 2: null
DEBUG - 2025-03-21 10:10:31 --> Variation Type for ID 3: null
DEBUG - 2025-03-21 10:10:31 --> Variation Types for Product ID 6: []
DEBUG - 2025-03-21 10:10:31 --> Selected Variations for Variation ID 8: [{"variation_type_id":"2","selected_value":"Blue"},{"variation_type_id":"3","selected_value":"3L"}]
DEBUG - 2025-03-21 10:10:31 --> Variation Details for Variation ID 8: [{"variation_id":"2","variation_type":"Colour","display_name":"Colour","selected_value":"Blue"},{"variation_id":"3","variation_type":"Capacity","display_name":"Capacity","selected_value":"3L"}]
DEBUG - 2025-03-21 10:10:31 --> Variation Options for Product ID 7: [{"variation_type_id":"2","selected_value":"Blue"},{"variation_type_id":"3","selected_value":"3L"}]
DEBUG - 2025-03-21 10:10:31 --> Variation Type for ID 2: null
DEBUG - 2025-03-21 10:10:31 --> Variation Type for ID 3: null
DEBUG - 2025-03-21 10:10:31 --> Variation Types for Product ID 7: []
DEBUG - 2025-03-21 10:10:31 --> Selected Variations for Variation ID 13: [{"variation_type_id":"2","selected_value":"Black"},{"variation_type_id":"3","selected_value":"2L"}]
DEBUG - 2025-03-21 10:10:31 --> Variation Details for Variation ID 13: [{"variation_id":"2","variation_type":"Colour","display_name":"Colour","selected_value":"Black"},{"variation_id":"3","variation_type":"Capacity","display_name":"Capacity","selected_value":"2L"}]
DEBUG - 2025-03-21 10:10:31 --> Variation Options for Product ID 8: [{"variation_type_id":"2","selected_value":"Black"},{"variation_type_id":"3","selected_value":"2L"}]
DEBUG - 2025-03-21 10:10:31 --> Variation Type for ID 2: null
DEBUG - 2025-03-21 10:10:31 --> Variation Type for ID 3: null
DEBUG - 2025-03-21 10:10:31 --> Variation Types for Product ID 8: []
DEBUG - 2025-03-21 10:10:31 --> Selected Variations for Variation ID 14: [{"variation_type_id":"2","selected_value":"Black"},{"variation_type_id":"3","selected_value":"1L"}]
DEBUG - 2025-03-21 10:10:31 --> Variation Details for Variation ID 14: [{"variation_id":"2","variation_type":"Colour","display_name":"Colour","selected_value":"Black"},{"variation_id":"3","variation_type":"Capacity","display_name":"Capacity","selected_value":"1L"}]
DEBUG - 2025-03-21 10:10:31 --> Variation Options for Product ID 9: [{"variation_type_id":"2","selected_value":"Black"},{"variation_type_id":"3","selected_value":"1L"}]
DEBUG - 2025-03-21 10:10:31 --> Variation Type for ID 2: null
DEBUG - 2025-03-21 10:10:31 --> Variation Type for ID 3: null
DEBUG - 2025-03-21 10:10:31 --> Variation Types for Product ID 9: []
DEBUG - 2025-03-21 10:10:33 --> Selected Variations for Variation ID 1: [{"variation_type_id":"2","selected_value":"Blue"},{"variation_type_id":"3","selected_value":"2L"}]
DEBUG - 2025-03-21 10:10:33 --> Variation Details for Variation ID 1: [{"variation_id":"2","variation_type":"Colour","display_name":"Colour","selected_value":"Blue"},{"variation_id":"3","variation_type":"Capacity","display_name":"Capacity","selected_value":"2L"}]
DEBUG - 2025-03-21 10:10:33 --> Selected Variations for Variation ID 4: [{"variation_type_id":"2","selected_value":"Black"},{"variation_type_id":"3","selected_value":"3L"}]
DEBUG - 2025-03-21 10:10:33 --> Variation Details for Variation ID 4: [{"variation_id":"2","variation_type":"Colour","display_name":"Colour","selected_value":"Black"},{"variation_id":"3","variation_type":"Capacity","display_name":"Capacity","selected_value":"3L"}]
DEBUG - 2025-03-21 10:10:33 --> Selected Variations for Variation ID 9: [{"variation_type_id":"2","selected_value":"Black"},{"variation_type_id":"3","selected_value":"2L"}]
DEBUG - 2025-03-21 10:10:33 --> Variation Details for Variation ID 9: [{"variation_id":"2","variation_type":"Colour","display_name":"Colour","selected_value":"Black"},{"variation_id":"3","variation_type":"Capacity","display_name":"Capacity","selected_value":"2L"}]
DEBUG - 2025-03-21 10:10:33 --> Selected Variations for Variation ID 10: [{"variation_type_id":"2","selected_value":"Black"},{"variation_type_id":"3","selected_value":"2L"}]
DEBUG - 2025-03-21 10:10:33 --> Variation Details for Variation ID 10: [{"variation_id":"2","variation_type":"Colour","display_name":"Colour","selected_value":"Black"},{"variation_id":"3","variation_type":"Capacity","display_name":"Capacity","selected_value":"2L"}]
DEBUG - 2025-03-21 10:10:33 --> Selected Variations for Variation ID 11: [{"variation_type_id":"2","selected_value":"Black"},{"variation_type_id":"3","selected_value":"2L"}]
DEBUG - 2025-03-21 10:10:33 --> Variation Details for Variation ID 11: [{"variation_id":"2","variation_type":"Colour","display_name":"Colour","selected_value":"Black"},{"variation_id":"3","variation_type":"Capacity","display_name":"Capacity","selected_value":"2L"}]
DEBUG - 2025-03-21 10:10:33 --> Selected Variations for Variation ID 12: [{"variation_type_id":"2","selected_value":"Black"},{"variation_type_id":"3","selected_value":"2L"}]
DEBUG - 2025-03-21 10:10:33 --> Variation Details for Variation ID 12: [{"variation_id":"2","variation_type":"Colour","display_name":"Colour","selected_value":"Black"},{"variation_id":"3","variation_type":"Capacity","display_name":"Capacity","selected_value":"2L"}]
DEBUG - 2025-03-21 10:10:33 --> Variation Options for Product ID 1: [{"variation_type_id":"2","selected_value":"Blue"},{"variation_type_id":"3","selected_value":"2L"},{"variation_type_id":"2","selected_value":"Black"},{"variation_type_id":"3","selected_value":"3L"},{"variation_type_id":"2","selected_value":"Black"},{"variation_type_id":"3","selected_value":"2L"},{"variation_type_id":"2","selected_value":"Black"},{"variation_type_id":"3","selected_value":"2L"},{"variation_type_id":"2","selected_value":"Black"},{"variation_type_id":"3","selected_value":"2L"},{"variation_type_id":"2","selected_value":"Black"},{"variation_type_id":"3","selected_value":"2L"}]
DEBUG - 2025-03-21 10:10:33 --> Variation Type for ID 2: null
DEBUG - 2025-03-21 10:10:33 --> Variation Type for ID 3: null
DEBUG - 2025-03-21 10:10:33 --> Variation Type for ID 2: null
DEBUG - 2025-03-21 10:10:33 --> Variation Type for ID 3: null
DEBUG - 2025-03-21 10:10:33 --> Variation Type for ID 2: null
DEBUG - 2025-03-21 10:10:33 --> Variation Type for ID 3: null
DEBUG - 2025-03-21 10:10:33 --> Variation Type for ID 2: null
DEBUG - 2025-03-21 10:10:33 --> Variation Type for ID 3: null
DEBUG - 2025-03-21 10:10:33 --> Variation Type for ID 2: null
DEBUG - 2025-03-21 10:10:33 --> Variation Type for ID 3: null
DEBUG - 2025-03-21 10:10:33 --> Variation Type for ID 2: null
DEBUG - 2025-03-21 10:10:33 --> Variation Type for ID 3: null
DEBUG - 2025-03-21 10:10:33 --> Variation Types for Product ID 1: []
DEBUG - 2025-03-21 10:10:34 --> Selected Variations for Variation ID 2: [{"variation_type_id":"2","selected_value":"Blue"}]
DEBUG - 2025-03-21 10:10:34 --> Variation Details for Variation ID 2: [{"variation_id":"2","variation_type":"Colour","display_name":"Colour","selected_value":"Blue"}]
DEBUG - 2025-03-21 10:10:34 --> Variation Options for Product ID 2: [{"variation_type_id":"2","selected_value":"Blue"}]
DEBUG - 2025-03-21 10:10:34 --> Variation Type for ID 2: null
DEBUG - 2025-03-21 10:10:34 --> Variation Types for Product ID 2: []
DEBUG - 2025-03-21 10:10:34 --> Selected Variations for Variation ID 5: [{"variation_type_id":"2","selected_value":"Red"},{"variation_type_id":"3","selected_value":"1L"}]
DEBUG - 2025-03-21 10:10:34 --> Variation Details for Variation ID 5: [{"variation_id":"2","variation_type":"Colour","display_name":"Colour","selected_value":"Red"},{"variation_id":"3","variation_type":"Capacity","display_name":"Capacity","selected_value":"1L"}]
DEBUG - 2025-03-21 10:10:34 --> Selected Variations for Variation ID 15: [{"variation_type_id":"2","selected_value":"Blue"},{"variation_type_id":"3","selected_value":"2 Kg"}]
DEBUG - 2025-03-21 10:10:34 --> Variation Details for Variation ID 15: [{"variation_id":"2","variation_type":"Colour","display_name":"Colour","selected_value":"Blue"},{"variation_id":"3","variation_type":"Capacity","display_name":"Capacity","selected_value":"2 Kg"}]
DEBUG - 2025-03-21 10:10:34 --> Variation Options for Product ID 4: [{"variation_type_id":"2","selected_value":"Red"},{"variation_type_id":"3","selected_value":"1L"},{"variation_type_id":"2","selected_value":"Blue"},{"variation_type_id":"3","selected_value":"2 Kg"}]
DEBUG - 2025-03-21 10:10:34 --> Variation Type for ID 2: null
DEBUG - 2025-03-21 10:10:34 --> Variation Type for ID 3: null
DEBUG - 2025-03-21 10:10:34 --> Variation Type for ID 2: null
DEBUG - 2025-03-21 10:10:34 --> Variation Type for ID 3: null
DEBUG - 2025-03-21 10:10:34 --> Variation Types for Product ID 4: []
DEBUG - 2025-03-21 10:10:34 --> Selected Variations for Variation ID 6: [{"variation_type_id":"2","selected_value":"Blue"},{"variation_type_id":"3","selected_value":"2L"}]
DEBUG - 2025-03-21 10:10:34 --> Variation Details for Variation ID 6: [{"variation_id":"2","variation_type":"Colour","display_name":"Colour","selected_value":"Blue"},{"variation_id":"3","variation_type":"Capacity","display_name":"Capacity","selected_value":"2L"}]
DEBUG - 2025-03-21 10:10:34 --> Variation Options for Product ID 5: [{"variation_type_id":"2","selected_value":"Blue"},{"variation_type_id":"3","selected_value":"2L"}]
DEBUG - 2025-03-21 10:10:34 --> Variation Type for ID 2: null
DEBUG - 2025-03-21 10:10:34 --> Variation Type for ID 3: null
DEBUG - 2025-03-21 10:10:34 --> Variation Types for Product ID 5: []
DEBUG - 2025-03-21 10:10:34 --> Selected Variations for Variation ID 7: [{"variation_type_id":"2","selected_value":"Red"},{"variation_type_id":"3","selected_value":"1L"}]
DEBUG - 2025-03-21 10:10:34 --> Variation Details for Variation ID 7: [{"variation_id":"2","variation_type":"Colour","display_name":"Colour","selected_value":"Red"},{"variation_id":"3","variation_type":"Capacity","display_name":"Capacity","selected_value":"1L"}]
DEBUG - 2025-03-21 10:10:34 --> Variation Options for Product ID 6: [{"variation_type_id":"2","selected_value":"Red"},{"variation_type_id":"3","selected_value":"1L"}]
DEBUG - 2025-03-21 10:10:34 --> Variation Type for ID 2: null
DEBUG - 2025-03-21 10:10:34 --> Variation Type for ID 3: null
DEBUG - 2025-03-21 10:10:34 --> Variation Types for Product ID 6: []
DEBUG - 2025-03-21 10:10:34 --> Selected Variations for Variation ID 8: [{"variation_type_id":"2","selected_value":"Blue"},{"variation_type_id":"3","selected_value":"3L"}]
DEBUG - 2025-03-21 10:10:34 --> Variation Details for Variation ID 8: [{"variation_id":"2","variation_type":"Colour","display_name":"Colour","selected_value":"Blue"},{"variation_id":"3","variation_type":"Capacity","display_name":"Capacity","selected_value":"3L"}]
DEBUG - 2025-03-21 10:10:34 --> Variation Options for Product ID 7: [{"variation_type_id":"2","selected_value":"Blue"},{"variation_type_id":"3","selected_value":"3L"}]
DEBUG - 2025-03-21 10:10:34 --> Variation Type for ID 2: null
DEBUG - 2025-03-21 10:10:34 --> Variation Type for ID 3: null
DEBUG - 2025-03-21 10:10:34 --> Variation Types for Product ID 7: []
DEBUG - 2025-03-21 10:10:34 --> Selected Variations for Variation ID 13: [{"variation_type_id":"2","selected_value":"Black"},{"variation_type_id":"3","selected_value":"2L"}]
DEBUG - 2025-03-21 10:10:34 --> Variation Details for Variation ID 13: [{"variation_id":"2","variation_type":"Colour","display_name":"Colour","selected_value":"Black"},{"variation_id":"3","variation_type":"Capacity","display_name":"Capacity","selected_value":"2L"}]
DEBUG - 2025-03-21 10:10:34 --> Variation Options for Product ID 8: [{"variation_type_id":"2","selected_value":"Black"},{"variation_type_id":"3","selected_value":"2L"}]
DEBUG - 2025-03-21 10:10:34 --> Variation Type for ID 2: null
DEBUG - 2025-03-21 10:10:34 --> Variation Type for ID 3: null
DEBUG - 2025-03-21 10:10:34 --> Variation Types for Product ID 8: []
DEBUG - 2025-03-21 10:10:34 --> Selected Variations for Variation ID 14: [{"variation_type_id":"2","selected_value":"Black"},{"variation_type_id":"3","selected_value":"1L"}]
DEBUG - 2025-03-21 10:10:34 --> Variation Details for Variation ID 14: [{"variation_id":"2","variation_type":"Colour","display_name":"Colour","selected_value":"Black"},{"variation_id":"3","variation_type":"Capacity","display_name":"Capacity","selected_value":"1L"}]
DEBUG - 2025-03-21 10:10:34 --> Variation Options for Product ID 9: [{"variation_type_id":"2","selected_value":"Black"},{"variation_type_id":"3","selected_value":"1L"}]
DEBUG - 2025-03-21 10:10:34 --> Variation Type for ID 2: null
DEBUG - 2025-03-21 10:10:34 --> Variation Type for ID 3: null
DEBUG - 2025-03-21 10:10:34 --> Variation Types for Product ID 9: []
CRITICAL - 2025-03-21 12:58:05 --> ErrorException: Undefined property: stdClass::$product_variation_id
[Method: POST, Route: api/addcartlocal]
in APPPATH\Controllers\api\CartController.php on line 332.
 1 APPPATH\Controllers\api\CartController.php(332): CodeIgniter\Debug\Exceptions->errorHandler(2, 'Undefined property: stdClass::$product_variation_id', 'C:\\Users\\Admin\\Documents\\Planery-User-Api\\app\\Controllers\\api\\CartController.php', 332)
 2 SYSTEMPATH\CodeIgniter.php(933): App\Controllers\Api\CartController->addcartlocal()
 3 SYSTEMPATH\CodeIgniter.php(509): CodeIgniter\CodeIgniter->runController(Object(App\Controllers\Api\CartController))
 4 SYSTEMPATH\CodeIgniter.php(355): CodeIgniter\CodeIgniter->handleRequest(null, Object(Config\Cache), false)
 5 SYSTEMPATH\Boot.php(312): CodeIgniter\CodeIgniter->run()
 6 SYSTEMPATH\Boot.php(67): CodeIgniter\Boot::runCodeIgniter(Object(CodeIgniter\CodeIgniter))
 7 FCPATH\index.php(56): CodeIgniter\Boot::bootWeb(Object(Config\Paths))
 8 SYSTEMPATH\Commands\Server\rewrite.php(49): require_once('C:\\Users\\Admin\\Documents\\Planery-User-Api\\public\\index.php')
CRITICAL - 2025-03-21 12:59:24 --> ErrorException: Undefined property: stdClass::$product_variation_id
[Method: POST, Route: api/addcartlocal]
in APPPATH\Controllers\api\CartController.php on line 332.
 1 APPPATH\Controllers\api\CartController.php(332): CodeIgniter\Debug\Exceptions->errorHandler(2, 'Undefined property: stdClass::$product_variation_id', 'C:\\Users\\Admin\\Documents\\Planery-User-Api\\app\\Controllers\\api\\CartController.php', 332)
 2 SYSTEMPATH\CodeIgniter.php(933): App\Controllers\Api\CartController->addcartlocal()
 3 SYSTEMPATH\CodeIgniter.php(509): CodeIgniter\CodeIgniter->runController(Object(App\Controllers\Api\CartController))
 4 SYSTEMPATH\CodeIgniter.php(355): CodeIgniter\CodeIgniter->handleRequest(null, Object(Config\Cache), false)
 5 SYSTEMPATH\Boot.php(312): CodeIgniter\CodeIgniter->run()
 6 SYSTEMPATH\Boot.php(67): CodeIgniter\Boot::runCodeIgniter(Object(CodeIgniter\CodeIgniter))
 7 FCPATH\index.php(56): CodeIgniter\Boot::bootWeb(Object(Config\Paths))
 8 SYSTEMPATH\Commands\Server\rewrite.php(49): require_once('C:\\Users\\Admin\\Documents\\Planery-User-Api\\public\\index.php')
