CRITICAL - 2025-02-27 10:35:15 --> ErrorException: Undefined array key "tax_id"
[Method: GET, Route: api/getcart]
in APPPATH\Controllers\api\CartController.php on line 141.
 1 APPPATH\Controllers\api\CartController.php(141): CodeIgniter\Debug\Exceptions->errorHandler(2, 'Undefined array key "tax_id"', 'C:\\Users\\Admin\\Documents\\Planery-User-Api\\app\\Controllers\\api\\CartController.php', 141)
 2 APPPATH\Controllers\api\CartController.php(99): App\Controllers\Api\CartController->transformProducts([...], Object(App\Models\Customer\ProductsModel))
 3 SYSTEMPATH\CodeIgniter.php(933): App\Controllers\Api\CartController->index()
 4 SYSTEMPATH\CodeIgniter.php(509): CodeIgniter\CodeIgniter->runController(Object(App\Controllers\Api\CartController))
 5 SYSTEMPATH\CodeIgniter.php(355): CodeIgniter\CodeIgniter->handleRequest(null, Object(Config\Cache), false)
 6 SYSTEMPATH\Boot.php(312): CodeIgniter\CodeIgniter->run()
 7 SYSTEMPATH\Boot.php(67): CodeIgniter\Boot::runCodeIgniter(Object(CodeIgniter\CodeIgniter))
 8 FCPATH\index.php(56): CodeIgniter\Boot::bootWeb(Object(Config\Paths))
 9 SYSTEMPATH\Commands\Server\rewrite.php(49): require_once('C:\\Users\\Admin\\Documents\\Planery-User-Api\\public\\index.php')
CRITICAL - 2025-02-27 10:35:19 --> ErrorException: Undefined array key "tax_id"
[Method: GET, Route: api/getcart]
in APPPATH\Controllers\api\CartController.php on line 141.
 1 APPPATH\Controllers\api\CartController.php(141): CodeIgniter\Debug\Exceptions->errorHandler(2, 'Undefined array key "tax_id"', 'C:\\Users\\Admin\\Documents\\Planery-User-Api\\app\\Controllers\\api\\CartController.php', 141)
 2 APPPATH\Controllers\api\CartController.php(99): App\Controllers\Api\CartController->transformProducts([...], Object(App\Models\Customer\ProductsModel))
 3 SYSTEMPATH\CodeIgniter.php(933): App\Controllers\Api\CartController->index()
 4 SYSTEMPATH\CodeIgniter.php(509): CodeIgniter\CodeIgniter->runController(Object(App\Controllers\Api\CartController))
 5 SYSTEMPATH\CodeIgniter.php(355): CodeIgniter\CodeIgniter->handleRequest(null, Object(Config\Cache), false)
 6 SYSTEMPATH\Boot.php(312): CodeIgniter\CodeIgniter->run()
 7 SYSTEMPATH\Boot.php(67): CodeIgniter\Boot::runCodeIgniter(Object(CodeIgniter\CodeIgniter))
 8 FCPATH\index.php(56): CodeIgniter\Boot::bootWeb(Object(Config\Paths))
 9 SYSTEMPATH\Commands\Server\rewrite.php(49): require_once('C:\\Users\\Admin\\Documents\\Planery-User-Api\\public\\index.php')
CRITICAL - 2025-02-27 10:35:21 --> ErrorException: Undefined array key "tax_id"
[Method: GET, Route: api/getcart]
in APPPATH\Controllers\api\CartController.php on line 141.
 1 APPPATH\Controllers\api\CartController.php(141): CodeIgniter\Debug\Exceptions->errorHandler(2, 'Undefined array key "tax_id"', 'C:\\Users\\Admin\\Documents\\Planery-User-Api\\app\\Controllers\\api\\CartController.php', 141)
 2 APPPATH\Controllers\api\CartController.php(99): App\Controllers\Api\CartController->transformProducts([...], Object(App\Models\Customer\ProductsModel))
 3 SYSTEMPATH\CodeIgniter.php(933): App\Controllers\Api\CartController->index()
 4 SYSTEMPATH\CodeIgniter.php(509): CodeIgniter\CodeIgniter->runController(Object(App\Controllers\Api\CartController))
 5 SYSTEMPATH\CodeIgniter.php(355): CodeIgniter\CodeIgniter->handleRequest(null, Object(Config\Cache), false)
 6 SYSTEMPATH\Boot.php(312): CodeIgniter\CodeIgniter->run()
 7 SYSTEMPATH\Boot.php(67): CodeIgniter\Boot::runCodeIgniter(Object(CodeIgniter\CodeIgniter))
 8 FCPATH\index.php(56): CodeIgniter\Boot::bootWeb(Object(Config\Paths))
 9 SYSTEMPATH\Commands\Server\rewrite.php(49): require_once('C:\\Users\\Admin\\Documents\\Planery-User-Api\\public\\index.php')
CRITICAL - 2025-02-27 10:35:38 --> ErrorException: Undefined array key "tax_id"
[Method: GET, Route: api/getcart]
in APPPATH\Controllers\api\CartController.php on line 141.
 1 APPPATH\Controllers\api\CartController.php(141): CodeIgniter\Debug\Exceptions->errorHandler(2, 'Undefined array key "tax_id"', 'C:\\Users\\Admin\\Documents\\Planery-User-Api\\app\\Controllers\\api\\CartController.php', 141)
 2 APPPATH\Controllers\api\CartController.php(99): App\Controllers\Api\CartController->transformProducts([...], Object(App\Models\Customer\ProductsModel))
 3 SYSTEMPATH\CodeIgniter.php(933): App\Controllers\Api\CartController->index()
 4 SYSTEMPATH\CodeIgniter.php(509): CodeIgniter\CodeIgniter->runController(Object(App\Controllers\Api\CartController))
 5 SYSTEMPATH\CodeIgniter.php(355): CodeIgniter\CodeIgniter->handleRequest(null, Object(Config\Cache), false)
 6 SYSTEMPATH\Boot.php(312): CodeIgniter\CodeIgniter->run()
 7 SYSTEMPATH\Boot.php(67): CodeIgniter\Boot::runCodeIgniter(Object(CodeIgniter\CodeIgniter))
 8 FCPATH\index.php(56): CodeIgniter\Boot::bootWeb(Object(Config\Paths))
 9 SYSTEMPATH\Commands\Server\rewrite.php(49): require_once('C:\\Users\\Admin\\Documents\\Planery-User-Api\\public\\index.php')
