DEBUG - 2025-06-13 10:13:33 --> Selected Variations for Variation ID 3: [{"variation_type_id":"2","selected_value":"Blue"},{"variation_type_id":"3","selected_value":"2L"}]
DEBUG - 2025-06-13 10:13:33 --> Variation Details for Variation ID 3: [{"variation_id":"2","variation_type":"Colour","display_name":"Color","selected_value":"Blue"},{"variation_id":"3","variation_type":"Capacity","display_name":"Capacity","selected_value":"2L"}]
DEBUG - 2025-06-13 10:13:33 --> Variation Options for Product ID 4: [{"variation_type_id":"2","selected_value":"Blue"},{"variation_type_id":"3","selected_value":"2L"}]
DEBUG - 2025-06-13 10:13:33 --> Variation Type for ID 2: {"id":"2","variation_type":"Capacity","display_name":"Capacity"}
DEBUG - 2025-06-13 10:13:33 --> Variation Type for ID 3: {"id":"3","variation_type":"Colour","display_name":"Color"}
DEBUG - 2025-06-13 10:13:33 --> Variation Types for Product ID 4: {"2":{"variation_id":"2","variation_type":"Capacity","display_name":"Capacity","values":["Blue"]},"3":{"variation_id":"3","variation_type":"Colour","display_name":"Color","values":["2L"]}}
DEBUG - 2025-06-13 10:13:33 --> Selected Variations for Variation ID 4: [{"variation_type_id":"2","selected_value":"Red"},{"variation_type_id":"3","selected_value":"1l"},{"variation_type_id":"2","selected_value":"Red"},{"variation_type_id":"3","selected_value":"1l"}]
DEBUG - 2025-06-13 10:13:33 --> Variation Details for Variation ID 4: [{"variation_id":"2","variation_type":"Colour","display_name":"Color","selected_value":"Red"},{"variation_id":"3","variation_type":"Capacity","display_name":"Capacity","selected_value":"1l"},{"variation_id":"2","variation_type":"Colour","display_name":"Color","selected_value":"Red"},{"variation_id":"3","variation_type":"Capacity","display_name":"Capacity","selected_value":"1l"}]
DEBUG - 2025-06-13 10:13:33 --> Variation Options for Product ID 5: [{"variation_type_id":"2","selected_value":"Red"},{"variation_type_id":"3","selected_value":"1l"},{"variation_type_id":"2","selected_value":"Red"},{"variation_type_id":"3","selected_value":"1l"}]
DEBUG - 2025-06-13 10:13:33 --> Variation Type for ID 2: {"id":"2","variation_type":"Capacity","display_name":"Capacity"}
DEBUG - 2025-06-13 10:13:33 --> Variation Type for ID 3: {"id":"3","variation_type":"Colour","display_name":"Color"}
DEBUG - 2025-06-13 10:13:33 --> Variation Type for ID 2: {"id":"2","variation_type":"Capacity","display_name":"Capacity"}
DEBUG - 2025-06-13 10:13:33 --> Variation Type for ID 3: {"id":"3","variation_type":"Colour","display_name":"Color"}
DEBUG - 2025-06-13 10:13:33 --> Variation Types for Product ID 5: {"2":{"variation_id":"2","variation_type":"Capacity","display_name":"Capacity","values":["Red"]},"3":{"variation_id":"3","variation_type":"Colour","display_name":"Color","values":["1l"]}}
DEBUG - 2025-06-13 10:13:33 --> Selected Variations for Variation ID 5: [{"variation_type_id":"3","selected_value":"1l"},{"variation_type_id":"2","selected_value":"Red"}]
DEBUG - 2025-06-13 10:13:33 --> Variation Details for Variation ID 5: [{"variation_id":"3","variation_type":"Capacity","display_name":"Capacity","selected_value":"1l"},{"variation_id":"2","variation_type":"Colour","display_name":"Color","selected_value":"Red"}]
DEBUG - 2025-06-13 10:13:33 --> Selected Variations for Variation ID 6: [{"variation_type_id":"3","selected_value":"2L"}]
DEBUG - 2025-06-13 10:13:33 --> Variation Details for Variation ID 6: [{"variation_id":"3","variation_type":"Capacity","display_name":"Capacity","selected_value":"2L"}]
DEBUG - 2025-06-13 10:13:33 --> Variation Options for Product ID 6: [{"variation_type_id":"3","selected_value":"1l"},{"variation_type_id":"2","selected_value":"Red"},{"variation_type_id":"3","selected_value":"2L"}]
DEBUG - 2025-06-13 10:13:33 --> Variation Type for ID 3: {"id":"3","variation_type":"Colour","display_name":"Color"}
DEBUG - 2025-06-13 10:13:33 --> Variation Type for ID 2: {"id":"2","variation_type":"Capacity","display_name":"Capacity"}
DEBUG - 2025-06-13 10:13:33 --> Variation Type for ID 3: {"id":"3","variation_type":"Colour","display_name":"Color"}
DEBUG - 2025-06-13 10:13:33 --> Variation Types for Product ID 6: {"3":{"variation_id":"3","variation_type":"Colour","display_name":"Color","values":["1l","2L"]},"2":{"variation_id":"2","variation_type":"Capacity","display_name":"Capacity","values":["Red"]}}
DEBUG - 2025-06-13 10:13:33 --> Selected Variations for Variation ID 7: [{"variation_type_id":"2","selected_value":"Blue"},{"variation_type_id":"3","selected_value":"2L"}]
DEBUG - 2025-06-13 10:13:33 --> Variation Details for Variation ID 7: [{"variation_id":"2","variation_type":"Colour","display_name":"Color","selected_value":"Blue"},{"variation_id":"3","variation_type":"Capacity","display_name":"Capacity","selected_value":"2L"}]
DEBUG - 2025-06-13 10:13:33 --> Selected Variations for Variation ID 9: [{"variation_type_id":"3","selected_value":"1l"},{"variation_type_id":"2","selected_value":"Blue"}]
DEBUG - 2025-06-13 10:13:33 --> Variation Details for Variation ID 9: [{"variation_id":"3","variation_type":"Capacity","display_name":"Capacity","selected_value":"1l"},{"variation_id":"2","variation_type":"Colour","display_name":"Color","selected_value":"Blue"}]
DEBUG - 2025-06-13 10:13:33 --> Variation Options for Product ID 7: [{"variation_type_id":"2","selected_value":"Blue"},{"variation_type_id":"3","selected_value":"2L"},{"variation_type_id":"2","selected_value":"Red"},{"variation_type_id":"3","selected_value":"1l"},{"variation_type_id":"3","selected_value":"1l"},{"variation_type_id":"2","selected_value":"Blue"}]
DEBUG - 2025-06-13 10:13:33 --> Variation Type for ID 2: {"id":"2","variation_type":"Capacity","display_name":"Capacity"}
DEBUG - 2025-06-13 10:13:33 --> Variation Type for ID 3: {"id":"3","variation_type":"Colour","display_name":"Color"}
DEBUG - 2025-06-13 10:13:33 --> Variation Type for ID 2: {"id":"2","variation_type":"Capacity","display_name":"Capacity"}
DEBUG - 2025-06-13 10:13:33 --> Variation Type for ID 3: {"id":"3","variation_type":"Colour","display_name":"Color"}
DEBUG - 2025-06-13 10:13:33 --> Variation Type for ID 3: {"id":"3","variation_type":"Colour","display_name":"Color"}
DEBUG - 2025-06-13 10:13:33 --> Variation Type for ID 2: {"id":"2","variation_type":"Capacity","display_name":"Capacity"}
DEBUG - 2025-06-13 10:13:33 --> Variation Types for Product ID 7: {"2":{"variation_id":"2","variation_type":"Capacity","display_name":"Capacity","values":["Blue","Red"]},"3":{"variation_id":"3","variation_type":"Colour","display_name":"Color","values":["2L","1l"]}}
DEBUG - 2025-06-13 10:13:39 --> Selected Variations for Variation ID 3: [{"variation_type_id":"2","selected_value":"Blue"},{"variation_type_id":"3","selected_value":"2L"}]
DEBUG - 2025-06-13 10:13:39 --> Variation Details for Variation ID 3: [{"variation_id":"2","variation_type":"Colour","display_name":"Color","selected_value":"Blue"},{"variation_id":"3","variation_type":"Capacity","display_name":"Capacity","selected_value":"2L"}]
DEBUG - 2025-06-13 10:13:39 --> Variation Options for Product ID 4: [{"variation_type_id":"2","selected_value":"Blue"},{"variation_type_id":"3","selected_value":"2L"}]
DEBUG - 2025-06-13 10:13:39 --> Variation Type for ID 2: {"id":"2","variation_type":"Capacity","display_name":"Capacity"}
DEBUG - 2025-06-13 10:13:39 --> Variation Type for ID 3: {"id":"3","variation_type":"Colour","display_name":"Color"}
DEBUG - 2025-06-13 10:13:39 --> Variation Types for Product ID 4: {"2":{"variation_id":"2","variation_type":"Capacity","display_name":"Capacity","values":["Blue"]},"3":{"variation_id":"3","variation_type":"Colour","display_name":"Color","values":["2L"]}}
DEBUG - 2025-06-13 10:13:39 --> Selected Variations for Variation ID 4: [{"variation_type_id":"2","selected_value":"Red"},{"variation_type_id":"3","selected_value":"1l"},{"variation_type_id":"2","selected_value":"Red"},{"variation_type_id":"3","selected_value":"1l"}]
DEBUG - 2025-06-13 10:13:39 --> Variation Details for Variation ID 4: [{"variation_id":"2","variation_type":"Colour","display_name":"Color","selected_value":"Red"},{"variation_id":"3","variation_type":"Capacity","display_name":"Capacity","selected_value":"1l"},{"variation_id":"2","variation_type":"Colour","display_name":"Color","selected_value":"Red"},{"variation_id":"3","variation_type":"Capacity","display_name":"Capacity","selected_value":"1l"}]
DEBUG - 2025-06-13 10:13:39 --> Variation Options for Product ID 5: [{"variation_type_id":"2","selected_value":"Red"},{"variation_type_id":"3","selected_value":"1l"},{"variation_type_id":"2","selected_value":"Red"},{"variation_type_id":"3","selected_value":"1l"}]
DEBUG - 2025-06-13 10:13:39 --> Variation Type for ID 2: {"id":"2","variation_type":"Capacity","display_name":"Capacity"}
DEBUG - 2025-06-13 10:13:39 --> Variation Type for ID 3: {"id":"3","variation_type":"Colour","display_name":"Color"}
DEBUG - 2025-06-13 10:13:39 --> Variation Type for ID 2: {"id":"2","variation_type":"Capacity","display_name":"Capacity"}
DEBUG - 2025-06-13 10:13:39 --> Variation Type for ID 3: {"id":"3","variation_type":"Colour","display_name":"Color"}
DEBUG - 2025-06-13 10:13:39 --> Variation Types for Product ID 5: {"2":{"variation_id":"2","variation_type":"Capacity","display_name":"Capacity","values":["Red"]},"3":{"variation_id":"3","variation_type":"Colour","display_name":"Color","values":["1l"]}}
DEBUG - 2025-06-13 10:13:39 --> Selected Variations for Variation ID 5: [{"variation_type_id":"3","selected_value":"1l"},{"variation_type_id":"2","selected_value":"Red"}]
DEBUG - 2025-06-13 10:13:39 --> Variation Details for Variation ID 5: [{"variation_id":"3","variation_type":"Capacity","display_name":"Capacity","selected_value":"1l"},{"variation_id":"2","variation_type":"Colour","display_name":"Color","selected_value":"Red"}]
DEBUG - 2025-06-13 10:13:39 --> Selected Variations for Variation ID 6: [{"variation_type_id":"3","selected_value":"2L"}]
DEBUG - 2025-06-13 10:13:39 --> Variation Details for Variation ID 6: [{"variation_id":"3","variation_type":"Capacity","display_name":"Capacity","selected_value":"2L"}]
DEBUG - 2025-06-13 10:13:39 --> Variation Options for Product ID 6: [{"variation_type_id":"3","selected_value":"1l"},{"variation_type_id":"2","selected_value":"Red"},{"variation_type_id":"3","selected_value":"2L"}]
DEBUG - 2025-06-13 10:13:39 --> Variation Type for ID 3: {"id":"3","variation_type":"Colour","display_name":"Color"}
DEBUG - 2025-06-13 10:13:39 --> Variation Type for ID 2: {"id":"2","variation_type":"Capacity","display_name":"Capacity"}
DEBUG - 2025-06-13 10:13:39 --> Variation Type for ID 3: {"id":"3","variation_type":"Colour","display_name":"Color"}
DEBUG - 2025-06-13 10:13:39 --> Variation Types for Product ID 6: {"3":{"variation_id":"3","variation_type":"Colour","display_name":"Color","values":["1l","2L"]},"2":{"variation_id":"2","variation_type":"Capacity","display_name":"Capacity","values":["Red"]}}
DEBUG - 2025-06-13 10:13:39 --> Selected Variations for Variation ID 7: [{"variation_type_id":"2","selected_value":"Blue"},{"variation_type_id":"3","selected_value":"2L"}]
DEBUG - 2025-06-13 10:13:39 --> Variation Details for Variation ID 7: [{"variation_id":"2","variation_type":"Colour","display_name":"Color","selected_value":"Blue"},{"variation_id":"3","variation_type":"Capacity","display_name":"Capacity","selected_value":"2L"}]
DEBUG - 2025-06-13 10:13:39 --> Selected Variations for Variation ID 9: [{"variation_type_id":"3","selected_value":"1l"},{"variation_type_id":"2","selected_value":"Blue"}]
DEBUG - 2025-06-13 10:13:39 --> Variation Details for Variation ID 9: [{"variation_id":"3","variation_type":"Capacity","display_name":"Capacity","selected_value":"1l"},{"variation_id":"2","variation_type":"Colour","display_name":"Color","selected_value":"Blue"}]
DEBUG - 2025-06-13 10:13:39 --> Variation Options for Product ID 7: [{"variation_type_id":"2","selected_value":"Blue"},{"variation_type_id":"3","selected_value":"2L"},{"variation_type_id":"2","selected_value":"Red"},{"variation_type_id":"3","selected_value":"1l"},{"variation_type_id":"3","selected_value":"1l"},{"variation_type_id":"2","selected_value":"Blue"}]
DEBUG - 2025-06-13 10:13:39 --> Variation Type for ID 2: {"id":"2","variation_type":"Capacity","display_name":"Capacity"}
DEBUG - 2025-06-13 10:13:39 --> Variation Type for ID 3: {"id":"3","variation_type":"Colour","display_name":"Color"}
DEBUG - 2025-06-13 10:13:39 --> Variation Type for ID 2: {"id":"2","variation_type":"Capacity","display_name":"Capacity"}
DEBUG - 2025-06-13 10:13:39 --> Variation Type for ID 3: {"id":"3","variation_type":"Colour","display_name":"Color"}
DEBUG - 2025-06-13 10:13:39 --> Variation Type for ID 3: {"id":"3","variation_type":"Colour","display_name":"Color"}
DEBUG - 2025-06-13 10:13:39 --> Variation Type for ID 2: {"id":"2","variation_type":"Capacity","display_name":"Capacity"}
DEBUG - 2025-06-13 10:13:39 --> Variation Types for Product ID 7: {"2":{"variation_id":"2","variation_type":"Capacity","display_name":"Capacity","values":["Blue","Red"]},"3":{"variation_id":"3","variation_type":"Colour","display_name":"Color","values":["2L","1l"]}}
DEBUG - 2025-06-13 10:13:41 --> Selected Variations for Variation ID 3: [{"variation_type_id":"2","selected_value":"Blue"},{"variation_type_id":"3","selected_value":"2L"}]
DEBUG - 2025-06-13 10:13:41 --> Variation Details for Variation ID 3: [{"variation_id":"2","variation_type":"Colour","display_name":"Color","selected_value":"Blue"},{"variation_id":"3","variation_type":"Capacity","display_name":"Capacity","selected_value":"2L"}]
DEBUG - 2025-06-13 10:13:41 --> Variation Options for Product ID 4: [{"variation_type_id":"2","selected_value":"Blue"},{"variation_type_id":"3","selected_value":"2L"}]
DEBUG - 2025-06-13 10:13:41 --> Variation Type for ID 2: {"id":"2","variation_type":"Capacity","display_name":"Capacity"}
DEBUG - 2025-06-13 10:13:41 --> Variation Type for ID 3: {"id":"3","variation_type":"Colour","display_name":"Color"}
DEBUG - 2025-06-13 10:13:41 --> Variation Types for Product ID 4: {"2":{"variation_id":"2","variation_type":"Capacity","display_name":"Capacity","values":["Blue"]},"3":{"variation_id":"3","variation_type":"Colour","display_name":"Color","values":["2L"]}}
DEBUG - 2025-06-13 10:13:41 --> Selected Variations for Variation ID 4: [{"variation_type_id":"2","selected_value":"Red"},{"variation_type_id":"3","selected_value":"1l"},{"variation_type_id":"2","selected_value":"Red"},{"variation_type_id":"3","selected_value":"1l"}]
DEBUG - 2025-06-13 10:13:41 --> Variation Details for Variation ID 4: [{"variation_id":"2","variation_type":"Colour","display_name":"Color","selected_value":"Red"},{"variation_id":"3","variation_type":"Capacity","display_name":"Capacity","selected_value":"1l"},{"variation_id":"2","variation_type":"Colour","display_name":"Color","selected_value":"Red"},{"variation_id":"3","variation_type":"Capacity","display_name":"Capacity","selected_value":"1l"}]
DEBUG - 2025-06-13 10:13:41 --> Variation Options for Product ID 5: [{"variation_type_id":"2","selected_value":"Red"},{"variation_type_id":"3","selected_value":"1l"},{"variation_type_id":"2","selected_value":"Red"},{"variation_type_id":"3","selected_value":"1l"}]
DEBUG - 2025-06-13 10:13:41 --> Variation Type for ID 2: {"id":"2","variation_type":"Capacity","display_name":"Capacity"}
DEBUG - 2025-06-13 10:13:42 --> Variation Type for ID 3: {"id":"3","variation_type":"Colour","display_name":"Color"}
DEBUG - 2025-06-13 10:13:42 --> Variation Type for ID 2: {"id":"2","variation_type":"Capacity","display_name":"Capacity"}
DEBUG - 2025-06-13 10:13:42 --> Variation Type for ID 3: {"id":"3","variation_type":"Colour","display_name":"Color"}
DEBUG - 2025-06-13 10:13:42 --> Variation Types for Product ID 5: {"2":{"variation_id":"2","variation_type":"Capacity","display_name":"Capacity","values":["Red"]},"3":{"variation_id":"3","variation_type":"Colour","display_name":"Color","values":["1l"]}}
DEBUG - 2025-06-13 10:13:42 --> Selected Variations for Variation ID 5: [{"variation_type_id":"3","selected_value":"1l"},{"variation_type_id":"2","selected_value":"Red"}]
DEBUG - 2025-06-13 10:13:42 --> Variation Details for Variation ID 5: [{"variation_id":"3","variation_type":"Capacity","display_name":"Capacity","selected_value":"1l"},{"variation_id":"2","variation_type":"Colour","display_name":"Color","selected_value":"Red"}]
DEBUG - 2025-06-13 10:13:42 --> Selected Variations for Variation ID 6: [{"variation_type_id":"3","selected_value":"2L"}]
DEBUG - 2025-06-13 10:13:42 --> Variation Details for Variation ID 6: [{"variation_id":"3","variation_type":"Capacity","display_name":"Capacity","selected_value":"2L"}]
DEBUG - 2025-06-13 10:13:42 --> Variation Options for Product ID 6: [{"variation_type_id":"3","selected_value":"1l"},{"variation_type_id":"2","selected_value":"Red"},{"variation_type_id":"3","selected_value":"2L"}]
DEBUG - 2025-06-13 10:13:42 --> Variation Type for ID 3: {"id":"3","variation_type":"Colour","display_name":"Color"}
DEBUG - 2025-06-13 10:13:42 --> Variation Type for ID 2: {"id":"2","variation_type":"Capacity","display_name":"Capacity"}
DEBUG - 2025-06-13 10:13:42 --> Variation Type for ID 3: {"id":"3","variation_type":"Colour","display_name":"Color"}
DEBUG - 2025-06-13 10:13:42 --> Variation Types for Product ID 6: {"3":{"variation_id":"3","variation_type":"Colour","display_name":"Color","values":["1l","2L"]},"2":{"variation_id":"2","variation_type":"Capacity","display_name":"Capacity","values":["Red"]}}
DEBUG - 2025-06-13 10:13:42 --> Selected Variations for Variation ID 7: [{"variation_type_id":"2","selected_value":"Blue"},{"variation_type_id":"3","selected_value":"2L"}]
DEBUG - 2025-06-13 10:13:42 --> Variation Details for Variation ID 7: [{"variation_id":"2","variation_type":"Colour","display_name":"Color","selected_value":"Blue"},{"variation_id":"3","variation_type":"Capacity","display_name":"Capacity","selected_value":"2L"}]
DEBUG - 2025-06-13 10:13:42 --> Selected Variations for Variation ID 9: [{"variation_type_id":"3","selected_value":"1l"},{"variation_type_id":"2","selected_value":"Blue"}]
DEBUG - 2025-06-13 10:13:42 --> Variation Details for Variation ID 9: [{"variation_id":"3","variation_type":"Capacity","display_name":"Capacity","selected_value":"1l"},{"variation_id":"2","variation_type":"Colour","display_name":"Color","selected_value":"Blue"}]
DEBUG - 2025-06-13 10:13:42 --> Variation Options for Product ID 7: [{"variation_type_id":"2","selected_value":"Blue"},{"variation_type_id":"3","selected_value":"2L"},{"variation_type_id":"2","selected_value":"Red"},{"variation_type_id":"3","selected_value":"1l"},{"variation_type_id":"3","selected_value":"1l"},{"variation_type_id":"2","selected_value":"Blue"}]
DEBUG - 2025-06-13 10:13:42 --> Variation Type for ID 2: {"id":"2","variation_type":"Capacity","display_name":"Capacity"}
DEBUG - 2025-06-13 10:13:42 --> Variation Type for ID 3: {"id":"3","variation_type":"Colour","display_name":"Color"}
DEBUG - 2025-06-13 10:13:42 --> Variation Type for ID 2: {"id":"2","variation_type":"Capacity","display_name":"Capacity"}
DEBUG - 2025-06-13 10:13:42 --> Variation Type for ID 3: {"id":"3","variation_type":"Colour","display_name":"Color"}
DEBUG - 2025-06-13 10:13:42 --> Variation Type for ID 3: {"id":"3","variation_type":"Colour","display_name":"Color"}
DEBUG - 2025-06-13 10:13:42 --> Variation Type for ID 2: {"id":"2","variation_type":"Capacity","display_name":"Capacity"}
DEBUG - 2025-06-13 10:13:42 --> Variation Types for Product ID 7: {"2":{"variation_id":"2","variation_type":"Capacity","display_name":"Capacity","values":["Blue","Red"]},"3":{"variation_id":"3","variation_type":"Colour","display_name":"Color","values":["2L","1l"]}}
DEBUG - 2025-06-13 10:14:58 --> Selected Variations for Variation ID 3: [{"variation_type_id":"2","selected_value":"Blue"},{"variation_type_id":"3","selected_value":"2L"}]
DEBUG - 2025-06-13 10:14:58 --> Variation Details for Variation ID 3: [{"variation_id":"2","variation_type":"Colour","display_name":"Color","selected_value":"Blue"},{"variation_id":"3","variation_type":"Capacity","display_name":"Capacity","selected_value":"2L"}]
DEBUG - 2025-06-13 10:14:58 --> Variation Options for Product ID 4: [{"variation_type_id":"2","selected_value":"Blue"},{"variation_type_id":"3","selected_value":"2L"}]
DEBUG - 2025-06-13 10:14:58 --> Variation Type for ID 2: {"id":"2","variation_type":"Capacity","display_name":"Capacity"}
DEBUG - 2025-06-13 10:14:58 --> Variation Type for ID 3: {"id":"3","variation_type":"Colour","display_name":"Color"}
DEBUG - 2025-06-13 10:14:58 --> Variation Types for Product ID 4: {"2":{"variation_id":"2","variation_type":"Capacity","display_name":"Capacity","values":["Blue"]},"3":{"variation_id":"3","variation_type":"Colour","display_name":"Color","values":["2L"]}}
DEBUG - 2025-06-13 10:14:58 --> Selected Variations for Variation ID 4: [{"variation_type_id":"2","selected_value":"Red"},{"variation_type_id":"3","selected_value":"1l"},{"variation_type_id":"2","selected_value":"Red"},{"variation_type_id":"3","selected_value":"1l"}]
DEBUG - 2025-06-13 10:14:58 --> Variation Details for Variation ID 4: [{"variation_id":"2","variation_type":"Colour","display_name":"Color","selected_value":"Red"},{"variation_id":"3","variation_type":"Capacity","display_name":"Capacity","selected_value":"1l"},{"variation_id":"2","variation_type":"Colour","display_name":"Color","selected_value":"Red"},{"variation_id":"3","variation_type":"Capacity","display_name":"Capacity","selected_value":"1l"}]
DEBUG - 2025-06-13 10:14:58 --> Variation Options for Product ID 5: [{"variation_type_id":"2","selected_value":"Red"},{"variation_type_id":"3","selected_value":"1l"},{"variation_type_id":"2","selected_value":"Red"},{"variation_type_id":"3","selected_value":"1l"}]
DEBUG - 2025-06-13 10:14:58 --> Variation Type for ID 2: {"id":"2","variation_type":"Capacity","display_name":"Capacity"}
DEBUG - 2025-06-13 10:14:58 --> Variation Type for ID 3: {"id":"3","variation_type":"Colour","display_name":"Color"}
DEBUG - 2025-06-13 10:14:58 --> Variation Type for ID 2: {"id":"2","variation_type":"Capacity","display_name":"Capacity"}
DEBUG - 2025-06-13 10:14:58 --> Variation Type for ID 3: {"id":"3","variation_type":"Colour","display_name":"Color"}
DEBUG - 2025-06-13 10:14:58 --> Variation Types for Product ID 5: {"2":{"variation_id":"2","variation_type":"Capacity","display_name":"Capacity","values":["Red"]},"3":{"variation_id":"3","variation_type":"Colour","display_name":"Color","values":["1l"]}}
DEBUG - 2025-06-13 10:14:58 --> Selected Variations for Variation ID 5: [{"variation_type_id":"3","selected_value":"1l"},{"variation_type_id":"2","selected_value":"Red"}]
DEBUG - 2025-06-13 10:14:58 --> Variation Details for Variation ID 5: [{"variation_id":"3","variation_type":"Capacity","display_name":"Capacity","selected_value":"1l"},{"variation_id":"2","variation_type":"Colour","display_name":"Color","selected_value":"Red"}]
DEBUG - 2025-06-13 10:14:58 --> Selected Variations for Variation ID 6: [{"variation_type_id":"3","selected_value":"2L"}]
DEBUG - 2025-06-13 10:14:58 --> Variation Details for Variation ID 6: [{"variation_id":"3","variation_type":"Capacity","display_name":"Capacity","selected_value":"2L"}]
DEBUG - 2025-06-13 10:14:58 --> Variation Options for Product ID 6: [{"variation_type_id":"3","selected_value":"1l"},{"variation_type_id":"2","selected_value":"Red"},{"variation_type_id":"3","selected_value":"2L"}]
DEBUG - 2025-06-13 10:14:58 --> Variation Type for ID 3: {"id":"3","variation_type":"Colour","display_name":"Color"}
DEBUG - 2025-06-13 10:14:58 --> Variation Type for ID 2: {"id":"2","variation_type":"Capacity","display_name":"Capacity"}
DEBUG - 2025-06-13 10:14:58 --> Variation Type for ID 3: {"id":"3","variation_type":"Colour","display_name":"Color"}
DEBUG - 2025-06-13 10:14:58 --> Variation Types for Product ID 6: {"3":{"variation_id":"3","variation_type":"Colour","display_name":"Color","values":["1l","2L"]},"2":{"variation_id":"2","variation_type":"Capacity","display_name":"Capacity","values":["Red"]}}
DEBUG - 2025-06-13 10:14:58 --> Selected Variations for Variation ID 7: [{"variation_type_id":"2","selected_value":"Blue"},{"variation_type_id":"3","selected_value":"2L"}]
DEBUG - 2025-06-13 10:14:58 --> Variation Details for Variation ID 7: [{"variation_id":"2","variation_type":"Colour","display_name":"Color","selected_value":"Blue"},{"variation_id":"3","variation_type":"Capacity","display_name":"Capacity","selected_value":"2L"}]
DEBUG - 2025-06-13 10:14:58 --> Selected Variations for Variation ID 9: [{"variation_type_id":"3","selected_value":"1l"},{"variation_type_id":"2","selected_value":"Blue"}]
DEBUG - 2025-06-13 10:14:58 --> Variation Details for Variation ID 9: [{"variation_id":"3","variation_type":"Capacity","display_name":"Capacity","selected_value":"1l"},{"variation_id":"2","variation_type":"Colour","display_name":"Color","selected_value":"Blue"}]
DEBUG - 2025-06-13 10:14:58 --> Variation Options for Product ID 7: [{"variation_type_id":"2","selected_value":"Blue"},{"variation_type_id":"3","selected_value":"2L"},{"variation_type_id":"2","selected_value":"Red"},{"variation_type_id":"3","selected_value":"1l"},{"variation_type_id":"3","selected_value":"1l"},{"variation_type_id":"2","selected_value":"Blue"}]
DEBUG - 2025-06-13 10:14:58 --> Variation Type for ID 2: {"id":"2","variation_type":"Capacity","display_name":"Capacity"}
DEBUG - 2025-06-13 10:14:58 --> Variation Type for ID 3: {"id":"3","variation_type":"Colour","display_name":"Color"}
DEBUG - 2025-06-13 10:14:58 --> Variation Type for ID 2: {"id":"2","variation_type":"Capacity","display_name":"Capacity"}
DEBUG - 2025-06-13 10:14:58 --> Variation Type for ID 3: {"id":"3","variation_type":"Colour","display_name":"Color"}
DEBUG - 2025-06-13 10:14:58 --> Variation Type for ID 3: {"id":"3","variation_type":"Colour","display_name":"Color"}
DEBUG - 2025-06-13 10:14:58 --> Variation Type for ID 2: {"id":"2","variation_type":"Capacity","display_name":"Capacity"}
DEBUG - 2025-06-13 10:14:58 --> Variation Types for Product ID 7: {"2":{"variation_id":"2","variation_type":"Capacity","display_name":"Capacity","values":["Blue","Red"]},"3":{"variation_id":"3","variation_type":"Colour","display_name":"Color","values":["2L","1l"]}}
DEBUG - 2025-06-13 10:14:59 --> Selected Variations for Variation ID 3: [{"variation_type_id":"2","selected_value":"Blue"},{"variation_type_id":"3","selected_value":"2L"}]
DEBUG - 2025-06-13 10:14:59 --> Variation Details for Variation ID 3: [{"variation_id":"2","variation_type":"Colour","display_name":"Color","selected_value":"Blue"},{"variation_id":"3","variation_type":"Capacity","display_name":"Capacity","selected_value":"2L"}]
DEBUG - 2025-06-13 10:14:59 --> Variation Options for Product ID 4: [{"variation_type_id":"2","selected_value":"Blue"},{"variation_type_id":"3","selected_value":"2L"}]
DEBUG - 2025-06-13 10:14:59 --> Variation Type for ID 2: {"id":"2","variation_type":"Capacity","display_name":"Capacity"}
DEBUG - 2025-06-13 10:14:59 --> Variation Type for ID 3: {"id":"3","variation_type":"Colour","display_name":"Color"}
DEBUG - 2025-06-13 10:14:59 --> Variation Types for Product ID 4: {"2":{"variation_id":"2","variation_type":"Capacity","display_name":"Capacity","values":["Blue"]},"3":{"variation_id":"3","variation_type":"Colour","display_name":"Color","values":["2L"]}}
DEBUG - 2025-06-13 10:14:59 --> Selected Variations for Variation ID 4: [{"variation_type_id":"2","selected_value":"Red"},{"variation_type_id":"3","selected_value":"1l"},{"variation_type_id":"2","selected_value":"Red"},{"variation_type_id":"3","selected_value":"1l"}]
DEBUG - 2025-06-13 10:14:59 --> Variation Details for Variation ID 4: [{"variation_id":"2","variation_type":"Colour","display_name":"Color","selected_value":"Red"},{"variation_id":"3","variation_type":"Capacity","display_name":"Capacity","selected_value":"1l"},{"variation_id":"2","variation_type":"Colour","display_name":"Color","selected_value":"Red"},{"variation_id":"3","variation_type":"Capacity","display_name":"Capacity","selected_value":"1l"}]
DEBUG - 2025-06-13 10:14:59 --> Variation Options for Product ID 5: [{"variation_type_id":"2","selected_value":"Red"},{"variation_type_id":"3","selected_value":"1l"},{"variation_type_id":"2","selected_value":"Red"},{"variation_type_id":"3","selected_value":"1l"}]
DEBUG - 2025-06-13 10:14:59 --> Variation Type for ID 2: {"id":"2","variation_type":"Capacity","display_name":"Capacity"}
DEBUG - 2025-06-13 10:14:59 --> Variation Type for ID 3: {"id":"3","variation_type":"Colour","display_name":"Color"}
DEBUG - 2025-06-13 10:14:59 --> Variation Type for ID 2: {"id":"2","variation_type":"Capacity","display_name":"Capacity"}
DEBUG - 2025-06-13 10:14:59 --> Variation Type for ID 3: {"id":"3","variation_type":"Colour","display_name":"Color"}
DEBUG - 2025-06-13 10:14:59 --> Variation Types for Product ID 5: {"2":{"variation_id":"2","variation_type":"Capacity","display_name":"Capacity","values":["Red"]},"3":{"variation_id":"3","variation_type":"Colour","display_name":"Color","values":["1l"]}}
DEBUG - 2025-06-13 10:14:59 --> Selected Variations for Variation ID 5: [{"variation_type_id":"3","selected_value":"1l"},{"variation_type_id":"2","selected_value":"Red"}]
DEBUG - 2025-06-13 10:14:59 --> Variation Details for Variation ID 5: [{"variation_id":"3","variation_type":"Capacity","display_name":"Capacity","selected_value":"1l"},{"variation_id":"2","variation_type":"Colour","display_name":"Color","selected_value":"Red"}]
DEBUG - 2025-06-13 10:14:59 --> Selected Variations for Variation ID 6: [{"variation_type_id":"3","selected_value":"2L"}]
DEBUG - 2025-06-13 10:14:59 --> Variation Details for Variation ID 6: [{"variation_id":"3","variation_type":"Capacity","display_name":"Capacity","selected_value":"2L"}]
DEBUG - 2025-06-13 10:14:59 --> Variation Options for Product ID 6: [{"variation_type_id":"3","selected_value":"1l"},{"variation_type_id":"2","selected_value":"Red"},{"variation_type_id":"3","selected_value":"2L"}]
DEBUG - 2025-06-13 10:14:59 --> Variation Type for ID 3: {"id":"3","variation_type":"Colour","display_name":"Color"}
DEBUG - 2025-06-13 10:14:59 --> Variation Type for ID 2: {"id":"2","variation_type":"Capacity","display_name":"Capacity"}
DEBUG - 2025-06-13 10:14:59 --> Variation Type for ID 3: {"id":"3","variation_type":"Colour","display_name":"Color"}
DEBUG - 2025-06-13 10:14:59 --> Variation Types for Product ID 6: {"3":{"variation_id":"3","variation_type":"Colour","display_name":"Color","values":["1l","2L"]},"2":{"variation_id":"2","variation_type":"Capacity","display_name":"Capacity","values":["Red"]}}
DEBUG - 2025-06-13 10:14:59 --> Selected Variations for Variation ID 7: [{"variation_type_id":"2","selected_value":"Blue"},{"variation_type_id":"3","selected_value":"2L"}]
DEBUG - 2025-06-13 10:14:59 --> Variation Details for Variation ID 7: [{"variation_id":"2","variation_type":"Colour","display_name":"Color","selected_value":"Blue"},{"variation_id":"3","variation_type":"Capacity","display_name":"Capacity","selected_value":"2L"}]
DEBUG - 2025-06-13 10:14:59 --> Selected Variations for Variation ID 9: [{"variation_type_id":"3","selected_value":"1l"},{"variation_type_id":"2","selected_value":"Blue"}]
DEBUG - 2025-06-13 10:14:59 --> Variation Details for Variation ID 9: [{"variation_id":"3","variation_type":"Capacity","display_name":"Capacity","selected_value":"1l"},{"variation_id":"2","variation_type":"Colour","display_name":"Color","selected_value":"Blue"}]
DEBUG - 2025-06-13 10:14:59 --> Variation Options for Product ID 7: [{"variation_type_id":"2","selected_value":"Blue"},{"variation_type_id":"3","selected_value":"2L"},{"variation_type_id":"2","selected_value":"Red"},{"variation_type_id":"3","selected_value":"1l"},{"variation_type_id":"3","selected_value":"1l"},{"variation_type_id":"2","selected_value":"Blue"}]
DEBUG - 2025-06-13 10:14:59 --> Variation Type for ID 2: {"id":"2","variation_type":"Capacity","display_name":"Capacity"}
DEBUG - 2025-06-13 10:14:59 --> Variation Type for ID 3: {"id":"3","variation_type":"Colour","display_name":"Color"}
DEBUG - 2025-06-13 10:14:59 --> Variation Type for ID 2: {"id":"2","variation_type":"Capacity","display_name":"Capacity"}
DEBUG - 2025-06-13 10:14:59 --> Variation Type for ID 3: {"id":"3","variation_type":"Colour","display_name":"Color"}
DEBUG - 2025-06-13 10:14:59 --> Variation Type for ID 3: {"id":"3","variation_type":"Colour","display_name":"Color"}
DEBUG - 2025-06-13 10:14:59 --> Variation Type for ID 2: {"id":"2","variation_type":"Capacity","display_name":"Capacity"}
DEBUG - 2025-06-13 10:14:59 --> Variation Types for Product ID 7: {"2":{"variation_id":"2","variation_type":"Capacity","display_name":"Capacity","values":["Blue","Red"]},"3":{"variation_id":"3","variation_type":"Colour","display_name":"Color","values":["2L","1l"]}}
DEBUG - 2025-06-13 10:15:06 --> Selected Variations for Variation ID 3: [{"variation_type_id":"2","selected_value":"Blue"},{"variation_type_id":"3","selected_value":"2L"}]
DEBUG - 2025-06-13 10:15:06 --> Variation Details for Variation ID 3: [{"variation_id":"2","variation_type":"Colour","display_name":"Color","selected_value":"Blue"},{"variation_id":"3","variation_type":"Capacity","display_name":"Capacity","selected_value":"2L"}]
DEBUG - 2025-06-13 10:15:06 --> Variation Options for Product ID 4: [{"variation_type_id":"2","selected_value":"Blue"},{"variation_type_id":"3","selected_value":"2L"}]
DEBUG - 2025-06-13 10:15:06 --> Variation Type for ID 2: {"id":"2","variation_type":"Capacity","display_name":"Capacity"}
DEBUG - 2025-06-13 10:15:06 --> Variation Type for ID 3: {"id":"3","variation_type":"Colour","display_name":"Color"}
DEBUG - 2025-06-13 10:15:06 --> Variation Types for Product ID 4: {"2":{"variation_id":"2","variation_type":"Capacity","display_name":"Capacity","values":["Blue"]},"3":{"variation_id":"3","variation_type":"Colour","display_name":"Color","values":["2L"]}}
DEBUG - 2025-06-13 10:15:06 --> Selected Variations for Variation ID 4: [{"variation_type_id":"2","selected_value":"Red"},{"variation_type_id":"3","selected_value":"1l"},{"variation_type_id":"2","selected_value":"Red"},{"variation_type_id":"3","selected_value":"1l"}]
DEBUG - 2025-06-13 10:15:06 --> Variation Details for Variation ID 4: [{"variation_id":"2","variation_type":"Colour","display_name":"Color","selected_value":"Red"},{"variation_id":"3","variation_type":"Capacity","display_name":"Capacity","selected_value":"1l"},{"variation_id":"2","variation_type":"Colour","display_name":"Color","selected_value":"Red"},{"variation_id":"3","variation_type":"Capacity","display_name":"Capacity","selected_value":"1l"}]
DEBUG - 2025-06-13 10:15:06 --> Variation Options for Product ID 5: [{"variation_type_id":"2","selected_value":"Red"},{"variation_type_id":"3","selected_value":"1l"},{"variation_type_id":"2","selected_value":"Red"},{"variation_type_id":"3","selected_value":"1l"}]
DEBUG - 2025-06-13 10:15:06 --> Variation Type for ID 2: {"id":"2","variation_type":"Capacity","display_name":"Capacity"}
DEBUG - 2025-06-13 10:15:06 --> Variation Type for ID 3: {"id":"3","variation_type":"Colour","display_name":"Color"}
DEBUG - 2025-06-13 10:15:06 --> Variation Type for ID 2: {"id":"2","variation_type":"Capacity","display_name":"Capacity"}
DEBUG - 2025-06-13 10:15:06 --> Variation Type for ID 3: {"id":"3","variation_type":"Colour","display_name":"Color"}
DEBUG - 2025-06-13 10:15:06 --> Variation Types for Product ID 5: {"2":{"variation_id":"2","variation_type":"Capacity","display_name":"Capacity","values":["Red"]},"3":{"variation_id":"3","variation_type":"Colour","display_name":"Color","values":["1l"]}}
DEBUG - 2025-06-13 10:15:06 --> Selected Variations for Variation ID 5: [{"variation_type_id":"3","selected_value":"1l"},{"variation_type_id":"2","selected_value":"Red"}]
DEBUG - 2025-06-13 10:15:06 --> Variation Details for Variation ID 5: [{"variation_id":"3","variation_type":"Capacity","display_name":"Capacity","selected_value":"1l"},{"variation_id":"2","variation_type":"Colour","display_name":"Color","selected_value":"Red"}]
DEBUG - 2025-06-13 10:15:06 --> Selected Variations for Variation ID 6: [{"variation_type_id":"3","selected_value":"2L"}]
DEBUG - 2025-06-13 10:15:06 --> Variation Details for Variation ID 6: [{"variation_id":"3","variation_type":"Capacity","display_name":"Capacity","selected_value":"2L"}]
DEBUG - 2025-06-13 10:15:06 --> Variation Options for Product ID 6: [{"variation_type_id":"3","selected_value":"1l"},{"variation_type_id":"2","selected_value":"Red"},{"variation_type_id":"3","selected_value":"2L"}]
DEBUG - 2025-06-13 10:15:06 --> Variation Type for ID 3: {"id":"3","variation_type":"Colour","display_name":"Color"}
DEBUG - 2025-06-13 10:15:06 --> Variation Type for ID 2: {"id":"2","variation_type":"Capacity","display_name":"Capacity"}
DEBUG - 2025-06-13 10:15:06 --> Variation Type for ID 3: {"id":"3","variation_type":"Colour","display_name":"Color"}
DEBUG - 2025-06-13 10:15:06 --> Variation Types for Product ID 6: {"3":{"variation_id":"3","variation_type":"Colour","display_name":"Color","values":["1l","2L"]},"2":{"variation_id":"2","variation_type":"Capacity","display_name":"Capacity","values":["Red"]}}
DEBUG - 2025-06-13 10:15:06 --> Selected Variations for Variation ID 7: [{"variation_type_id":"2","selected_value":"Blue"},{"variation_type_id":"3","selected_value":"2L"}]
DEBUG - 2025-06-13 10:15:06 --> Variation Details for Variation ID 7: [{"variation_id":"2","variation_type":"Colour","display_name":"Color","selected_value":"Blue"},{"variation_id":"3","variation_type":"Capacity","display_name":"Capacity","selected_value":"2L"}]
DEBUG - 2025-06-13 10:15:06 --> Selected Variations for Variation ID 9: [{"variation_type_id":"3","selected_value":"1l"},{"variation_type_id":"2","selected_value":"Blue"}]
DEBUG - 2025-06-13 10:15:06 --> Variation Details for Variation ID 9: [{"variation_id":"3","variation_type":"Capacity","display_name":"Capacity","selected_value":"1l"},{"variation_id":"2","variation_type":"Colour","display_name":"Color","selected_value":"Blue"}]
DEBUG - 2025-06-13 10:15:06 --> Variation Options for Product ID 7: [{"variation_type_id":"2","selected_value":"Blue"},{"variation_type_id":"3","selected_value":"2L"},{"variation_type_id":"2","selected_value":"Red"},{"variation_type_id":"3","selected_value":"1l"},{"variation_type_id":"3","selected_value":"1l"},{"variation_type_id":"2","selected_value":"Blue"}]
DEBUG - 2025-06-13 10:15:06 --> Variation Type for ID 2: {"id":"2","variation_type":"Capacity","display_name":"Capacity"}
DEBUG - 2025-06-13 10:15:06 --> Variation Type for ID 3: {"id":"3","variation_type":"Colour","display_name":"Color"}
DEBUG - 2025-06-13 10:15:06 --> Variation Type for ID 2: {"id":"2","variation_type":"Capacity","display_name":"Capacity"}
DEBUG - 2025-06-13 10:15:06 --> Variation Type for ID 3: {"id":"3","variation_type":"Colour","display_name":"Color"}
DEBUG - 2025-06-13 10:15:06 --> Variation Type for ID 3: {"id":"3","variation_type":"Colour","display_name":"Color"}
DEBUG - 2025-06-13 10:15:06 --> Variation Type for ID 2: {"id":"2","variation_type":"Capacity","display_name":"Capacity"}
DEBUG - 2025-06-13 10:15:06 --> Variation Types for Product ID 7: {"2":{"variation_id":"2","variation_type":"Capacity","display_name":"Capacity","values":["Blue","Red"]},"3":{"variation_id":"3","variation_type":"Colour","display_name":"Color","values":["2L","1l"]}}
DEBUG - 2025-06-13 10:16:26 --> Selected Variations for Variation ID 3: [{"variation_type_id":"2","selected_value":"Blue"},{"variation_type_id":"3","selected_value":"2L"}]
DEBUG - 2025-06-13 10:16:26 --> Variation Details for Variation ID 3: [{"variation_id":"2","variation_type":"Colour","display_name":"Color","selected_value":"Blue"},{"variation_id":"3","variation_type":"Capacity","display_name":"Capacity","selected_value":"2L"}]
DEBUG - 2025-06-13 10:16:26 --> Variation Options for Product ID 4: [{"variation_type_id":"2","selected_value":"Blue"},{"variation_type_id":"3","selected_value":"2L"}]
DEBUG - 2025-06-13 10:16:26 --> Variation Type for ID 2: {"id":"2","variation_type":"Capacity","display_name":"Capacity"}
DEBUG - 2025-06-13 10:16:26 --> Variation Type for ID 3: {"id":"3","variation_type":"Colour","display_name":"Color"}
DEBUG - 2025-06-13 10:16:26 --> Variation Types for Product ID 4: {"2":{"variation_id":"2","variation_type":"Capacity","display_name":"Capacity","values":["Blue"]},"3":{"variation_id":"3","variation_type":"Colour","display_name":"Color","values":["2L"]}}
DEBUG - 2025-06-13 10:16:26 --> Selected Variations for Variation ID 4: [{"variation_type_id":"2","selected_value":"Red"},{"variation_type_id":"3","selected_value":"1l"},{"variation_type_id":"2","selected_value":"Red"},{"variation_type_id":"3","selected_value":"1l"}]
DEBUG - 2025-06-13 10:16:26 --> Variation Details for Variation ID 4: [{"variation_id":"2","variation_type":"Colour","display_name":"Color","selected_value":"Red"},{"variation_id":"3","variation_type":"Capacity","display_name":"Capacity","selected_value":"1l"},{"variation_id":"2","variation_type":"Colour","display_name":"Color","selected_value":"Red"},{"variation_id":"3","variation_type":"Capacity","display_name":"Capacity","selected_value":"1l"}]
DEBUG - 2025-06-13 10:16:26 --> Variation Options for Product ID 5: [{"variation_type_id":"2","selected_value":"Red"},{"variation_type_id":"3","selected_value":"1l"},{"variation_type_id":"2","selected_value":"Red"},{"variation_type_id":"3","selected_value":"1l"}]
DEBUG - 2025-06-13 10:16:26 --> Variation Type for ID 2: {"id":"2","variation_type":"Capacity","display_name":"Capacity"}
DEBUG - 2025-06-13 10:16:26 --> Variation Type for ID 3: {"id":"3","variation_type":"Colour","display_name":"Color"}
DEBUG - 2025-06-13 10:16:26 --> Variation Type for ID 2: {"id":"2","variation_type":"Capacity","display_name":"Capacity"}
DEBUG - 2025-06-13 10:16:26 --> Variation Type for ID 3: {"id":"3","variation_type":"Colour","display_name":"Color"}
DEBUG - 2025-06-13 10:16:26 --> Variation Types for Product ID 5: {"2":{"variation_id":"2","variation_type":"Capacity","display_name":"Capacity","values":["Red"]},"3":{"variation_id":"3","variation_type":"Colour","display_name":"Color","values":["1l"]}}
DEBUG - 2025-06-13 10:16:26 --> Selected Variations for Variation ID 5: [{"variation_type_id":"3","selected_value":"1l"},{"variation_type_id":"2","selected_value":"Red"}]
DEBUG - 2025-06-13 10:16:26 --> Variation Details for Variation ID 5: [{"variation_id":"3","variation_type":"Capacity","display_name":"Capacity","selected_value":"1l"},{"variation_id":"2","variation_type":"Colour","display_name":"Color","selected_value":"Red"}]
DEBUG - 2025-06-13 10:16:26 --> Selected Variations for Variation ID 6: [{"variation_type_id":"3","selected_value":"2L"}]
DEBUG - 2025-06-13 10:16:26 --> Variation Details for Variation ID 6: [{"variation_id":"3","variation_type":"Capacity","display_name":"Capacity","selected_value":"2L"}]
DEBUG - 2025-06-13 10:16:26 --> Variation Options for Product ID 6: [{"variation_type_id":"3","selected_value":"1l"},{"variation_type_id":"2","selected_value":"Red"},{"variation_type_id":"3","selected_value":"2L"}]
DEBUG - 2025-06-13 10:16:26 --> Variation Type for ID 3: {"id":"3","variation_type":"Colour","display_name":"Color"}
DEBUG - 2025-06-13 10:16:26 --> Variation Type for ID 2: {"id":"2","variation_type":"Capacity","display_name":"Capacity"}
DEBUG - 2025-06-13 10:16:26 --> Variation Type for ID 3: {"id":"3","variation_type":"Colour","display_name":"Color"}
DEBUG - 2025-06-13 10:16:26 --> Variation Types for Product ID 6: {"3":{"variation_id":"3","variation_type":"Colour","display_name":"Color","values":["1l","2L"]},"2":{"variation_id":"2","variation_type":"Capacity","display_name":"Capacity","values":["Red"]}}
DEBUG - 2025-06-13 10:16:26 --> Selected Variations for Variation ID 7: [{"variation_type_id":"2","selected_value":"Blue"},{"variation_type_id":"3","selected_value":"2L"}]
DEBUG - 2025-06-13 10:16:26 --> Variation Details for Variation ID 7: [{"variation_id":"2","variation_type":"Colour","display_name":"Color","selected_value":"Blue"},{"variation_id":"3","variation_type":"Capacity","display_name":"Capacity","selected_value":"2L"}]
DEBUG - 2025-06-13 10:16:26 --> Selected Variations for Variation ID 9: [{"variation_type_id":"3","selected_value":"1l"},{"variation_type_id":"2","selected_value":"Blue"}]
DEBUG - 2025-06-13 10:16:26 --> Variation Details for Variation ID 9: [{"variation_id":"3","variation_type":"Capacity","display_name":"Capacity","selected_value":"1l"},{"variation_id":"2","variation_type":"Colour","display_name":"Color","selected_value":"Blue"}]
DEBUG - 2025-06-13 10:16:26 --> Variation Options for Product ID 7: [{"variation_type_id":"2","selected_value":"Blue"},{"variation_type_id":"3","selected_value":"2L"},{"variation_type_id":"2","selected_value":"Red"},{"variation_type_id":"3","selected_value":"1l"},{"variation_type_id":"3","selected_value":"1l"},{"variation_type_id":"2","selected_value":"Blue"}]
DEBUG - 2025-06-13 10:16:26 --> Variation Type for ID 2: {"id":"2","variation_type":"Capacity","display_name":"Capacity"}
DEBUG - 2025-06-13 10:16:26 --> Variation Type for ID 3: {"id":"3","variation_type":"Colour","display_name":"Color"}
DEBUG - 2025-06-13 10:16:26 --> Variation Type for ID 2: {"id":"2","variation_type":"Capacity","display_name":"Capacity"}
DEBUG - 2025-06-13 10:16:26 --> Variation Type for ID 3: {"id":"3","variation_type":"Colour","display_name":"Color"}
DEBUG - 2025-06-13 10:16:26 --> Variation Type for ID 3: {"id":"3","variation_type":"Colour","display_name":"Color"}
DEBUG - 2025-06-13 10:16:26 --> Variation Type for ID 2: {"id":"2","variation_type":"Capacity","display_name":"Capacity"}
DEBUG - 2025-06-13 10:16:26 --> Variation Types for Product ID 7: {"2":{"variation_id":"2","variation_type":"Capacity","display_name":"Capacity","values":["Blue","Red"]},"3":{"variation_id":"3","variation_type":"Colour","display_name":"Color","values":["2L","1l"]}}
DEBUG - 2025-06-13 10:16:42 --> Selected Variations for Variation ID 3: [{"variation_type_id":"2","selected_value":"Blue"},{"variation_type_id":"3","selected_value":"2L"}]
DEBUG - 2025-06-13 10:16:42 --> Variation Details for Variation ID 3: [{"variation_id":"2","variation_type":"Colour","display_name":"Color","selected_value":"Blue"},{"variation_id":"3","variation_type":"Capacity","display_name":"Capacity","selected_value":"2L"}]
DEBUG - 2025-06-13 10:16:42 --> Variation Options for Product ID 4: [{"variation_type_id":"2","selected_value":"Blue"},{"variation_type_id":"3","selected_value":"2L"}]
DEBUG - 2025-06-13 10:16:42 --> Variation Type for ID 2: {"id":"2","variation_type":"Capacity","display_name":"Capacity"}
DEBUG - 2025-06-13 10:16:42 --> Variation Type for ID 3: {"id":"3","variation_type":"Colour","display_name":"Color"}
DEBUG - 2025-06-13 10:16:42 --> Variation Types for Product ID 4: {"2":{"variation_id":"2","variation_type":"Capacity","display_name":"Capacity","values":["Blue"]},"3":{"variation_id":"3","variation_type":"Colour","display_name":"Color","values":["2L"]}}
DEBUG - 2025-06-13 10:16:42 --> Selected Variations for Variation ID 4: [{"variation_type_id":"2","selected_value":"Red"},{"variation_type_id":"3","selected_value":"1l"},{"variation_type_id":"2","selected_value":"Red"},{"variation_type_id":"3","selected_value":"1l"}]
DEBUG - 2025-06-13 10:16:42 --> Variation Details for Variation ID 4: [{"variation_id":"2","variation_type":"Colour","display_name":"Color","selected_value":"Red"},{"variation_id":"3","variation_type":"Capacity","display_name":"Capacity","selected_value":"1l"},{"variation_id":"2","variation_type":"Colour","display_name":"Color","selected_value":"Red"},{"variation_id":"3","variation_type":"Capacity","display_name":"Capacity","selected_value":"1l"}]
DEBUG - 2025-06-13 10:16:42 --> Variation Options for Product ID 5: [{"variation_type_id":"2","selected_value":"Red"},{"variation_type_id":"3","selected_value":"1l"},{"variation_type_id":"2","selected_value":"Red"},{"variation_type_id":"3","selected_value":"1l"}]
DEBUG - 2025-06-13 10:16:42 --> Variation Type for ID 2: {"id":"2","variation_type":"Capacity","display_name":"Capacity"}
DEBUG - 2025-06-13 10:16:42 --> Variation Type for ID 3: {"id":"3","variation_type":"Colour","display_name":"Color"}
DEBUG - 2025-06-13 10:16:42 --> Variation Type for ID 2: {"id":"2","variation_type":"Capacity","display_name":"Capacity"}
DEBUG - 2025-06-13 10:16:42 --> Variation Type for ID 3: {"id":"3","variation_type":"Colour","display_name":"Color"}
DEBUG - 2025-06-13 10:16:42 --> Variation Types for Product ID 5: {"2":{"variation_id":"2","variation_type":"Capacity","display_name":"Capacity","values":["Red"]},"3":{"variation_id":"3","variation_type":"Colour","display_name":"Color","values":["1l"]}}
DEBUG - 2025-06-13 10:16:42 --> Selected Variations for Variation ID 5: [{"variation_type_id":"3","selected_value":"1l"},{"variation_type_id":"2","selected_value":"Red"}]
DEBUG - 2025-06-13 10:16:42 --> Variation Details for Variation ID 5: [{"variation_id":"3","variation_type":"Capacity","display_name":"Capacity","selected_value":"1l"},{"variation_id":"2","variation_type":"Colour","display_name":"Color","selected_value":"Red"}]
DEBUG - 2025-06-13 10:16:42 --> Selected Variations for Variation ID 6: [{"variation_type_id":"3","selected_value":"2L"}]
DEBUG - 2025-06-13 10:16:42 --> Variation Details for Variation ID 6: [{"variation_id":"3","variation_type":"Capacity","display_name":"Capacity","selected_value":"2L"}]
DEBUG - 2025-06-13 10:16:42 --> Variation Options for Product ID 6: [{"variation_type_id":"3","selected_value":"1l"},{"variation_type_id":"2","selected_value":"Red"},{"variation_type_id":"3","selected_value":"2L"}]
DEBUG - 2025-06-13 10:16:42 --> Variation Type for ID 3: {"id":"3","variation_type":"Colour","display_name":"Color"}
DEBUG - 2025-06-13 10:16:42 --> Variation Type for ID 2: {"id":"2","variation_type":"Capacity","display_name":"Capacity"}
DEBUG - 2025-06-13 10:16:42 --> Variation Type for ID 3: {"id":"3","variation_type":"Colour","display_name":"Color"}
DEBUG - 2025-06-13 10:16:42 --> Variation Types for Product ID 6: {"3":{"variation_id":"3","variation_type":"Colour","display_name":"Color","values":["1l","2L"]},"2":{"variation_id":"2","variation_type":"Capacity","display_name":"Capacity","values":["Red"]}}
DEBUG - 2025-06-13 10:16:42 --> Selected Variations for Variation ID 7: [{"variation_type_id":"2","selected_value":"Blue"},{"variation_type_id":"3","selected_value":"2L"}]
DEBUG - 2025-06-13 10:16:42 --> Variation Details for Variation ID 7: [{"variation_id":"2","variation_type":"Colour","display_name":"Color","selected_value":"Blue"},{"variation_id":"3","variation_type":"Capacity","display_name":"Capacity","selected_value":"2L"}]
DEBUG - 2025-06-13 10:16:42 --> Selected Variations for Variation ID 9: [{"variation_type_id":"3","selected_value":"1l"},{"variation_type_id":"2","selected_value":"Blue"}]
DEBUG - 2025-06-13 10:16:42 --> Variation Details for Variation ID 9: [{"variation_id":"3","variation_type":"Capacity","display_name":"Capacity","selected_value":"1l"},{"variation_id":"2","variation_type":"Colour","display_name":"Color","selected_value":"Blue"}]
DEBUG - 2025-06-13 10:16:42 --> Variation Options for Product ID 7: [{"variation_type_id":"2","selected_value":"Blue"},{"variation_type_id":"3","selected_value":"2L"},{"variation_type_id":"2","selected_value":"Red"},{"variation_type_id":"3","selected_value":"1l"},{"variation_type_id":"3","selected_value":"1l"},{"variation_type_id":"2","selected_value":"Blue"}]
DEBUG - 2025-06-13 10:16:42 --> Variation Type for ID 2: {"id":"2","variation_type":"Capacity","display_name":"Capacity"}
DEBUG - 2025-06-13 10:16:42 --> Variation Type for ID 3: {"id":"3","variation_type":"Colour","display_name":"Color"}
DEBUG - 2025-06-13 10:16:42 --> Variation Type for ID 2: {"id":"2","variation_type":"Capacity","display_name":"Capacity"}
DEBUG - 2025-06-13 10:16:42 --> Variation Type for ID 3: {"id":"3","variation_type":"Colour","display_name":"Color"}
DEBUG - 2025-06-13 10:16:42 --> Variation Type for ID 3: {"id":"3","variation_type":"Colour","display_name":"Color"}
DEBUG - 2025-06-13 10:16:42 --> Variation Type for ID 2: {"id":"2","variation_type":"Capacity","display_name":"Capacity"}
DEBUG - 2025-06-13 10:16:42 --> Variation Types for Product ID 7: {"2":{"variation_id":"2","variation_type":"Capacity","display_name":"Capacity","values":["Blue","Red"]},"3":{"variation_id":"3","variation_type":"Colour","display_name":"Color","values":["2L","1l"]}}
DEBUG - 2025-06-13 10:36:48 --> Selected Variations for Variation ID 3: [{"variation_type_id":"2","selected_value":"Blue"},{"variation_type_id":"3","selected_value":"2L"}]
DEBUG - 2025-06-13 10:36:48 --> Variation Details for Variation ID 3: [{"variation_id":"2","variation_type":"Colour","display_name":"Color","selected_value":"Blue"},{"variation_id":"3","variation_type":"Capacity","display_name":"Capacity","selected_value":"2L"}]
DEBUG - 2025-06-13 10:36:48 --> Variation Options for Product ID 4: [{"variation_type_id":"2","selected_value":"Blue"},{"variation_type_id":"3","selected_value":"2L"}]
DEBUG - 2025-06-13 10:36:48 --> Variation Type for ID 2: {"id":"2","variation_type":"Capacity","display_name":"Capacity"}
DEBUG - 2025-06-13 10:36:48 --> Variation Type for ID 3: {"id":"3","variation_type":"Colour","display_name":"Color"}
DEBUG - 2025-06-13 10:36:48 --> Variation Types for Product ID 4: {"2":{"variation_id":"2","variation_type":"Capacity","display_name":"Capacity","values":["Blue"]},"3":{"variation_id":"3","variation_type":"Colour","display_name":"Color","values":["2L"]}}
DEBUG - 2025-06-13 10:36:48 --> Selected Variations for Variation ID 4: [{"variation_type_id":"2","selected_value":"Red"},{"variation_type_id":"3","selected_value":"1l"},{"variation_type_id":"2","selected_value":"Red"},{"variation_type_id":"3","selected_value":"1l"}]
DEBUG - 2025-06-13 10:36:48 --> Variation Details for Variation ID 4: [{"variation_id":"2","variation_type":"Colour","display_name":"Color","selected_value":"Red"},{"variation_id":"3","variation_type":"Capacity","display_name":"Capacity","selected_value":"1l"},{"variation_id":"2","variation_type":"Colour","display_name":"Color","selected_value":"Red"},{"variation_id":"3","variation_type":"Capacity","display_name":"Capacity","selected_value":"1l"}]
DEBUG - 2025-06-13 10:36:48 --> Variation Options for Product ID 5: [{"variation_type_id":"2","selected_value":"Red"},{"variation_type_id":"3","selected_value":"1l"},{"variation_type_id":"2","selected_value":"Red"},{"variation_type_id":"3","selected_value":"1l"}]
DEBUG - 2025-06-13 10:36:48 --> Variation Type for ID 2: {"id":"2","variation_type":"Capacity","display_name":"Capacity"}
DEBUG - 2025-06-13 10:36:48 --> Variation Type for ID 3: {"id":"3","variation_type":"Colour","display_name":"Color"}
DEBUG - 2025-06-13 10:36:48 --> Variation Type for ID 2: {"id":"2","variation_type":"Capacity","display_name":"Capacity"}
DEBUG - 2025-06-13 10:36:48 --> Variation Type for ID 3: {"id":"3","variation_type":"Colour","display_name":"Color"}
DEBUG - 2025-06-13 10:36:48 --> Variation Types for Product ID 5: {"2":{"variation_id":"2","variation_type":"Capacity","display_name":"Capacity","values":["Red"]},"3":{"variation_id":"3","variation_type":"Colour","display_name":"Color","values":["1l"]}}
DEBUG - 2025-06-13 10:36:48 --> Selected Variations for Variation ID 5: [{"variation_type_id":"3","selected_value":"1l"},{"variation_type_id":"2","selected_value":"Red"}]
DEBUG - 2025-06-13 10:36:48 --> Variation Details for Variation ID 5: [{"variation_id":"3","variation_type":"Capacity","display_name":"Capacity","selected_value":"1l"},{"variation_id":"2","variation_type":"Colour","display_name":"Color","selected_value":"Red"}]
DEBUG - 2025-06-13 10:36:48 --> Selected Variations for Variation ID 6: [{"variation_type_id":"3","selected_value":"2L"}]
DEBUG - 2025-06-13 10:36:48 --> Variation Details for Variation ID 6: [{"variation_id":"3","variation_type":"Capacity","display_name":"Capacity","selected_value":"2L"}]
DEBUG - 2025-06-13 10:36:48 --> Variation Options for Product ID 6: [{"variation_type_id":"3","selected_value":"1l"},{"variation_type_id":"2","selected_value":"Red"},{"variation_type_id":"3","selected_value":"2L"}]
DEBUG - 2025-06-13 10:36:48 --> Variation Type for ID 3: {"id":"3","variation_type":"Colour","display_name":"Color"}
DEBUG - 2025-06-13 10:36:48 --> Variation Type for ID 2: {"id":"2","variation_type":"Capacity","display_name":"Capacity"}
DEBUG - 2025-06-13 10:36:48 --> Variation Type for ID 3: {"id":"3","variation_type":"Colour","display_name":"Color"}
DEBUG - 2025-06-13 10:36:48 --> Variation Types for Product ID 6: {"3":{"variation_id":"3","variation_type":"Colour","display_name":"Color","values":["1l","2L"]},"2":{"variation_id":"2","variation_type":"Capacity","display_name":"Capacity","values":["Red"]}}
DEBUG - 2025-06-13 10:36:48 --> Selected Variations for Variation ID 7: [{"variation_type_id":"2","selected_value":"Blue"},{"variation_type_id":"3","selected_value":"2L"}]
DEBUG - 2025-06-13 10:36:48 --> Variation Details for Variation ID 7: [{"variation_id":"2","variation_type":"Colour","display_name":"Color","selected_value":"Blue"},{"variation_id":"3","variation_type":"Capacity","display_name":"Capacity","selected_value":"2L"}]
DEBUG - 2025-06-13 10:36:48 --> Selected Variations for Variation ID 9: [{"variation_type_id":"3","selected_value":"1l"},{"variation_type_id":"2","selected_value":"Blue"}]
DEBUG - 2025-06-13 10:36:48 --> Variation Details for Variation ID 9: [{"variation_id":"3","variation_type":"Capacity","display_name":"Capacity","selected_value":"1l"},{"variation_id":"2","variation_type":"Colour","display_name":"Color","selected_value":"Blue"}]
DEBUG - 2025-06-13 10:36:48 --> Variation Options for Product ID 7: [{"variation_type_id":"2","selected_value":"Blue"},{"variation_type_id":"3","selected_value":"2L"},{"variation_type_id":"2","selected_value":"Red"},{"variation_type_id":"3","selected_value":"1l"},{"variation_type_id":"3","selected_value":"1l"},{"variation_type_id":"2","selected_value":"Blue"}]
DEBUG - 2025-06-13 10:36:48 --> Variation Type for ID 2: {"id":"2","variation_type":"Capacity","display_name":"Capacity"}
DEBUG - 2025-06-13 10:36:48 --> Variation Type for ID 3: {"id":"3","variation_type":"Colour","display_name":"Color"}
DEBUG - 2025-06-13 10:36:48 --> Variation Type for ID 2: {"id":"2","variation_type":"Capacity","display_name":"Capacity"}
DEBUG - 2025-06-13 10:36:48 --> Variation Type for ID 3: {"id":"3","variation_type":"Colour","display_name":"Color"}
DEBUG - 2025-06-13 10:36:48 --> Variation Type for ID 3: {"id":"3","variation_type":"Colour","display_name":"Color"}
DEBUG - 2025-06-13 10:36:48 --> Variation Type for ID 2: {"id":"2","variation_type":"Capacity","display_name":"Capacity"}
DEBUG - 2025-06-13 10:36:48 --> Variation Types for Product ID 7: {"2":{"variation_id":"2","variation_type":"Capacity","display_name":"Capacity","values":["Blue","Red"]},"3":{"variation_id":"3","variation_type":"Colour","display_name":"Color","values":["2L","1l"]}}
DEBUG - 2025-06-13 10:36:52 --> Selected Variations for Variation ID 3: [{"variation_type_id":"2","selected_value":"Blue"},{"variation_type_id":"3","selected_value":"2L"}]
DEBUG - 2025-06-13 10:36:52 --> Variation Details for Variation ID 3: [{"variation_id":"2","variation_type":"Colour","display_name":"Color","selected_value":"Blue"},{"variation_id":"3","variation_type":"Capacity","display_name":"Capacity","selected_value":"2L"}]
DEBUG - 2025-06-13 10:36:52 --> Variation Options for Product ID 4: [{"variation_type_id":"2","selected_value":"Blue"},{"variation_type_id":"3","selected_value":"2L"}]
DEBUG - 2025-06-13 10:36:52 --> Variation Type for ID 2: {"id":"2","variation_type":"Capacity","display_name":"Capacity"}
DEBUG - 2025-06-13 10:36:52 --> Variation Type for ID 3: {"id":"3","variation_type":"Colour","display_name":"Color"}
DEBUG - 2025-06-13 10:36:52 --> Variation Types for Product ID 4: {"2":{"variation_id":"2","variation_type":"Capacity","display_name":"Capacity","values":["Blue"]},"3":{"variation_id":"3","variation_type":"Colour","display_name":"Color","values":["2L"]}}
DEBUG - 2025-06-13 10:36:52 --> Selected Variations for Variation ID 4: [{"variation_type_id":"2","selected_value":"Red"},{"variation_type_id":"3","selected_value":"1l"},{"variation_type_id":"2","selected_value":"Red"},{"variation_type_id":"3","selected_value":"1l"}]
DEBUG - 2025-06-13 10:36:52 --> Variation Details for Variation ID 4: [{"variation_id":"2","variation_type":"Colour","display_name":"Color","selected_value":"Red"},{"variation_id":"3","variation_type":"Capacity","display_name":"Capacity","selected_value":"1l"},{"variation_id":"2","variation_type":"Colour","display_name":"Color","selected_value":"Red"},{"variation_id":"3","variation_type":"Capacity","display_name":"Capacity","selected_value":"1l"}]
DEBUG - 2025-06-13 10:36:52 --> Variation Options for Product ID 5: [{"variation_type_id":"2","selected_value":"Red"},{"variation_type_id":"3","selected_value":"1l"},{"variation_type_id":"2","selected_value":"Red"},{"variation_type_id":"3","selected_value":"1l"}]
DEBUG - 2025-06-13 10:36:52 --> Variation Type for ID 2: {"id":"2","variation_type":"Capacity","display_name":"Capacity"}
DEBUG - 2025-06-13 10:36:52 --> Variation Type for ID 3: {"id":"3","variation_type":"Colour","display_name":"Color"}
DEBUG - 2025-06-13 10:36:52 --> Variation Type for ID 2: {"id":"2","variation_type":"Capacity","display_name":"Capacity"}
DEBUG - 2025-06-13 10:36:52 --> Variation Type for ID 3: {"id":"3","variation_type":"Colour","display_name":"Color"}
DEBUG - 2025-06-13 10:36:52 --> Variation Types for Product ID 5: {"2":{"variation_id":"2","variation_type":"Capacity","display_name":"Capacity","values":["Red"]},"3":{"variation_id":"3","variation_type":"Colour","display_name":"Color","values":["1l"]}}
DEBUG - 2025-06-13 10:36:52 --> Selected Variations for Variation ID 5: [{"variation_type_id":"3","selected_value":"1l"},{"variation_type_id":"2","selected_value":"Red"}]
DEBUG - 2025-06-13 10:36:52 --> Variation Details for Variation ID 5: [{"variation_id":"3","variation_type":"Capacity","display_name":"Capacity","selected_value":"1l"},{"variation_id":"2","variation_type":"Colour","display_name":"Color","selected_value":"Red"}]
DEBUG - 2025-06-13 10:36:52 --> Selected Variations for Variation ID 6: [{"variation_type_id":"3","selected_value":"2L"}]
DEBUG - 2025-06-13 10:36:52 --> Variation Details for Variation ID 6: [{"variation_id":"3","variation_type":"Capacity","display_name":"Capacity","selected_value":"2L"}]
DEBUG - 2025-06-13 10:36:52 --> Variation Options for Product ID 6: [{"variation_type_id":"3","selected_value":"1l"},{"variation_type_id":"2","selected_value":"Red"},{"variation_type_id":"3","selected_value":"2L"}]
DEBUG - 2025-06-13 10:36:52 --> Variation Type for ID 3: {"id":"3","variation_type":"Colour","display_name":"Color"}
DEBUG - 2025-06-13 10:36:52 --> Variation Type for ID 2: {"id":"2","variation_type":"Capacity","display_name":"Capacity"}
DEBUG - 2025-06-13 10:36:52 --> Variation Type for ID 3: {"id":"3","variation_type":"Colour","display_name":"Color"}
DEBUG - 2025-06-13 10:36:52 --> Variation Types for Product ID 6: {"3":{"variation_id":"3","variation_type":"Colour","display_name":"Color","values":["1l","2L"]},"2":{"variation_id":"2","variation_type":"Capacity","display_name":"Capacity","values":["Red"]}}
DEBUG - 2025-06-13 10:36:52 --> Selected Variations for Variation ID 7: [{"variation_type_id":"2","selected_value":"Blue"},{"variation_type_id":"3","selected_value":"2L"}]
DEBUG - 2025-06-13 10:36:52 --> Variation Details for Variation ID 7: [{"variation_id":"2","variation_type":"Colour","display_name":"Color","selected_value":"Blue"},{"variation_id":"3","variation_type":"Capacity","display_name":"Capacity","selected_value":"2L"}]
DEBUG - 2025-06-13 10:36:52 --> Selected Variations for Variation ID 9: [{"variation_type_id":"3","selected_value":"1l"},{"variation_type_id":"2","selected_value":"Blue"}]
DEBUG - 2025-06-13 10:36:52 --> Variation Details for Variation ID 9: [{"variation_id":"3","variation_type":"Capacity","display_name":"Capacity","selected_value":"1l"},{"variation_id":"2","variation_type":"Colour","display_name":"Color","selected_value":"Blue"}]
DEBUG - 2025-06-13 10:36:52 --> Variation Options for Product ID 7: [{"variation_type_id":"2","selected_value":"Blue"},{"variation_type_id":"3","selected_value":"2L"},{"variation_type_id":"2","selected_value":"Red"},{"variation_type_id":"3","selected_value":"1l"},{"variation_type_id":"3","selected_value":"1l"},{"variation_type_id":"2","selected_value":"Blue"}]
DEBUG - 2025-06-13 10:36:52 --> Variation Type for ID 2: {"id":"2","variation_type":"Capacity","display_name":"Capacity"}
DEBUG - 2025-06-13 10:36:52 --> Variation Type for ID 3: {"id":"3","variation_type":"Colour","display_name":"Color"}
DEBUG - 2025-06-13 10:36:52 --> Variation Type for ID 2: {"id":"2","variation_type":"Capacity","display_name":"Capacity"}
DEBUG - 2025-06-13 10:36:52 --> Variation Type for ID 3: {"id":"3","variation_type":"Colour","display_name":"Color"}
DEBUG - 2025-06-13 10:36:52 --> Variation Type for ID 3: {"id":"3","variation_type":"Colour","display_name":"Color"}
DEBUG - 2025-06-13 10:36:52 --> Variation Type for ID 2: {"id":"2","variation_type":"Capacity","display_name":"Capacity"}
DEBUG - 2025-06-13 10:36:52 --> Variation Types for Product ID 7: {"2":{"variation_id":"2","variation_type":"Capacity","display_name":"Capacity","values":["Blue","Red"]},"3":{"variation_id":"3","variation_type":"Colour","display_name":"Color","values":["2L","1l"]}}
DEBUG - 2025-06-13 10:36:54 --> Selected Variations for Variation ID 3: [{"variation_type_id":"2","selected_value":"Blue"},{"variation_type_id":"3","selected_value":"2L"}]
DEBUG - 2025-06-13 10:36:54 --> Variation Details for Variation ID 3: [{"variation_id":"2","variation_type":"Colour","display_name":"Color","selected_value":"Blue"},{"variation_id":"3","variation_type":"Capacity","display_name":"Capacity","selected_value":"2L"}]
DEBUG - 2025-06-13 10:36:54 --> Variation Options for Product ID 4: [{"variation_type_id":"2","selected_value":"Blue"},{"variation_type_id":"3","selected_value":"2L"}]
DEBUG - 2025-06-13 10:36:54 --> Variation Type for ID 2: {"id":"2","variation_type":"Capacity","display_name":"Capacity"}
DEBUG - 2025-06-13 10:36:54 --> Variation Type for ID 3: {"id":"3","variation_type":"Colour","display_name":"Color"}
DEBUG - 2025-06-13 10:36:54 --> Variation Types for Product ID 4: {"2":{"variation_id":"2","variation_type":"Capacity","display_name":"Capacity","values":["Blue"]},"3":{"variation_id":"3","variation_type":"Colour","display_name":"Color","values":["2L"]}}
DEBUG - 2025-06-13 10:36:54 --> Selected Variations for Variation ID 4: [{"variation_type_id":"2","selected_value":"Red"},{"variation_type_id":"3","selected_value":"1l"},{"variation_type_id":"2","selected_value":"Red"},{"variation_type_id":"3","selected_value":"1l"}]
DEBUG - 2025-06-13 10:36:54 --> Variation Details for Variation ID 4: [{"variation_id":"2","variation_type":"Colour","display_name":"Color","selected_value":"Red"},{"variation_id":"3","variation_type":"Capacity","display_name":"Capacity","selected_value":"1l"},{"variation_id":"2","variation_type":"Colour","display_name":"Color","selected_value":"Red"},{"variation_id":"3","variation_type":"Capacity","display_name":"Capacity","selected_value":"1l"}]
DEBUG - 2025-06-13 10:36:54 --> Variation Options for Product ID 5: [{"variation_type_id":"2","selected_value":"Red"},{"variation_type_id":"3","selected_value":"1l"},{"variation_type_id":"2","selected_value":"Red"},{"variation_type_id":"3","selected_value":"1l"}]
DEBUG - 2025-06-13 10:36:54 --> Variation Type for ID 2: {"id":"2","variation_type":"Capacity","display_name":"Capacity"}
DEBUG - 2025-06-13 10:36:54 --> Variation Type for ID 3: {"id":"3","variation_type":"Colour","display_name":"Color"}
DEBUG - 2025-06-13 10:36:54 --> Variation Type for ID 2: {"id":"2","variation_type":"Capacity","display_name":"Capacity"}
DEBUG - 2025-06-13 10:36:54 --> Variation Type for ID 3: {"id":"3","variation_type":"Colour","display_name":"Color"}
DEBUG - 2025-06-13 10:36:54 --> Variation Types for Product ID 5: {"2":{"variation_id":"2","variation_type":"Capacity","display_name":"Capacity","values":["Red"]},"3":{"variation_id":"3","variation_type":"Colour","display_name":"Color","values":["1l"]}}
DEBUG - 2025-06-13 10:36:54 --> Selected Variations for Variation ID 5: [{"variation_type_id":"3","selected_value":"1l"},{"variation_type_id":"2","selected_value":"Red"}]
DEBUG - 2025-06-13 10:36:54 --> Variation Details for Variation ID 5: [{"variation_id":"3","variation_type":"Capacity","display_name":"Capacity","selected_value":"1l"},{"variation_id":"2","variation_type":"Colour","display_name":"Color","selected_value":"Red"}]
DEBUG - 2025-06-13 10:36:54 --> Selected Variations for Variation ID 6: [{"variation_type_id":"3","selected_value":"2L"}]
DEBUG - 2025-06-13 10:36:54 --> Variation Details for Variation ID 6: [{"variation_id":"3","variation_type":"Capacity","display_name":"Capacity","selected_value":"2L"}]
DEBUG - 2025-06-13 10:36:54 --> Variation Options for Product ID 6: [{"variation_type_id":"3","selected_value":"1l"},{"variation_type_id":"2","selected_value":"Red"},{"variation_type_id":"3","selected_value":"2L"}]
DEBUG - 2025-06-13 10:36:54 --> Variation Type for ID 3: {"id":"3","variation_type":"Colour","display_name":"Color"}
DEBUG - 2025-06-13 10:36:54 --> Variation Type for ID 2: {"id":"2","variation_type":"Capacity","display_name":"Capacity"}
DEBUG - 2025-06-13 10:36:54 --> Variation Type for ID 3: {"id":"3","variation_type":"Colour","display_name":"Color"}
DEBUG - 2025-06-13 10:36:54 --> Variation Types for Product ID 6: {"3":{"variation_id":"3","variation_type":"Colour","display_name":"Color","values":["1l","2L"]},"2":{"variation_id":"2","variation_type":"Capacity","display_name":"Capacity","values":["Red"]}}
DEBUG - 2025-06-13 10:36:54 --> Selected Variations for Variation ID 7: [{"variation_type_id":"2","selected_value":"Blue"},{"variation_type_id":"3","selected_value":"2L"}]
DEBUG - 2025-06-13 10:36:54 --> Variation Details for Variation ID 7: [{"variation_id":"2","variation_type":"Colour","display_name":"Color","selected_value":"Blue"},{"variation_id":"3","variation_type":"Capacity","display_name":"Capacity","selected_value":"2L"}]
DEBUG - 2025-06-13 10:36:54 --> Selected Variations for Variation ID 9: [{"variation_type_id":"3","selected_value":"1l"},{"variation_type_id":"2","selected_value":"Blue"}]
DEBUG - 2025-06-13 10:36:54 --> Variation Details for Variation ID 9: [{"variation_id":"3","variation_type":"Capacity","display_name":"Capacity","selected_value":"1l"},{"variation_id":"2","variation_type":"Colour","display_name":"Color","selected_value":"Blue"}]
DEBUG - 2025-06-13 10:36:54 --> Variation Options for Product ID 7: [{"variation_type_id":"2","selected_value":"Blue"},{"variation_type_id":"3","selected_value":"2L"},{"variation_type_id":"2","selected_value":"Red"},{"variation_type_id":"3","selected_value":"1l"},{"variation_type_id":"3","selected_value":"1l"},{"variation_type_id":"2","selected_value":"Blue"}]
DEBUG - 2025-06-13 10:36:54 --> Variation Type for ID 2: {"id":"2","variation_type":"Capacity","display_name":"Capacity"}
DEBUG - 2025-06-13 10:36:54 --> Variation Type for ID 3: {"id":"3","variation_type":"Colour","display_name":"Color"}
DEBUG - 2025-06-13 10:36:54 --> Variation Type for ID 2: {"id":"2","variation_type":"Capacity","display_name":"Capacity"}
DEBUG - 2025-06-13 10:36:54 --> Variation Type for ID 3: {"id":"3","variation_type":"Colour","display_name":"Color"}
DEBUG - 2025-06-13 10:36:54 --> Variation Type for ID 3: {"id":"3","variation_type":"Colour","display_name":"Color"}
DEBUG - 2025-06-13 10:36:54 --> Variation Type for ID 2: {"id":"2","variation_type":"Capacity","display_name":"Capacity"}
DEBUG - 2025-06-13 10:36:54 --> Variation Types for Product ID 7: {"2":{"variation_id":"2","variation_type":"Capacity","display_name":"Capacity","values":["Blue","Red"]},"3":{"variation_id":"3","variation_type":"Colour","display_name":"Color","values":["2L","1l"]}}
