DEBUG - 2025-04-10 04:26:23 --> Selected Variations for Variation ID 1: [{"variation_type_id":"2","selected_value":"Blue"},{"variation_type_id":"3","selected_value":"2L"}]
DEBUG - 2025-04-10 04:26:23 --> Variation Details for Variation ID 1: [{"variation_id":"2","variation_type":"Colour","display_name":"Colour","selected_value":"Blue"},{"variation_id":"3","variation_type":"Capacity","display_name":"Capacity","selected_value":"2L"}]
DEBUG - 2025-04-10 04:26:23 --> Selected Variations for Variation ID 4: [{"variation_type_id":"2","selected_value":"Black"},{"variation_type_id":"3","selected_value":"3L"}]
DEBUG - 2025-04-10 04:26:23 --> Variation Details for Variation ID 4: [{"variation_id":"2","variation_type":"Colour","display_name":"Colour","selected_value":"Black"},{"variation_id":"3","variation_type":"Capacity","display_name":"Capacity","selected_value":"3L"}]
DEBUG - 2025-04-10 04:26:23 --> Selected Variations for Variation ID 9: [{"variation_type_id":"2","selected_value":"Black"},{"variation_type_id":"3","selected_value":"2L"}]
DEBUG - 2025-04-10 04:26:23 --> Variation Details for Variation ID 9: [{"variation_id":"2","variation_type":"Colour","display_name":"Colour","selected_value":"Black"},{"variation_id":"3","variation_type":"Capacity","display_name":"Capacity","selected_value":"2L"}]
DEBUG - 2025-04-10 04:26:23 --> Selected Variations for Variation ID 10: [{"variation_type_id":"2","selected_value":"Black"},{"variation_type_id":"3","selected_value":"2L"}]
DEBUG - 2025-04-10 04:26:23 --> Variation Details for Variation ID 10: [{"variation_id":"2","variation_type":"Colour","display_name":"Colour","selected_value":"Black"},{"variation_id":"3","variation_type":"Capacity","display_name":"Capacity","selected_value":"2L"}]
DEBUG - 2025-04-10 04:26:23 --> Selected Variations for Variation ID 11: [{"variation_type_id":"2","selected_value":"Black"},{"variation_type_id":"3","selected_value":"2L"}]
DEBUG - 2025-04-10 04:26:23 --> Variation Details for Variation ID 11: [{"variation_id":"2","variation_type":"Colour","display_name":"Colour","selected_value":"Black"},{"variation_id":"3","variation_type":"Capacity","display_name":"Capacity","selected_value":"2L"}]
DEBUG - 2025-04-10 04:26:23 --> Selected Variations for Variation ID 12: [{"variation_type_id":"2","selected_value":"Black"},{"variation_type_id":"3","selected_value":"2L"}]
DEBUG - 2025-04-10 04:26:23 --> Variation Details for Variation ID 12: [{"variation_id":"2","variation_type":"Colour","display_name":"Colour","selected_value":"Black"},{"variation_id":"3","variation_type":"Capacity","display_name":"Capacity","selected_value":"2L"}]
DEBUG - 2025-04-10 04:26:23 --> Variation Options for Product ID 1: [{"variation_type_id":"2","selected_value":"Blue"},{"variation_type_id":"3","selected_value":"2L"},{"variation_type_id":"2","selected_value":"Black"},{"variation_type_id":"3","selected_value":"3L"},{"variation_type_id":"2","selected_value":"Black"},{"variation_type_id":"3","selected_value":"2L"},{"variation_type_id":"2","selected_value":"Black"},{"variation_type_id":"3","selected_value":"2L"},{"variation_type_id":"2","selected_value":"Black"},{"variation_type_id":"3","selected_value":"2L"},{"variation_type_id":"2","selected_value":"Black"},{"variation_type_id":"3","selected_value":"2L"}]
DEBUG - 2025-04-10 04:26:23 --> Variation Type for ID 2: null
DEBUG - 2025-04-10 04:26:23 --> Variation Type for ID 3: null
DEBUG - 2025-04-10 04:26:23 --> Variation Type for ID 2: null
DEBUG - 2025-04-10 04:26:23 --> Variation Type for ID 3: null
DEBUG - 2025-04-10 04:26:23 --> Variation Type for ID 2: null
DEBUG - 2025-04-10 04:26:23 --> Variation Type for ID 3: null
DEBUG - 2025-04-10 04:26:23 --> Variation Type for ID 2: null
DEBUG - 2025-04-10 04:26:23 --> Variation Type for ID 3: null
DEBUG - 2025-04-10 04:26:23 --> Variation Type for ID 2: null
DEBUG - 2025-04-10 04:26:23 --> Variation Type for ID 3: null
DEBUG - 2025-04-10 04:26:23 --> Variation Type for ID 2: null
DEBUG - 2025-04-10 04:26:23 --> Variation Type for ID 3: null
DEBUG - 2025-04-10 04:26:23 --> Variation Types for Product ID 1: []
DEBUG - 2025-04-10 04:26:23 --> Selected Variations for Variation ID 2: [{"variation_type_id":"2","selected_value":"Blue"}]
DEBUG - 2025-04-10 04:26:23 --> Variation Details for Variation ID 2: [{"variation_id":"2","variation_type":"Colour","display_name":"Colour","selected_value":"Blue"}]
DEBUG - 2025-04-10 04:26:23 --> Variation Options for Product ID 2: [{"variation_type_id":"2","selected_value":"Blue"}]
DEBUG - 2025-04-10 04:26:23 --> Variation Type for ID 2: null
DEBUG - 2025-04-10 04:26:23 --> Variation Types for Product ID 2: []
DEBUG - 2025-04-10 04:26:23 --> Selected Variations for Variation ID 5: [{"variation_type_id":"2","selected_value":"Red"},{"variation_type_id":"3","selected_value":"1L"}]
DEBUG - 2025-04-10 04:26:23 --> Variation Details for Variation ID 5: [{"variation_id":"2","variation_type":"Colour","display_name":"Colour","selected_value":"Red"},{"variation_id":"3","variation_type":"Capacity","display_name":"Capacity","selected_value":"1L"}]
DEBUG - 2025-04-10 04:26:23 --> Selected Variations for Variation ID 15: [{"variation_type_id":"2","selected_value":"Blue"},{"variation_type_id":"3","selected_value":"2L"}]
DEBUG - 2025-04-10 04:26:23 --> Variation Details for Variation ID 15: [{"variation_id":"2","variation_type":"Colour","display_name":"Colour","selected_value":"Blue"},{"variation_id":"3","variation_type":"Capacity","display_name":"Capacity","selected_value":"2L"}]
DEBUG - 2025-04-10 04:26:23 --> Variation Options for Product ID 4: [{"variation_type_id":"2","selected_value":"Red"},{"variation_type_id":"3","selected_value":"1L"},{"variation_type_id":"2","selected_value":"Blue"},{"variation_type_id":"3","selected_value":"2L"}]
DEBUG - 2025-04-10 04:26:23 --> Variation Type for ID 2: null
DEBUG - 2025-04-10 04:26:23 --> Variation Type for ID 3: null
DEBUG - 2025-04-10 04:26:23 --> Variation Type for ID 2: null
DEBUG - 2025-04-10 04:26:23 --> Variation Type for ID 3: null
DEBUG - 2025-04-10 04:26:23 --> Variation Types for Product ID 4: []
DEBUG - 2025-04-10 04:26:23 --> Selected Variations for Variation ID 6: [{"variation_type_id":"2","selected_value":"Blue"},{"variation_type_id":"3","selected_value":"2L"}]
DEBUG - 2025-04-10 04:26:23 --> Variation Details for Variation ID 6: [{"variation_id":"2","variation_type":"Colour","display_name":"Colour","selected_value":"Blue"},{"variation_id":"3","variation_type":"Capacity","display_name":"Capacity","selected_value":"2L"}]
DEBUG - 2025-04-10 04:26:23 --> Variation Options for Product ID 5: [{"variation_type_id":"2","selected_value":"Blue"},{"variation_type_id":"3","selected_value":"2L"}]
DEBUG - 2025-04-10 04:26:23 --> Variation Type for ID 2: null
DEBUG - 2025-04-10 04:26:23 --> Variation Type for ID 3: null
DEBUG - 2025-04-10 04:26:23 --> Variation Types for Product ID 5: []
DEBUG - 2025-04-10 04:26:23 --> Selected Variations for Variation ID 7: [{"variation_type_id":"2","selected_value":"Red"},{"variation_type_id":"3","selected_value":"1L"}]
DEBUG - 2025-04-10 04:26:23 --> Variation Details for Variation ID 7: [{"variation_id":"2","variation_type":"Colour","display_name":"Colour","selected_value":"Red"},{"variation_id":"3","variation_type":"Capacity","display_name":"Capacity","selected_value":"1L"}]
DEBUG - 2025-04-10 04:26:23 --> Variation Options for Product ID 6: [{"variation_type_id":"2","selected_value":"Red"},{"variation_type_id":"3","selected_value":"1L"}]
DEBUG - 2025-04-10 04:26:23 --> Variation Type for ID 2: null
DEBUG - 2025-04-10 04:26:23 --> Variation Type for ID 3: null
DEBUG - 2025-04-10 04:26:23 --> Variation Types for Product ID 6: []
DEBUG - 2025-04-10 04:26:23 --> Selected Variations for Variation ID 8: [{"variation_type_id":"2","selected_value":"Blue"},{"variation_type_id":"3","selected_value":"3L"}]
DEBUG - 2025-04-10 04:26:23 --> Variation Details for Variation ID 8: [{"variation_id":"2","variation_type":"Colour","display_name":"Colour","selected_value":"Blue"},{"variation_id":"3","variation_type":"Capacity","display_name":"Capacity","selected_value":"3L"}]
DEBUG - 2025-04-10 04:26:23 --> Variation Options for Product ID 7: [{"variation_type_id":"2","selected_value":"Blue"},{"variation_type_id":"3","selected_value":"3L"}]
DEBUG - 2025-04-10 04:26:23 --> Variation Type for ID 2: null
DEBUG - 2025-04-10 04:26:23 --> Variation Type for ID 3: null
DEBUG - 2025-04-10 04:26:23 --> Variation Types for Product ID 7: []
DEBUG - 2025-04-10 04:26:23 --> Selected Variations for Variation ID 13: [{"variation_type_id":"2","selected_value":"Black"},{"variation_type_id":"3","selected_value":"2L"}]
DEBUG - 2025-04-10 04:26:23 --> Variation Details for Variation ID 13: [{"variation_id":"2","variation_type":"Colour","display_name":"Colour","selected_value":"Black"},{"variation_id":"3","variation_type":"Capacity","display_name":"Capacity","selected_value":"2L"}]
DEBUG - 2025-04-10 04:26:23 --> Variation Options for Product ID 8: [{"variation_type_id":"2","selected_value":"Black"},{"variation_type_id":"3","selected_value":"2L"}]
DEBUG - 2025-04-10 04:26:23 --> Variation Type for ID 2: null
DEBUG - 2025-04-10 04:26:23 --> Variation Type for ID 3: null
DEBUG - 2025-04-10 04:26:23 --> Variation Types for Product ID 8: []
DEBUG - 2025-04-10 04:26:23 --> Selected Variations for Variation ID 14: [{"variation_type_id":"2","selected_value":"Black"},{"variation_type_id":"3","selected_value":"1L"}]
DEBUG - 2025-04-10 04:26:23 --> Variation Details for Variation ID 14: [{"variation_id":"2","variation_type":"Colour","display_name":"Colour","selected_value":"Black"},{"variation_id":"3","variation_type":"Capacity","display_name":"Capacity","selected_value":"1L"}]
DEBUG - 2025-04-10 04:26:23 --> Variation Options for Product ID 9: [{"variation_type_id":"2","selected_value":"Black"},{"variation_type_id":"3","selected_value":"1L"}]
DEBUG - 2025-04-10 04:26:23 --> Variation Type for ID 2: null
DEBUG - 2025-04-10 04:26:23 --> Variation Type for ID 3: null
DEBUG - 2025-04-10 04:26:24 --> Variation Types for Product ID 9: []
DEBUG - 2025-04-10 04:26:24 --> Selected Variations for Variation ID 16: [{"variation_type_id":"1","selected_value":"Small"},{"variation_type_id":"2","selected_value":"Blue"},{"variation_type_id":"3","selected_value":"2L"}]
DEBUG - 2025-04-10 04:26:24 --> Variation Details for Variation ID 16: [{"variation_id":"1","variation_type":"Size","display_name":"Size","selected_value":"Small"},{"variation_id":"2","variation_type":"Colour","display_name":"Colour","selected_value":"Blue"},{"variation_id":"3","variation_type":"Capacity","display_name":"Capacity","selected_value":"2L"}]
DEBUG - 2025-04-10 04:26:24 --> Variation Options for Product ID 10: [{"variation_type_id":"1","selected_value":"Small"},{"variation_type_id":"2","selected_value":"Blue"},{"variation_type_id":"3","selected_value":"2L"}]
DEBUG - 2025-04-10 04:26:24 --> Variation Type for ID 1: null
DEBUG - 2025-04-10 04:26:24 --> Variation Type for ID 2: null
DEBUG - 2025-04-10 04:26:24 --> Variation Type for ID 3: null
DEBUG - 2025-04-10 04:26:24 --> Variation Types for Product ID 10: []
DEBUG - 2025-04-10 04:26:24 --> Selected Variations for Variation ID 17: [{"variation_type_id":"1","selected_value":"Small"},{"variation_type_id":"2","selected_value":"Blue"},{"variation_type_id":"3","selected_value":"2L"}]
DEBUG - 2025-04-10 04:26:24 --> Variation Details for Variation ID 17: [{"variation_id":"1","variation_type":"Size","display_name":"Size","selected_value":"Small"},{"variation_id":"2","variation_type":"Colour","display_name":"Colour","selected_value":"Blue"},{"variation_id":"3","variation_type":"Capacity","display_name":"Capacity","selected_value":"2L"}]
DEBUG - 2025-04-10 04:26:24 --> Variation Options for Product ID 11: [{"variation_type_id":"1","selected_value":"Small"},{"variation_type_id":"2","selected_value":"Blue"},{"variation_type_id":"3","selected_value":"2L"}]
DEBUG - 2025-04-10 04:26:24 --> Variation Type for ID 1: null
DEBUG - 2025-04-10 04:26:24 --> Variation Type for ID 2: null
DEBUG - 2025-04-10 04:26:24 --> Variation Type for ID 3: null
DEBUG - 2025-04-10 04:26:24 --> Variation Types for Product ID 11: []
DEBUG - 2025-04-10 04:26:52 --> Selected Variations for Variation ID 1: [{"variation_type_id":"2","selected_value":"Blue"},{"variation_type_id":"3","selected_value":"2L"}]
DEBUG - 2025-04-10 04:26:52 --> Variation Details for Variation ID 1: [{"variation_id":"2","variation_type":"Colour","display_name":"Colour","selected_value":"Blue"},{"variation_id":"3","variation_type":"Capacity","display_name":"Capacity","selected_value":"2L"}]
DEBUG - 2025-04-10 04:26:52 --> Selected Variations for Variation ID 4: [{"variation_type_id":"2","selected_value":"Black"},{"variation_type_id":"3","selected_value":"3L"}]
DEBUG - 2025-04-10 04:26:52 --> Variation Details for Variation ID 4: [{"variation_id":"2","variation_type":"Colour","display_name":"Colour","selected_value":"Black"},{"variation_id":"3","variation_type":"Capacity","display_name":"Capacity","selected_value":"3L"}]
DEBUG - 2025-04-10 04:26:52 --> Selected Variations for Variation ID 9: [{"variation_type_id":"2","selected_value":"Black"},{"variation_type_id":"3","selected_value":"2L"}]
DEBUG - 2025-04-10 04:26:52 --> Variation Details for Variation ID 9: [{"variation_id":"2","variation_type":"Colour","display_name":"Colour","selected_value":"Black"},{"variation_id":"3","variation_type":"Capacity","display_name":"Capacity","selected_value":"2L"}]
DEBUG - 2025-04-10 04:26:52 --> Selected Variations for Variation ID 10: [{"variation_type_id":"2","selected_value":"Black"},{"variation_type_id":"3","selected_value":"2L"}]
DEBUG - 2025-04-10 04:26:52 --> Variation Details for Variation ID 10: [{"variation_id":"2","variation_type":"Colour","display_name":"Colour","selected_value":"Black"},{"variation_id":"3","variation_type":"Capacity","display_name":"Capacity","selected_value":"2L"}]
DEBUG - 2025-04-10 04:26:52 --> Selected Variations for Variation ID 11: [{"variation_type_id":"2","selected_value":"Black"},{"variation_type_id":"3","selected_value":"2L"}]
DEBUG - 2025-04-10 04:26:52 --> Variation Details for Variation ID 11: [{"variation_id":"2","variation_type":"Colour","display_name":"Colour","selected_value":"Black"},{"variation_id":"3","variation_type":"Capacity","display_name":"Capacity","selected_value":"2L"}]
DEBUG - 2025-04-10 04:26:52 --> Selected Variations for Variation ID 12: [{"variation_type_id":"2","selected_value":"Black"},{"variation_type_id":"3","selected_value":"2L"}]
DEBUG - 2025-04-10 04:26:52 --> Variation Details for Variation ID 12: [{"variation_id":"2","variation_type":"Colour","display_name":"Colour","selected_value":"Black"},{"variation_id":"3","variation_type":"Capacity","display_name":"Capacity","selected_value":"2L"}]
DEBUG - 2025-04-10 04:26:52 --> Variation Options for Product ID 1: [{"variation_type_id":"2","selected_value":"Blue"},{"variation_type_id":"3","selected_value":"2L"},{"variation_type_id":"2","selected_value":"Black"},{"variation_type_id":"3","selected_value":"3L"},{"variation_type_id":"2","selected_value":"Black"},{"variation_type_id":"3","selected_value":"2L"},{"variation_type_id":"2","selected_value":"Black"},{"variation_type_id":"3","selected_value":"2L"},{"variation_type_id":"2","selected_value":"Black"},{"variation_type_id":"3","selected_value":"2L"},{"variation_type_id":"2","selected_value":"Black"},{"variation_type_id":"3","selected_value":"2L"}]
DEBUG - 2025-04-10 04:26:52 --> Variation Type for ID 2: null
DEBUG - 2025-04-10 04:26:52 --> Variation Type for ID 3: null
DEBUG - 2025-04-10 04:26:52 --> Variation Type for ID 2: null
DEBUG - 2025-04-10 04:26:52 --> Variation Type for ID 3: null
DEBUG - 2025-04-10 04:26:52 --> Variation Type for ID 2: null
DEBUG - 2025-04-10 04:26:52 --> Variation Type for ID 3: null
DEBUG - 2025-04-10 04:26:52 --> Variation Type for ID 2: null
DEBUG - 2025-04-10 04:26:52 --> Variation Type for ID 3: null
DEBUG - 2025-04-10 04:26:52 --> Variation Type for ID 2: null
DEBUG - 2025-04-10 04:26:52 --> Variation Type for ID 3: null
DEBUG - 2025-04-10 04:26:52 --> Variation Type for ID 2: null
DEBUG - 2025-04-10 04:26:52 --> Variation Type for ID 3: null
DEBUG - 2025-04-10 04:26:52 --> Variation Types for Product ID 1: []
DEBUG - 2025-04-10 04:26:52 --> Selected Variations for Variation ID 2: [{"variation_type_id":"2","selected_value":"Blue"}]
DEBUG - 2025-04-10 04:26:52 --> Variation Details for Variation ID 2: [{"variation_id":"2","variation_type":"Colour","display_name":"Colour","selected_value":"Blue"}]
DEBUG - 2025-04-10 04:26:52 --> Variation Options for Product ID 2: [{"variation_type_id":"2","selected_value":"Blue"}]
DEBUG - 2025-04-10 04:26:52 --> Variation Type for ID 2: null
DEBUG - 2025-04-10 04:26:52 --> Variation Types for Product ID 2: []
DEBUG - 2025-04-10 04:26:52 --> Selected Variations for Variation ID 5: [{"variation_type_id":"2","selected_value":"Red"},{"variation_type_id":"3","selected_value":"1L"}]
DEBUG - 2025-04-10 04:26:52 --> Variation Details for Variation ID 5: [{"variation_id":"2","variation_type":"Colour","display_name":"Colour","selected_value":"Red"},{"variation_id":"3","variation_type":"Capacity","display_name":"Capacity","selected_value":"1L"}]
DEBUG - 2025-04-10 04:26:52 --> Selected Variations for Variation ID 15: [{"variation_type_id":"2","selected_value":"Blue"},{"variation_type_id":"3","selected_value":"2L"}]
DEBUG - 2025-04-10 04:26:52 --> Variation Details for Variation ID 15: [{"variation_id":"2","variation_type":"Colour","display_name":"Colour","selected_value":"Blue"},{"variation_id":"3","variation_type":"Capacity","display_name":"Capacity","selected_value":"2L"}]
DEBUG - 2025-04-10 04:26:52 --> Variation Options for Product ID 4: [{"variation_type_id":"2","selected_value":"Red"},{"variation_type_id":"3","selected_value":"1L"},{"variation_type_id":"2","selected_value":"Blue"},{"variation_type_id":"3","selected_value":"2L"}]
DEBUG - 2025-04-10 04:26:52 --> Variation Type for ID 2: null
DEBUG - 2025-04-10 04:26:52 --> Variation Type for ID 3: null
DEBUG - 2025-04-10 04:26:52 --> Variation Type for ID 2: null
DEBUG - 2025-04-10 04:26:52 --> Variation Type for ID 3: null
DEBUG - 2025-04-10 04:26:52 --> Variation Types for Product ID 4: []
DEBUG - 2025-04-10 04:26:52 --> Selected Variations for Variation ID 6: [{"variation_type_id":"2","selected_value":"Blue"},{"variation_type_id":"3","selected_value":"2L"}]
DEBUG - 2025-04-10 04:26:52 --> Variation Details for Variation ID 6: [{"variation_id":"2","variation_type":"Colour","display_name":"Colour","selected_value":"Blue"},{"variation_id":"3","variation_type":"Capacity","display_name":"Capacity","selected_value":"2L"}]
DEBUG - 2025-04-10 04:26:52 --> Variation Options for Product ID 5: [{"variation_type_id":"2","selected_value":"Blue"},{"variation_type_id":"3","selected_value":"2L"}]
DEBUG - 2025-04-10 04:26:52 --> Variation Type for ID 2: null
DEBUG - 2025-04-10 04:26:52 --> Variation Type for ID 3: null
DEBUG - 2025-04-10 04:26:52 --> Variation Types for Product ID 5: []
DEBUG - 2025-04-10 04:26:52 --> Selected Variations for Variation ID 7: [{"variation_type_id":"2","selected_value":"Red"},{"variation_type_id":"3","selected_value":"1L"}]
DEBUG - 2025-04-10 04:26:52 --> Variation Details for Variation ID 7: [{"variation_id":"2","variation_type":"Colour","display_name":"Colour","selected_value":"Red"},{"variation_id":"3","variation_type":"Capacity","display_name":"Capacity","selected_value":"1L"}]
DEBUG - 2025-04-10 04:26:52 --> Variation Options for Product ID 6: [{"variation_type_id":"2","selected_value":"Red"},{"variation_type_id":"3","selected_value":"1L"}]
DEBUG - 2025-04-10 04:26:52 --> Variation Type for ID 2: null
DEBUG - 2025-04-10 04:26:52 --> Variation Type for ID 3: null
DEBUG - 2025-04-10 04:26:52 --> Variation Types for Product ID 6: []
DEBUG - 2025-04-10 04:26:52 --> Selected Variations for Variation ID 8: [{"variation_type_id":"2","selected_value":"Blue"},{"variation_type_id":"3","selected_value":"3L"}]
DEBUG - 2025-04-10 04:26:52 --> Variation Details for Variation ID 8: [{"variation_id":"2","variation_type":"Colour","display_name":"Colour","selected_value":"Blue"},{"variation_id":"3","variation_type":"Capacity","display_name":"Capacity","selected_value":"3L"}]
DEBUG - 2025-04-10 04:26:52 --> Variation Options for Product ID 7: [{"variation_type_id":"2","selected_value":"Blue"},{"variation_type_id":"3","selected_value":"3L"}]
DEBUG - 2025-04-10 04:26:52 --> Variation Type for ID 2: null
DEBUG - 2025-04-10 04:26:52 --> Variation Type for ID 3: null
DEBUG - 2025-04-10 04:26:52 --> Variation Types for Product ID 7: []
DEBUG - 2025-04-10 04:26:52 --> Selected Variations for Variation ID 13: [{"variation_type_id":"2","selected_value":"Black"},{"variation_type_id":"3","selected_value":"2L"}]
DEBUG - 2025-04-10 04:26:52 --> Variation Details for Variation ID 13: [{"variation_id":"2","variation_type":"Colour","display_name":"Colour","selected_value":"Black"},{"variation_id":"3","variation_type":"Capacity","display_name":"Capacity","selected_value":"2L"}]
DEBUG - 2025-04-10 04:26:52 --> Variation Options for Product ID 8: [{"variation_type_id":"2","selected_value":"Black"},{"variation_type_id":"3","selected_value":"2L"}]
DEBUG - 2025-04-10 04:26:52 --> Variation Type for ID 2: null
DEBUG - 2025-04-10 04:26:52 --> Variation Type for ID 3: null
DEBUG - 2025-04-10 04:26:52 --> Variation Types for Product ID 8: []
DEBUG - 2025-04-10 04:26:52 --> Selected Variations for Variation ID 14: [{"variation_type_id":"2","selected_value":"Black"},{"variation_type_id":"3","selected_value":"1L"}]
DEBUG - 2025-04-10 04:26:52 --> Variation Details for Variation ID 14: [{"variation_id":"2","variation_type":"Colour","display_name":"Colour","selected_value":"Black"},{"variation_id":"3","variation_type":"Capacity","display_name":"Capacity","selected_value":"1L"}]
DEBUG - 2025-04-10 04:26:52 --> Variation Options for Product ID 9: [{"variation_type_id":"2","selected_value":"Black"},{"variation_type_id":"3","selected_value":"1L"}]
DEBUG - 2025-04-10 04:26:52 --> Variation Type for ID 2: null
DEBUG - 2025-04-10 04:26:52 --> Variation Type for ID 3: null
DEBUG - 2025-04-10 04:26:52 --> Variation Types for Product ID 9: []
DEBUG - 2025-04-10 04:26:52 --> Selected Variations for Variation ID 16: [{"variation_type_id":"1","selected_value":"Small"},{"variation_type_id":"2","selected_value":"Blue"},{"variation_type_id":"3","selected_value":"2L"}]
DEBUG - 2025-04-10 04:26:52 --> Variation Details for Variation ID 16: [{"variation_id":"1","variation_type":"Size","display_name":"Size","selected_value":"Small"},{"variation_id":"2","variation_type":"Colour","display_name":"Colour","selected_value":"Blue"},{"variation_id":"3","variation_type":"Capacity","display_name":"Capacity","selected_value":"2L"}]
DEBUG - 2025-04-10 04:26:52 --> Variation Options for Product ID 10: [{"variation_type_id":"1","selected_value":"Small"},{"variation_type_id":"2","selected_value":"Blue"},{"variation_type_id":"3","selected_value":"2L"}]
DEBUG - 2025-04-10 04:26:52 --> Variation Type for ID 1: null
DEBUG - 2025-04-10 04:26:52 --> Variation Type for ID 2: null
DEBUG - 2025-04-10 04:26:52 --> Variation Type for ID 3: null
DEBUG - 2025-04-10 04:26:52 --> Variation Types for Product ID 10: []
DEBUG - 2025-04-10 04:26:52 --> Selected Variations for Variation ID 17: [{"variation_type_id":"1","selected_value":"Small"},{"variation_type_id":"2","selected_value":"Blue"},{"variation_type_id":"3","selected_value":"2L"}]
DEBUG - 2025-04-10 04:26:52 --> Variation Details for Variation ID 17: [{"variation_id":"1","variation_type":"Size","display_name":"Size","selected_value":"Small"},{"variation_id":"2","variation_type":"Colour","display_name":"Colour","selected_value":"Blue"},{"variation_id":"3","variation_type":"Capacity","display_name":"Capacity","selected_value":"2L"}]
DEBUG - 2025-04-10 04:26:52 --> Variation Options for Product ID 11: [{"variation_type_id":"1","selected_value":"Small"},{"variation_type_id":"2","selected_value":"Blue"},{"variation_type_id":"3","selected_value":"2L"}]
DEBUG - 2025-04-10 04:26:52 --> Variation Type for ID 1: null
DEBUG - 2025-04-10 04:26:52 --> Variation Type for ID 2: null
DEBUG - 2025-04-10 04:26:52 --> Variation Type for ID 3: null
DEBUG - 2025-04-10 04:26:52 --> Variation Types for Product ID 11: []
DEBUG - 2025-04-10 04:27:03 --> Selected Variations for Variation ID 1: [{"variation_type_id":"2","selected_value":"Blue"},{"variation_type_id":"3","selected_value":"2L"}]
DEBUG - 2025-04-10 04:27:03 --> Variation Details for Variation ID 1: [{"variation_id":"2","variation_type":"Colour","display_name":"Colour","selected_value":"Blue"},{"variation_id":"3","variation_type":"Capacity","display_name":"Capacity","selected_value":"2L"}]
DEBUG - 2025-04-10 04:27:03 --> Selected Variations for Variation ID 4: [{"variation_type_id":"2","selected_value":"Black"},{"variation_type_id":"3","selected_value":"3L"}]
DEBUG - 2025-04-10 04:27:03 --> Variation Details for Variation ID 4: [{"variation_id":"2","variation_type":"Colour","display_name":"Colour","selected_value":"Black"},{"variation_id":"3","variation_type":"Capacity","display_name":"Capacity","selected_value":"3L"}]
DEBUG - 2025-04-10 04:27:03 --> Selected Variations for Variation ID 9: [{"variation_type_id":"2","selected_value":"Black"},{"variation_type_id":"3","selected_value":"2L"}]
DEBUG - 2025-04-10 04:27:03 --> Variation Details for Variation ID 9: [{"variation_id":"2","variation_type":"Colour","display_name":"Colour","selected_value":"Black"},{"variation_id":"3","variation_type":"Capacity","display_name":"Capacity","selected_value":"2L"}]
DEBUG - 2025-04-10 04:27:03 --> Selected Variations for Variation ID 10: [{"variation_type_id":"2","selected_value":"Black"},{"variation_type_id":"3","selected_value":"2L"}]
DEBUG - 2025-04-10 04:27:03 --> Variation Details for Variation ID 10: [{"variation_id":"2","variation_type":"Colour","display_name":"Colour","selected_value":"Black"},{"variation_id":"3","variation_type":"Capacity","display_name":"Capacity","selected_value":"2L"}]
DEBUG - 2025-04-10 04:27:03 --> Selected Variations for Variation ID 11: [{"variation_type_id":"2","selected_value":"Black"},{"variation_type_id":"3","selected_value":"2L"}]
DEBUG - 2025-04-10 04:27:03 --> Variation Details for Variation ID 11: [{"variation_id":"2","variation_type":"Colour","display_name":"Colour","selected_value":"Black"},{"variation_id":"3","variation_type":"Capacity","display_name":"Capacity","selected_value":"2L"}]
DEBUG - 2025-04-10 04:27:03 --> Selected Variations for Variation ID 12: [{"variation_type_id":"2","selected_value":"Black"},{"variation_type_id":"3","selected_value":"2L"}]
DEBUG - 2025-04-10 04:27:03 --> Variation Details for Variation ID 12: [{"variation_id":"2","variation_type":"Colour","display_name":"Colour","selected_value":"Black"},{"variation_id":"3","variation_type":"Capacity","display_name":"Capacity","selected_value":"2L"}]
DEBUG - 2025-04-10 04:27:03 --> Variation Options for Product ID 1: [{"variation_type_id":"2","selected_value":"Blue"},{"variation_type_id":"3","selected_value":"2L"},{"variation_type_id":"2","selected_value":"Black"},{"variation_type_id":"3","selected_value":"3L"},{"variation_type_id":"2","selected_value":"Black"},{"variation_type_id":"3","selected_value":"2L"},{"variation_type_id":"2","selected_value":"Black"},{"variation_type_id":"3","selected_value":"2L"},{"variation_type_id":"2","selected_value":"Black"},{"variation_type_id":"3","selected_value":"2L"},{"variation_type_id":"2","selected_value":"Black"},{"variation_type_id":"3","selected_value":"2L"}]
DEBUG - 2025-04-10 04:27:03 --> Variation Type for ID 2: null
DEBUG - 2025-04-10 04:27:03 --> Variation Type for ID 3: null
DEBUG - 2025-04-10 04:27:03 --> Variation Type for ID 2: null
DEBUG - 2025-04-10 04:27:03 --> Variation Type for ID 3: null
DEBUG - 2025-04-10 04:27:03 --> Variation Type for ID 2: null
DEBUG - 2025-04-10 04:27:03 --> Variation Type for ID 3: null
DEBUG - 2025-04-10 04:27:03 --> Variation Type for ID 2: null
DEBUG - 2025-04-10 04:27:03 --> Variation Type for ID 3: null
DEBUG - 2025-04-10 04:27:03 --> Variation Type for ID 2: null
DEBUG - 2025-04-10 04:27:03 --> Variation Type for ID 3: null
DEBUG - 2025-04-10 04:27:03 --> Variation Type for ID 2: null
DEBUG - 2025-04-10 04:27:03 --> Variation Type for ID 3: null
DEBUG - 2025-04-10 04:27:03 --> Variation Types for Product ID 1: []
DEBUG - 2025-04-10 04:27:03 --> Selected Variations for Variation ID 2: [{"variation_type_id":"2","selected_value":"Blue"}]
DEBUG - 2025-04-10 04:27:03 --> Variation Details for Variation ID 2: [{"variation_id":"2","variation_type":"Colour","display_name":"Colour","selected_value":"Blue"}]
DEBUG - 2025-04-10 04:27:03 --> Variation Options for Product ID 2: [{"variation_type_id":"2","selected_value":"Blue"}]
DEBUG - 2025-04-10 04:27:03 --> Variation Type for ID 2: null
DEBUG - 2025-04-10 04:27:03 --> Variation Types for Product ID 2: []
DEBUG - 2025-04-10 04:27:03 --> Selected Variations for Variation ID 5: [{"variation_type_id":"2","selected_value":"Red"},{"variation_type_id":"3","selected_value":"1L"}]
DEBUG - 2025-04-10 04:27:03 --> Variation Details for Variation ID 5: [{"variation_id":"2","variation_type":"Colour","display_name":"Colour","selected_value":"Red"},{"variation_id":"3","variation_type":"Capacity","display_name":"Capacity","selected_value":"1L"}]
DEBUG - 2025-04-10 04:27:03 --> Selected Variations for Variation ID 15: [{"variation_type_id":"2","selected_value":"Blue"},{"variation_type_id":"3","selected_value":"2L"}]
DEBUG - 2025-04-10 04:27:03 --> Variation Details for Variation ID 15: [{"variation_id":"2","variation_type":"Colour","display_name":"Colour","selected_value":"Blue"},{"variation_id":"3","variation_type":"Capacity","display_name":"Capacity","selected_value":"2L"}]
DEBUG - 2025-04-10 04:27:03 --> Variation Options for Product ID 4: [{"variation_type_id":"2","selected_value":"Red"},{"variation_type_id":"3","selected_value":"1L"},{"variation_type_id":"2","selected_value":"Blue"},{"variation_type_id":"3","selected_value":"2L"}]
DEBUG - 2025-04-10 04:27:03 --> Variation Type for ID 2: null
DEBUG - 2025-04-10 04:27:03 --> Variation Type for ID 3: null
DEBUG - 2025-04-10 04:27:03 --> Variation Type for ID 2: null
DEBUG - 2025-04-10 04:27:03 --> Variation Type for ID 3: null
DEBUG - 2025-04-10 04:27:03 --> Variation Types for Product ID 4: []
DEBUG - 2025-04-10 04:27:03 --> Selected Variations for Variation ID 6: [{"variation_type_id":"2","selected_value":"Blue"},{"variation_type_id":"3","selected_value":"2L"}]
DEBUG - 2025-04-10 04:27:03 --> Variation Details for Variation ID 6: [{"variation_id":"2","variation_type":"Colour","display_name":"Colour","selected_value":"Blue"},{"variation_id":"3","variation_type":"Capacity","display_name":"Capacity","selected_value":"2L"}]
DEBUG - 2025-04-10 04:27:03 --> Variation Options for Product ID 5: [{"variation_type_id":"2","selected_value":"Blue"},{"variation_type_id":"3","selected_value":"2L"}]
DEBUG - 2025-04-10 04:27:03 --> Variation Type for ID 2: null
DEBUG - 2025-04-10 04:27:03 --> Variation Type for ID 3: null
DEBUG - 2025-04-10 04:27:03 --> Variation Types for Product ID 5: []
DEBUG - 2025-04-10 04:27:03 --> Selected Variations for Variation ID 7: [{"variation_type_id":"2","selected_value":"Red"},{"variation_type_id":"3","selected_value":"1L"}]
DEBUG - 2025-04-10 04:27:03 --> Variation Details for Variation ID 7: [{"variation_id":"2","variation_type":"Colour","display_name":"Colour","selected_value":"Red"},{"variation_id":"3","variation_type":"Capacity","display_name":"Capacity","selected_value":"1L"}]
DEBUG - 2025-04-10 04:27:03 --> Variation Options for Product ID 6: [{"variation_type_id":"2","selected_value":"Red"},{"variation_type_id":"3","selected_value":"1L"}]
DEBUG - 2025-04-10 04:27:03 --> Variation Type for ID 2: null
DEBUG - 2025-04-10 04:27:03 --> Variation Type for ID 3: null
DEBUG - 2025-04-10 04:27:03 --> Variation Types for Product ID 6: []
DEBUG - 2025-04-10 04:27:03 --> Selected Variations for Variation ID 8: [{"variation_type_id":"2","selected_value":"Blue"},{"variation_type_id":"3","selected_value":"3L"}]
DEBUG - 2025-04-10 04:27:03 --> Variation Details for Variation ID 8: [{"variation_id":"2","variation_type":"Colour","display_name":"Colour","selected_value":"Blue"},{"variation_id":"3","variation_type":"Capacity","display_name":"Capacity","selected_value":"3L"}]
DEBUG - 2025-04-10 04:27:03 --> Variation Options for Product ID 7: [{"variation_type_id":"2","selected_value":"Blue"},{"variation_type_id":"3","selected_value":"3L"}]
DEBUG - 2025-04-10 04:27:03 --> Variation Type for ID 2: null
DEBUG - 2025-04-10 04:27:03 --> Variation Type for ID 3: null
DEBUG - 2025-04-10 04:27:03 --> Variation Types for Product ID 7: []
DEBUG - 2025-04-10 04:27:03 --> Selected Variations for Variation ID 13: [{"variation_type_id":"2","selected_value":"Black"},{"variation_type_id":"3","selected_value":"2L"}]
DEBUG - 2025-04-10 04:27:03 --> Variation Details for Variation ID 13: [{"variation_id":"2","variation_type":"Colour","display_name":"Colour","selected_value":"Black"},{"variation_id":"3","variation_type":"Capacity","display_name":"Capacity","selected_value":"2L"}]
DEBUG - 2025-04-10 04:27:03 --> Variation Options for Product ID 8: [{"variation_type_id":"2","selected_value":"Black"},{"variation_type_id":"3","selected_value":"2L"}]
DEBUG - 2025-04-10 04:27:03 --> Variation Type for ID 2: null
DEBUG - 2025-04-10 04:27:03 --> Variation Type for ID 3: null
DEBUG - 2025-04-10 04:27:03 --> Variation Types for Product ID 8: []
DEBUG - 2025-04-10 04:27:03 --> Selected Variations for Variation ID 14: [{"variation_type_id":"2","selected_value":"Black"},{"variation_type_id":"3","selected_value":"1L"}]
DEBUG - 2025-04-10 04:27:03 --> Variation Details for Variation ID 14: [{"variation_id":"2","variation_type":"Colour","display_name":"Colour","selected_value":"Black"},{"variation_id":"3","variation_type":"Capacity","display_name":"Capacity","selected_value":"1L"}]
DEBUG - 2025-04-10 04:27:03 --> Variation Options for Product ID 9: [{"variation_type_id":"2","selected_value":"Black"},{"variation_type_id":"3","selected_value":"1L"}]
DEBUG - 2025-04-10 04:27:03 --> Variation Type for ID 2: null
DEBUG - 2025-04-10 04:27:03 --> Variation Type for ID 3: null
DEBUG - 2025-04-10 04:27:03 --> Variation Types for Product ID 9: []
DEBUG - 2025-04-10 04:27:03 --> Selected Variations for Variation ID 16: [{"variation_type_id":"1","selected_value":"Small"},{"variation_type_id":"2","selected_value":"Blue"},{"variation_type_id":"3","selected_value":"2L"}]
DEBUG - 2025-04-10 04:27:03 --> Variation Details for Variation ID 16: [{"variation_id":"1","variation_type":"Size","display_name":"Size","selected_value":"Small"},{"variation_id":"2","variation_type":"Colour","display_name":"Colour","selected_value":"Blue"},{"variation_id":"3","variation_type":"Capacity","display_name":"Capacity","selected_value":"2L"}]
DEBUG - 2025-04-10 04:27:03 --> Variation Options for Product ID 10: [{"variation_type_id":"1","selected_value":"Small"},{"variation_type_id":"2","selected_value":"Blue"},{"variation_type_id":"3","selected_value":"2L"}]
DEBUG - 2025-04-10 04:27:03 --> Variation Type for ID 1: null
DEBUG - 2025-04-10 04:27:03 --> Variation Type for ID 2: null
DEBUG - 2025-04-10 04:27:03 --> Variation Type for ID 3: null
DEBUG - 2025-04-10 04:27:03 --> Variation Types for Product ID 10: []
DEBUG - 2025-04-10 04:27:03 --> Selected Variations for Variation ID 17: [{"variation_type_id":"1","selected_value":"Small"},{"variation_type_id":"2","selected_value":"Blue"},{"variation_type_id":"3","selected_value":"2L"}]
DEBUG - 2025-04-10 04:27:03 --> Variation Details for Variation ID 17: [{"variation_id":"1","variation_type":"Size","display_name":"Size","selected_value":"Small"},{"variation_id":"2","variation_type":"Colour","display_name":"Colour","selected_value":"Blue"},{"variation_id":"3","variation_type":"Capacity","display_name":"Capacity","selected_value":"2L"}]
DEBUG - 2025-04-10 04:27:03 --> Variation Options for Product ID 11: [{"variation_type_id":"1","selected_value":"Small"},{"variation_type_id":"2","selected_value":"Blue"},{"variation_type_id":"3","selected_value":"2L"}]
DEBUG - 2025-04-10 04:27:03 --> Variation Type for ID 1: null
DEBUG - 2025-04-10 04:27:03 --> Variation Type for ID 2: null
DEBUG - 2025-04-10 04:27:03 --> Variation Type for ID 3: null
DEBUG - 2025-04-10 04:27:03 --> Variation Types for Product ID 11: []
DEBUG - 2025-04-10 07:43:30 --> Selected Variations for Variation ID 1: [{"variation_type_id":"2","selected_value":"Blue"},{"variation_type_id":"3","selected_value":"2L"}]
DEBUG - 2025-04-10 07:43:30 --> Variation Details for Variation ID 1: [{"variation_id":"2","variation_type":"Colour","display_name":"Colour","selected_value":"Blue"},{"variation_id":"3","variation_type":"Capacity","display_name":"Capacity","selected_value":"2L"}]
DEBUG - 2025-04-10 07:43:30 --> Selected Variations for Variation ID 4: [{"variation_type_id":"2","selected_value":"Black"},{"variation_type_id":"3","selected_value":"3L"}]
DEBUG - 2025-04-10 07:43:30 --> Variation Details for Variation ID 4: [{"variation_id":"2","variation_type":"Colour","display_name":"Colour","selected_value":"Black"},{"variation_id":"3","variation_type":"Capacity","display_name":"Capacity","selected_value":"3L"}]
DEBUG - 2025-04-10 07:43:30 --> Selected Variations for Variation ID 9: [{"variation_type_id":"2","selected_value":"Black"},{"variation_type_id":"3","selected_value":"2L"}]
DEBUG - 2025-04-10 07:43:30 --> Variation Details for Variation ID 9: [{"variation_id":"2","variation_type":"Colour","display_name":"Colour","selected_value":"Black"},{"variation_id":"3","variation_type":"Capacity","display_name":"Capacity","selected_value":"2L"}]
DEBUG - 2025-04-10 07:43:30 --> Selected Variations for Variation ID 10: [{"variation_type_id":"2","selected_value":"Black"},{"variation_type_id":"3","selected_value":"2L"}]
DEBUG - 2025-04-10 07:43:30 --> Variation Details for Variation ID 10: [{"variation_id":"2","variation_type":"Colour","display_name":"Colour","selected_value":"Black"},{"variation_id":"3","variation_type":"Capacity","display_name":"Capacity","selected_value":"2L"}]
DEBUG - 2025-04-10 07:43:30 --> Selected Variations for Variation ID 11: [{"variation_type_id":"2","selected_value":"Black"},{"variation_type_id":"3","selected_value":"2L"}]
DEBUG - 2025-04-10 07:43:30 --> Variation Details for Variation ID 11: [{"variation_id":"2","variation_type":"Colour","display_name":"Colour","selected_value":"Black"},{"variation_id":"3","variation_type":"Capacity","display_name":"Capacity","selected_value":"2L"}]
DEBUG - 2025-04-10 07:43:30 --> Selected Variations for Variation ID 12: [{"variation_type_id":"2","selected_value":"Black"},{"variation_type_id":"3","selected_value":"2L"}]
DEBUG - 2025-04-10 07:43:30 --> Variation Details for Variation ID 12: [{"variation_id":"2","variation_type":"Colour","display_name":"Colour","selected_value":"Black"},{"variation_id":"3","variation_type":"Capacity","display_name":"Capacity","selected_value":"2L"}]
DEBUG - 2025-04-10 07:43:30 --> Variation Options for Product ID 1: [{"variation_type_id":"2","selected_value":"Blue"},{"variation_type_id":"3","selected_value":"2L"},{"variation_type_id":"2","selected_value":"Black"},{"variation_type_id":"3","selected_value":"3L"},{"variation_type_id":"2","selected_value":"Black"},{"variation_type_id":"3","selected_value":"2L"},{"variation_type_id":"2","selected_value":"Black"},{"variation_type_id":"3","selected_value":"2L"},{"variation_type_id":"2","selected_value":"Black"},{"variation_type_id":"3","selected_value":"2L"},{"variation_type_id":"2","selected_value":"Black"},{"variation_type_id":"3","selected_value":"2L"}]
DEBUG - 2025-04-10 07:43:30 --> Variation Type for ID 2: null
DEBUG - 2025-04-10 07:43:30 --> Variation Type for ID 3: null
DEBUG - 2025-04-10 07:43:30 --> Variation Type for ID 2: null
DEBUG - 2025-04-10 07:43:30 --> Variation Type for ID 3: null
DEBUG - 2025-04-10 07:43:30 --> Variation Type for ID 2: null
DEBUG - 2025-04-10 07:43:30 --> Variation Type for ID 3: null
DEBUG - 2025-04-10 07:43:30 --> Variation Type for ID 2: null
DEBUG - 2025-04-10 07:43:30 --> Variation Type for ID 3: null
DEBUG - 2025-04-10 07:43:30 --> Variation Type for ID 2: null
DEBUG - 2025-04-10 07:43:30 --> Variation Type for ID 3: null
DEBUG - 2025-04-10 07:43:30 --> Variation Type for ID 2: null
DEBUG - 2025-04-10 07:43:30 --> Variation Type for ID 3: null
DEBUG - 2025-04-10 07:43:30 --> Variation Types for Product ID 1: []
DEBUG - 2025-04-10 07:43:30 --> Selected Variations for Variation ID 2: [{"variation_type_id":"2","selected_value":"Blue"}]
DEBUG - 2025-04-10 07:43:30 --> Variation Details for Variation ID 2: [{"variation_id":"2","variation_type":"Colour","display_name":"Colour","selected_value":"Blue"}]
DEBUG - 2025-04-10 07:43:30 --> Variation Options for Product ID 2: [{"variation_type_id":"2","selected_value":"Blue"}]
DEBUG - 2025-04-10 07:43:30 --> Variation Type for ID 2: null
DEBUG - 2025-04-10 07:43:30 --> Variation Types for Product ID 2: []
DEBUG - 2025-04-10 07:43:30 --> Selected Variations for Variation ID 5: [{"variation_type_id":"2","selected_value":"Red"},{"variation_type_id":"3","selected_value":"1L"}]
DEBUG - 2025-04-10 07:43:30 --> Variation Details for Variation ID 5: [{"variation_id":"2","variation_type":"Colour","display_name":"Colour","selected_value":"Red"},{"variation_id":"3","variation_type":"Capacity","display_name":"Capacity","selected_value":"1L"}]
DEBUG - 2025-04-10 07:43:30 --> Selected Variations for Variation ID 15: [{"variation_type_id":"2","selected_value":"Blue"},{"variation_type_id":"3","selected_value":"2L"}]
DEBUG - 2025-04-10 07:43:30 --> Variation Details for Variation ID 15: [{"variation_id":"2","variation_type":"Colour","display_name":"Colour","selected_value":"Blue"},{"variation_id":"3","variation_type":"Capacity","display_name":"Capacity","selected_value":"2L"}]
DEBUG - 2025-04-10 07:43:30 --> Variation Options for Product ID 4: [{"variation_type_id":"2","selected_value":"Red"},{"variation_type_id":"3","selected_value":"1L"},{"variation_type_id":"2","selected_value":"Blue"},{"variation_type_id":"3","selected_value":"2L"}]
DEBUG - 2025-04-10 07:43:30 --> Variation Type for ID 2: null
DEBUG - 2025-04-10 07:43:30 --> Variation Type for ID 3: null
DEBUG - 2025-04-10 07:43:30 --> Variation Type for ID 2: null
DEBUG - 2025-04-10 07:43:30 --> Variation Type for ID 3: null
DEBUG - 2025-04-10 07:43:30 --> Variation Types for Product ID 4: []
DEBUG - 2025-04-10 07:43:30 --> Selected Variations for Variation ID 6: [{"variation_type_id":"2","selected_value":"Blue"},{"variation_type_id":"3","selected_value":"2L"}]
DEBUG - 2025-04-10 07:43:30 --> Variation Details for Variation ID 6: [{"variation_id":"2","variation_type":"Colour","display_name":"Colour","selected_value":"Blue"},{"variation_id":"3","variation_type":"Capacity","display_name":"Capacity","selected_value":"2L"}]
DEBUG - 2025-04-10 07:43:30 --> Variation Options for Product ID 5: [{"variation_type_id":"2","selected_value":"Blue"},{"variation_type_id":"3","selected_value":"2L"}]
DEBUG - 2025-04-10 07:43:30 --> Variation Type for ID 2: null
DEBUG - 2025-04-10 07:43:30 --> Variation Type for ID 3: null
DEBUG - 2025-04-10 07:43:30 --> Variation Types for Product ID 5: []
DEBUG - 2025-04-10 07:43:30 --> Selected Variations for Variation ID 7: [{"variation_type_id":"2","selected_value":"Red"},{"variation_type_id":"3","selected_value":"1L"}]
DEBUG - 2025-04-10 07:43:30 --> Variation Details for Variation ID 7: [{"variation_id":"2","variation_type":"Colour","display_name":"Colour","selected_value":"Red"},{"variation_id":"3","variation_type":"Capacity","display_name":"Capacity","selected_value":"1L"}]
DEBUG - 2025-04-10 07:43:30 --> Variation Options for Product ID 6: [{"variation_type_id":"2","selected_value":"Red"},{"variation_type_id":"3","selected_value":"1L"}]
DEBUG - 2025-04-10 07:43:30 --> Variation Type for ID 2: null
DEBUG - 2025-04-10 07:43:30 --> Variation Type for ID 3: null
DEBUG - 2025-04-10 07:43:30 --> Variation Types for Product ID 6: []
DEBUG - 2025-04-10 07:43:30 --> Selected Variations for Variation ID 8: [{"variation_type_id":"2","selected_value":"Blue"},{"variation_type_id":"3","selected_value":"3L"}]
DEBUG - 2025-04-10 07:43:30 --> Variation Details for Variation ID 8: [{"variation_id":"2","variation_type":"Colour","display_name":"Colour","selected_value":"Blue"},{"variation_id":"3","variation_type":"Capacity","display_name":"Capacity","selected_value":"3L"}]
DEBUG - 2025-04-10 07:43:30 --> Variation Options for Product ID 7: [{"variation_type_id":"2","selected_value":"Blue"},{"variation_type_id":"3","selected_value":"3L"}]
DEBUG - 2025-04-10 07:43:30 --> Variation Type for ID 2: null
DEBUG - 2025-04-10 07:43:30 --> Variation Type for ID 3: null
DEBUG - 2025-04-10 07:43:30 --> Variation Types for Product ID 7: []
DEBUG - 2025-04-10 07:43:30 --> Selected Variations for Variation ID 13: [{"variation_type_id":"2","selected_value":"Black"},{"variation_type_id":"3","selected_value":"2L"}]
DEBUG - 2025-04-10 07:43:30 --> Variation Details for Variation ID 13: [{"variation_id":"2","variation_type":"Colour","display_name":"Colour","selected_value":"Black"},{"variation_id":"3","variation_type":"Capacity","display_name":"Capacity","selected_value":"2L"}]
DEBUG - 2025-04-10 07:43:30 --> Variation Options for Product ID 8: [{"variation_type_id":"2","selected_value":"Black"},{"variation_type_id":"3","selected_value":"2L"}]
DEBUG - 2025-04-10 07:43:30 --> Variation Type for ID 2: null
DEBUG - 2025-04-10 07:43:30 --> Variation Type for ID 3: null
DEBUG - 2025-04-10 07:43:30 --> Variation Types for Product ID 8: []
DEBUG - 2025-04-10 07:43:30 --> Selected Variations for Variation ID 14: [{"variation_type_id":"2","selected_value":"Black"},{"variation_type_id":"3","selected_value":"1L"}]
DEBUG - 2025-04-10 07:43:30 --> Variation Details for Variation ID 14: [{"variation_id":"2","variation_type":"Colour","display_name":"Colour","selected_value":"Black"},{"variation_id":"3","variation_type":"Capacity","display_name":"Capacity","selected_value":"1L"}]
DEBUG - 2025-04-10 07:43:30 --> Variation Options for Product ID 9: [{"variation_type_id":"2","selected_value":"Black"},{"variation_type_id":"3","selected_value":"1L"}]
DEBUG - 2025-04-10 07:43:30 --> Variation Type for ID 2: null
DEBUG - 2025-04-10 07:43:30 --> Variation Type for ID 3: null
DEBUG - 2025-04-10 07:43:30 --> Variation Types for Product ID 9: []
DEBUG - 2025-04-10 07:43:30 --> Selected Variations for Variation ID 16: [{"variation_type_id":"1","selected_value":"Small"},{"variation_type_id":"2","selected_value":"Blue"},{"variation_type_id":"3","selected_value":"2L"}]
DEBUG - 2025-04-10 07:43:30 --> Variation Details for Variation ID 16: [{"variation_id":"1","variation_type":"Size","display_name":"Size","selected_value":"Small"},{"variation_id":"2","variation_type":"Colour","display_name":"Colour","selected_value":"Blue"},{"variation_id":"3","variation_type":"Capacity","display_name":"Capacity","selected_value":"2L"}]
DEBUG - 2025-04-10 07:43:30 --> Variation Options for Product ID 10: [{"variation_type_id":"1","selected_value":"Small"},{"variation_type_id":"2","selected_value":"Blue"},{"variation_type_id":"3","selected_value":"2L"}]
DEBUG - 2025-04-10 07:43:30 --> Variation Type for ID 1: null
DEBUG - 2025-04-10 07:43:30 --> Variation Type for ID 2: null
DEBUG - 2025-04-10 07:43:30 --> Variation Type for ID 3: null
DEBUG - 2025-04-10 07:43:30 --> Variation Types for Product ID 10: []
DEBUG - 2025-04-10 07:43:30 --> Selected Variations for Variation ID 17: [{"variation_type_id":"1","selected_value":"Small"},{"variation_type_id":"2","selected_value":"Blue"},{"variation_type_id":"3","selected_value":"2L"}]
DEBUG - 2025-04-10 07:43:30 --> Variation Details for Variation ID 17: [{"variation_id":"1","variation_type":"Size","display_name":"Size","selected_value":"Small"},{"variation_id":"2","variation_type":"Colour","display_name":"Colour","selected_value":"Blue"},{"variation_id":"3","variation_type":"Capacity","display_name":"Capacity","selected_value":"2L"}]
DEBUG - 2025-04-10 07:43:30 --> Variation Options for Product ID 11: [{"variation_type_id":"1","selected_value":"Small"},{"variation_type_id":"2","selected_value":"Blue"},{"variation_type_id":"3","selected_value":"2L"}]
DEBUG - 2025-04-10 07:43:30 --> Variation Type for ID 1: null
DEBUG - 2025-04-10 07:43:30 --> Variation Type for ID 2: null
DEBUG - 2025-04-10 07:43:30 --> Variation Type for ID 3: null
DEBUG - 2025-04-10 07:43:30 --> Variation Types for Product ID 11: []
DEBUG - 2025-04-10 07:43:36 --> Selected Variations for Variation ID 1: [{"variation_type_id":"2","selected_value":"Blue"},{"variation_type_id":"3","selected_value":"2L"}]
DEBUG - 2025-04-10 07:43:36 --> Variation Details for Variation ID 1: [{"variation_id":"2","variation_type":"Colour","display_name":"Colour","selected_value":"Blue"},{"variation_id":"3","variation_type":"Capacity","display_name":"Capacity","selected_value":"2L"}]
DEBUG - 2025-04-10 07:43:36 --> Selected Variations for Variation ID 4: [{"variation_type_id":"2","selected_value":"Black"},{"variation_type_id":"3","selected_value":"3L"}]
DEBUG - 2025-04-10 07:43:36 --> Variation Details for Variation ID 4: [{"variation_id":"2","variation_type":"Colour","display_name":"Colour","selected_value":"Black"},{"variation_id":"3","variation_type":"Capacity","display_name":"Capacity","selected_value":"3L"}]
DEBUG - 2025-04-10 07:43:36 --> Selected Variations for Variation ID 9: [{"variation_type_id":"2","selected_value":"Black"},{"variation_type_id":"3","selected_value":"2L"}]
DEBUG - 2025-04-10 07:43:36 --> Variation Details for Variation ID 9: [{"variation_id":"2","variation_type":"Colour","display_name":"Colour","selected_value":"Black"},{"variation_id":"3","variation_type":"Capacity","display_name":"Capacity","selected_value":"2L"}]
DEBUG - 2025-04-10 07:43:36 --> Selected Variations for Variation ID 10: [{"variation_type_id":"2","selected_value":"Black"},{"variation_type_id":"3","selected_value":"2L"}]
DEBUG - 2025-04-10 07:43:36 --> Variation Details for Variation ID 10: [{"variation_id":"2","variation_type":"Colour","display_name":"Colour","selected_value":"Black"},{"variation_id":"3","variation_type":"Capacity","display_name":"Capacity","selected_value":"2L"}]
DEBUG - 2025-04-10 07:43:36 --> Selected Variations for Variation ID 11: [{"variation_type_id":"2","selected_value":"Black"},{"variation_type_id":"3","selected_value":"2L"}]
DEBUG - 2025-04-10 07:43:36 --> Variation Details for Variation ID 11: [{"variation_id":"2","variation_type":"Colour","display_name":"Colour","selected_value":"Black"},{"variation_id":"3","variation_type":"Capacity","display_name":"Capacity","selected_value":"2L"}]
DEBUG - 2025-04-10 07:43:36 --> Selected Variations for Variation ID 12: [{"variation_type_id":"2","selected_value":"Black"},{"variation_type_id":"3","selected_value":"2L"}]
DEBUG - 2025-04-10 07:43:36 --> Variation Details for Variation ID 12: [{"variation_id":"2","variation_type":"Colour","display_name":"Colour","selected_value":"Black"},{"variation_id":"3","variation_type":"Capacity","display_name":"Capacity","selected_value":"2L"}]
DEBUG - 2025-04-10 07:43:36 --> Variation Options for Product ID 1: [{"variation_type_id":"2","selected_value":"Blue"},{"variation_type_id":"3","selected_value":"2L"},{"variation_type_id":"2","selected_value":"Black"},{"variation_type_id":"3","selected_value":"3L"},{"variation_type_id":"2","selected_value":"Black"},{"variation_type_id":"3","selected_value":"2L"},{"variation_type_id":"2","selected_value":"Black"},{"variation_type_id":"3","selected_value":"2L"},{"variation_type_id":"2","selected_value":"Black"},{"variation_type_id":"3","selected_value":"2L"},{"variation_type_id":"2","selected_value":"Black"},{"variation_type_id":"3","selected_value":"2L"}]
DEBUG - 2025-04-10 07:43:36 --> Variation Type for ID 2: null
DEBUG - 2025-04-10 07:43:36 --> Variation Type for ID 3: null
DEBUG - 2025-04-10 07:43:36 --> Variation Type for ID 2: null
DEBUG - 2025-04-10 07:43:36 --> Variation Type for ID 3: null
DEBUG - 2025-04-10 07:43:36 --> Variation Type for ID 2: null
DEBUG - 2025-04-10 07:43:36 --> Variation Type for ID 3: null
DEBUG - 2025-04-10 07:43:36 --> Variation Type for ID 2: null
DEBUG - 2025-04-10 07:43:36 --> Variation Type for ID 3: null
DEBUG - 2025-04-10 07:43:36 --> Variation Type for ID 2: null
DEBUG - 2025-04-10 07:43:36 --> Variation Type for ID 3: null
DEBUG - 2025-04-10 07:43:36 --> Variation Type for ID 2: null
DEBUG - 2025-04-10 07:43:36 --> Variation Type for ID 3: null
DEBUG - 2025-04-10 07:43:36 --> Variation Types for Product ID 1: []
DEBUG - 2025-04-10 07:43:36 --> Selected Variations for Variation ID 2: [{"variation_type_id":"2","selected_value":"Blue"}]
DEBUG - 2025-04-10 07:43:36 --> Variation Details for Variation ID 2: [{"variation_id":"2","variation_type":"Colour","display_name":"Colour","selected_value":"Blue"}]
DEBUG - 2025-04-10 07:43:36 --> Variation Options for Product ID 2: [{"variation_type_id":"2","selected_value":"Blue"}]
DEBUG - 2025-04-10 07:43:36 --> Variation Type for ID 2: null
DEBUG - 2025-04-10 07:43:36 --> Variation Types for Product ID 2: []
DEBUG - 2025-04-10 07:43:36 --> Selected Variations for Variation ID 5: [{"variation_type_id":"2","selected_value":"Red"},{"variation_type_id":"3","selected_value":"1L"}]
DEBUG - 2025-04-10 07:43:36 --> Variation Details for Variation ID 5: [{"variation_id":"2","variation_type":"Colour","display_name":"Colour","selected_value":"Red"},{"variation_id":"3","variation_type":"Capacity","display_name":"Capacity","selected_value":"1L"}]
DEBUG - 2025-04-10 07:43:36 --> Selected Variations for Variation ID 15: [{"variation_type_id":"2","selected_value":"Blue"},{"variation_type_id":"3","selected_value":"2L"}]
DEBUG - 2025-04-10 07:43:36 --> Variation Details for Variation ID 15: [{"variation_id":"2","variation_type":"Colour","display_name":"Colour","selected_value":"Blue"},{"variation_id":"3","variation_type":"Capacity","display_name":"Capacity","selected_value":"2L"}]
DEBUG - 2025-04-10 07:43:36 --> Variation Options for Product ID 4: [{"variation_type_id":"2","selected_value":"Red"},{"variation_type_id":"3","selected_value":"1L"},{"variation_type_id":"2","selected_value":"Blue"},{"variation_type_id":"3","selected_value":"2L"}]
DEBUG - 2025-04-10 07:43:36 --> Variation Type for ID 2: null
DEBUG - 2025-04-10 07:43:36 --> Variation Type for ID 3: null
DEBUG - 2025-04-10 07:43:36 --> Variation Type for ID 2: null
DEBUG - 2025-04-10 07:43:36 --> Variation Type for ID 3: null
DEBUG - 2025-04-10 07:43:36 --> Variation Types for Product ID 4: []
DEBUG - 2025-04-10 07:43:36 --> Selected Variations for Variation ID 6: [{"variation_type_id":"2","selected_value":"Blue"},{"variation_type_id":"3","selected_value":"2L"}]
DEBUG - 2025-04-10 07:43:36 --> Variation Details for Variation ID 6: [{"variation_id":"2","variation_type":"Colour","display_name":"Colour","selected_value":"Blue"},{"variation_id":"3","variation_type":"Capacity","display_name":"Capacity","selected_value":"2L"}]
DEBUG - 2025-04-10 07:43:36 --> Variation Options for Product ID 5: [{"variation_type_id":"2","selected_value":"Blue"},{"variation_type_id":"3","selected_value":"2L"}]
DEBUG - 2025-04-10 07:43:36 --> Variation Type for ID 2: null
DEBUG - 2025-04-10 07:43:36 --> Variation Type for ID 3: null
DEBUG - 2025-04-10 07:43:36 --> Variation Types for Product ID 5: []
DEBUG - 2025-04-10 07:43:36 --> Selected Variations for Variation ID 7: [{"variation_type_id":"2","selected_value":"Red"},{"variation_type_id":"3","selected_value":"1L"}]
DEBUG - 2025-04-10 07:43:36 --> Variation Details for Variation ID 7: [{"variation_id":"2","variation_type":"Colour","display_name":"Colour","selected_value":"Red"},{"variation_id":"3","variation_type":"Capacity","display_name":"Capacity","selected_value":"1L"}]
DEBUG - 2025-04-10 07:43:36 --> Variation Options for Product ID 6: [{"variation_type_id":"2","selected_value":"Red"},{"variation_type_id":"3","selected_value":"1L"}]
DEBUG - 2025-04-10 07:43:36 --> Variation Type for ID 2: null
DEBUG - 2025-04-10 07:43:36 --> Variation Type for ID 3: null
DEBUG - 2025-04-10 07:43:36 --> Variation Types for Product ID 6: []
DEBUG - 2025-04-10 07:43:36 --> Selected Variations for Variation ID 8: [{"variation_type_id":"2","selected_value":"Blue"},{"variation_type_id":"3","selected_value":"3L"}]
DEBUG - 2025-04-10 07:43:36 --> Variation Details for Variation ID 8: [{"variation_id":"2","variation_type":"Colour","display_name":"Colour","selected_value":"Blue"},{"variation_id":"3","variation_type":"Capacity","display_name":"Capacity","selected_value":"3L"}]
DEBUG - 2025-04-10 07:43:36 --> Variation Options for Product ID 7: [{"variation_type_id":"2","selected_value":"Blue"},{"variation_type_id":"3","selected_value":"3L"}]
DEBUG - 2025-04-10 07:43:36 --> Variation Type for ID 2: null
DEBUG - 2025-04-10 07:43:36 --> Variation Type for ID 3: null
DEBUG - 2025-04-10 07:43:36 --> Variation Types for Product ID 7: []
DEBUG - 2025-04-10 07:43:36 --> Selected Variations for Variation ID 13: [{"variation_type_id":"2","selected_value":"Black"},{"variation_type_id":"3","selected_value":"2L"}]
DEBUG - 2025-04-10 07:43:36 --> Variation Details for Variation ID 13: [{"variation_id":"2","variation_type":"Colour","display_name":"Colour","selected_value":"Black"},{"variation_id":"3","variation_type":"Capacity","display_name":"Capacity","selected_value":"2L"}]
DEBUG - 2025-04-10 07:43:36 --> Variation Options for Product ID 8: [{"variation_type_id":"2","selected_value":"Black"},{"variation_type_id":"3","selected_value":"2L"}]
DEBUG - 2025-04-10 07:43:36 --> Variation Type for ID 2: null
DEBUG - 2025-04-10 07:43:36 --> Variation Type for ID 3: null
DEBUG - 2025-04-10 07:43:36 --> Variation Types for Product ID 8: []
DEBUG - 2025-04-10 07:43:36 --> Selected Variations for Variation ID 14: [{"variation_type_id":"2","selected_value":"Black"},{"variation_type_id":"3","selected_value":"1L"}]
DEBUG - 2025-04-10 07:43:36 --> Variation Details for Variation ID 14: [{"variation_id":"2","variation_type":"Colour","display_name":"Colour","selected_value":"Black"},{"variation_id":"3","variation_type":"Capacity","display_name":"Capacity","selected_value":"1L"}]
DEBUG - 2025-04-10 07:43:36 --> Variation Options for Product ID 9: [{"variation_type_id":"2","selected_value":"Black"},{"variation_type_id":"3","selected_value":"1L"}]
DEBUG - 2025-04-10 07:43:36 --> Variation Type for ID 2: null
DEBUG - 2025-04-10 07:43:36 --> Variation Type for ID 3: null
DEBUG - 2025-04-10 07:43:36 --> Variation Types for Product ID 9: []
DEBUG - 2025-04-10 07:43:36 --> Selected Variations for Variation ID 16: [{"variation_type_id":"1","selected_value":"Small"},{"variation_type_id":"2","selected_value":"Blue"},{"variation_type_id":"3","selected_value":"2L"}]
DEBUG - 2025-04-10 07:43:36 --> Variation Details for Variation ID 16: [{"variation_id":"1","variation_type":"Size","display_name":"Size","selected_value":"Small"},{"variation_id":"2","variation_type":"Colour","display_name":"Colour","selected_value":"Blue"},{"variation_id":"3","variation_type":"Capacity","display_name":"Capacity","selected_value":"2L"}]
DEBUG - 2025-04-10 07:43:36 --> Variation Options for Product ID 10: [{"variation_type_id":"1","selected_value":"Small"},{"variation_type_id":"2","selected_value":"Blue"},{"variation_type_id":"3","selected_value":"2L"}]
DEBUG - 2025-04-10 07:43:36 --> Variation Type for ID 1: null
DEBUG - 2025-04-10 07:43:36 --> Variation Type for ID 2: null
DEBUG - 2025-04-10 07:43:36 --> Variation Type for ID 3: null
DEBUG - 2025-04-10 07:43:36 --> Variation Types for Product ID 10: []
DEBUG - 2025-04-10 07:43:36 --> Selected Variations for Variation ID 17: [{"variation_type_id":"1","selected_value":"Small"},{"variation_type_id":"2","selected_value":"Blue"},{"variation_type_id":"3","selected_value":"2L"}]
DEBUG - 2025-04-10 07:43:36 --> Variation Details for Variation ID 17: [{"variation_id":"1","variation_type":"Size","display_name":"Size","selected_value":"Small"},{"variation_id":"2","variation_type":"Colour","display_name":"Colour","selected_value":"Blue"},{"variation_id":"3","variation_type":"Capacity","display_name":"Capacity","selected_value":"2L"}]
DEBUG - 2025-04-10 07:43:36 --> Variation Options for Product ID 11: [{"variation_type_id":"1","selected_value":"Small"},{"variation_type_id":"2","selected_value":"Blue"},{"variation_type_id":"3","selected_value":"2L"}]
DEBUG - 2025-04-10 07:43:36 --> Variation Type for ID 1: null
DEBUG - 2025-04-10 07:43:36 --> Variation Type for ID 2: null
DEBUG - 2025-04-10 07:43:36 --> Variation Type for ID 3: null
DEBUG - 2025-04-10 07:43:36 --> Variation Types for Product ID 11: []
DEBUG - 2025-04-10 07:43:39 --> Selected Variations for Variation ID 1: [{"variation_type_id":"2","selected_value":"Blue"},{"variation_type_id":"3","selected_value":"2L"}]
DEBUG - 2025-04-10 07:43:39 --> Variation Details for Variation ID 1: [{"variation_id":"2","variation_type":"Colour","display_name":"Colour","selected_value":"Blue"},{"variation_id":"3","variation_type":"Capacity","display_name":"Capacity","selected_value":"2L"}]
DEBUG - 2025-04-10 07:43:39 --> Selected Variations for Variation ID 4: [{"variation_type_id":"2","selected_value":"Black"},{"variation_type_id":"3","selected_value":"3L"}]
DEBUG - 2025-04-10 07:43:39 --> Variation Details for Variation ID 4: [{"variation_id":"2","variation_type":"Colour","display_name":"Colour","selected_value":"Black"},{"variation_id":"3","variation_type":"Capacity","display_name":"Capacity","selected_value":"3L"}]
DEBUG - 2025-04-10 07:43:39 --> Selected Variations for Variation ID 9: [{"variation_type_id":"2","selected_value":"Black"},{"variation_type_id":"3","selected_value":"2L"}]
DEBUG - 2025-04-10 07:43:39 --> Variation Details for Variation ID 9: [{"variation_id":"2","variation_type":"Colour","display_name":"Colour","selected_value":"Black"},{"variation_id":"3","variation_type":"Capacity","display_name":"Capacity","selected_value":"2L"}]
DEBUG - 2025-04-10 07:43:39 --> Selected Variations for Variation ID 10: [{"variation_type_id":"2","selected_value":"Black"},{"variation_type_id":"3","selected_value":"2L"}]
DEBUG - 2025-04-10 07:43:39 --> Variation Details for Variation ID 10: [{"variation_id":"2","variation_type":"Colour","display_name":"Colour","selected_value":"Black"},{"variation_id":"3","variation_type":"Capacity","display_name":"Capacity","selected_value":"2L"}]
DEBUG - 2025-04-10 07:43:39 --> Selected Variations for Variation ID 11: [{"variation_type_id":"2","selected_value":"Black"},{"variation_type_id":"3","selected_value":"2L"}]
DEBUG - 2025-04-10 07:43:39 --> Variation Details for Variation ID 11: [{"variation_id":"2","variation_type":"Colour","display_name":"Colour","selected_value":"Black"},{"variation_id":"3","variation_type":"Capacity","display_name":"Capacity","selected_value":"2L"}]
DEBUG - 2025-04-10 07:43:39 --> Selected Variations for Variation ID 12: [{"variation_type_id":"2","selected_value":"Black"},{"variation_type_id":"3","selected_value":"2L"}]
DEBUG - 2025-04-10 07:43:39 --> Variation Details for Variation ID 12: [{"variation_id":"2","variation_type":"Colour","display_name":"Colour","selected_value":"Black"},{"variation_id":"3","variation_type":"Capacity","display_name":"Capacity","selected_value":"2L"}]
DEBUG - 2025-04-10 07:43:39 --> Variation Options for Product ID 1: [{"variation_type_id":"2","selected_value":"Blue"},{"variation_type_id":"3","selected_value":"2L"},{"variation_type_id":"2","selected_value":"Black"},{"variation_type_id":"3","selected_value":"3L"},{"variation_type_id":"2","selected_value":"Black"},{"variation_type_id":"3","selected_value":"2L"},{"variation_type_id":"2","selected_value":"Black"},{"variation_type_id":"3","selected_value":"2L"},{"variation_type_id":"2","selected_value":"Black"},{"variation_type_id":"3","selected_value":"2L"},{"variation_type_id":"2","selected_value":"Black"},{"variation_type_id":"3","selected_value":"2L"}]
DEBUG - 2025-04-10 07:43:39 --> Variation Type for ID 2: null
DEBUG - 2025-04-10 07:43:39 --> Variation Type for ID 3: null
DEBUG - 2025-04-10 07:43:39 --> Variation Type for ID 2: null
DEBUG - 2025-04-10 07:43:39 --> Variation Type for ID 3: null
DEBUG - 2025-04-10 07:43:39 --> Variation Type for ID 2: null
DEBUG - 2025-04-10 07:43:39 --> Variation Type for ID 3: null
DEBUG - 2025-04-10 07:43:39 --> Variation Type for ID 2: null
DEBUG - 2025-04-10 07:43:39 --> Variation Type for ID 3: null
DEBUG - 2025-04-10 07:43:39 --> Variation Type for ID 2: null
DEBUG - 2025-04-10 07:43:39 --> Variation Type for ID 3: null
DEBUG - 2025-04-10 07:43:39 --> Variation Type for ID 2: null
DEBUG - 2025-04-10 07:43:39 --> Variation Type for ID 3: null
DEBUG - 2025-04-10 07:43:39 --> Variation Types for Product ID 1: []
DEBUG - 2025-04-10 07:43:39 --> Selected Variations for Variation ID 2: [{"variation_type_id":"2","selected_value":"Blue"}]
DEBUG - 2025-04-10 07:43:39 --> Variation Details for Variation ID 2: [{"variation_id":"2","variation_type":"Colour","display_name":"Colour","selected_value":"Blue"}]
DEBUG - 2025-04-10 07:43:39 --> Variation Options for Product ID 2: [{"variation_type_id":"2","selected_value":"Blue"}]
DEBUG - 2025-04-10 07:43:39 --> Variation Type for ID 2: null
DEBUG - 2025-04-10 07:43:39 --> Variation Types for Product ID 2: []
DEBUG - 2025-04-10 07:43:39 --> Selected Variations for Variation ID 5: [{"variation_type_id":"2","selected_value":"Red"},{"variation_type_id":"3","selected_value":"1L"}]
DEBUG - 2025-04-10 07:43:39 --> Variation Details for Variation ID 5: [{"variation_id":"2","variation_type":"Colour","display_name":"Colour","selected_value":"Red"},{"variation_id":"3","variation_type":"Capacity","display_name":"Capacity","selected_value":"1L"}]
DEBUG - 2025-04-10 07:43:39 --> Selected Variations for Variation ID 15: [{"variation_type_id":"2","selected_value":"Blue"},{"variation_type_id":"3","selected_value":"2L"}]
DEBUG - 2025-04-10 07:43:39 --> Variation Details for Variation ID 15: [{"variation_id":"2","variation_type":"Colour","display_name":"Colour","selected_value":"Blue"},{"variation_id":"3","variation_type":"Capacity","display_name":"Capacity","selected_value":"2L"}]
DEBUG - 2025-04-10 07:43:39 --> Variation Options for Product ID 4: [{"variation_type_id":"2","selected_value":"Red"},{"variation_type_id":"3","selected_value":"1L"},{"variation_type_id":"2","selected_value":"Blue"},{"variation_type_id":"3","selected_value":"2L"}]
DEBUG - 2025-04-10 07:43:39 --> Variation Type for ID 2: null
DEBUG - 2025-04-10 07:43:39 --> Variation Type for ID 3: null
DEBUG - 2025-04-10 07:43:39 --> Variation Type for ID 2: null
DEBUG - 2025-04-10 07:43:39 --> Variation Type for ID 3: null
DEBUG - 2025-04-10 07:43:39 --> Variation Types for Product ID 4: []
DEBUG - 2025-04-10 07:43:39 --> Selected Variations for Variation ID 6: [{"variation_type_id":"2","selected_value":"Blue"},{"variation_type_id":"3","selected_value":"2L"}]
DEBUG - 2025-04-10 07:43:39 --> Variation Details for Variation ID 6: [{"variation_id":"2","variation_type":"Colour","display_name":"Colour","selected_value":"Blue"},{"variation_id":"3","variation_type":"Capacity","display_name":"Capacity","selected_value":"2L"}]
DEBUG - 2025-04-10 07:43:39 --> Variation Options for Product ID 5: [{"variation_type_id":"2","selected_value":"Blue"},{"variation_type_id":"3","selected_value":"2L"}]
DEBUG - 2025-04-10 07:43:39 --> Variation Type for ID 2: null
DEBUG - 2025-04-10 07:43:39 --> Variation Type for ID 3: null
DEBUG - 2025-04-10 07:43:39 --> Variation Types for Product ID 5: []
DEBUG - 2025-04-10 07:43:39 --> Selected Variations for Variation ID 7: [{"variation_type_id":"2","selected_value":"Red"},{"variation_type_id":"3","selected_value":"1L"}]
DEBUG - 2025-04-10 07:43:39 --> Variation Details for Variation ID 7: [{"variation_id":"2","variation_type":"Colour","display_name":"Colour","selected_value":"Red"},{"variation_id":"3","variation_type":"Capacity","display_name":"Capacity","selected_value":"1L"}]
DEBUG - 2025-04-10 07:43:39 --> Variation Options for Product ID 6: [{"variation_type_id":"2","selected_value":"Red"},{"variation_type_id":"3","selected_value":"1L"}]
DEBUG - 2025-04-10 07:43:39 --> Variation Type for ID 2: null
DEBUG - 2025-04-10 07:43:39 --> Variation Type for ID 3: null
DEBUG - 2025-04-10 07:43:39 --> Variation Types for Product ID 6: []
DEBUG - 2025-04-10 07:43:39 --> Selected Variations for Variation ID 8: [{"variation_type_id":"2","selected_value":"Blue"},{"variation_type_id":"3","selected_value":"3L"}]
DEBUG - 2025-04-10 07:43:39 --> Variation Details for Variation ID 8: [{"variation_id":"2","variation_type":"Colour","display_name":"Colour","selected_value":"Blue"},{"variation_id":"3","variation_type":"Capacity","display_name":"Capacity","selected_value":"3L"}]
DEBUG - 2025-04-10 07:43:39 --> Variation Options for Product ID 7: [{"variation_type_id":"2","selected_value":"Blue"},{"variation_type_id":"3","selected_value":"3L"}]
DEBUG - 2025-04-10 07:43:39 --> Variation Type for ID 2: null
DEBUG - 2025-04-10 07:43:39 --> Variation Type for ID 3: null
DEBUG - 2025-04-10 07:43:39 --> Variation Types for Product ID 7: []
DEBUG - 2025-04-10 07:43:39 --> Selected Variations for Variation ID 13: [{"variation_type_id":"2","selected_value":"Black"},{"variation_type_id":"3","selected_value":"2L"}]
DEBUG - 2025-04-10 07:43:39 --> Variation Details for Variation ID 13: [{"variation_id":"2","variation_type":"Colour","display_name":"Colour","selected_value":"Black"},{"variation_id":"3","variation_type":"Capacity","display_name":"Capacity","selected_value":"2L"}]
DEBUG - 2025-04-10 07:43:39 --> Variation Options for Product ID 8: [{"variation_type_id":"2","selected_value":"Black"},{"variation_type_id":"3","selected_value":"2L"}]
DEBUG - 2025-04-10 07:43:39 --> Variation Type for ID 2: null
DEBUG - 2025-04-10 07:43:39 --> Variation Type for ID 3: null
DEBUG - 2025-04-10 07:43:39 --> Variation Types for Product ID 8: []
DEBUG - 2025-04-10 07:43:39 --> Selected Variations for Variation ID 14: [{"variation_type_id":"2","selected_value":"Black"},{"variation_type_id":"3","selected_value":"1L"}]
DEBUG - 2025-04-10 07:43:39 --> Variation Details for Variation ID 14: [{"variation_id":"2","variation_type":"Colour","display_name":"Colour","selected_value":"Black"},{"variation_id":"3","variation_type":"Capacity","display_name":"Capacity","selected_value":"1L"}]
DEBUG - 2025-04-10 07:43:39 --> Variation Options for Product ID 9: [{"variation_type_id":"2","selected_value":"Black"},{"variation_type_id":"3","selected_value":"1L"}]
DEBUG - 2025-04-10 07:43:39 --> Variation Type for ID 2: null
DEBUG - 2025-04-10 07:43:39 --> Variation Type for ID 3: null
DEBUG - 2025-04-10 07:43:39 --> Variation Types for Product ID 9: []
DEBUG - 2025-04-10 07:43:39 --> Selected Variations for Variation ID 16: [{"variation_type_id":"1","selected_value":"Small"},{"variation_type_id":"2","selected_value":"Blue"},{"variation_type_id":"3","selected_value":"2L"}]
DEBUG - 2025-04-10 07:43:39 --> Variation Details for Variation ID 16: [{"variation_id":"1","variation_type":"Size","display_name":"Size","selected_value":"Small"},{"variation_id":"2","variation_type":"Colour","display_name":"Colour","selected_value":"Blue"},{"variation_id":"3","variation_type":"Capacity","display_name":"Capacity","selected_value":"2L"}]
DEBUG - 2025-04-10 07:43:39 --> Variation Options for Product ID 10: [{"variation_type_id":"1","selected_value":"Small"},{"variation_type_id":"2","selected_value":"Blue"},{"variation_type_id":"3","selected_value":"2L"}]
DEBUG - 2025-04-10 07:43:39 --> Variation Type for ID 1: null
DEBUG - 2025-04-10 07:43:39 --> Variation Type for ID 2: null
DEBUG - 2025-04-10 07:43:39 --> Variation Type for ID 3: null
DEBUG - 2025-04-10 07:43:39 --> Variation Types for Product ID 10: []
DEBUG - 2025-04-10 07:43:39 --> Selected Variations for Variation ID 17: [{"variation_type_id":"1","selected_value":"Small"},{"variation_type_id":"2","selected_value":"Blue"},{"variation_type_id":"3","selected_value":"2L"}]
DEBUG - 2025-04-10 07:43:39 --> Variation Details for Variation ID 17: [{"variation_id":"1","variation_type":"Size","display_name":"Size","selected_value":"Small"},{"variation_id":"2","variation_type":"Colour","display_name":"Colour","selected_value":"Blue"},{"variation_id":"3","variation_type":"Capacity","display_name":"Capacity","selected_value":"2L"}]
DEBUG - 2025-04-10 07:43:39 --> Variation Options for Product ID 11: [{"variation_type_id":"1","selected_value":"Small"},{"variation_type_id":"2","selected_value":"Blue"},{"variation_type_id":"3","selected_value":"2L"}]
DEBUG - 2025-04-10 07:43:39 --> Variation Type for ID 1: null
DEBUG - 2025-04-10 07:43:39 --> Variation Type for ID 2: null
DEBUG - 2025-04-10 07:43:39 --> Variation Type for ID 3: null
DEBUG - 2025-04-10 07:43:39 --> Variation Types for Product ID 11: []
