DEBUG - 2025-07-14 06:12:36 --> Selected Variations for Variation ID 3: [{"variation_type_id":"2","selected_value":"Blue"},{"variation_type_id":"3","selected_value":"2L"}]
DEBUG - 2025-07-14 06:12:36 --> Variation Details for Variation ID 3: [{"variation_id":"2","variation_type":"Colour","display_name":"Color","selected_value":"Blue"},{"variation_id":"3","variation_type":"Capacity","display_name":"Capacity","selected_value":"2L"}]
DEBUG - 2025-07-14 06:12:36 --> Variation Options for Product ID 4: [{"variation_type_id":"2","selected_value":"Blue"},{"variation_type_id":"3","selected_value":"2L"}]
DEBUG - 2025-07-14 06:12:36 --> Variation Type for ID 2: {"id":"2","variation_type":"Capacity","display_name":"Capacity"}
DEBUG - 2025-07-14 06:12:36 --> Variation Type for ID 3: {"id":"3","variation_type":"Colour","display_name":"Color"}
DEBUG - 2025-07-14 06:12:36 --> Variation Types for Product ID 4: {"2":{"variation_id":"2","variation_type":"Capacity","display_name":"Capacity","values":["Blue"]},"3":{"variation_id":"3","variation_type":"Colour","display_name":"Color","values":["2L"]}}
DEBUG - 2025-07-14 06:12:36 --> Selected Variations for Variation ID 4: [{"variation_type_id":"2","selected_value":"Red"},{"variation_type_id":"3","selected_value":"1l"},{"variation_type_id":"2","selected_value":"Red"},{"variation_type_id":"3","selected_value":"1l"}]
DEBUG - 2025-07-14 06:12:36 --> Variation Details for Variation ID 4: [{"variation_id":"2","variation_type":"Colour","display_name":"Color","selected_value":"Red"},{"variation_id":"3","variation_type":"Capacity","display_name":"Capacity","selected_value":"1l"},{"variation_id":"2","variation_type":"Colour","display_name":"Color","selected_value":"Red"},{"variation_id":"3","variation_type":"Capacity","display_name":"Capacity","selected_value":"1l"}]
DEBUG - 2025-07-14 06:12:36 --> Variation Options for Product ID 5: [{"variation_type_id":"2","selected_value":"Red"},{"variation_type_id":"3","selected_value":"1l"},{"variation_type_id":"2","selected_value":"Red"},{"variation_type_id":"3","selected_value":"1l"}]
DEBUG - 2025-07-14 06:12:36 --> Variation Type for ID 2: {"id":"2","variation_type":"Capacity","display_name":"Capacity"}
DEBUG - 2025-07-14 06:12:36 --> Variation Type for ID 3: {"id":"3","variation_type":"Colour","display_name":"Color"}
DEBUG - 2025-07-14 06:12:36 --> Variation Type for ID 2: {"id":"2","variation_type":"Capacity","display_name":"Capacity"}
DEBUG - 2025-07-14 06:12:36 --> Variation Type for ID 3: {"id":"3","variation_type":"Colour","display_name":"Color"}
DEBUG - 2025-07-14 06:12:36 --> Variation Types for Product ID 5: {"2":{"variation_id":"2","variation_type":"Capacity","display_name":"Capacity","values":["Red"]},"3":{"variation_id":"3","variation_type":"Colour","display_name":"Color","values":["1l"]}}
DEBUG - 2025-07-14 06:12:36 --> Selected Variations for Variation ID 5: [{"variation_type_id":"3","selected_value":"1l"},{"variation_type_id":"2","selected_value":"Red"}]
DEBUG - 2025-07-14 06:12:36 --> Variation Details for Variation ID 5: [{"variation_id":"3","variation_type":"Capacity","display_name":"Capacity","selected_value":"1l"},{"variation_id":"2","variation_type":"Colour","display_name":"Color","selected_value":"Red"}]
DEBUG - 2025-07-14 06:12:36 --> Selected Variations for Variation ID 6: [{"variation_type_id":"3","selected_value":"2L"}]
DEBUG - 2025-07-14 06:12:36 --> Variation Details for Variation ID 6: [{"variation_id":"3","variation_type":"Capacity","display_name":"Capacity","selected_value":"2L"}]
DEBUG - 2025-07-14 06:12:36 --> Variation Options for Product ID 6: [{"variation_type_id":"3","selected_value":"1l"},{"variation_type_id":"2","selected_value":"Red"},{"variation_type_id":"3","selected_value":"2L"}]
DEBUG - 2025-07-14 06:12:36 --> Variation Type for ID 3: {"id":"3","variation_type":"Colour","display_name":"Color"}
DEBUG - 2025-07-14 06:12:36 --> Variation Type for ID 2: {"id":"2","variation_type":"Capacity","display_name":"Capacity"}
DEBUG - 2025-07-14 06:12:36 --> Variation Type for ID 3: {"id":"3","variation_type":"Colour","display_name":"Color"}
DEBUG - 2025-07-14 06:12:36 --> Variation Types for Product ID 6: {"3":{"variation_id":"3","variation_type":"Colour","display_name":"Color","values":["1l","2L"]},"2":{"variation_id":"2","variation_type":"Capacity","display_name":"Capacity","values":["Red"]}}
DEBUG - 2025-07-14 06:12:36 --> Selected Variations for Variation ID 7: [{"variation_type_id":"2","selected_value":"Blue"},{"variation_type_id":"3","selected_value":"2L"}]
DEBUG - 2025-07-14 06:12:36 --> Variation Details for Variation ID 7: [{"variation_id":"2","variation_type":"Colour","display_name":"Color","selected_value":"Blue"},{"variation_id":"3","variation_type":"Capacity","display_name":"Capacity","selected_value":"2L"}]
DEBUG - 2025-07-14 06:12:36 --> Selected Variations for Variation ID 9: [{"variation_type_id":"3","selected_value":"1l"},{"variation_type_id":"2","selected_value":"Blue"}]
DEBUG - 2025-07-14 06:12:36 --> Variation Details for Variation ID 9: [{"variation_id":"3","variation_type":"Capacity","display_name":"Capacity","selected_value":"1l"},{"variation_id":"2","variation_type":"Colour","display_name":"Color","selected_value":"Blue"}]
DEBUG - 2025-07-14 06:12:36 --> Variation Options for Product ID 7: [{"variation_type_id":"2","selected_value":"Blue"},{"variation_type_id":"3","selected_value":"2L"},{"variation_type_id":"2","selected_value":"Red"},{"variation_type_id":"3","selected_value":"1l"},{"variation_type_id":"3","selected_value":"1l"},{"variation_type_id":"2","selected_value":"Blue"}]
DEBUG - 2025-07-14 06:12:36 --> Variation Type for ID 2: {"id":"2","variation_type":"Capacity","display_name":"Capacity"}
DEBUG - 2025-07-14 06:12:36 --> Variation Type for ID 3: {"id":"3","variation_type":"Colour","display_name":"Color"}
DEBUG - 2025-07-14 06:12:36 --> Variation Type for ID 2: {"id":"2","variation_type":"Capacity","display_name":"Capacity"}
DEBUG - 2025-07-14 06:12:36 --> Variation Type for ID 3: {"id":"3","variation_type":"Colour","display_name":"Color"}
DEBUG - 2025-07-14 06:12:36 --> Variation Type for ID 3: {"id":"3","variation_type":"Colour","display_name":"Color"}
DEBUG - 2025-07-14 06:12:36 --> Variation Type for ID 2: {"id":"2","variation_type":"Capacity","display_name":"Capacity"}
DEBUG - 2025-07-14 06:12:36 --> Variation Types for Product ID 7: {"2":{"variation_id":"2","variation_type":"Capacity","display_name":"Capacity","values":["Blue","Red"]},"3":{"variation_id":"3","variation_type":"Colour","display_name":"Color","values":["2L","1l"]}}
DEBUG - 2025-07-14 06:12:36 --> Selected Variations for Variation ID 10: [{"variation_type_id":"2","selected_value":"Blue"},{"variation_type_id":"3","selected_value":"2L"}]
DEBUG - 2025-07-14 06:12:36 --> Variation Details for Variation ID 10: [{"variation_id":"2","variation_type":"Colour","display_name":"Color","selected_value":"Blue"},{"variation_id":"3","variation_type":"Capacity","display_name":"Capacity","selected_value":"2L"}]
DEBUG - 2025-07-14 06:12:36 --> Variation Options for Product ID 8: [{"variation_type_id":"2","selected_value":"Blue"},{"variation_type_id":"3","selected_value":"2L"}]
DEBUG - 2025-07-14 06:12:36 --> Variation Type for ID 2: {"id":"2","variation_type":"Capacity","display_name":"Capacity"}
DEBUG - 2025-07-14 06:12:36 --> Variation Type for ID 3: {"id":"3","variation_type":"Colour","display_name":"Color"}
DEBUG - 2025-07-14 06:12:36 --> Variation Types for Product ID 8: {"2":{"variation_id":"2","variation_type":"Capacity","display_name":"Capacity","values":["Blue"]},"3":{"variation_id":"3","variation_type":"Colour","display_name":"Color","values":["2L"]}}
DEBUG - 2025-07-14 06:12:41 --> Selected Variations for Variation ID 3: [{"variation_type_id":"2","selected_value":"Blue"},{"variation_type_id":"3","selected_value":"2L"}]
DEBUG - 2025-07-14 06:12:41 --> Variation Details for Variation ID 3: [{"variation_id":"2","variation_type":"Colour","display_name":"Color","selected_value":"Blue"},{"variation_id":"3","variation_type":"Capacity","display_name":"Capacity","selected_value":"2L"}]
DEBUG - 2025-07-14 06:12:41 --> Variation Options for Product ID 4: [{"variation_type_id":"2","selected_value":"Blue"},{"variation_type_id":"3","selected_value":"2L"}]
DEBUG - 2025-07-14 06:12:41 --> Variation Type for ID 2: {"id":"2","variation_type":"Capacity","display_name":"Capacity"}
DEBUG - 2025-07-14 06:12:41 --> Variation Type for ID 3: {"id":"3","variation_type":"Colour","display_name":"Color"}
DEBUG - 2025-07-14 06:12:41 --> Variation Types for Product ID 4: {"2":{"variation_id":"2","variation_type":"Capacity","display_name":"Capacity","values":["Blue"]},"3":{"variation_id":"3","variation_type":"Colour","display_name":"Color","values":["2L"]}}
DEBUG - 2025-07-14 06:12:41 --> Selected Variations for Variation ID 4: [{"variation_type_id":"2","selected_value":"Red"},{"variation_type_id":"3","selected_value":"1l"},{"variation_type_id":"2","selected_value":"Red"},{"variation_type_id":"3","selected_value":"1l"}]
DEBUG - 2025-07-14 06:12:41 --> Variation Details for Variation ID 4: [{"variation_id":"2","variation_type":"Colour","display_name":"Color","selected_value":"Red"},{"variation_id":"3","variation_type":"Capacity","display_name":"Capacity","selected_value":"1l"},{"variation_id":"2","variation_type":"Colour","display_name":"Color","selected_value":"Red"},{"variation_id":"3","variation_type":"Capacity","display_name":"Capacity","selected_value":"1l"}]
DEBUG - 2025-07-14 06:12:41 --> Variation Options for Product ID 5: [{"variation_type_id":"2","selected_value":"Red"},{"variation_type_id":"3","selected_value":"1l"},{"variation_type_id":"2","selected_value":"Red"},{"variation_type_id":"3","selected_value":"1l"}]
DEBUG - 2025-07-14 06:12:41 --> Variation Type for ID 2: {"id":"2","variation_type":"Capacity","display_name":"Capacity"}
DEBUG - 2025-07-14 06:12:41 --> Variation Type for ID 3: {"id":"3","variation_type":"Colour","display_name":"Color"}
DEBUG - 2025-07-14 06:12:41 --> Variation Type for ID 2: {"id":"2","variation_type":"Capacity","display_name":"Capacity"}
DEBUG - 2025-07-14 06:12:41 --> Variation Type for ID 3: {"id":"3","variation_type":"Colour","display_name":"Color"}
DEBUG - 2025-07-14 06:12:41 --> Variation Types for Product ID 5: {"2":{"variation_id":"2","variation_type":"Capacity","display_name":"Capacity","values":["Red"]},"3":{"variation_id":"3","variation_type":"Colour","display_name":"Color","values":["1l"]}}
DEBUG - 2025-07-14 06:12:41 --> Selected Variations for Variation ID 5: [{"variation_type_id":"3","selected_value":"1l"},{"variation_type_id":"2","selected_value":"Red"}]
DEBUG - 2025-07-14 06:12:41 --> Variation Details for Variation ID 5: [{"variation_id":"3","variation_type":"Capacity","display_name":"Capacity","selected_value":"1l"},{"variation_id":"2","variation_type":"Colour","display_name":"Color","selected_value":"Red"}]
DEBUG - 2025-07-14 06:12:41 --> Selected Variations for Variation ID 6: [{"variation_type_id":"3","selected_value":"2L"}]
DEBUG - 2025-07-14 06:12:41 --> Variation Details for Variation ID 6: [{"variation_id":"3","variation_type":"Capacity","display_name":"Capacity","selected_value":"2L"}]
DEBUG - 2025-07-14 06:12:41 --> Variation Options for Product ID 6: [{"variation_type_id":"3","selected_value":"1l"},{"variation_type_id":"2","selected_value":"Red"},{"variation_type_id":"3","selected_value":"2L"}]
DEBUG - 2025-07-14 06:12:41 --> Variation Type for ID 3: {"id":"3","variation_type":"Colour","display_name":"Color"}
DEBUG - 2025-07-14 06:12:41 --> Variation Type for ID 2: {"id":"2","variation_type":"Capacity","display_name":"Capacity"}
DEBUG - 2025-07-14 06:12:42 --> Variation Type for ID 3: {"id":"3","variation_type":"Colour","display_name":"Color"}
DEBUG - 2025-07-14 06:12:42 --> Variation Types for Product ID 6: {"3":{"variation_id":"3","variation_type":"Colour","display_name":"Color","values":["1l","2L"]},"2":{"variation_id":"2","variation_type":"Capacity","display_name":"Capacity","values":["Red"]}}
DEBUG - 2025-07-14 06:12:42 --> Selected Variations for Variation ID 7: [{"variation_type_id":"2","selected_value":"Blue"},{"variation_type_id":"3","selected_value":"2L"}]
DEBUG - 2025-07-14 06:12:42 --> Variation Details for Variation ID 7: [{"variation_id":"2","variation_type":"Colour","display_name":"Color","selected_value":"Blue"},{"variation_id":"3","variation_type":"Capacity","display_name":"Capacity","selected_value":"2L"}]
DEBUG - 2025-07-14 06:12:42 --> Selected Variations for Variation ID 9: [{"variation_type_id":"3","selected_value":"1l"},{"variation_type_id":"2","selected_value":"Blue"}]
DEBUG - 2025-07-14 06:12:42 --> Variation Details for Variation ID 9: [{"variation_id":"3","variation_type":"Capacity","display_name":"Capacity","selected_value":"1l"},{"variation_id":"2","variation_type":"Colour","display_name":"Color","selected_value":"Blue"}]
DEBUG - 2025-07-14 06:12:42 --> Variation Options for Product ID 7: [{"variation_type_id":"2","selected_value":"Blue"},{"variation_type_id":"3","selected_value":"2L"},{"variation_type_id":"2","selected_value":"Red"},{"variation_type_id":"3","selected_value":"1l"},{"variation_type_id":"3","selected_value":"1l"},{"variation_type_id":"2","selected_value":"Blue"}]
DEBUG - 2025-07-14 06:12:42 --> Variation Type for ID 2: {"id":"2","variation_type":"Capacity","display_name":"Capacity"}
DEBUG - 2025-07-14 06:12:42 --> Variation Type for ID 3: {"id":"3","variation_type":"Colour","display_name":"Color"}
DEBUG - 2025-07-14 06:12:42 --> Variation Type for ID 2: {"id":"2","variation_type":"Capacity","display_name":"Capacity"}
DEBUG - 2025-07-14 06:12:42 --> Variation Type for ID 3: {"id":"3","variation_type":"Colour","display_name":"Color"}
DEBUG - 2025-07-14 06:12:42 --> Variation Type for ID 3: {"id":"3","variation_type":"Colour","display_name":"Color"}
DEBUG - 2025-07-14 06:12:42 --> Variation Type for ID 2: {"id":"2","variation_type":"Capacity","display_name":"Capacity"}
DEBUG - 2025-07-14 06:12:42 --> Variation Types for Product ID 7: {"2":{"variation_id":"2","variation_type":"Capacity","display_name":"Capacity","values":["Blue","Red"]},"3":{"variation_id":"3","variation_type":"Colour","display_name":"Color","values":["2L","1l"]}}
DEBUG - 2025-07-14 06:12:42 --> Selected Variations for Variation ID 10: [{"variation_type_id":"2","selected_value":"Blue"},{"variation_type_id":"3","selected_value":"2L"}]
DEBUG - 2025-07-14 06:12:42 --> Variation Details for Variation ID 10: [{"variation_id":"2","variation_type":"Colour","display_name":"Color","selected_value":"Blue"},{"variation_id":"3","variation_type":"Capacity","display_name":"Capacity","selected_value":"2L"}]
DEBUG - 2025-07-14 06:12:42 --> Variation Options for Product ID 8: [{"variation_type_id":"2","selected_value":"Blue"},{"variation_type_id":"3","selected_value":"2L"}]
DEBUG - 2025-07-14 06:12:42 --> Variation Type for ID 2: {"id":"2","variation_type":"Capacity","display_name":"Capacity"}
DEBUG - 2025-07-14 06:12:42 --> Variation Type for ID 3: {"id":"3","variation_type":"Colour","display_name":"Color"}
DEBUG - 2025-07-14 06:12:42 --> Variation Types for Product ID 8: {"2":{"variation_id":"2","variation_type":"Capacity","display_name":"Capacity","values":["Blue"]},"3":{"variation_id":"3","variation_type":"Colour","display_name":"Color","values":["2L"]}}
DEBUG - 2025-07-14 06:12:43 --> Selected Variations for Variation ID 3: [{"variation_type_id":"2","selected_value":"Blue"},{"variation_type_id":"3","selected_value":"2L"}]
DEBUG - 2025-07-14 06:12:43 --> Variation Details for Variation ID 3: [{"variation_id":"2","variation_type":"Colour","display_name":"Color","selected_value":"Blue"},{"variation_id":"3","variation_type":"Capacity","display_name":"Capacity","selected_value":"2L"}]
DEBUG - 2025-07-14 06:12:43 --> Variation Options for Product ID 4: [{"variation_type_id":"2","selected_value":"Blue"},{"variation_type_id":"3","selected_value":"2L"}]
DEBUG - 2025-07-14 06:12:43 --> Variation Type for ID 2: {"id":"2","variation_type":"Capacity","display_name":"Capacity"}
DEBUG - 2025-07-14 06:12:43 --> Variation Type for ID 3: {"id":"3","variation_type":"Colour","display_name":"Color"}
DEBUG - 2025-07-14 06:12:43 --> Variation Types for Product ID 4: {"2":{"variation_id":"2","variation_type":"Capacity","display_name":"Capacity","values":["Blue"]},"3":{"variation_id":"3","variation_type":"Colour","display_name":"Color","values":["2L"]}}
DEBUG - 2025-07-14 06:12:43 --> Selected Variations for Variation ID 4: [{"variation_type_id":"2","selected_value":"Red"},{"variation_type_id":"3","selected_value":"1l"},{"variation_type_id":"2","selected_value":"Red"},{"variation_type_id":"3","selected_value":"1l"}]
DEBUG - 2025-07-14 06:12:43 --> Variation Details for Variation ID 4: [{"variation_id":"2","variation_type":"Colour","display_name":"Color","selected_value":"Red"},{"variation_id":"3","variation_type":"Capacity","display_name":"Capacity","selected_value":"1l"},{"variation_id":"2","variation_type":"Colour","display_name":"Color","selected_value":"Red"},{"variation_id":"3","variation_type":"Capacity","display_name":"Capacity","selected_value":"1l"}]
DEBUG - 2025-07-14 06:12:43 --> Variation Options for Product ID 5: [{"variation_type_id":"2","selected_value":"Red"},{"variation_type_id":"3","selected_value":"1l"},{"variation_type_id":"2","selected_value":"Red"},{"variation_type_id":"3","selected_value":"1l"}]
DEBUG - 2025-07-14 06:12:43 --> Variation Type for ID 2: {"id":"2","variation_type":"Capacity","display_name":"Capacity"}
DEBUG - 2025-07-14 06:12:43 --> Variation Type for ID 3: {"id":"3","variation_type":"Colour","display_name":"Color"}
DEBUG - 2025-07-14 06:12:43 --> Variation Type for ID 2: {"id":"2","variation_type":"Capacity","display_name":"Capacity"}
DEBUG - 2025-07-14 06:12:43 --> Variation Type for ID 3: {"id":"3","variation_type":"Colour","display_name":"Color"}
DEBUG - 2025-07-14 06:12:43 --> Variation Types for Product ID 5: {"2":{"variation_id":"2","variation_type":"Capacity","display_name":"Capacity","values":["Red"]},"3":{"variation_id":"3","variation_type":"Colour","display_name":"Color","values":["1l"]}}
DEBUG - 2025-07-14 06:12:43 --> Selected Variations for Variation ID 5: [{"variation_type_id":"3","selected_value":"1l"},{"variation_type_id":"2","selected_value":"Red"}]
DEBUG - 2025-07-14 06:12:43 --> Variation Details for Variation ID 5: [{"variation_id":"3","variation_type":"Capacity","display_name":"Capacity","selected_value":"1l"},{"variation_id":"2","variation_type":"Colour","display_name":"Color","selected_value":"Red"}]
DEBUG - 2025-07-14 06:12:43 --> Selected Variations for Variation ID 6: [{"variation_type_id":"3","selected_value":"2L"}]
DEBUG - 2025-07-14 06:12:43 --> Variation Details for Variation ID 6: [{"variation_id":"3","variation_type":"Capacity","display_name":"Capacity","selected_value":"2L"}]
DEBUG - 2025-07-14 06:12:43 --> Variation Options for Product ID 6: [{"variation_type_id":"3","selected_value":"1l"},{"variation_type_id":"2","selected_value":"Red"},{"variation_type_id":"3","selected_value":"2L"}]
DEBUG - 2025-07-14 06:12:43 --> Variation Type for ID 3: {"id":"3","variation_type":"Colour","display_name":"Color"}
DEBUG - 2025-07-14 06:12:43 --> Variation Type for ID 2: {"id":"2","variation_type":"Capacity","display_name":"Capacity"}
DEBUG - 2025-07-14 06:12:43 --> Variation Type for ID 3: {"id":"3","variation_type":"Colour","display_name":"Color"}
DEBUG - 2025-07-14 06:12:43 --> Variation Types for Product ID 6: {"3":{"variation_id":"3","variation_type":"Colour","display_name":"Color","values":["1l","2L"]},"2":{"variation_id":"2","variation_type":"Capacity","display_name":"Capacity","values":["Red"]}}
DEBUG - 2025-07-14 06:12:43 --> Selected Variations for Variation ID 7: [{"variation_type_id":"2","selected_value":"Blue"},{"variation_type_id":"3","selected_value":"2L"}]
DEBUG - 2025-07-14 06:12:43 --> Variation Details for Variation ID 7: [{"variation_id":"2","variation_type":"Colour","display_name":"Color","selected_value":"Blue"},{"variation_id":"3","variation_type":"Capacity","display_name":"Capacity","selected_value":"2L"}]
DEBUG - 2025-07-14 06:12:43 --> Selected Variations for Variation ID 9: [{"variation_type_id":"3","selected_value":"1l"},{"variation_type_id":"2","selected_value":"Blue"}]
DEBUG - 2025-07-14 06:12:43 --> Variation Details for Variation ID 9: [{"variation_id":"3","variation_type":"Capacity","display_name":"Capacity","selected_value":"1l"},{"variation_id":"2","variation_type":"Colour","display_name":"Color","selected_value":"Blue"}]
DEBUG - 2025-07-14 06:12:43 --> Variation Options for Product ID 7: [{"variation_type_id":"2","selected_value":"Blue"},{"variation_type_id":"3","selected_value":"2L"},{"variation_type_id":"2","selected_value":"Red"},{"variation_type_id":"3","selected_value":"1l"},{"variation_type_id":"3","selected_value":"1l"},{"variation_type_id":"2","selected_value":"Blue"}]
DEBUG - 2025-07-14 06:12:43 --> Variation Type for ID 2: {"id":"2","variation_type":"Capacity","display_name":"Capacity"}
DEBUG - 2025-07-14 06:12:43 --> Variation Type for ID 3: {"id":"3","variation_type":"Colour","display_name":"Color"}
DEBUG - 2025-07-14 06:12:43 --> Variation Type for ID 2: {"id":"2","variation_type":"Capacity","display_name":"Capacity"}
DEBUG - 2025-07-14 06:12:43 --> Variation Type for ID 3: {"id":"3","variation_type":"Colour","display_name":"Color"}
DEBUG - 2025-07-14 06:12:43 --> Variation Type for ID 3: {"id":"3","variation_type":"Colour","display_name":"Color"}
DEBUG - 2025-07-14 06:12:43 --> Variation Type for ID 2: {"id":"2","variation_type":"Capacity","display_name":"Capacity"}
DEBUG - 2025-07-14 06:12:43 --> Variation Types for Product ID 7: {"2":{"variation_id":"2","variation_type":"Capacity","display_name":"Capacity","values":["Blue","Red"]},"3":{"variation_id":"3","variation_type":"Colour","display_name":"Color","values":["2L","1l"]}}
DEBUG - 2025-07-14 06:12:43 --> Selected Variations for Variation ID 10: [{"variation_type_id":"2","selected_value":"Blue"},{"variation_type_id":"3","selected_value":"2L"}]
DEBUG - 2025-07-14 06:12:43 --> Variation Details for Variation ID 10: [{"variation_id":"2","variation_type":"Colour","display_name":"Color","selected_value":"Blue"},{"variation_id":"3","variation_type":"Capacity","display_name":"Capacity","selected_value":"2L"}]
DEBUG - 2025-07-14 06:12:43 --> Variation Options for Product ID 8: [{"variation_type_id":"2","selected_value":"Blue"},{"variation_type_id":"3","selected_value":"2L"}]
DEBUG - 2025-07-14 06:12:43 --> Variation Type for ID 2: {"id":"2","variation_type":"Capacity","display_name":"Capacity"}
DEBUG - 2025-07-14 06:12:43 --> Variation Type for ID 3: {"id":"3","variation_type":"Colour","display_name":"Color"}
DEBUG - 2025-07-14 06:12:43 --> Variation Types for Product ID 8: {"2":{"variation_id":"2","variation_type":"Capacity","display_name":"Capacity","values":["Blue"]},"3":{"variation_id":"3","variation_type":"Colour","display_name":"Color","values":["2L"]}}
DEBUG - 2025-07-14 06:15:46 --> Selected Variations for Variation ID 3: [{"variation_type_id":"2","selected_value":"Blue"},{"variation_type_id":"3","selected_value":"2L"}]
DEBUG - 2025-07-14 06:15:46 --> Variation Details for Variation ID 3: [{"variation_id":"2","variation_type":"Colour","display_name":"Color","selected_value":"Blue"},{"variation_id":"3","variation_type":"Capacity","display_name":"Capacity","selected_value":"2L"}]
DEBUG - 2025-07-14 06:15:46 --> Variation Options for Product ID 4: [{"variation_type_id":"2","selected_value":"Blue"},{"variation_type_id":"3","selected_value":"2L"}]
DEBUG - 2025-07-14 06:15:46 --> Variation Type for ID 2: {"id":"2","variation_type":"Capacity","display_name":"Capacity"}
DEBUG - 2025-07-14 06:15:46 --> Variation Type for ID 3: {"id":"3","variation_type":"Colour","display_name":"Color"}
DEBUG - 2025-07-14 06:15:46 --> Variation Types for Product ID 4: {"2":{"variation_id":"2","variation_type":"Capacity","display_name":"Capacity","values":["Blue"]},"3":{"variation_id":"3","variation_type":"Colour","display_name":"Color","values":["2L"]}}
DEBUG - 2025-07-14 06:15:46 --> Selected Variations for Variation ID 4: [{"variation_type_id":"2","selected_value":"Red"},{"variation_type_id":"3","selected_value":"1l"},{"variation_type_id":"2","selected_value":"Red"},{"variation_type_id":"3","selected_value":"1l"}]
DEBUG - 2025-07-14 06:15:46 --> Variation Details for Variation ID 4: [{"variation_id":"2","variation_type":"Colour","display_name":"Color","selected_value":"Red"},{"variation_id":"3","variation_type":"Capacity","display_name":"Capacity","selected_value":"1l"},{"variation_id":"2","variation_type":"Colour","display_name":"Color","selected_value":"Red"},{"variation_id":"3","variation_type":"Capacity","display_name":"Capacity","selected_value":"1l"}]
DEBUG - 2025-07-14 06:15:46 --> Variation Options for Product ID 5: [{"variation_type_id":"2","selected_value":"Red"},{"variation_type_id":"3","selected_value":"1l"},{"variation_type_id":"2","selected_value":"Red"},{"variation_type_id":"3","selected_value":"1l"}]
DEBUG - 2025-07-14 06:15:46 --> Variation Type for ID 2: {"id":"2","variation_type":"Capacity","display_name":"Capacity"}
DEBUG - 2025-07-14 06:15:46 --> Variation Type for ID 3: {"id":"3","variation_type":"Colour","display_name":"Color"}
DEBUG - 2025-07-14 06:15:46 --> Variation Type for ID 2: {"id":"2","variation_type":"Capacity","display_name":"Capacity"}
DEBUG - 2025-07-14 06:15:46 --> Variation Type for ID 3: {"id":"3","variation_type":"Colour","display_name":"Color"}
DEBUG - 2025-07-14 06:15:46 --> Variation Types for Product ID 5: {"2":{"variation_id":"2","variation_type":"Capacity","display_name":"Capacity","values":["Red"]},"3":{"variation_id":"3","variation_type":"Colour","display_name":"Color","values":["1l"]}}
DEBUG - 2025-07-14 06:15:46 --> Selected Variations for Variation ID 5: [{"variation_type_id":"3","selected_value":"1l"},{"variation_type_id":"2","selected_value":"Red"}]
DEBUG - 2025-07-14 06:15:46 --> Variation Details for Variation ID 5: [{"variation_id":"3","variation_type":"Capacity","display_name":"Capacity","selected_value":"1l"},{"variation_id":"2","variation_type":"Colour","display_name":"Color","selected_value":"Red"}]
DEBUG - 2025-07-14 06:15:46 --> Selected Variations for Variation ID 6: [{"variation_type_id":"3","selected_value":"2L"}]
DEBUG - 2025-07-14 06:15:46 --> Variation Details for Variation ID 6: [{"variation_id":"3","variation_type":"Capacity","display_name":"Capacity","selected_value":"2L"}]
DEBUG - 2025-07-14 06:15:46 --> Variation Options for Product ID 6: [{"variation_type_id":"3","selected_value":"1l"},{"variation_type_id":"2","selected_value":"Red"},{"variation_type_id":"3","selected_value":"2L"}]
DEBUG - 2025-07-14 06:15:46 --> Variation Type for ID 3: {"id":"3","variation_type":"Colour","display_name":"Color"}
DEBUG - 2025-07-14 06:15:46 --> Variation Type for ID 2: {"id":"2","variation_type":"Capacity","display_name":"Capacity"}
DEBUG - 2025-07-14 06:15:46 --> Variation Type for ID 3: {"id":"3","variation_type":"Colour","display_name":"Color"}
DEBUG - 2025-07-14 06:15:46 --> Variation Types for Product ID 6: {"3":{"variation_id":"3","variation_type":"Colour","display_name":"Color","values":["1l","2L"]},"2":{"variation_id":"2","variation_type":"Capacity","display_name":"Capacity","values":["Red"]}}
DEBUG - 2025-07-14 06:15:46 --> Selected Variations for Variation ID 7: [{"variation_type_id":"2","selected_value":"Blue"},{"variation_type_id":"3","selected_value":"2L"}]
DEBUG - 2025-07-14 06:15:46 --> Variation Details for Variation ID 7: [{"variation_id":"2","variation_type":"Colour","display_name":"Color","selected_value":"Blue"},{"variation_id":"3","variation_type":"Capacity","display_name":"Capacity","selected_value":"2L"}]
DEBUG - 2025-07-14 06:15:46 --> Selected Variations for Variation ID 9: [{"variation_type_id":"3","selected_value":"1l"},{"variation_type_id":"2","selected_value":"Blue"}]
DEBUG - 2025-07-14 06:15:46 --> Variation Details for Variation ID 9: [{"variation_id":"3","variation_type":"Capacity","display_name":"Capacity","selected_value":"1l"},{"variation_id":"2","variation_type":"Colour","display_name":"Color","selected_value":"Blue"}]
DEBUG - 2025-07-14 06:15:46 --> Variation Options for Product ID 7: [{"variation_type_id":"2","selected_value":"Blue"},{"variation_type_id":"3","selected_value":"2L"},{"variation_type_id":"2","selected_value":"Red"},{"variation_type_id":"3","selected_value":"1l"},{"variation_type_id":"3","selected_value":"1l"},{"variation_type_id":"2","selected_value":"Blue"}]
DEBUG - 2025-07-14 06:15:46 --> Variation Type for ID 2: {"id":"2","variation_type":"Capacity","display_name":"Capacity"}
DEBUG - 2025-07-14 06:15:46 --> Variation Type for ID 3: {"id":"3","variation_type":"Colour","display_name":"Color"}
DEBUG - 2025-07-14 06:15:46 --> Variation Type for ID 2: {"id":"2","variation_type":"Capacity","display_name":"Capacity"}
DEBUG - 2025-07-14 06:15:46 --> Variation Type for ID 3: {"id":"3","variation_type":"Colour","display_name":"Color"}
DEBUG - 2025-07-14 06:15:46 --> Variation Type for ID 3: {"id":"3","variation_type":"Colour","display_name":"Color"}
DEBUG - 2025-07-14 06:15:46 --> Variation Type for ID 2: {"id":"2","variation_type":"Capacity","display_name":"Capacity"}
DEBUG - 2025-07-14 06:15:46 --> Variation Types for Product ID 7: {"2":{"variation_id":"2","variation_type":"Capacity","display_name":"Capacity","values":["Blue","Red"]},"3":{"variation_id":"3","variation_type":"Colour","display_name":"Color","values":["2L","1l"]}}
DEBUG - 2025-07-14 06:15:46 --> Selected Variations for Variation ID 10: [{"variation_type_id":"2","selected_value":"Blue"},{"variation_type_id":"3","selected_value":"2L"}]
DEBUG - 2025-07-14 06:15:46 --> Variation Details for Variation ID 10: [{"variation_id":"2","variation_type":"Colour","display_name":"Color","selected_value":"Blue"},{"variation_id":"3","variation_type":"Capacity","display_name":"Capacity","selected_value":"2L"}]
DEBUG - 2025-07-14 06:15:46 --> Variation Options for Product ID 8: [{"variation_type_id":"2","selected_value":"Blue"},{"variation_type_id":"3","selected_value":"2L"}]
DEBUG - 2025-07-14 06:15:46 --> Variation Type for ID 2: {"id":"2","variation_type":"Capacity","display_name":"Capacity"}
DEBUG - 2025-07-14 06:15:46 --> Variation Type for ID 3: {"id":"3","variation_type":"Colour","display_name":"Color"}
DEBUG - 2025-07-14 06:15:46 --> Variation Types for Product ID 8: {"2":{"variation_id":"2","variation_type":"Capacity","display_name":"Capacity","values":["Blue"]},"3":{"variation_id":"3","variation_type":"Colour","display_name":"Color","values":["2L"]}}
DEBUG - 2025-07-14 06:15:57 --> Selected Variations for Variation ID 3: [{"variation_type_id":"2","selected_value":"Blue"},{"variation_type_id":"3","selected_value":"2L"}]
DEBUG - 2025-07-14 06:15:57 --> Variation Details for Variation ID 3: [{"variation_id":"2","variation_type":"Colour","display_name":"Color","selected_value":"Blue"},{"variation_id":"3","variation_type":"Capacity","display_name":"Capacity","selected_value":"2L"}]
DEBUG - 2025-07-14 06:15:57 --> Variation Options for Product ID 4: [{"variation_type_id":"2","selected_value":"Blue"},{"variation_type_id":"3","selected_value":"2L"}]
DEBUG - 2025-07-14 06:15:57 --> Variation Type for ID 2: {"id":"2","variation_type":"Capacity","display_name":"Capacity"}
DEBUG - 2025-07-14 06:15:57 --> Variation Type for ID 3: {"id":"3","variation_type":"Colour","display_name":"Color"}
DEBUG - 2025-07-14 06:15:57 --> Variation Types for Product ID 4: {"2":{"variation_id":"2","variation_type":"Capacity","display_name":"Capacity","values":["Blue"]},"3":{"variation_id":"3","variation_type":"Colour","display_name":"Color","values":["2L"]}}
DEBUG - 2025-07-14 06:15:57 --> Selected Variations for Variation ID 4: [{"variation_type_id":"2","selected_value":"Red"},{"variation_type_id":"3","selected_value":"1l"},{"variation_type_id":"2","selected_value":"Red"},{"variation_type_id":"3","selected_value":"1l"}]
DEBUG - 2025-07-14 06:15:57 --> Variation Details for Variation ID 4: [{"variation_id":"2","variation_type":"Colour","display_name":"Color","selected_value":"Red"},{"variation_id":"3","variation_type":"Capacity","display_name":"Capacity","selected_value":"1l"},{"variation_id":"2","variation_type":"Colour","display_name":"Color","selected_value":"Red"},{"variation_id":"3","variation_type":"Capacity","display_name":"Capacity","selected_value":"1l"}]
DEBUG - 2025-07-14 06:15:57 --> Variation Options for Product ID 5: [{"variation_type_id":"2","selected_value":"Red"},{"variation_type_id":"3","selected_value":"1l"},{"variation_type_id":"2","selected_value":"Red"},{"variation_type_id":"3","selected_value":"1l"}]
DEBUG - 2025-07-14 06:15:57 --> Variation Type for ID 2: {"id":"2","variation_type":"Capacity","display_name":"Capacity"}
DEBUG - 2025-07-14 06:15:57 --> Variation Type for ID 3: {"id":"3","variation_type":"Colour","display_name":"Color"}
DEBUG - 2025-07-14 06:15:57 --> Variation Type for ID 2: {"id":"2","variation_type":"Capacity","display_name":"Capacity"}
DEBUG - 2025-07-14 06:15:57 --> Variation Type for ID 3: {"id":"3","variation_type":"Colour","display_name":"Color"}
DEBUG - 2025-07-14 06:15:57 --> Variation Types for Product ID 5: {"2":{"variation_id":"2","variation_type":"Capacity","display_name":"Capacity","values":["Red"]},"3":{"variation_id":"3","variation_type":"Colour","display_name":"Color","values":["1l"]}}
DEBUG - 2025-07-14 06:15:57 --> Selected Variations for Variation ID 5: [{"variation_type_id":"3","selected_value":"1l"},{"variation_type_id":"2","selected_value":"Red"}]
DEBUG - 2025-07-14 06:15:57 --> Variation Details for Variation ID 5: [{"variation_id":"3","variation_type":"Capacity","display_name":"Capacity","selected_value":"1l"},{"variation_id":"2","variation_type":"Colour","display_name":"Color","selected_value":"Red"}]
DEBUG - 2025-07-14 06:15:57 --> Selected Variations for Variation ID 6: [{"variation_type_id":"3","selected_value":"2L"}]
DEBUG - 2025-07-14 06:15:57 --> Variation Details for Variation ID 6: [{"variation_id":"3","variation_type":"Capacity","display_name":"Capacity","selected_value":"2L"}]
DEBUG - 2025-07-14 06:15:57 --> Variation Options for Product ID 6: [{"variation_type_id":"3","selected_value":"1l"},{"variation_type_id":"2","selected_value":"Red"},{"variation_type_id":"3","selected_value":"2L"}]
DEBUG - 2025-07-14 06:15:57 --> Variation Type for ID 3: {"id":"3","variation_type":"Colour","display_name":"Color"}
DEBUG - 2025-07-14 06:15:57 --> Variation Type for ID 2: {"id":"2","variation_type":"Capacity","display_name":"Capacity"}
DEBUG - 2025-07-14 06:15:57 --> Variation Type for ID 3: {"id":"3","variation_type":"Colour","display_name":"Color"}
DEBUG - 2025-07-14 06:15:57 --> Variation Types for Product ID 6: {"3":{"variation_id":"3","variation_type":"Colour","display_name":"Color","values":["1l","2L"]},"2":{"variation_id":"2","variation_type":"Capacity","display_name":"Capacity","values":["Red"]}}
DEBUG - 2025-07-14 06:15:57 --> Selected Variations for Variation ID 7: [{"variation_type_id":"2","selected_value":"Blue"},{"variation_type_id":"3","selected_value":"2L"}]
DEBUG - 2025-07-14 06:15:57 --> Variation Details for Variation ID 7: [{"variation_id":"2","variation_type":"Colour","display_name":"Color","selected_value":"Blue"},{"variation_id":"3","variation_type":"Capacity","display_name":"Capacity","selected_value":"2L"}]
DEBUG - 2025-07-14 06:15:57 --> Selected Variations for Variation ID 9: [{"variation_type_id":"3","selected_value":"1l"},{"variation_type_id":"2","selected_value":"Blue"}]
DEBUG - 2025-07-14 06:15:57 --> Variation Details for Variation ID 9: [{"variation_id":"3","variation_type":"Capacity","display_name":"Capacity","selected_value":"1l"},{"variation_id":"2","variation_type":"Colour","display_name":"Color","selected_value":"Blue"}]
DEBUG - 2025-07-14 06:15:57 --> Variation Options for Product ID 7: [{"variation_type_id":"2","selected_value":"Blue"},{"variation_type_id":"3","selected_value":"2L"},{"variation_type_id":"2","selected_value":"Red"},{"variation_type_id":"3","selected_value":"1l"},{"variation_type_id":"3","selected_value":"1l"},{"variation_type_id":"2","selected_value":"Blue"}]
DEBUG - 2025-07-14 06:15:57 --> Variation Type for ID 2: {"id":"2","variation_type":"Capacity","display_name":"Capacity"}
DEBUG - 2025-07-14 06:15:57 --> Variation Type for ID 3: {"id":"3","variation_type":"Colour","display_name":"Color"}
DEBUG - 2025-07-14 06:15:57 --> Variation Type for ID 2: {"id":"2","variation_type":"Capacity","display_name":"Capacity"}
DEBUG - 2025-07-14 06:15:57 --> Variation Type for ID 3: {"id":"3","variation_type":"Colour","display_name":"Color"}
DEBUG - 2025-07-14 06:15:57 --> Variation Type for ID 3: {"id":"3","variation_type":"Colour","display_name":"Color"}
DEBUG - 2025-07-14 06:15:57 --> Variation Type for ID 2: {"id":"2","variation_type":"Capacity","display_name":"Capacity"}
DEBUG - 2025-07-14 06:15:57 --> Variation Types for Product ID 7: {"2":{"variation_id":"2","variation_type":"Capacity","display_name":"Capacity","values":["Blue","Red"]},"3":{"variation_id":"3","variation_type":"Colour","display_name":"Color","values":["2L","1l"]}}
DEBUG - 2025-07-14 06:15:57 --> Selected Variations for Variation ID 10: [{"variation_type_id":"2","selected_value":"Blue"},{"variation_type_id":"3","selected_value":"2L"}]
DEBUG - 2025-07-14 06:15:57 --> Variation Details for Variation ID 10: [{"variation_id":"2","variation_type":"Colour","display_name":"Color","selected_value":"Blue"},{"variation_id":"3","variation_type":"Capacity","display_name":"Capacity","selected_value":"2L"}]
DEBUG - 2025-07-14 06:15:57 --> Variation Options for Product ID 8: [{"variation_type_id":"2","selected_value":"Blue"},{"variation_type_id":"3","selected_value":"2L"}]
DEBUG - 2025-07-14 06:15:57 --> Variation Type for ID 2: {"id":"2","variation_type":"Capacity","display_name":"Capacity"}
DEBUG - 2025-07-14 06:15:57 --> Variation Type for ID 3: {"id":"3","variation_type":"Colour","display_name":"Color"}
DEBUG - 2025-07-14 06:15:57 --> Variation Types for Product ID 8: {"2":{"variation_id":"2","variation_type":"Capacity","display_name":"Capacity","values":["Blue"]},"3":{"variation_id":"3","variation_type":"Colour","display_name":"Color","values":["2L"]}}
DEBUG - 2025-07-14 07:15:24 --> Selected Variations for Variation ID 3: [{"variation_type_id":"2","selected_value":"Blue"},{"variation_type_id":"3","selected_value":"2L"}]
DEBUG - 2025-07-14 07:15:24 --> Variation Details for Variation ID 3: [{"variation_id":"2","variation_type":"Colour","display_name":"Color","selected_value":"Blue"},{"variation_id":"3","variation_type":"Capacity","display_name":"Capacity","selected_value":"2L"}]
DEBUG - 2025-07-14 07:15:24 --> Variation Options for Product ID 4: [{"variation_type_id":"2","selected_value":"Blue"},{"variation_type_id":"3","selected_value":"2L"}]
DEBUG - 2025-07-14 07:15:24 --> Variation Type for ID 2: {"id":"2","variation_type":"Capacity","display_name":"Capacity"}
DEBUG - 2025-07-14 07:15:24 --> Variation Type for ID 3: {"id":"3","variation_type":"Colour","display_name":"Color"}
DEBUG - 2025-07-14 07:15:24 --> Variation Types for Product ID 4: {"2":{"variation_id":"2","variation_type":"Capacity","display_name":"Capacity","values":["Blue"]},"3":{"variation_id":"3","variation_type":"Colour","display_name":"Color","values":["2L"]}}
DEBUG - 2025-07-14 07:15:24 --> Selected Variations for Variation ID 4: [{"variation_type_id":"2","selected_value":"Red"},{"variation_type_id":"3","selected_value":"1l"},{"variation_type_id":"2","selected_value":"Red"},{"variation_type_id":"3","selected_value":"1l"}]
DEBUG - 2025-07-14 07:15:25 --> Variation Details for Variation ID 4: [{"variation_id":"2","variation_type":"Colour","display_name":"Color","selected_value":"Red"},{"variation_id":"3","variation_type":"Capacity","display_name":"Capacity","selected_value":"1l"},{"variation_id":"2","variation_type":"Colour","display_name":"Color","selected_value":"Red"},{"variation_id":"3","variation_type":"Capacity","display_name":"Capacity","selected_value":"1l"}]
DEBUG - 2025-07-14 07:15:25 --> Variation Options for Product ID 5: [{"variation_type_id":"2","selected_value":"Red"},{"variation_type_id":"3","selected_value":"1l"},{"variation_type_id":"2","selected_value":"Red"},{"variation_type_id":"3","selected_value":"1l"}]
DEBUG - 2025-07-14 07:15:25 --> Variation Type for ID 2: {"id":"2","variation_type":"Capacity","display_name":"Capacity"}
DEBUG - 2025-07-14 07:15:25 --> Variation Type for ID 3: {"id":"3","variation_type":"Colour","display_name":"Color"}
DEBUG - 2025-07-14 07:15:25 --> Variation Type for ID 2: {"id":"2","variation_type":"Capacity","display_name":"Capacity"}
DEBUG - 2025-07-14 07:15:25 --> Variation Type for ID 3: {"id":"3","variation_type":"Colour","display_name":"Color"}
DEBUG - 2025-07-14 07:15:25 --> Variation Types for Product ID 5: {"2":{"variation_id":"2","variation_type":"Capacity","display_name":"Capacity","values":["Red"]},"3":{"variation_id":"3","variation_type":"Colour","display_name":"Color","values":["1l"]}}
DEBUG - 2025-07-14 07:15:25 --> Selected Variations for Variation ID 5: [{"variation_type_id":"3","selected_value":"1l"},{"variation_type_id":"2","selected_value":"Red"}]
DEBUG - 2025-07-14 07:15:25 --> Variation Details for Variation ID 5: [{"variation_id":"3","variation_type":"Capacity","display_name":"Capacity","selected_value":"1l"},{"variation_id":"2","variation_type":"Colour","display_name":"Color","selected_value":"Red"}]
DEBUG - 2025-07-14 07:15:25 --> Selected Variations for Variation ID 6: [{"variation_type_id":"3","selected_value":"2L"}]
DEBUG - 2025-07-14 07:15:25 --> Variation Details for Variation ID 6: [{"variation_id":"3","variation_type":"Capacity","display_name":"Capacity","selected_value":"2L"}]
DEBUG - 2025-07-14 07:15:25 --> Variation Options for Product ID 6: [{"variation_type_id":"3","selected_value":"1l"},{"variation_type_id":"2","selected_value":"Red"},{"variation_type_id":"3","selected_value":"2L"}]
DEBUG - 2025-07-14 07:15:25 --> Variation Type for ID 3: {"id":"3","variation_type":"Colour","display_name":"Color"}
DEBUG - 2025-07-14 07:15:25 --> Variation Type for ID 2: {"id":"2","variation_type":"Capacity","display_name":"Capacity"}
DEBUG - 2025-07-14 07:15:26 --> Variation Type for ID 3: {"id":"3","variation_type":"Colour","display_name":"Color"}
DEBUG - 2025-07-14 07:15:26 --> Variation Types for Product ID 6: {"3":{"variation_id":"3","variation_type":"Colour","display_name":"Color","values":["1l","2L"]},"2":{"variation_id":"2","variation_type":"Capacity","display_name":"Capacity","values":["Red"]}}
DEBUG - 2025-07-14 07:15:26 --> Selected Variations for Variation ID 7: [{"variation_type_id":"2","selected_value":"Blue"},{"variation_type_id":"3","selected_value":"2L"}]
DEBUG - 2025-07-14 07:15:26 --> Variation Details for Variation ID 7: [{"variation_id":"2","variation_type":"Colour","display_name":"Color","selected_value":"Blue"},{"variation_id":"3","variation_type":"Capacity","display_name":"Capacity","selected_value":"2L"}]
DEBUG - 2025-07-14 07:15:26 --> Selected Variations for Variation ID 9: [{"variation_type_id":"3","selected_value":"1l"},{"variation_type_id":"2","selected_value":"Blue"}]
DEBUG - 2025-07-14 07:15:26 --> Variation Details for Variation ID 9: [{"variation_id":"3","variation_type":"Capacity","display_name":"Capacity","selected_value":"1l"},{"variation_id":"2","variation_type":"Colour","display_name":"Color","selected_value":"Blue"}]
DEBUG - 2025-07-14 07:15:26 --> Variation Options for Product ID 7: [{"variation_type_id":"2","selected_value":"Blue"},{"variation_type_id":"3","selected_value":"2L"},{"variation_type_id":"2","selected_value":"Red"},{"variation_type_id":"3","selected_value":"1l"},{"variation_type_id":"3","selected_value":"1l"},{"variation_type_id":"2","selected_value":"Blue"}]
DEBUG - 2025-07-14 07:15:26 --> Variation Type for ID 2: {"id":"2","variation_type":"Capacity","display_name":"Capacity"}
DEBUG - 2025-07-14 07:15:26 --> Variation Type for ID 3: {"id":"3","variation_type":"Colour","display_name":"Color"}
DEBUG - 2025-07-14 07:15:26 --> Variation Type for ID 2: {"id":"2","variation_type":"Capacity","display_name":"Capacity"}
DEBUG - 2025-07-14 07:15:26 --> Variation Type for ID 3: {"id":"3","variation_type":"Colour","display_name":"Color"}
DEBUG - 2025-07-14 07:15:26 --> Variation Type for ID 3: {"id":"3","variation_type":"Colour","display_name":"Color"}
DEBUG - 2025-07-14 07:15:26 --> Variation Type for ID 2: {"id":"2","variation_type":"Capacity","display_name":"Capacity"}
DEBUG - 2025-07-14 07:15:26 --> Variation Types for Product ID 7: {"2":{"variation_id":"2","variation_type":"Capacity","display_name":"Capacity","values":["Blue","Red"]},"3":{"variation_id":"3","variation_type":"Colour","display_name":"Color","values":["2L","1l"]}}
DEBUG - 2025-07-14 07:15:26 --> Selected Variations for Variation ID 10: [{"variation_type_id":"2","selected_value":"Blue"},{"variation_type_id":"3","selected_value":"2L"}]
DEBUG - 2025-07-14 07:15:27 --> Variation Details for Variation ID 10: [{"variation_id":"2","variation_type":"Colour","display_name":"Color","selected_value":"Blue"},{"variation_id":"3","variation_type":"Capacity","display_name":"Capacity","selected_value":"2L"}]
DEBUG - 2025-07-14 07:15:27 --> Variation Options for Product ID 8: [{"variation_type_id":"2","selected_value":"Blue"},{"variation_type_id":"3","selected_value":"2L"}]
DEBUG - 2025-07-14 07:15:27 --> Variation Type for ID 2: {"id":"2","variation_type":"Capacity","display_name":"Capacity"}
DEBUG - 2025-07-14 07:15:27 --> Variation Type for ID 3: {"id":"3","variation_type":"Colour","display_name":"Color"}
DEBUG - 2025-07-14 07:15:27 --> Variation Types for Product ID 8: {"2":{"variation_id":"2","variation_type":"Capacity","display_name":"Capacity","values":["Blue"]},"3":{"variation_id":"3","variation_type":"Colour","display_name":"Color","values":["2L"]}}
DEBUG - 2025-07-14 07:15:37 --> Selected Variations for Variation ID 3: [{"variation_type_id":"2","selected_value":"Blue"},{"variation_type_id":"3","selected_value":"2L"}]
DEBUG - 2025-07-14 07:15:37 --> Variation Details for Variation ID 3: [{"variation_id":"2","variation_type":"Colour","display_name":"Color","selected_value":"Blue"},{"variation_id":"3","variation_type":"Capacity","display_name":"Capacity","selected_value":"2L"}]
DEBUG - 2025-07-14 07:15:37 --> Variation Options for Product ID 4: [{"variation_type_id":"2","selected_value":"Blue"},{"variation_type_id":"3","selected_value":"2L"}]
DEBUG - 2025-07-14 07:15:37 --> Variation Type for ID 2: {"id":"2","variation_type":"Capacity","display_name":"Capacity"}
DEBUG - 2025-07-14 07:15:37 --> Variation Type for ID 3: {"id":"3","variation_type":"Colour","display_name":"Color"}
DEBUG - 2025-07-14 07:15:38 --> Variation Types for Product ID 4: {"2":{"variation_id":"2","variation_type":"Capacity","display_name":"Capacity","values":["Blue"]},"3":{"variation_id":"3","variation_type":"Colour","display_name":"Color","values":["2L"]}}
DEBUG - 2025-07-14 07:15:38 --> Selected Variations for Variation ID 4: [{"variation_type_id":"2","selected_value":"Red"},{"variation_type_id":"3","selected_value":"1l"},{"variation_type_id":"2","selected_value":"Red"},{"variation_type_id":"3","selected_value":"1l"}]
DEBUG - 2025-07-14 07:15:38 --> Variation Details for Variation ID 4: [{"variation_id":"2","variation_type":"Colour","display_name":"Color","selected_value":"Red"},{"variation_id":"3","variation_type":"Capacity","display_name":"Capacity","selected_value":"1l"},{"variation_id":"2","variation_type":"Colour","display_name":"Color","selected_value":"Red"},{"variation_id":"3","variation_type":"Capacity","display_name":"Capacity","selected_value":"1l"}]
DEBUG - 2025-07-14 07:15:38 --> Variation Options for Product ID 5: [{"variation_type_id":"2","selected_value":"Red"},{"variation_type_id":"3","selected_value":"1l"},{"variation_type_id":"2","selected_value":"Red"},{"variation_type_id":"3","selected_value":"1l"}]
DEBUG - 2025-07-14 07:15:38 --> Variation Type for ID 2: {"id":"2","variation_type":"Capacity","display_name":"Capacity"}
DEBUG - 2025-07-14 07:15:38 --> Variation Type for ID 3: {"id":"3","variation_type":"Colour","display_name":"Color"}
DEBUG - 2025-07-14 07:15:38 --> Variation Type for ID 2: {"id":"2","variation_type":"Capacity","display_name":"Capacity"}
DEBUG - 2025-07-14 07:15:38 --> Variation Type for ID 3: {"id":"3","variation_type":"Colour","display_name":"Color"}
DEBUG - 2025-07-14 07:15:38 --> Variation Types for Product ID 5: {"2":{"variation_id":"2","variation_type":"Capacity","display_name":"Capacity","values":["Red"]},"3":{"variation_id":"3","variation_type":"Colour","display_name":"Color","values":["1l"]}}
DEBUG - 2025-07-14 07:15:38 --> Selected Variations for Variation ID 5: [{"variation_type_id":"3","selected_value":"1l"},{"variation_type_id":"2","selected_value":"Red"}]
DEBUG - 2025-07-14 07:15:38 --> Variation Details for Variation ID 5: [{"variation_id":"3","variation_type":"Capacity","display_name":"Capacity","selected_value":"1l"},{"variation_id":"2","variation_type":"Colour","display_name":"Color","selected_value":"Red"}]
DEBUG - 2025-07-14 07:15:38 --> Selected Variations for Variation ID 6: [{"variation_type_id":"3","selected_value":"2L"}]
DEBUG - 2025-07-14 07:15:38 --> Variation Details for Variation ID 6: [{"variation_id":"3","variation_type":"Capacity","display_name":"Capacity","selected_value":"2L"}]
DEBUG - 2025-07-14 07:15:38 --> Variation Options for Product ID 6: [{"variation_type_id":"3","selected_value":"1l"},{"variation_type_id":"2","selected_value":"Red"},{"variation_type_id":"3","selected_value":"2L"}]
DEBUG - 2025-07-14 07:15:38 --> Variation Type for ID 3: {"id":"3","variation_type":"Colour","display_name":"Color"}
DEBUG - 2025-07-14 07:15:38 --> Variation Type for ID 2: {"id":"2","variation_type":"Capacity","display_name":"Capacity"}
DEBUG - 2025-07-14 07:15:38 --> Variation Type for ID 3: {"id":"3","variation_type":"Colour","display_name":"Color"}
DEBUG - 2025-07-14 07:15:38 --> Variation Types for Product ID 6: {"3":{"variation_id":"3","variation_type":"Colour","display_name":"Color","values":["1l","2L"]},"2":{"variation_id":"2","variation_type":"Capacity","display_name":"Capacity","values":["Red"]}}
DEBUG - 2025-07-14 07:15:38 --> Selected Variations for Variation ID 7: [{"variation_type_id":"2","selected_value":"Blue"},{"variation_type_id":"3","selected_value":"2L"}]
DEBUG - 2025-07-14 07:15:38 --> Variation Details for Variation ID 7: [{"variation_id":"2","variation_type":"Colour","display_name":"Color","selected_value":"Blue"},{"variation_id":"3","variation_type":"Capacity","display_name":"Capacity","selected_value":"2L"}]
DEBUG - 2025-07-14 07:15:38 --> Selected Variations for Variation ID 9: [{"variation_type_id":"3","selected_value":"1l"},{"variation_type_id":"2","selected_value":"Blue"}]
DEBUG - 2025-07-14 07:15:38 --> Variation Details for Variation ID 9: [{"variation_id":"3","variation_type":"Capacity","display_name":"Capacity","selected_value":"1l"},{"variation_id":"2","variation_type":"Colour","display_name":"Color","selected_value":"Blue"}]
DEBUG - 2025-07-14 07:15:38 --> Variation Options for Product ID 7: [{"variation_type_id":"2","selected_value":"Blue"},{"variation_type_id":"3","selected_value":"2L"},{"variation_type_id":"2","selected_value":"Red"},{"variation_type_id":"3","selected_value":"1l"},{"variation_type_id":"3","selected_value":"1l"},{"variation_type_id":"2","selected_value":"Blue"}]
DEBUG - 2025-07-14 07:15:38 --> Variation Type for ID 2: {"id":"2","variation_type":"Capacity","display_name":"Capacity"}
DEBUG - 2025-07-14 07:15:38 --> Variation Type for ID 3: {"id":"3","variation_type":"Colour","display_name":"Color"}
DEBUG - 2025-07-14 07:15:38 --> Variation Type for ID 2: {"id":"2","variation_type":"Capacity","display_name":"Capacity"}
DEBUG - 2025-07-14 07:15:38 --> Variation Type for ID 3: {"id":"3","variation_type":"Colour","display_name":"Color"}
DEBUG - 2025-07-14 07:15:38 --> Variation Type for ID 3: {"id":"3","variation_type":"Colour","display_name":"Color"}
DEBUG - 2025-07-14 07:15:38 --> Variation Type for ID 2: {"id":"2","variation_type":"Capacity","display_name":"Capacity"}
DEBUG - 2025-07-14 07:15:38 --> Variation Types for Product ID 7: {"2":{"variation_id":"2","variation_type":"Capacity","display_name":"Capacity","values":["Blue","Red"]},"3":{"variation_id":"3","variation_type":"Colour","display_name":"Color","values":["2L","1l"]}}
DEBUG - 2025-07-14 07:15:38 --> Selected Variations for Variation ID 10: [{"variation_type_id":"2","selected_value":"Blue"},{"variation_type_id":"3","selected_value":"2L"}]
DEBUG - 2025-07-14 07:15:38 --> Variation Details for Variation ID 10: [{"variation_id":"2","variation_type":"Colour","display_name":"Color","selected_value":"Blue"},{"variation_id":"3","variation_type":"Capacity","display_name":"Capacity","selected_value":"2L"}]
DEBUG - 2025-07-14 07:15:38 --> Variation Options for Product ID 8: [{"variation_type_id":"2","selected_value":"Blue"},{"variation_type_id":"3","selected_value":"2L"}]
DEBUG - 2025-07-14 07:15:38 --> Variation Type for ID 2: {"id":"2","variation_type":"Capacity","display_name":"Capacity"}
DEBUG - 2025-07-14 07:15:38 --> Variation Type for ID 3: {"id":"3","variation_type":"Colour","display_name":"Color"}
DEBUG - 2025-07-14 07:15:38 --> Variation Types for Product ID 8: {"2":{"variation_id":"2","variation_type":"Capacity","display_name":"Capacity","values":["Blue"]},"3":{"variation_id":"3","variation_type":"Colour","display_name":"Color","values":["2L"]}}
DEBUG - 2025-07-14 07:15:41 --> Selected Variations for Variation ID 3: [{"variation_type_id":"2","selected_value":"Blue"},{"variation_type_id":"3","selected_value":"2L"}]
DEBUG - 2025-07-14 07:15:41 --> Variation Details for Variation ID 3: [{"variation_id":"2","variation_type":"Colour","display_name":"Color","selected_value":"Blue"},{"variation_id":"3","variation_type":"Capacity","display_name":"Capacity","selected_value":"2L"}]
DEBUG - 2025-07-14 07:15:41 --> Variation Options for Product ID 4: [{"variation_type_id":"2","selected_value":"Blue"},{"variation_type_id":"3","selected_value":"2L"}]
DEBUG - 2025-07-14 07:15:41 --> Variation Type for ID 2: {"id":"2","variation_type":"Capacity","display_name":"Capacity"}
DEBUG - 2025-07-14 07:15:41 --> Variation Type for ID 3: {"id":"3","variation_type":"Colour","display_name":"Color"}
DEBUG - 2025-07-14 07:15:41 --> Variation Types for Product ID 4: {"2":{"variation_id":"2","variation_type":"Capacity","display_name":"Capacity","values":["Blue"]},"3":{"variation_id":"3","variation_type":"Colour","display_name":"Color","values":["2L"]}}
DEBUG - 2025-07-14 07:15:41 --> Selected Variations for Variation ID 4: [{"variation_type_id":"2","selected_value":"Red"},{"variation_type_id":"3","selected_value":"1l"},{"variation_type_id":"2","selected_value":"Red"},{"variation_type_id":"3","selected_value":"1l"}]
DEBUG - 2025-07-14 07:15:41 --> Variation Details for Variation ID 4: [{"variation_id":"2","variation_type":"Colour","display_name":"Color","selected_value":"Red"},{"variation_id":"3","variation_type":"Capacity","display_name":"Capacity","selected_value":"1l"},{"variation_id":"2","variation_type":"Colour","display_name":"Color","selected_value":"Red"},{"variation_id":"3","variation_type":"Capacity","display_name":"Capacity","selected_value":"1l"}]
DEBUG - 2025-07-14 07:15:41 --> Variation Options for Product ID 5: [{"variation_type_id":"2","selected_value":"Red"},{"variation_type_id":"3","selected_value":"1l"},{"variation_type_id":"2","selected_value":"Red"},{"variation_type_id":"3","selected_value":"1l"}]
DEBUG - 2025-07-14 07:15:41 --> Variation Type for ID 2: {"id":"2","variation_type":"Capacity","display_name":"Capacity"}
DEBUG - 2025-07-14 07:15:41 --> Variation Type for ID 3: {"id":"3","variation_type":"Colour","display_name":"Color"}
DEBUG - 2025-07-14 07:15:41 --> Variation Type for ID 2: {"id":"2","variation_type":"Capacity","display_name":"Capacity"}
DEBUG - 2025-07-14 07:15:41 --> Variation Type for ID 3: {"id":"3","variation_type":"Colour","display_name":"Color"}
DEBUG - 2025-07-14 07:15:41 --> Variation Types for Product ID 5: {"2":{"variation_id":"2","variation_type":"Capacity","display_name":"Capacity","values":["Red"]},"3":{"variation_id":"3","variation_type":"Colour","display_name":"Color","values":["1l"]}}
DEBUG - 2025-07-14 07:15:41 --> Selected Variations for Variation ID 5: [{"variation_type_id":"3","selected_value":"1l"},{"variation_type_id":"2","selected_value":"Red"}]
DEBUG - 2025-07-14 07:15:41 --> Variation Details for Variation ID 5: [{"variation_id":"3","variation_type":"Capacity","display_name":"Capacity","selected_value":"1l"},{"variation_id":"2","variation_type":"Colour","display_name":"Color","selected_value":"Red"}]
DEBUG - 2025-07-14 07:15:41 --> Selected Variations for Variation ID 6: [{"variation_type_id":"3","selected_value":"2L"}]
DEBUG - 2025-07-14 07:15:41 --> Variation Details for Variation ID 6: [{"variation_id":"3","variation_type":"Capacity","display_name":"Capacity","selected_value":"2L"}]
DEBUG - 2025-07-14 07:15:41 --> Variation Options for Product ID 6: [{"variation_type_id":"3","selected_value":"1l"},{"variation_type_id":"2","selected_value":"Red"},{"variation_type_id":"3","selected_value":"2L"}]
DEBUG - 2025-07-14 07:15:41 --> Variation Type for ID 3: {"id":"3","variation_type":"Colour","display_name":"Color"}
DEBUG - 2025-07-14 07:15:41 --> Variation Type for ID 2: {"id":"2","variation_type":"Capacity","display_name":"Capacity"}
DEBUG - 2025-07-14 07:15:41 --> Variation Type for ID 3: {"id":"3","variation_type":"Colour","display_name":"Color"}
DEBUG - 2025-07-14 07:15:41 --> Variation Types for Product ID 6: {"3":{"variation_id":"3","variation_type":"Colour","display_name":"Color","values":["1l","2L"]},"2":{"variation_id":"2","variation_type":"Capacity","display_name":"Capacity","values":["Red"]}}
DEBUG - 2025-07-14 07:15:41 --> Selected Variations for Variation ID 7: [{"variation_type_id":"2","selected_value":"Blue"},{"variation_type_id":"3","selected_value":"2L"}]
DEBUG - 2025-07-14 07:15:41 --> Variation Details for Variation ID 7: [{"variation_id":"2","variation_type":"Colour","display_name":"Color","selected_value":"Blue"},{"variation_id":"3","variation_type":"Capacity","display_name":"Capacity","selected_value":"2L"}]
DEBUG - 2025-07-14 07:15:41 --> Selected Variations for Variation ID 9: [{"variation_type_id":"3","selected_value":"1l"},{"variation_type_id":"2","selected_value":"Blue"}]
DEBUG - 2025-07-14 07:15:41 --> Variation Details for Variation ID 9: [{"variation_id":"3","variation_type":"Capacity","display_name":"Capacity","selected_value":"1l"},{"variation_id":"2","variation_type":"Colour","display_name":"Color","selected_value":"Blue"}]
DEBUG - 2025-07-14 07:15:41 --> Variation Options for Product ID 7: [{"variation_type_id":"2","selected_value":"Blue"},{"variation_type_id":"3","selected_value":"2L"},{"variation_type_id":"2","selected_value":"Red"},{"variation_type_id":"3","selected_value":"1l"},{"variation_type_id":"3","selected_value":"1l"},{"variation_type_id":"2","selected_value":"Blue"}]
DEBUG - 2025-07-14 07:15:41 --> Variation Type for ID 2: {"id":"2","variation_type":"Capacity","display_name":"Capacity"}
DEBUG - 2025-07-14 07:15:41 --> Variation Type for ID 3: {"id":"3","variation_type":"Colour","display_name":"Color"}
DEBUG - 2025-07-14 07:15:41 --> Variation Type for ID 2: {"id":"2","variation_type":"Capacity","display_name":"Capacity"}
DEBUG - 2025-07-14 07:15:41 --> Variation Type for ID 3: {"id":"3","variation_type":"Colour","display_name":"Color"}
DEBUG - 2025-07-14 07:15:41 --> Variation Type for ID 3: {"id":"3","variation_type":"Colour","display_name":"Color"}
DEBUG - 2025-07-14 07:15:41 --> Variation Type for ID 2: {"id":"2","variation_type":"Capacity","display_name":"Capacity"}
DEBUG - 2025-07-14 07:15:41 --> Variation Types for Product ID 7: {"2":{"variation_id":"2","variation_type":"Capacity","display_name":"Capacity","values":["Blue","Red"]},"3":{"variation_id":"3","variation_type":"Colour","display_name":"Color","values":["2L","1l"]}}
DEBUG - 2025-07-14 07:15:41 --> Selected Variations for Variation ID 10: [{"variation_type_id":"2","selected_value":"Blue"},{"variation_type_id":"3","selected_value":"2L"}]
DEBUG - 2025-07-14 07:15:41 --> Variation Details for Variation ID 10: [{"variation_id":"2","variation_type":"Colour","display_name":"Color","selected_value":"Blue"},{"variation_id":"3","variation_type":"Capacity","display_name":"Capacity","selected_value":"2L"}]
DEBUG - 2025-07-14 07:15:41 --> Variation Options for Product ID 8: [{"variation_type_id":"2","selected_value":"Blue"},{"variation_type_id":"3","selected_value":"2L"}]
DEBUG - 2025-07-14 07:15:41 --> Variation Type for ID 2: {"id":"2","variation_type":"Capacity","display_name":"Capacity"}
DEBUG - 2025-07-14 07:15:41 --> Variation Type for ID 3: {"id":"3","variation_type":"Colour","display_name":"Color"}
DEBUG - 2025-07-14 07:15:41 --> Variation Types for Product ID 8: {"2":{"variation_id":"2","variation_type":"Capacity","display_name":"Capacity","values":["Blue"]},"3":{"variation_id":"3","variation_type":"Colour","display_name":"Color","values":["2L"]}}
DEBUG - 2025-07-14 07:57:51 --> Selected Variations for Variation ID 3: [{"variation_type_id":"2","selected_value":"Blue"},{"variation_type_id":"3","selected_value":"2L"}]
DEBUG - 2025-07-14 07:57:51 --> Variation Details for Variation ID 3: [{"variation_id":"2","variation_type":"Colour","display_name":"Color","selected_value":"Blue"},{"variation_id":"3","variation_type":"Capacity","display_name":"Capacity","selected_value":"2L"}]
DEBUG - 2025-07-14 07:57:51 --> Variation Options for Product ID 4: [{"variation_type_id":"2","selected_value":"Blue"},{"variation_type_id":"3","selected_value":"2L"}]
DEBUG - 2025-07-14 07:57:51 --> Variation Type for ID 2: {"id":"2","variation_type":"Capacity","display_name":"Capacity"}
DEBUG - 2025-07-14 07:57:51 --> Variation Type for ID 3: {"id":"3","variation_type":"Colour","display_name":"Color"}
DEBUG - 2025-07-14 07:57:51 --> Variation Types for Product ID 4: {"2":{"variation_id":"2","variation_type":"Capacity","display_name":"Capacity","values":["Blue"]},"3":{"variation_id":"3","variation_type":"Colour","display_name":"Color","values":["2L"]}}
DEBUG - 2025-07-14 07:57:51 --> Selected Variations for Variation ID 4: [{"variation_type_id":"2","selected_value":"Red"},{"variation_type_id":"3","selected_value":"1l"},{"variation_type_id":"2","selected_value":"Red"},{"variation_type_id":"3","selected_value":"1l"}]
DEBUG - 2025-07-14 07:57:51 --> Variation Details for Variation ID 4: [{"variation_id":"2","variation_type":"Colour","display_name":"Color","selected_value":"Red"},{"variation_id":"3","variation_type":"Capacity","display_name":"Capacity","selected_value":"1l"},{"variation_id":"2","variation_type":"Colour","display_name":"Color","selected_value":"Red"},{"variation_id":"3","variation_type":"Capacity","display_name":"Capacity","selected_value":"1l"}]
DEBUG - 2025-07-14 07:57:51 --> Variation Options for Product ID 5: [{"variation_type_id":"2","selected_value":"Red"},{"variation_type_id":"3","selected_value":"1l"},{"variation_type_id":"2","selected_value":"Red"},{"variation_type_id":"3","selected_value":"1l"}]
DEBUG - 2025-07-14 07:57:51 --> Variation Type for ID 2: {"id":"2","variation_type":"Capacity","display_name":"Capacity"}
DEBUG - 2025-07-14 07:57:51 --> Variation Type for ID 3: {"id":"3","variation_type":"Colour","display_name":"Color"}
DEBUG - 2025-07-14 07:57:51 --> Variation Type for ID 2: {"id":"2","variation_type":"Capacity","display_name":"Capacity"}
DEBUG - 2025-07-14 07:57:51 --> Variation Type for ID 3: {"id":"3","variation_type":"Colour","display_name":"Color"}
DEBUG - 2025-07-14 07:57:51 --> Variation Types for Product ID 5: {"2":{"variation_id":"2","variation_type":"Capacity","display_name":"Capacity","values":["Red"]},"3":{"variation_id":"3","variation_type":"Colour","display_name":"Color","values":["1l"]}}
DEBUG - 2025-07-14 07:57:51 --> Selected Variations for Variation ID 5: [{"variation_type_id":"3","selected_value":"1l"},{"variation_type_id":"2","selected_value":"Red"}]
DEBUG - 2025-07-14 07:57:51 --> Variation Details for Variation ID 5: [{"variation_id":"3","variation_type":"Capacity","display_name":"Capacity","selected_value":"1l"},{"variation_id":"2","variation_type":"Colour","display_name":"Color","selected_value":"Red"}]
DEBUG - 2025-07-14 07:57:51 --> Selected Variations for Variation ID 6: [{"variation_type_id":"3","selected_value":"2L"}]
DEBUG - 2025-07-14 07:57:51 --> Variation Details for Variation ID 6: [{"variation_id":"3","variation_type":"Capacity","display_name":"Capacity","selected_value":"2L"}]
DEBUG - 2025-07-14 07:57:51 --> Variation Options for Product ID 6: [{"variation_type_id":"3","selected_value":"1l"},{"variation_type_id":"2","selected_value":"Red"},{"variation_type_id":"3","selected_value":"2L"}]
DEBUG - 2025-07-14 07:57:51 --> Variation Type for ID 3: {"id":"3","variation_type":"Colour","display_name":"Color"}
DEBUG - 2025-07-14 07:57:51 --> Variation Type for ID 2: {"id":"2","variation_type":"Capacity","display_name":"Capacity"}
DEBUG - 2025-07-14 07:57:51 --> Variation Type for ID 3: {"id":"3","variation_type":"Colour","display_name":"Color"}
DEBUG - 2025-07-14 07:57:51 --> Variation Types for Product ID 6: {"3":{"variation_id":"3","variation_type":"Colour","display_name":"Color","values":["1l","2L"]},"2":{"variation_id":"2","variation_type":"Capacity","display_name":"Capacity","values":["Red"]}}
DEBUG - 2025-07-14 07:57:51 --> Selected Variations for Variation ID 7: [{"variation_type_id":"2","selected_value":"Blue"},{"variation_type_id":"3","selected_value":"2L"}]
DEBUG - 2025-07-14 07:57:51 --> Variation Details for Variation ID 7: [{"variation_id":"2","variation_type":"Colour","display_name":"Color","selected_value":"Blue"},{"variation_id":"3","variation_type":"Capacity","display_name":"Capacity","selected_value":"2L"}]
DEBUG - 2025-07-14 07:57:51 --> Selected Variations for Variation ID 9: [{"variation_type_id":"3","selected_value":"1l"},{"variation_type_id":"2","selected_value":"Blue"}]
DEBUG - 2025-07-14 07:57:51 --> Variation Details for Variation ID 9: [{"variation_id":"3","variation_type":"Capacity","display_name":"Capacity","selected_value":"1l"},{"variation_id":"2","variation_type":"Colour","display_name":"Color","selected_value":"Blue"}]
DEBUG - 2025-07-14 07:57:51 --> Variation Options for Product ID 7: [{"variation_type_id":"2","selected_value":"Blue"},{"variation_type_id":"3","selected_value":"2L"},{"variation_type_id":"2","selected_value":"Red"},{"variation_type_id":"3","selected_value":"1l"},{"variation_type_id":"3","selected_value":"1l"},{"variation_type_id":"2","selected_value":"Blue"}]
DEBUG - 2025-07-14 07:57:51 --> Variation Type for ID 2: {"id":"2","variation_type":"Capacity","display_name":"Capacity"}
DEBUG - 2025-07-14 07:57:51 --> Variation Type for ID 3: {"id":"3","variation_type":"Colour","display_name":"Color"}
DEBUG - 2025-07-14 07:57:51 --> Variation Type for ID 2: {"id":"2","variation_type":"Capacity","display_name":"Capacity"}
DEBUG - 2025-07-14 07:57:51 --> Variation Type for ID 3: {"id":"3","variation_type":"Colour","display_name":"Color"}
DEBUG - 2025-07-14 07:57:51 --> Variation Type for ID 3: {"id":"3","variation_type":"Colour","display_name":"Color"}
DEBUG - 2025-07-14 07:57:51 --> Variation Type for ID 2: {"id":"2","variation_type":"Capacity","display_name":"Capacity"}
DEBUG - 2025-07-14 07:57:51 --> Variation Types for Product ID 7: {"2":{"variation_id":"2","variation_type":"Capacity","display_name":"Capacity","values":["Blue","Red"]},"3":{"variation_id":"3","variation_type":"Colour","display_name":"Color","values":["2L","1l"]}}
DEBUG - 2025-07-14 07:57:51 --> Selected Variations for Variation ID 10: [{"variation_type_id":"2","selected_value":"Blue"},{"variation_type_id":"3","selected_value":"2L"}]
DEBUG - 2025-07-14 07:57:51 --> Variation Details for Variation ID 10: [{"variation_id":"2","variation_type":"Colour","display_name":"Color","selected_value":"Blue"},{"variation_id":"3","variation_type":"Capacity","display_name":"Capacity","selected_value":"2L"}]
DEBUG - 2025-07-14 07:57:51 --> Variation Options for Product ID 8: [{"variation_type_id":"2","selected_value":"Blue"},{"variation_type_id":"3","selected_value":"2L"}]
DEBUG - 2025-07-14 07:57:51 --> Variation Type for ID 2: {"id":"2","variation_type":"Capacity","display_name":"Capacity"}
DEBUG - 2025-07-14 07:57:51 --> Variation Type for ID 3: {"id":"3","variation_type":"Colour","display_name":"Color"}
DEBUG - 2025-07-14 07:57:51 --> Variation Types for Product ID 8: {"2":{"variation_id":"2","variation_type":"Capacity","display_name":"Capacity","values":["Blue"]},"3":{"variation_id":"3","variation_type":"Colour","display_name":"Color","values":["2L"]}}
DEBUG - 2025-07-14 07:57:56 --> Selected Variations for Variation ID 3: [{"variation_type_id":"2","selected_value":"Blue"},{"variation_type_id":"3","selected_value":"2L"}]
DEBUG - 2025-07-14 07:57:56 --> Variation Details for Variation ID 3: [{"variation_id":"2","variation_type":"Colour","display_name":"Color","selected_value":"Blue"},{"variation_id":"3","variation_type":"Capacity","display_name":"Capacity","selected_value":"2L"}]
DEBUG - 2025-07-14 07:57:56 --> Variation Options for Product ID 4: [{"variation_type_id":"2","selected_value":"Blue"},{"variation_type_id":"3","selected_value":"2L"}]
DEBUG - 2025-07-14 07:57:56 --> Variation Type for ID 2: {"id":"2","variation_type":"Capacity","display_name":"Capacity"}
DEBUG - 2025-07-14 07:57:56 --> Variation Type for ID 3: {"id":"3","variation_type":"Colour","display_name":"Color"}
DEBUG - 2025-07-14 07:57:56 --> Variation Types for Product ID 4: {"2":{"variation_id":"2","variation_type":"Capacity","display_name":"Capacity","values":["Blue"]},"3":{"variation_id":"3","variation_type":"Colour","display_name":"Color","values":["2L"]}}
DEBUG - 2025-07-14 07:57:56 --> Selected Variations for Variation ID 4: [{"variation_type_id":"2","selected_value":"Red"},{"variation_type_id":"3","selected_value":"1l"},{"variation_type_id":"2","selected_value":"Red"},{"variation_type_id":"3","selected_value":"1l"}]
DEBUG - 2025-07-14 07:57:56 --> Variation Details for Variation ID 4: [{"variation_id":"2","variation_type":"Colour","display_name":"Color","selected_value":"Red"},{"variation_id":"3","variation_type":"Capacity","display_name":"Capacity","selected_value":"1l"},{"variation_id":"2","variation_type":"Colour","display_name":"Color","selected_value":"Red"},{"variation_id":"3","variation_type":"Capacity","display_name":"Capacity","selected_value":"1l"}]
DEBUG - 2025-07-14 07:57:56 --> Variation Options for Product ID 5: [{"variation_type_id":"2","selected_value":"Red"},{"variation_type_id":"3","selected_value":"1l"},{"variation_type_id":"2","selected_value":"Red"},{"variation_type_id":"3","selected_value":"1l"}]
DEBUG - 2025-07-14 07:57:56 --> Variation Type for ID 2: {"id":"2","variation_type":"Capacity","display_name":"Capacity"}
DEBUG - 2025-07-14 07:57:56 --> Variation Type for ID 3: {"id":"3","variation_type":"Colour","display_name":"Color"}
DEBUG - 2025-07-14 07:57:56 --> Variation Type for ID 2: {"id":"2","variation_type":"Capacity","display_name":"Capacity"}
DEBUG - 2025-07-14 07:57:56 --> Variation Type for ID 3: {"id":"3","variation_type":"Colour","display_name":"Color"}
DEBUG - 2025-07-14 07:57:56 --> Variation Types for Product ID 5: {"2":{"variation_id":"2","variation_type":"Capacity","display_name":"Capacity","values":["Red"]},"3":{"variation_id":"3","variation_type":"Colour","display_name":"Color","values":["1l"]}}
DEBUG - 2025-07-14 07:57:56 --> Selected Variations for Variation ID 5: [{"variation_type_id":"3","selected_value":"1l"},{"variation_type_id":"2","selected_value":"Red"}]
DEBUG - 2025-07-14 07:57:56 --> Variation Details for Variation ID 5: [{"variation_id":"3","variation_type":"Capacity","display_name":"Capacity","selected_value":"1l"},{"variation_id":"2","variation_type":"Colour","display_name":"Color","selected_value":"Red"}]
DEBUG - 2025-07-14 07:57:56 --> Selected Variations for Variation ID 6: [{"variation_type_id":"3","selected_value":"2L"}]
DEBUG - 2025-07-14 07:57:56 --> Variation Details for Variation ID 6: [{"variation_id":"3","variation_type":"Capacity","display_name":"Capacity","selected_value":"2L"}]
DEBUG - 2025-07-14 07:57:56 --> Variation Options for Product ID 6: [{"variation_type_id":"3","selected_value":"1l"},{"variation_type_id":"2","selected_value":"Red"},{"variation_type_id":"3","selected_value":"2L"}]
DEBUG - 2025-07-14 07:57:56 --> Variation Type for ID 3: {"id":"3","variation_type":"Colour","display_name":"Color"}
DEBUG - 2025-07-14 07:57:56 --> Variation Type for ID 2: {"id":"2","variation_type":"Capacity","display_name":"Capacity"}
DEBUG - 2025-07-14 07:57:56 --> Variation Type for ID 3: {"id":"3","variation_type":"Colour","display_name":"Color"}
DEBUG - 2025-07-14 07:57:56 --> Variation Types for Product ID 6: {"3":{"variation_id":"3","variation_type":"Colour","display_name":"Color","values":["1l","2L"]},"2":{"variation_id":"2","variation_type":"Capacity","display_name":"Capacity","values":["Red"]}}
DEBUG - 2025-07-14 07:57:56 --> Selected Variations for Variation ID 7: [{"variation_type_id":"2","selected_value":"Blue"},{"variation_type_id":"3","selected_value":"2L"}]
DEBUG - 2025-07-14 07:57:56 --> Variation Details for Variation ID 7: [{"variation_id":"2","variation_type":"Colour","display_name":"Color","selected_value":"Blue"},{"variation_id":"3","variation_type":"Capacity","display_name":"Capacity","selected_value":"2L"}]
DEBUG - 2025-07-14 07:57:56 --> Selected Variations for Variation ID 9: [{"variation_type_id":"3","selected_value":"1l"},{"variation_type_id":"2","selected_value":"Blue"}]
DEBUG - 2025-07-14 07:57:56 --> Variation Details for Variation ID 9: [{"variation_id":"3","variation_type":"Capacity","display_name":"Capacity","selected_value":"1l"},{"variation_id":"2","variation_type":"Colour","display_name":"Color","selected_value":"Blue"}]
DEBUG - 2025-07-14 07:57:56 --> Variation Options for Product ID 7: [{"variation_type_id":"2","selected_value":"Blue"},{"variation_type_id":"3","selected_value":"2L"},{"variation_type_id":"2","selected_value":"Red"},{"variation_type_id":"3","selected_value":"1l"},{"variation_type_id":"3","selected_value":"1l"},{"variation_type_id":"2","selected_value":"Blue"}]
DEBUG - 2025-07-14 07:57:56 --> Variation Type for ID 2: {"id":"2","variation_type":"Capacity","display_name":"Capacity"}
DEBUG - 2025-07-14 07:57:56 --> Variation Type for ID 3: {"id":"3","variation_type":"Colour","display_name":"Color"}
DEBUG - 2025-07-14 07:57:56 --> Variation Type for ID 2: {"id":"2","variation_type":"Capacity","display_name":"Capacity"}
DEBUG - 2025-07-14 07:57:56 --> Variation Type for ID 3: {"id":"3","variation_type":"Colour","display_name":"Color"}
DEBUG - 2025-07-14 07:57:56 --> Variation Type for ID 3: {"id":"3","variation_type":"Colour","display_name":"Color"}
DEBUG - 2025-07-14 07:57:56 --> Variation Type for ID 2: {"id":"2","variation_type":"Capacity","display_name":"Capacity"}
DEBUG - 2025-07-14 07:57:56 --> Variation Types for Product ID 7: {"2":{"variation_id":"2","variation_type":"Capacity","display_name":"Capacity","values":["Blue","Red"]},"3":{"variation_id":"3","variation_type":"Colour","display_name":"Color","values":["2L","1l"]}}
DEBUG - 2025-07-14 07:57:56 --> Selected Variations for Variation ID 10: [{"variation_type_id":"2","selected_value":"Blue"},{"variation_type_id":"3","selected_value":"2L"}]
DEBUG - 2025-07-14 07:57:56 --> Variation Details for Variation ID 10: [{"variation_id":"2","variation_type":"Colour","display_name":"Color","selected_value":"Blue"},{"variation_id":"3","variation_type":"Capacity","display_name":"Capacity","selected_value":"2L"}]
DEBUG - 2025-07-14 07:57:56 --> Variation Options for Product ID 8: [{"variation_type_id":"2","selected_value":"Blue"},{"variation_type_id":"3","selected_value":"2L"}]
DEBUG - 2025-07-14 07:57:56 --> Variation Type for ID 2: {"id":"2","variation_type":"Capacity","display_name":"Capacity"}
DEBUG - 2025-07-14 07:57:56 --> Variation Type for ID 3: {"id":"3","variation_type":"Colour","display_name":"Color"}
DEBUG - 2025-07-14 07:57:56 --> Variation Types for Product ID 8: {"2":{"variation_id":"2","variation_type":"Capacity","display_name":"Capacity","values":["Blue"]},"3":{"variation_id":"3","variation_type":"Colour","display_name":"Color","values":["2L"]}}
DEBUG - 2025-07-14 07:57:58 --> Selected Variations for Variation ID 3: [{"variation_type_id":"2","selected_value":"Blue"},{"variation_type_id":"3","selected_value":"2L"}]
DEBUG - 2025-07-14 07:57:58 --> Variation Details for Variation ID 3: [{"variation_id":"2","variation_type":"Colour","display_name":"Color","selected_value":"Blue"},{"variation_id":"3","variation_type":"Capacity","display_name":"Capacity","selected_value":"2L"}]
DEBUG - 2025-07-14 07:57:58 --> Variation Options for Product ID 4: [{"variation_type_id":"2","selected_value":"Blue"},{"variation_type_id":"3","selected_value":"2L"}]
DEBUG - 2025-07-14 07:57:58 --> Variation Type for ID 2: {"id":"2","variation_type":"Capacity","display_name":"Capacity"}
DEBUG - 2025-07-14 07:57:58 --> Variation Type for ID 3: {"id":"3","variation_type":"Colour","display_name":"Color"}
DEBUG - 2025-07-14 07:57:58 --> Variation Types for Product ID 4: {"2":{"variation_id":"2","variation_type":"Capacity","display_name":"Capacity","values":["Blue"]},"3":{"variation_id":"3","variation_type":"Colour","display_name":"Color","values":["2L"]}}
DEBUG - 2025-07-14 07:57:58 --> Selected Variations for Variation ID 4: [{"variation_type_id":"2","selected_value":"Red"},{"variation_type_id":"3","selected_value":"1l"},{"variation_type_id":"2","selected_value":"Red"},{"variation_type_id":"3","selected_value":"1l"}]
DEBUG - 2025-07-14 07:57:58 --> Variation Details for Variation ID 4: [{"variation_id":"2","variation_type":"Colour","display_name":"Color","selected_value":"Red"},{"variation_id":"3","variation_type":"Capacity","display_name":"Capacity","selected_value":"1l"},{"variation_id":"2","variation_type":"Colour","display_name":"Color","selected_value":"Red"},{"variation_id":"3","variation_type":"Capacity","display_name":"Capacity","selected_value":"1l"}]
DEBUG - 2025-07-14 07:57:58 --> Variation Options for Product ID 5: [{"variation_type_id":"2","selected_value":"Red"},{"variation_type_id":"3","selected_value":"1l"},{"variation_type_id":"2","selected_value":"Red"},{"variation_type_id":"3","selected_value":"1l"}]
DEBUG - 2025-07-14 07:57:58 --> Variation Type for ID 2: {"id":"2","variation_type":"Capacity","display_name":"Capacity"}
DEBUG - 2025-07-14 07:57:58 --> Variation Type for ID 3: {"id":"3","variation_type":"Colour","display_name":"Color"}
DEBUG - 2025-07-14 07:57:58 --> Variation Type for ID 2: {"id":"2","variation_type":"Capacity","display_name":"Capacity"}
DEBUG - 2025-07-14 07:57:58 --> Variation Type for ID 3: {"id":"3","variation_type":"Colour","display_name":"Color"}
DEBUG - 2025-07-14 07:57:58 --> Variation Types for Product ID 5: {"2":{"variation_id":"2","variation_type":"Capacity","display_name":"Capacity","values":["Red"]},"3":{"variation_id":"3","variation_type":"Colour","display_name":"Color","values":["1l"]}}
DEBUG - 2025-07-14 07:57:58 --> Selected Variations for Variation ID 5: [{"variation_type_id":"3","selected_value":"1l"},{"variation_type_id":"2","selected_value":"Red"}]
DEBUG - 2025-07-14 07:57:58 --> Variation Details for Variation ID 5: [{"variation_id":"3","variation_type":"Capacity","display_name":"Capacity","selected_value":"1l"},{"variation_id":"2","variation_type":"Colour","display_name":"Color","selected_value":"Red"}]
DEBUG - 2025-07-14 07:57:58 --> Selected Variations for Variation ID 6: [{"variation_type_id":"3","selected_value":"2L"}]
DEBUG - 2025-07-14 07:57:58 --> Variation Details for Variation ID 6: [{"variation_id":"3","variation_type":"Capacity","display_name":"Capacity","selected_value":"2L"}]
DEBUG - 2025-07-14 07:57:58 --> Variation Options for Product ID 6: [{"variation_type_id":"3","selected_value":"1l"},{"variation_type_id":"2","selected_value":"Red"},{"variation_type_id":"3","selected_value":"2L"}]
DEBUG - 2025-07-14 07:57:58 --> Variation Type for ID 3: {"id":"3","variation_type":"Colour","display_name":"Color"}
DEBUG - 2025-07-14 07:57:58 --> Variation Type for ID 2: {"id":"2","variation_type":"Capacity","display_name":"Capacity"}
DEBUG - 2025-07-14 07:57:58 --> Variation Type for ID 3: {"id":"3","variation_type":"Colour","display_name":"Color"}
DEBUG - 2025-07-14 07:57:58 --> Variation Types for Product ID 6: {"3":{"variation_id":"3","variation_type":"Colour","display_name":"Color","values":["1l","2L"]},"2":{"variation_id":"2","variation_type":"Capacity","display_name":"Capacity","values":["Red"]}}
DEBUG - 2025-07-14 07:57:58 --> Selected Variations for Variation ID 7: [{"variation_type_id":"2","selected_value":"Blue"},{"variation_type_id":"3","selected_value":"2L"}]
DEBUG - 2025-07-14 07:57:58 --> Variation Details for Variation ID 7: [{"variation_id":"2","variation_type":"Colour","display_name":"Color","selected_value":"Blue"},{"variation_id":"3","variation_type":"Capacity","display_name":"Capacity","selected_value":"2L"}]
DEBUG - 2025-07-14 07:57:58 --> Selected Variations for Variation ID 9: [{"variation_type_id":"3","selected_value":"1l"},{"variation_type_id":"2","selected_value":"Blue"}]
DEBUG - 2025-07-14 07:57:58 --> Variation Details for Variation ID 9: [{"variation_id":"3","variation_type":"Capacity","display_name":"Capacity","selected_value":"1l"},{"variation_id":"2","variation_type":"Colour","display_name":"Color","selected_value":"Blue"}]
DEBUG - 2025-07-14 07:57:58 --> Variation Options for Product ID 7: [{"variation_type_id":"2","selected_value":"Blue"},{"variation_type_id":"3","selected_value":"2L"},{"variation_type_id":"2","selected_value":"Red"},{"variation_type_id":"3","selected_value":"1l"},{"variation_type_id":"3","selected_value":"1l"},{"variation_type_id":"2","selected_value":"Blue"}]
DEBUG - 2025-07-14 07:57:58 --> Variation Type for ID 2: {"id":"2","variation_type":"Capacity","display_name":"Capacity"}
DEBUG - 2025-07-14 07:57:58 --> Variation Type for ID 3: {"id":"3","variation_type":"Colour","display_name":"Color"}
DEBUG - 2025-07-14 07:57:58 --> Variation Type for ID 2: {"id":"2","variation_type":"Capacity","display_name":"Capacity"}
DEBUG - 2025-07-14 07:57:58 --> Variation Type for ID 3: {"id":"3","variation_type":"Colour","display_name":"Color"}
DEBUG - 2025-07-14 07:57:58 --> Variation Type for ID 3: {"id":"3","variation_type":"Colour","display_name":"Color"}
DEBUG - 2025-07-14 07:57:58 --> Variation Type for ID 2: {"id":"2","variation_type":"Capacity","display_name":"Capacity"}
DEBUG - 2025-07-14 07:57:58 --> Variation Types for Product ID 7: {"2":{"variation_id":"2","variation_type":"Capacity","display_name":"Capacity","values":["Blue","Red"]},"3":{"variation_id":"3","variation_type":"Colour","display_name":"Color","values":["2L","1l"]}}
DEBUG - 2025-07-14 07:57:58 --> Selected Variations for Variation ID 10: [{"variation_type_id":"2","selected_value":"Blue"},{"variation_type_id":"3","selected_value":"2L"}]
DEBUG - 2025-07-14 07:57:58 --> Variation Details for Variation ID 10: [{"variation_id":"2","variation_type":"Colour","display_name":"Color","selected_value":"Blue"},{"variation_id":"3","variation_type":"Capacity","display_name":"Capacity","selected_value":"2L"}]
DEBUG - 2025-07-14 07:57:58 --> Variation Options for Product ID 8: [{"variation_type_id":"2","selected_value":"Blue"},{"variation_type_id":"3","selected_value":"2L"}]
DEBUG - 2025-07-14 07:57:58 --> Variation Type for ID 2: {"id":"2","variation_type":"Capacity","display_name":"Capacity"}
DEBUG - 2025-07-14 07:57:58 --> Variation Type for ID 3: {"id":"3","variation_type":"Colour","display_name":"Color"}
DEBUG - 2025-07-14 07:57:58 --> Variation Types for Product ID 8: {"2":{"variation_id":"2","variation_type":"Capacity","display_name":"Capacity","values":["Blue"]},"3":{"variation_id":"3","variation_type":"Colour","display_name":"Color","values":["2L"]}}
