DEBUG - 2025-03-06 11:09:45 --> Selected Variations for Variation ID 55: []
DEBUG - 2025-03-06 11:09:45 --> Variation Details for Variation ID 55: []
DEBUG - 2025-03-06 11:09:45 --> Variation Options for Product ID 55: []
DEBUG - 2025-03-06 11:09:45 --> Variation Types for Product ID 55: []
DEBUG - 2025-03-06 11:09:45 --> Selected Variations for Variation ID 80: []
DEBUG - 2025-03-06 11:09:45 --> Variation Details for Variation ID 80: []
DEBUG - 2025-03-06 11:09:45 --> Variation Options for Product ID 80: []
DEBUG - 2025-03-06 11:09:45 --> Variation Types for Product ID 80: []
DEBUG - 2025-03-06 11:09:45 --> Selected Variations for Variation ID 83: []
DEBUG - 2025-03-06 11:09:45 --> Variation Details for Variation ID 83: []
DEBUG - 2025-03-06 11:09:45 --> Selected Variations for Variation ID 116: []
DEBUG - 2025-03-06 11:09:45 --> Variation Details for Variation ID 116: []
DEBUG - 2025-03-06 11:09:45 --> Variation Options for Product ID 83: []
DEBUG - 2025-03-06 11:09:45 --> Variation Types for Product ID 83: []
DEBUG - 2025-03-06 11:09:45 --> Selected Variations for Variation ID 84: []
DEBUG - 2025-03-06 11:09:45 --> Variation Details for Variation ID 84: []
DEBUG - 2025-03-06 11:09:45 --> Variation Options for Product ID 84: []
DEBUG - 2025-03-06 11:09:45 --> Variation Types for Product ID 84: []
DEBUG - 2025-03-06 11:09:45 --> Selected Variations for Variation ID 86: []
DEBUG - 2025-03-06 11:09:45 --> Variation Details for Variation ID 86: []
DEBUG - 2025-03-06 11:09:45 --> Variation Options for Product ID 86: []
DEBUG - 2025-03-06 11:09:45 --> Variation Types for Product ID 86: []
DEBUG - 2025-03-06 11:09:45 --> Selected Variations for Variation ID 87: []
DEBUG - 2025-03-06 11:09:45 --> Variation Details for Variation ID 87: []
DEBUG - 2025-03-06 11:09:45 --> Variation Options for Product ID 87: []
DEBUG - 2025-03-06 11:09:45 --> Variation Types for Product ID 87: []
DEBUG - 2025-03-06 11:09:45 --> Selected Variations for Variation ID 96: []
DEBUG - 2025-03-06 11:09:45 --> Variation Details for Variation ID 96: []
DEBUG - 2025-03-06 11:09:45 --> Variation Options for Product ID 96: []
DEBUG - 2025-03-06 11:09:45 --> Variation Types for Product ID 96: []
DEBUG - 2025-03-06 11:09:45 --> Selected Variations for Variation ID 101: []
DEBUG - 2025-03-06 11:09:45 --> Variation Details for Variation ID 101: []
DEBUG - 2025-03-06 11:09:45 --> Variation Options for Product ID 101: []
DEBUG - 2025-03-06 11:09:45 --> Variation Types for Product ID 101: []
DEBUG - 2025-03-06 11:09:45 --> Selected Variations for Variation ID 102: []
DEBUG - 2025-03-06 11:09:45 --> Variation Details for Variation ID 102: []
DEBUG - 2025-03-06 11:09:45 --> Variation Options for Product ID 102: []
DEBUG - 2025-03-06 11:09:45 --> Variation Types for Product ID 102: []
DEBUG - 2025-03-06 11:09:45 --> Selected Variations for Variation ID 107: []
DEBUG - 2025-03-06 11:09:45 --> Variation Details for Variation ID 107: []
DEBUG - 2025-03-06 11:09:45 --> Selected Variations for Variation ID 124: []
DEBUG - 2025-03-06 11:09:45 --> Variation Details for Variation ID 124: []
DEBUG - 2025-03-06 11:09:45 --> Variation Options for Product ID 107: []
DEBUG - 2025-03-06 11:09:45 --> Variation Types for Product ID 107: []
DEBUG - 2025-03-06 11:09:45 --> Selected Variations for Variation ID 123: []
DEBUG - 2025-03-06 11:09:45 --> Variation Details for Variation ID 123: []
DEBUG - 2025-03-06 11:09:45 --> Variation Options for Product ID 119: []
DEBUG - 2025-03-06 11:09:45 --> Variation Types for Product ID 119: []
DEBUG - 2025-03-06 11:09:45 --> Selected Variations for Variation ID 126: []
DEBUG - 2025-03-06 11:09:45 --> Variation Details for Variation ID 126: []
DEBUG - 2025-03-06 11:09:45 --> Variation Options for Product ID 120: []
DEBUG - 2025-03-06 11:09:45 --> Variation Types for Product ID 120: []
DEBUG - 2025-03-06 11:09:45 --> Selected Variations for Variation ID 127: []
DEBUG - 2025-03-06 11:09:45 --> Variation Details for Variation ID 127: []
DEBUG - 2025-03-06 11:09:45 --> Variation Options for Product ID 121: []
DEBUG - 2025-03-06 11:09:45 --> Variation Types for Product ID 121: []
DEBUG - 2025-03-06 11:09:45 --> Selected Variations for Variation ID 128: []
DEBUG - 2025-03-06 11:09:45 --> Variation Details for Variation ID 128: []
DEBUG - 2025-03-06 11:09:45 --> Variation Options for Product ID 122: []
DEBUG - 2025-03-06 11:09:45 --> Variation Types for Product ID 122: []
DEBUG - 2025-03-06 11:09:45 --> Selected Variations for Variation ID 129: []
DEBUG - 2025-03-06 11:09:45 --> Variation Details for Variation ID 129: []
DEBUG - 2025-03-06 11:09:45 --> Variation Options for Product ID 123: []
DEBUG - 2025-03-06 11:09:45 --> Variation Types for Product ID 123: []
DEBUG - 2025-03-06 11:09:45 --> Selected Variations for Variation ID 130: []
DEBUG - 2025-03-06 11:09:45 --> Variation Details for Variation ID 130: []
DEBUG - 2025-03-06 11:09:45 --> Variation Options for Product ID 124: []
DEBUG - 2025-03-06 11:09:45 --> Variation Types for Product ID 124: []
DEBUG - 2025-03-06 11:09:45 --> Selected Variations for Variation ID 131: [{"variation_type_id":"2","selected_value":"pink"},{"variation_type_id":"3","selected_value":"Medium"}]
DEBUG - 2025-03-06 11:09:45 --> Variation Details for Variation ID 131: [{"variation_id":"2","variation_type":"Colour","display_name":"Color","selected_value":"pink"},{"variation_id":"3","variation_type":"Size","display_name":"Size","selected_value":"Medium"}]
DEBUG - 2025-03-06 11:09:45 --> Variation Options for Product ID 125: [{"variation_type_id":"2","selected_value":"pink"},{"variation_type_id":"3","selected_value":"Medium"}]
DEBUG - 2025-03-06 11:09:45 --> Variation Type for ID 2: {"id":"2","variation_type":"Colour","display_name":"Color"}
DEBUG - 2025-03-06 11:09:45 --> Variation Type for ID 3: {"id":"3","variation_type":"Size","display_name":"Size"}
DEBUG - 2025-03-06 11:09:45 --> Variation Types for Product ID 125: {"2":{"variation_id":"2","variation_type":"Colour","display_name":"Color","values":["pink"]},"3":{"variation_id":"3","variation_type":"Size","display_name":"Size","values":["Medium"]}}
DEBUG - 2025-03-06 11:09:45 --> Selected Variations for Variation ID 133: [{"variation_type_id":"2","selected_value":"pink"},{"variation_type_id":"3","selected_value":"Medium"}]
DEBUG - 2025-03-06 11:09:45 --> Variation Details for Variation ID 133: [{"variation_id":"2","variation_type":"Colour","display_name":"Color","selected_value":"pink"},{"variation_id":"3","variation_type":"Size","display_name":"Size","selected_value":"Medium"}]
DEBUG - 2025-03-06 11:09:45 --> Variation Options for Product ID 126: [{"variation_type_id":"2","selected_value":"pink"},{"variation_type_id":"3","selected_value":"Medium"}]
DEBUG - 2025-03-06 11:09:45 --> Variation Type for ID 2: {"id":"2","variation_type":"Colour","display_name":"Color"}
DEBUG - 2025-03-06 11:09:45 --> Variation Type for ID 3: {"id":"3","variation_type":"Size","display_name":"Size"}
DEBUG - 2025-03-06 11:09:45 --> Variation Types for Product ID 126: {"2":{"variation_id":"2","variation_type":"Colour","display_name":"Color","values":["pink"]},"3":{"variation_id":"3","variation_type":"Size","display_name":"Size","values":["Medium"]}}
DEBUG - 2025-03-06 11:09:45 --> Selected Variations for Variation ID 134: [{"variation_type_id":"2","selected_value":"Green"},{"variation_type_id":"3","selected_value":"Large"}]
DEBUG - 2025-03-06 11:09:45 --> Variation Details for Variation ID 134: [{"variation_id":"2","variation_type":"Colour","display_name":"Color","selected_value":"Green"},{"variation_id":"3","variation_type":"Size","display_name":"Size","selected_value":"Large"}]
DEBUG - 2025-03-06 11:09:45 --> Selected Variations for Variation ID 140: [{"variation_type_id":"2","selected_value":"Green"},{"variation_type_id":"3","selected_value":"Demoeeee"}]
DEBUG - 2025-03-06 11:09:45 --> Variation Details for Variation ID 140: [{"variation_id":"2","variation_type":"Colour","display_name":"Color","selected_value":"Green"},{"variation_id":"3","variation_type":"Size","display_name":"Size","selected_value":"Demoeeee"}]
DEBUG - 2025-03-06 11:09:45 --> Selected Variations for Variation ID 141: [{"variation_type_id":"2","selected_value":"pink"},{"variation_type_id":"3","selected_value":"Medium"}]
DEBUG - 2025-03-06 11:09:45 --> Variation Details for Variation ID 141: [{"variation_id":"2","variation_type":"Colour","display_name":"Color","selected_value":"pink"},{"variation_id":"3","variation_type":"Size","display_name":"Size","selected_value":"Medium"}]
DEBUG - 2025-03-06 11:09:45 --> Variation Options for Product ID 127: [{"variation_type_id":"2","selected_value":"Green"},{"variation_type_id":"3","selected_value":"Large"},{"variation_type_id":"2","selected_value":"Green"},{"variation_type_id":"3","selected_value":"Demoeeee"},{"variation_type_id":"2","selected_value":"pink"},{"variation_type_id":"3","selected_value":"Medium"}]
DEBUG - 2025-03-06 11:09:45 --> Variation Type for ID 2: {"id":"2","variation_type":"Colour","display_name":"Color"}
DEBUG - 2025-03-06 11:09:45 --> Variation Type for ID 3: {"id":"3","variation_type":"Size","display_name":"Size"}
DEBUG - 2025-03-06 11:09:45 --> Variation Type for ID 2: {"id":"2","variation_type":"Colour","display_name":"Color"}
DEBUG - 2025-03-06 11:09:45 --> Variation Type for ID 3: {"id":"3","variation_type":"Size","display_name":"Size"}
DEBUG - 2025-03-06 11:09:45 --> Variation Type for ID 2: {"id":"2","variation_type":"Colour","display_name":"Color"}
DEBUG - 2025-03-06 11:09:45 --> Variation Type for ID 3: {"id":"3","variation_type":"Size","display_name":"Size"}
DEBUG - 2025-03-06 11:09:45 --> Variation Types for Product ID 127: {"2":{"variation_id":"2","variation_type":"Colour","display_name":"Color","values":["Green","pink"]},"3":{"variation_id":"3","variation_type":"Size","display_name":"Size","values":["Large","Demoeeee","Medium"]}}
DEBUG - 2025-03-06 11:09:45 --> Selected Variations for Variation ID 135: [{"variation_type_id":"2","selected_value":"pink"},{"variation_type_id":"3","selected_value":"Large"},{"variation_type_id":"2","selected_value":"Green"},{"variation_type_id":"3","selected_value":"Demoeeee"}]
DEBUG - 2025-03-06 11:09:45 --> Variation Details for Variation ID 135: [{"variation_id":"2","variation_type":"Colour","display_name":"Color","selected_value":"pink"},{"variation_id":"3","variation_type":"Size","display_name":"Size","selected_value":"Large"},{"variation_id":"2","variation_type":"Colour","display_name":"Color","selected_value":"Green"},{"variation_id":"3","variation_type":"Size","display_name":"Size","selected_value":"Demoeeee"}]
DEBUG - 2025-03-06 11:09:45 --> Selected Variations for Variation ID 137: []
DEBUG - 2025-03-06 11:09:45 --> Variation Details for Variation ID 137: []
DEBUG - 2025-03-06 11:09:45 --> Selected Variations for Variation ID 138: [{"variation_type_id":"2","selected_value":"Green"},{"variation_type_id":"3","selected_value":"Medium"}]
DEBUG - 2025-03-06 11:09:45 --> Variation Details for Variation ID 138: [{"variation_id":"2","variation_type":"Colour","display_name":"Color","selected_value":"Green"},{"variation_id":"3","variation_type":"Size","display_name":"Size","selected_value":"Medium"}]
DEBUG - 2025-03-06 11:09:45 --> Variation Options for Product ID 128: [{"variation_type_id":"2","selected_value":"pink"},{"variation_type_id":"3","selected_value":"Large"},{"variation_type_id":"2","selected_value":"Green"},{"variation_type_id":"3","selected_value":"Demoeeee"},{"variation_type_id":"2","selected_value":"Green"},{"variation_type_id":"3","selected_value":"Medium"}]
DEBUG - 2025-03-06 11:09:45 --> Variation Type for ID 2: {"id":"2","variation_type":"Colour","display_name":"Color"}
DEBUG - 2025-03-06 11:09:45 --> Variation Type for ID 3: {"id":"3","variation_type":"Size","display_name":"Size"}
DEBUG - 2025-03-06 11:09:45 --> Variation Type for ID 2: {"id":"2","variation_type":"Colour","display_name":"Color"}
DEBUG - 2025-03-06 11:09:45 --> Variation Type for ID 3: {"id":"3","variation_type":"Size","display_name":"Size"}
DEBUG - 2025-03-06 11:09:45 --> Variation Type for ID 2: {"id":"2","variation_type":"Colour","display_name":"Color"}
DEBUG - 2025-03-06 11:09:45 --> Variation Type for ID 3: {"id":"3","variation_type":"Size","display_name":"Size"}
DEBUG - 2025-03-06 11:09:45 --> Variation Types for Product ID 128: {"2":{"variation_id":"2","variation_type":"Colour","display_name":"Color","values":["pink","Green"]},"3":{"variation_id":"3","variation_type":"Size","display_name":"Size","values":["Large","Demoeeee","Medium"]}}
DEBUG - 2025-03-06 11:09:45 --> Selected Variations for Variation ID 136: []
DEBUG - 2025-03-06 11:09:45 --> Variation Details for Variation ID 136: []
DEBUG - 2025-03-06 11:09:45 --> Variation Options for Product ID 129: []
DEBUG - 2025-03-06 11:09:45 --> Variation Types for Product ID 129: []
DEBUG - 2025-03-06 11:09:45 --> Selected Variations for Variation ID 139: [{"variation_type_id":"2","selected_value":"Green"},{"variation_type_id":"3","selected_value":"Demoeeee"}]
DEBUG - 2025-03-06 11:09:45 --> Variation Details for Variation ID 139: [{"variation_id":"2","variation_type":"Colour","display_name":"Color","selected_value":"Green"},{"variation_id":"3","variation_type":"Size","display_name":"Size","selected_value":"Demoeeee"}]
DEBUG - 2025-03-06 11:09:45 --> Variation Options for Product ID 130: [{"variation_type_id":"2","selected_value":"Green"},{"variation_type_id":"3","selected_value":"Demoeeee"}]
DEBUG - 2025-03-06 11:09:45 --> Variation Type for ID 2: {"id":"2","variation_type":"Colour","display_name":"Color"}
DEBUG - 2025-03-06 11:09:45 --> Variation Type for ID 3: {"id":"3","variation_type":"Size","display_name":"Size"}
DEBUG - 2025-03-06 11:09:45 --> Variation Types for Product ID 130: {"2":{"variation_id":"2","variation_type":"Colour","display_name":"Color","values":["Green"]},"3":{"variation_id":"3","variation_type":"Size","display_name":"Size","values":["Demoeeee"]}}
DEBUG - 2025-03-06 11:09:50 --> Selected Variations for Variation ID 55: []
DEBUG - 2025-03-06 11:09:50 --> Variation Details for Variation ID 55: []
DEBUG - 2025-03-06 11:09:50 --> Variation Options for Product ID 55: []
DEBUG - 2025-03-06 11:09:50 --> Variation Types for Product ID 55: []
DEBUG - 2025-03-06 11:09:50 --> Selected Variations for Variation ID 80: []
DEBUG - 2025-03-06 11:09:50 --> Variation Details for Variation ID 80: []
DEBUG - 2025-03-06 11:09:50 --> Variation Options for Product ID 80: []
DEBUG - 2025-03-06 11:09:50 --> Variation Types for Product ID 80: []
DEBUG - 2025-03-06 11:09:50 --> Selected Variations for Variation ID 83: []
DEBUG - 2025-03-06 11:09:50 --> Variation Details for Variation ID 83: []
DEBUG - 2025-03-06 11:09:50 --> Selected Variations for Variation ID 116: []
DEBUG - 2025-03-06 11:09:50 --> Variation Details for Variation ID 116: []
DEBUG - 2025-03-06 11:09:50 --> Variation Options for Product ID 83: []
DEBUG - 2025-03-06 11:09:50 --> Variation Types for Product ID 83: []
DEBUG - 2025-03-06 11:09:50 --> Selected Variations for Variation ID 84: []
DEBUG - 2025-03-06 11:09:50 --> Variation Details for Variation ID 84: []
DEBUG - 2025-03-06 11:09:50 --> Variation Options for Product ID 84: []
DEBUG - 2025-03-06 11:09:50 --> Variation Types for Product ID 84: []
DEBUG - 2025-03-06 11:09:50 --> Selected Variations for Variation ID 86: []
DEBUG - 2025-03-06 11:09:50 --> Variation Details for Variation ID 86: []
DEBUG - 2025-03-06 11:09:50 --> Variation Options for Product ID 86: []
DEBUG - 2025-03-06 11:09:50 --> Variation Types for Product ID 86: []
DEBUG - 2025-03-06 11:09:50 --> Selected Variations for Variation ID 87: []
DEBUG - 2025-03-06 11:09:50 --> Variation Details for Variation ID 87: []
DEBUG - 2025-03-06 11:09:50 --> Variation Options for Product ID 87: []
DEBUG - 2025-03-06 11:09:50 --> Variation Types for Product ID 87: []
DEBUG - 2025-03-06 11:09:50 --> Selected Variations for Variation ID 96: []
DEBUG - 2025-03-06 11:09:50 --> Variation Details for Variation ID 96: []
DEBUG - 2025-03-06 11:09:50 --> Variation Options for Product ID 96: []
DEBUG - 2025-03-06 11:09:50 --> Variation Types for Product ID 96: []
DEBUG - 2025-03-06 11:09:50 --> Selected Variations for Variation ID 101: []
DEBUG - 2025-03-06 11:09:50 --> Variation Details for Variation ID 101: []
DEBUG - 2025-03-06 11:09:50 --> Variation Options for Product ID 101: []
DEBUG - 2025-03-06 11:09:50 --> Variation Types for Product ID 101: []
DEBUG - 2025-03-06 11:09:50 --> Selected Variations for Variation ID 102: []
DEBUG - 2025-03-06 11:09:50 --> Variation Details for Variation ID 102: []
DEBUG - 2025-03-06 11:09:50 --> Variation Options for Product ID 102: []
DEBUG - 2025-03-06 11:09:50 --> Variation Types for Product ID 102: []
DEBUG - 2025-03-06 11:09:50 --> Selected Variations for Variation ID 107: []
DEBUG - 2025-03-06 11:09:50 --> Variation Details for Variation ID 107: []
DEBUG - 2025-03-06 11:09:50 --> Selected Variations for Variation ID 124: []
DEBUG - 2025-03-06 11:09:50 --> Variation Details for Variation ID 124: []
DEBUG - 2025-03-06 11:09:50 --> Variation Options for Product ID 107: []
DEBUG - 2025-03-06 11:09:50 --> Variation Types for Product ID 107: []
DEBUG - 2025-03-06 11:09:50 --> Selected Variations for Variation ID 123: []
DEBUG - 2025-03-06 11:09:50 --> Variation Details for Variation ID 123: []
DEBUG - 2025-03-06 11:09:50 --> Variation Options for Product ID 119: []
DEBUG - 2025-03-06 11:09:50 --> Variation Types for Product ID 119: []
DEBUG - 2025-03-06 11:09:50 --> Selected Variations for Variation ID 126: []
DEBUG - 2025-03-06 11:09:50 --> Variation Details for Variation ID 126: []
DEBUG - 2025-03-06 11:09:50 --> Variation Options for Product ID 120: []
DEBUG - 2025-03-06 11:09:50 --> Variation Types for Product ID 120: []
DEBUG - 2025-03-06 11:09:50 --> Selected Variations for Variation ID 127: []
DEBUG - 2025-03-06 11:09:50 --> Variation Details for Variation ID 127: []
DEBUG - 2025-03-06 11:09:50 --> Variation Options for Product ID 121: []
DEBUG - 2025-03-06 11:09:50 --> Variation Types for Product ID 121: []
DEBUG - 2025-03-06 11:09:50 --> Selected Variations for Variation ID 128: []
DEBUG - 2025-03-06 11:09:50 --> Variation Details for Variation ID 128: []
DEBUG - 2025-03-06 11:09:50 --> Variation Options for Product ID 122: []
DEBUG - 2025-03-06 11:09:50 --> Variation Types for Product ID 122: []
DEBUG - 2025-03-06 11:09:50 --> Selected Variations for Variation ID 129: []
DEBUG - 2025-03-06 11:09:50 --> Variation Details for Variation ID 129: []
DEBUG - 2025-03-06 11:09:50 --> Variation Options for Product ID 123: []
DEBUG - 2025-03-06 11:09:50 --> Variation Types for Product ID 123: []
DEBUG - 2025-03-06 11:09:50 --> Selected Variations for Variation ID 130: []
DEBUG - 2025-03-06 11:09:50 --> Variation Details for Variation ID 130: []
DEBUG - 2025-03-06 11:09:50 --> Variation Options for Product ID 124: []
DEBUG - 2025-03-06 11:09:50 --> Variation Types for Product ID 124: []
DEBUG - 2025-03-06 11:09:50 --> Selected Variations for Variation ID 131: [{"variation_type_id":"2","selected_value":"pink"},{"variation_type_id":"3","selected_value":"Medium"}]
DEBUG - 2025-03-06 11:09:50 --> Variation Details for Variation ID 131: [{"variation_id":"2","variation_type":"Colour","display_name":"Color","selected_value":"pink"},{"variation_id":"3","variation_type":"Size","display_name":"Size","selected_value":"Medium"}]
DEBUG - 2025-03-06 11:09:50 --> Variation Options for Product ID 125: [{"variation_type_id":"2","selected_value":"pink"},{"variation_type_id":"3","selected_value":"Medium"}]
DEBUG - 2025-03-06 11:09:50 --> Variation Type for ID 2: {"id":"2","variation_type":"Colour","display_name":"Color"}
DEBUG - 2025-03-06 11:09:50 --> Variation Type for ID 3: {"id":"3","variation_type":"Size","display_name":"Size"}
DEBUG - 2025-03-06 11:09:50 --> Variation Types for Product ID 125: {"2":{"variation_id":"2","variation_type":"Colour","display_name":"Color","values":["pink"]},"3":{"variation_id":"3","variation_type":"Size","display_name":"Size","values":["Medium"]}}
DEBUG - 2025-03-06 11:09:50 --> Selected Variations for Variation ID 133: [{"variation_type_id":"2","selected_value":"pink"},{"variation_type_id":"3","selected_value":"Medium"}]
DEBUG - 2025-03-06 11:09:50 --> Variation Details for Variation ID 133: [{"variation_id":"2","variation_type":"Colour","display_name":"Color","selected_value":"pink"},{"variation_id":"3","variation_type":"Size","display_name":"Size","selected_value":"Medium"}]
DEBUG - 2025-03-06 11:09:50 --> Variation Options for Product ID 126: [{"variation_type_id":"2","selected_value":"pink"},{"variation_type_id":"3","selected_value":"Medium"}]
DEBUG - 2025-03-06 11:09:50 --> Variation Type for ID 2: {"id":"2","variation_type":"Colour","display_name":"Color"}
DEBUG - 2025-03-06 11:09:50 --> Variation Type for ID 3: {"id":"3","variation_type":"Size","display_name":"Size"}
DEBUG - 2025-03-06 11:09:50 --> Variation Types for Product ID 126: {"2":{"variation_id":"2","variation_type":"Colour","display_name":"Color","values":["pink"]},"3":{"variation_id":"3","variation_type":"Size","display_name":"Size","values":["Medium"]}}
DEBUG - 2025-03-06 11:09:50 --> Selected Variations for Variation ID 134: [{"variation_type_id":"2","selected_value":"Green"},{"variation_type_id":"3","selected_value":"Large"}]
DEBUG - 2025-03-06 11:09:50 --> Variation Details for Variation ID 134: [{"variation_id":"2","variation_type":"Colour","display_name":"Color","selected_value":"Green"},{"variation_id":"3","variation_type":"Size","display_name":"Size","selected_value":"Large"}]
DEBUG - 2025-03-06 11:09:50 --> Selected Variations for Variation ID 140: [{"variation_type_id":"2","selected_value":"Green"},{"variation_type_id":"3","selected_value":"Demoeeee"}]
DEBUG - 2025-03-06 11:09:50 --> Variation Details for Variation ID 140: [{"variation_id":"2","variation_type":"Colour","display_name":"Color","selected_value":"Green"},{"variation_id":"3","variation_type":"Size","display_name":"Size","selected_value":"Demoeeee"}]
DEBUG - 2025-03-06 11:09:50 --> Selected Variations for Variation ID 141: [{"variation_type_id":"2","selected_value":"pink"},{"variation_type_id":"3","selected_value":"Medium"}]
DEBUG - 2025-03-06 11:09:50 --> Variation Details for Variation ID 141: [{"variation_id":"2","variation_type":"Colour","display_name":"Color","selected_value":"pink"},{"variation_id":"3","variation_type":"Size","display_name":"Size","selected_value":"Medium"}]
DEBUG - 2025-03-06 11:09:50 --> Variation Options for Product ID 127: [{"variation_type_id":"2","selected_value":"Green"},{"variation_type_id":"3","selected_value":"Large"},{"variation_type_id":"2","selected_value":"Green"},{"variation_type_id":"3","selected_value":"Demoeeee"},{"variation_type_id":"2","selected_value":"pink"},{"variation_type_id":"3","selected_value":"Medium"}]
DEBUG - 2025-03-06 11:09:50 --> Variation Type for ID 2: {"id":"2","variation_type":"Colour","display_name":"Color"}
DEBUG - 2025-03-06 11:09:50 --> Variation Type for ID 3: {"id":"3","variation_type":"Size","display_name":"Size"}
DEBUG - 2025-03-06 11:09:50 --> Variation Type for ID 2: {"id":"2","variation_type":"Colour","display_name":"Color"}
DEBUG - 2025-03-06 11:09:50 --> Variation Type for ID 3: {"id":"3","variation_type":"Size","display_name":"Size"}
DEBUG - 2025-03-06 11:09:50 --> Variation Type for ID 2: {"id":"2","variation_type":"Colour","display_name":"Color"}
DEBUG - 2025-03-06 11:09:50 --> Variation Type for ID 3: {"id":"3","variation_type":"Size","display_name":"Size"}
DEBUG - 2025-03-06 11:09:50 --> Variation Types for Product ID 127: {"2":{"variation_id":"2","variation_type":"Colour","display_name":"Color","values":["Green","pink"]},"3":{"variation_id":"3","variation_type":"Size","display_name":"Size","values":["Large","Demoeeee","Medium"]}}
DEBUG - 2025-03-06 11:09:50 --> Selected Variations for Variation ID 135: [{"variation_type_id":"2","selected_value":"pink"},{"variation_type_id":"3","selected_value":"Large"},{"variation_type_id":"2","selected_value":"Green"},{"variation_type_id":"3","selected_value":"Demoeeee"}]
DEBUG - 2025-03-06 11:09:50 --> Variation Details for Variation ID 135: [{"variation_id":"2","variation_type":"Colour","display_name":"Color","selected_value":"pink"},{"variation_id":"3","variation_type":"Size","display_name":"Size","selected_value":"Large"},{"variation_id":"2","variation_type":"Colour","display_name":"Color","selected_value":"Green"},{"variation_id":"3","variation_type":"Size","display_name":"Size","selected_value":"Demoeeee"}]
DEBUG - 2025-03-06 11:09:50 --> Selected Variations for Variation ID 137: []
DEBUG - 2025-03-06 11:09:50 --> Variation Details for Variation ID 137: []
DEBUG - 2025-03-06 11:09:50 --> Selected Variations for Variation ID 138: [{"variation_type_id":"2","selected_value":"Green"},{"variation_type_id":"3","selected_value":"Medium"}]
DEBUG - 2025-03-06 11:09:50 --> Variation Details for Variation ID 138: [{"variation_id":"2","variation_type":"Colour","display_name":"Color","selected_value":"Green"},{"variation_id":"3","variation_type":"Size","display_name":"Size","selected_value":"Medium"}]
DEBUG - 2025-03-06 11:09:50 --> Variation Options for Product ID 128: [{"variation_type_id":"2","selected_value":"pink"},{"variation_type_id":"3","selected_value":"Large"},{"variation_type_id":"2","selected_value":"Green"},{"variation_type_id":"3","selected_value":"Demoeeee"},{"variation_type_id":"2","selected_value":"Green"},{"variation_type_id":"3","selected_value":"Medium"}]
DEBUG - 2025-03-06 11:09:50 --> Variation Type for ID 2: {"id":"2","variation_type":"Colour","display_name":"Color"}
DEBUG - 2025-03-06 11:09:50 --> Variation Type for ID 3: {"id":"3","variation_type":"Size","display_name":"Size"}
DEBUG - 2025-03-06 11:09:50 --> Variation Type for ID 2: {"id":"2","variation_type":"Colour","display_name":"Color"}
DEBUG - 2025-03-06 11:09:50 --> Variation Type for ID 3: {"id":"3","variation_type":"Size","display_name":"Size"}
DEBUG - 2025-03-06 11:09:50 --> Variation Type for ID 2: {"id":"2","variation_type":"Colour","display_name":"Color"}
DEBUG - 2025-03-06 11:09:50 --> Variation Type for ID 3: {"id":"3","variation_type":"Size","display_name":"Size"}
DEBUG - 2025-03-06 11:09:50 --> Variation Types for Product ID 128: {"2":{"variation_id":"2","variation_type":"Colour","display_name":"Color","values":["pink","Green"]},"3":{"variation_id":"3","variation_type":"Size","display_name":"Size","values":["Large","Demoeeee","Medium"]}}
DEBUG - 2025-03-06 11:09:50 --> Selected Variations for Variation ID 136: []
DEBUG - 2025-03-06 11:09:50 --> Variation Details for Variation ID 136: []
DEBUG - 2025-03-06 11:09:50 --> Variation Options for Product ID 129: []
DEBUG - 2025-03-06 11:09:50 --> Variation Types for Product ID 129: []
DEBUG - 2025-03-06 11:09:50 --> Selected Variations for Variation ID 139: [{"variation_type_id":"2","selected_value":"Green"},{"variation_type_id":"3","selected_value":"Demoeeee"}]
DEBUG - 2025-03-06 11:09:50 --> Variation Details for Variation ID 139: [{"variation_id":"2","variation_type":"Colour","display_name":"Color","selected_value":"Green"},{"variation_id":"3","variation_type":"Size","display_name":"Size","selected_value":"Demoeeee"}]
DEBUG - 2025-03-06 11:09:50 --> Variation Options for Product ID 130: [{"variation_type_id":"2","selected_value":"Green"},{"variation_type_id":"3","selected_value":"Demoeeee"}]
DEBUG - 2025-03-06 11:09:50 --> Variation Type for ID 2: {"id":"2","variation_type":"Colour","display_name":"Color"}
DEBUG - 2025-03-06 11:09:50 --> Variation Type for ID 3: {"id":"3","variation_type":"Size","display_name":"Size"}
DEBUG - 2025-03-06 11:09:50 --> Variation Types for Product ID 130: {"2":{"variation_id":"2","variation_type":"Colour","display_name":"Color","values":["Green"]},"3":{"variation_id":"3","variation_type":"Size","display_name":"Size","values":["Demoeeee"]}}
DEBUG - 2025-03-06 11:09:52 --> Selected Variations for Variation ID 55: []
DEBUG - 2025-03-06 11:09:52 --> Variation Details for Variation ID 55: []
DEBUG - 2025-03-06 11:09:52 --> Variation Options for Product ID 55: []
DEBUG - 2025-03-06 11:09:52 --> Variation Types for Product ID 55: []
DEBUG - 2025-03-06 11:09:52 --> Selected Variations for Variation ID 80: []
DEBUG - 2025-03-06 11:09:52 --> Variation Details for Variation ID 80: []
DEBUG - 2025-03-06 11:09:52 --> Variation Options for Product ID 80: []
DEBUG - 2025-03-06 11:09:52 --> Variation Types for Product ID 80: []
DEBUG - 2025-03-06 11:09:52 --> Selected Variations for Variation ID 83: []
DEBUG - 2025-03-06 11:09:52 --> Variation Details for Variation ID 83: []
DEBUG - 2025-03-06 11:09:52 --> Selected Variations for Variation ID 116: []
DEBUG - 2025-03-06 11:09:52 --> Variation Details for Variation ID 116: []
DEBUG - 2025-03-06 11:09:52 --> Variation Options for Product ID 83: []
DEBUG - 2025-03-06 11:09:52 --> Variation Types for Product ID 83: []
DEBUG - 2025-03-06 11:09:52 --> Selected Variations for Variation ID 84: []
DEBUG - 2025-03-06 11:09:52 --> Variation Details for Variation ID 84: []
DEBUG - 2025-03-06 11:09:52 --> Variation Options for Product ID 84: []
DEBUG - 2025-03-06 11:09:52 --> Variation Types for Product ID 84: []
DEBUG - 2025-03-06 11:09:52 --> Selected Variations for Variation ID 86: []
DEBUG - 2025-03-06 11:09:52 --> Variation Details for Variation ID 86: []
DEBUG - 2025-03-06 11:09:52 --> Variation Options for Product ID 86: []
DEBUG - 2025-03-06 11:09:52 --> Variation Types for Product ID 86: []
DEBUG - 2025-03-06 11:09:52 --> Selected Variations for Variation ID 87: []
DEBUG - 2025-03-06 11:09:52 --> Variation Details for Variation ID 87: []
DEBUG - 2025-03-06 11:09:52 --> Variation Options for Product ID 87: []
DEBUG - 2025-03-06 11:09:52 --> Variation Types for Product ID 87: []
DEBUG - 2025-03-06 11:09:52 --> Selected Variations for Variation ID 96: []
DEBUG - 2025-03-06 11:09:52 --> Variation Details for Variation ID 96: []
DEBUG - 2025-03-06 11:09:52 --> Variation Options for Product ID 96: []
DEBUG - 2025-03-06 11:09:52 --> Variation Types for Product ID 96: []
DEBUG - 2025-03-06 11:09:52 --> Selected Variations for Variation ID 101: []
DEBUG - 2025-03-06 11:09:52 --> Variation Details for Variation ID 101: []
DEBUG - 2025-03-06 11:09:52 --> Variation Options for Product ID 101: []
DEBUG - 2025-03-06 11:09:52 --> Variation Types for Product ID 101: []
DEBUG - 2025-03-06 11:09:52 --> Selected Variations for Variation ID 102: []
DEBUG - 2025-03-06 11:09:52 --> Variation Details for Variation ID 102: []
DEBUG - 2025-03-06 11:09:52 --> Variation Options for Product ID 102: []
DEBUG - 2025-03-06 11:09:52 --> Variation Types for Product ID 102: []
DEBUG - 2025-03-06 11:09:52 --> Selected Variations for Variation ID 107: []
DEBUG - 2025-03-06 11:09:52 --> Variation Details for Variation ID 107: []
DEBUG - 2025-03-06 11:09:52 --> Selected Variations for Variation ID 124: []
DEBUG - 2025-03-06 11:09:52 --> Variation Details for Variation ID 124: []
DEBUG - 2025-03-06 11:09:52 --> Variation Options for Product ID 107: []
DEBUG - 2025-03-06 11:09:52 --> Variation Types for Product ID 107: []
DEBUG - 2025-03-06 11:09:52 --> Selected Variations for Variation ID 123: []
DEBUG - 2025-03-06 11:09:52 --> Variation Details for Variation ID 123: []
DEBUG - 2025-03-06 11:09:52 --> Variation Options for Product ID 119: []
DEBUG - 2025-03-06 11:09:52 --> Variation Types for Product ID 119: []
DEBUG - 2025-03-06 11:09:52 --> Selected Variations for Variation ID 126: []
DEBUG - 2025-03-06 11:09:52 --> Variation Details for Variation ID 126: []
DEBUG - 2025-03-06 11:09:52 --> Variation Options for Product ID 120: []
DEBUG - 2025-03-06 11:09:52 --> Variation Types for Product ID 120: []
DEBUG - 2025-03-06 11:09:52 --> Selected Variations for Variation ID 127: []
DEBUG - 2025-03-06 11:09:52 --> Variation Details for Variation ID 127: []
DEBUG - 2025-03-06 11:09:52 --> Variation Options for Product ID 121: []
DEBUG - 2025-03-06 11:09:52 --> Variation Types for Product ID 121: []
DEBUG - 2025-03-06 11:09:52 --> Selected Variations for Variation ID 128: []
DEBUG - 2025-03-06 11:09:52 --> Variation Details for Variation ID 128: []
DEBUG - 2025-03-06 11:09:52 --> Variation Options for Product ID 122: []
DEBUG - 2025-03-06 11:09:52 --> Variation Types for Product ID 122: []
DEBUG - 2025-03-06 11:09:52 --> Selected Variations for Variation ID 129: []
DEBUG - 2025-03-06 11:09:52 --> Variation Details for Variation ID 129: []
DEBUG - 2025-03-06 11:09:52 --> Variation Options for Product ID 123: []
DEBUG - 2025-03-06 11:09:52 --> Variation Types for Product ID 123: []
DEBUG - 2025-03-06 11:09:52 --> Selected Variations for Variation ID 130: []
DEBUG - 2025-03-06 11:09:52 --> Variation Details for Variation ID 130: []
DEBUG - 2025-03-06 11:09:52 --> Variation Options for Product ID 124: []
DEBUG - 2025-03-06 11:09:52 --> Variation Types for Product ID 124: []
DEBUG - 2025-03-06 11:09:52 --> Selected Variations for Variation ID 131: [{"variation_type_id":"2","selected_value":"pink"},{"variation_type_id":"3","selected_value":"Medium"}]
DEBUG - 2025-03-06 11:09:52 --> Variation Details for Variation ID 131: [{"variation_id":"2","variation_type":"Colour","display_name":"Color","selected_value":"pink"},{"variation_id":"3","variation_type":"Size","display_name":"Size","selected_value":"Medium"}]
DEBUG - 2025-03-06 11:09:52 --> Variation Options for Product ID 125: [{"variation_type_id":"2","selected_value":"pink"},{"variation_type_id":"3","selected_value":"Medium"}]
DEBUG - 2025-03-06 11:09:52 --> Variation Type for ID 2: {"id":"2","variation_type":"Colour","display_name":"Color"}
DEBUG - 2025-03-06 11:09:52 --> Variation Type for ID 3: {"id":"3","variation_type":"Size","display_name":"Size"}
DEBUG - 2025-03-06 11:09:52 --> Variation Types for Product ID 125: {"2":{"variation_id":"2","variation_type":"Colour","display_name":"Color","values":["pink"]},"3":{"variation_id":"3","variation_type":"Size","display_name":"Size","values":["Medium"]}}
DEBUG - 2025-03-06 11:09:52 --> Selected Variations for Variation ID 133: [{"variation_type_id":"2","selected_value":"pink"},{"variation_type_id":"3","selected_value":"Medium"}]
DEBUG - 2025-03-06 11:09:52 --> Variation Details for Variation ID 133: [{"variation_id":"2","variation_type":"Colour","display_name":"Color","selected_value":"pink"},{"variation_id":"3","variation_type":"Size","display_name":"Size","selected_value":"Medium"}]
DEBUG - 2025-03-06 11:09:52 --> Variation Options for Product ID 126: [{"variation_type_id":"2","selected_value":"pink"},{"variation_type_id":"3","selected_value":"Medium"}]
DEBUG - 2025-03-06 11:09:52 --> Variation Type for ID 2: {"id":"2","variation_type":"Colour","display_name":"Color"}
DEBUG - 2025-03-06 11:09:52 --> Variation Type for ID 3: {"id":"3","variation_type":"Size","display_name":"Size"}
DEBUG - 2025-03-06 11:09:52 --> Variation Types for Product ID 126: {"2":{"variation_id":"2","variation_type":"Colour","display_name":"Color","values":["pink"]},"3":{"variation_id":"3","variation_type":"Size","display_name":"Size","values":["Medium"]}}
DEBUG - 2025-03-06 11:09:52 --> Selected Variations for Variation ID 134: [{"variation_type_id":"2","selected_value":"Green"},{"variation_type_id":"3","selected_value":"Large"}]
DEBUG - 2025-03-06 11:09:52 --> Variation Details for Variation ID 134: [{"variation_id":"2","variation_type":"Colour","display_name":"Color","selected_value":"Green"},{"variation_id":"3","variation_type":"Size","display_name":"Size","selected_value":"Large"}]
DEBUG - 2025-03-06 11:09:52 --> Selected Variations for Variation ID 140: [{"variation_type_id":"2","selected_value":"Green"},{"variation_type_id":"3","selected_value":"Demoeeee"}]
DEBUG - 2025-03-06 11:09:52 --> Variation Details for Variation ID 140: [{"variation_id":"2","variation_type":"Colour","display_name":"Color","selected_value":"Green"},{"variation_id":"3","variation_type":"Size","display_name":"Size","selected_value":"Demoeeee"}]
DEBUG - 2025-03-06 11:09:52 --> Selected Variations for Variation ID 141: [{"variation_type_id":"2","selected_value":"pink"},{"variation_type_id":"3","selected_value":"Medium"}]
DEBUG - 2025-03-06 11:09:52 --> Variation Details for Variation ID 141: [{"variation_id":"2","variation_type":"Colour","display_name":"Color","selected_value":"pink"},{"variation_id":"3","variation_type":"Size","display_name":"Size","selected_value":"Medium"}]
DEBUG - 2025-03-06 11:09:52 --> Variation Options for Product ID 127: [{"variation_type_id":"2","selected_value":"Green"},{"variation_type_id":"3","selected_value":"Large"},{"variation_type_id":"2","selected_value":"Green"},{"variation_type_id":"3","selected_value":"Demoeeee"},{"variation_type_id":"2","selected_value":"pink"},{"variation_type_id":"3","selected_value":"Medium"}]
DEBUG - 2025-03-06 11:09:52 --> Variation Type for ID 2: {"id":"2","variation_type":"Colour","display_name":"Color"}
DEBUG - 2025-03-06 11:09:52 --> Variation Type for ID 3: {"id":"3","variation_type":"Size","display_name":"Size"}
DEBUG - 2025-03-06 11:09:52 --> Variation Type for ID 2: {"id":"2","variation_type":"Colour","display_name":"Color"}
DEBUG - 2025-03-06 11:09:52 --> Variation Type for ID 3: {"id":"3","variation_type":"Size","display_name":"Size"}
DEBUG - 2025-03-06 11:09:52 --> Variation Type for ID 2: {"id":"2","variation_type":"Colour","display_name":"Color"}
DEBUG - 2025-03-06 11:09:52 --> Variation Type for ID 3: {"id":"3","variation_type":"Size","display_name":"Size"}
DEBUG - 2025-03-06 11:09:52 --> Variation Types for Product ID 127: {"2":{"variation_id":"2","variation_type":"Colour","display_name":"Color","values":["Green","pink"]},"3":{"variation_id":"3","variation_type":"Size","display_name":"Size","values":["Large","Demoeeee","Medium"]}}
DEBUG - 2025-03-06 11:09:52 --> Selected Variations for Variation ID 135: [{"variation_type_id":"2","selected_value":"pink"},{"variation_type_id":"3","selected_value":"Large"},{"variation_type_id":"2","selected_value":"Green"},{"variation_type_id":"3","selected_value":"Demoeeee"}]
DEBUG - 2025-03-06 11:09:52 --> Variation Details for Variation ID 135: [{"variation_id":"2","variation_type":"Colour","display_name":"Color","selected_value":"pink"},{"variation_id":"3","variation_type":"Size","display_name":"Size","selected_value":"Large"},{"variation_id":"2","variation_type":"Colour","display_name":"Color","selected_value":"Green"},{"variation_id":"3","variation_type":"Size","display_name":"Size","selected_value":"Demoeeee"}]
DEBUG - 2025-03-06 11:09:52 --> Selected Variations for Variation ID 137: []
DEBUG - 2025-03-06 11:09:52 --> Variation Details for Variation ID 137: []
DEBUG - 2025-03-06 11:09:52 --> Selected Variations for Variation ID 138: [{"variation_type_id":"2","selected_value":"Green"},{"variation_type_id":"3","selected_value":"Medium"}]
DEBUG - 2025-03-06 11:09:52 --> Variation Details for Variation ID 138: [{"variation_id":"2","variation_type":"Colour","display_name":"Color","selected_value":"Green"},{"variation_id":"3","variation_type":"Size","display_name":"Size","selected_value":"Medium"}]
DEBUG - 2025-03-06 11:09:52 --> Variation Options for Product ID 128: [{"variation_type_id":"2","selected_value":"pink"},{"variation_type_id":"3","selected_value":"Large"},{"variation_type_id":"2","selected_value":"Green"},{"variation_type_id":"3","selected_value":"Demoeeee"},{"variation_type_id":"2","selected_value":"Green"},{"variation_type_id":"3","selected_value":"Medium"}]
DEBUG - 2025-03-06 11:09:52 --> Variation Type for ID 2: {"id":"2","variation_type":"Colour","display_name":"Color"}
DEBUG - 2025-03-06 11:09:52 --> Variation Type for ID 3: {"id":"3","variation_type":"Size","display_name":"Size"}
DEBUG - 2025-03-06 11:09:52 --> Variation Type for ID 2: {"id":"2","variation_type":"Colour","display_name":"Color"}
DEBUG - 2025-03-06 11:09:52 --> Variation Type for ID 3: {"id":"3","variation_type":"Size","display_name":"Size"}
DEBUG - 2025-03-06 11:09:52 --> Variation Type for ID 2: {"id":"2","variation_type":"Colour","display_name":"Color"}
DEBUG - 2025-03-06 11:09:52 --> Variation Type for ID 3: {"id":"3","variation_type":"Size","display_name":"Size"}
DEBUG - 2025-03-06 11:09:52 --> Variation Types for Product ID 128: {"2":{"variation_id":"2","variation_type":"Colour","display_name":"Color","values":["pink","Green"]},"3":{"variation_id":"3","variation_type":"Size","display_name":"Size","values":["Large","Demoeeee","Medium"]}}
DEBUG - 2025-03-06 11:09:52 --> Selected Variations for Variation ID 136: []
DEBUG - 2025-03-06 11:09:52 --> Variation Details for Variation ID 136: []
DEBUG - 2025-03-06 11:09:52 --> Variation Options for Product ID 129: []
DEBUG - 2025-03-06 11:09:52 --> Variation Types for Product ID 129: []
DEBUG - 2025-03-06 11:09:52 --> Selected Variations for Variation ID 139: [{"variation_type_id":"2","selected_value":"Green"},{"variation_type_id":"3","selected_value":"Demoeeee"}]
DEBUG - 2025-03-06 11:09:52 --> Variation Details for Variation ID 139: [{"variation_id":"2","variation_type":"Colour","display_name":"Color","selected_value":"Green"},{"variation_id":"3","variation_type":"Size","display_name":"Size","selected_value":"Demoeeee"}]
DEBUG - 2025-03-06 11:09:52 --> Variation Options for Product ID 130: [{"variation_type_id":"2","selected_value":"Green"},{"variation_type_id":"3","selected_value":"Demoeeee"}]
DEBUG - 2025-03-06 11:09:52 --> Variation Type for ID 2: {"id":"2","variation_type":"Colour","display_name":"Color"}
DEBUG - 2025-03-06 11:09:52 --> Variation Type for ID 3: {"id":"3","variation_type":"Size","display_name":"Size"}
DEBUG - 2025-03-06 11:09:52 --> Variation Types for Product ID 130: {"2":{"variation_id":"2","variation_type":"Colour","display_name":"Color","values":["Green"]},"3":{"variation_id":"3","variation_type":"Size","display_name":"Size","values":["Demoeeee"]}}
DEBUG - 2025-03-06 11:12:53 --> Selected Variations for Variation ID 55: []
DEBUG - 2025-03-06 11:12:53 --> Variation Details for Variation ID 55: []
DEBUG - 2025-03-06 11:12:53 --> Variation Options for Product ID 55: []
DEBUG - 2025-03-06 11:12:53 --> Variation Types for Product ID 55: []
DEBUG - 2025-03-06 11:12:53 --> Selected Variations for Variation ID 80: []
DEBUG - 2025-03-06 11:12:53 --> Variation Details for Variation ID 80: []
DEBUG - 2025-03-06 11:12:53 --> Variation Options for Product ID 80: []
DEBUG - 2025-03-06 11:12:53 --> Variation Types for Product ID 80: []
DEBUG - 2025-03-06 11:12:53 --> Selected Variations for Variation ID 83: []
DEBUG - 2025-03-06 11:12:53 --> Variation Details for Variation ID 83: []
DEBUG - 2025-03-06 11:12:53 --> Selected Variations for Variation ID 116: []
DEBUG - 2025-03-06 11:12:53 --> Variation Details for Variation ID 116: []
DEBUG - 2025-03-06 11:12:53 --> Variation Options for Product ID 83: []
DEBUG - 2025-03-06 11:12:53 --> Variation Types for Product ID 83: []
DEBUG - 2025-03-06 11:12:53 --> Selected Variations for Variation ID 84: []
DEBUG - 2025-03-06 11:12:53 --> Variation Details for Variation ID 84: []
DEBUG - 2025-03-06 11:12:53 --> Variation Options for Product ID 84: []
DEBUG - 2025-03-06 11:12:53 --> Variation Types for Product ID 84: []
DEBUG - 2025-03-06 11:12:53 --> Selected Variations for Variation ID 86: []
DEBUG - 2025-03-06 11:12:53 --> Variation Details for Variation ID 86: []
DEBUG - 2025-03-06 11:12:53 --> Variation Options for Product ID 86: []
DEBUG - 2025-03-06 11:12:53 --> Variation Types for Product ID 86: []
DEBUG - 2025-03-06 11:12:53 --> Selected Variations for Variation ID 87: []
DEBUG - 2025-03-06 11:12:53 --> Variation Details for Variation ID 87: []
DEBUG - 2025-03-06 11:12:53 --> Variation Options for Product ID 87: []
DEBUG - 2025-03-06 11:12:53 --> Variation Types for Product ID 87: []
DEBUG - 2025-03-06 11:12:53 --> Selected Variations for Variation ID 96: []
DEBUG - 2025-03-06 11:12:53 --> Variation Details for Variation ID 96: []
DEBUG - 2025-03-06 11:12:53 --> Variation Options for Product ID 96: []
DEBUG - 2025-03-06 11:12:53 --> Variation Types for Product ID 96: []
DEBUG - 2025-03-06 11:12:53 --> Selected Variations for Variation ID 101: []
DEBUG - 2025-03-06 11:12:53 --> Variation Details for Variation ID 101: []
DEBUG - 2025-03-06 11:12:53 --> Variation Options for Product ID 101: []
DEBUG - 2025-03-06 11:12:53 --> Variation Types for Product ID 101: []
DEBUG - 2025-03-06 11:12:53 --> Selected Variations for Variation ID 102: []
DEBUG - 2025-03-06 11:12:53 --> Variation Details for Variation ID 102: []
DEBUG - 2025-03-06 11:12:53 --> Variation Options for Product ID 102: []
DEBUG - 2025-03-06 11:12:53 --> Variation Types for Product ID 102: []
DEBUG - 2025-03-06 11:12:53 --> Selected Variations for Variation ID 107: []
DEBUG - 2025-03-06 11:12:53 --> Variation Details for Variation ID 107: []
DEBUG - 2025-03-06 11:12:53 --> Selected Variations for Variation ID 124: []
DEBUG - 2025-03-06 11:12:53 --> Variation Details for Variation ID 124: []
DEBUG - 2025-03-06 11:12:53 --> Variation Options for Product ID 107: []
DEBUG - 2025-03-06 11:12:53 --> Variation Types for Product ID 107: []
DEBUG - 2025-03-06 11:12:53 --> Selected Variations for Variation ID 123: []
DEBUG - 2025-03-06 11:12:53 --> Variation Details for Variation ID 123: []
DEBUG - 2025-03-06 11:12:53 --> Variation Options for Product ID 119: []
DEBUG - 2025-03-06 11:12:53 --> Variation Types for Product ID 119: []
DEBUG - 2025-03-06 11:12:53 --> Selected Variations for Variation ID 126: []
DEBUG - 2025-03-06 11:12:53 --> Variation Details for Variation ID 126: []
DEBUG - 2025-03-06 11:12:53 --> Variation Options for Product ID 120: []
DEBUG - 2025-03-06 11:12:53 --> Variation Types for Product ID 120: []
DEBUG - 2025-03-06 11:12:53 --> Selected Variations for Variation ID 127: []
DEBUG - 2025-03-06 11:12:53 --> Variation Details for Variation ID 127: []
DEBUG - 2025-03-06 11:12:53 --> Variation Options for Product ID 121: []
DEBUG - 2025-03-06 11:12:53 --> Variation Types for Product ID 121: []
DEBUG - 2025-03-06 11:12:53 --> Selected Variations for Variation ID 128: []
DEBUG - 2025-03-06 11:12:53 --> Variation Details for Variation ID 128: []
DEBUG - 2025-03-06 11:12:53 --> Variation Options for Product ID 122: []
DEBUG - 2025-03-06 11:12:53 --> Variation Types for Product ID 122: []
DEBUG - 2025-03-06 11:12:53 --> Selected Variations for Variation ID 129: []
DEBUG - 2025-03-06 11:12:53 --> Variation Details for Variation ID 129: []
DEBUG - 2025-03-06 11:12:53 --> Variation Options for Product ID 123: []
DEBUG - 2025-03-06 11:12:53 --> Variation Types for Product ID 123: []
DEBUG - 2025-03-06 11:12:53 --> Selected Variations for Variation ID 130: []
DEBUG - 2025-03-06 11:12:53 --> Variation Details for Variation ID 130: []
DEBUG - 2025-03-06 11:12:53 --> Variation Options for Product ID 124: []
DEBUG - 2025-03-06 11:12:53 --> Variation Types for Product ID 124: []
DEBUG - 2025-03-06 11:12:53 --> Selected Variations for Variation ID 131: [{"variation_type_id":"2","selected_value":"pink"},{"variation_type_id":"3","selected_value":"Medium"}]
DEBUG - 2025-03-06 11:12:53 --> Variation Details for Variation ID 131: [{"variation_id":"2","variation_type":"Colour","display_name":"Color","selected_value":"pink"},{"variation_id":"3","variation_type":"Size","display_name":"Size","selected_value":"Medium"}]
DEBUG - 2025-03-06 11:12:53 --> Variation Options for Product ID 125: [{"variation_type_id":"2","selected_value":"pink"},{"variation_type_id":"3","selected_value":"Medium"}]
DEBUG - 2025-03-06 11:12:53 --> Variation Type for ID 2: {"id":"2","variation_type":"Colour","display_name":"Color"}
DEBUG - 2025-03-06 11:12:53 --> Variation Type for ID 3: {"id":"3","variation_type":"Size","display_name":"Size"}
DEBUG - 2025-03-06 11:12:53 --> Variation Types for Product ID 125: {"2":{"variation_id":"2","variation_type":"Colour","display_name":"Color","values":["pink"]},"3":{"variation_id":"3","variation_type":"Size","display_name":"Size","values":["Medium"]}}
DEBUG - 2025-03-06 11:12:53 --> Selected Variations for Variation ID 133: [{"variation_type_id":"2","selected_value":"pink"},{"variation_type_id":"3","selected_value":"Medium"}]
DEBUG - 2025-03-06 11:12:53 --> Variation Details for Variation ID 133: [{"variation_id":"2","variation_type":"Colour","display_name":"Color","selected_value":"pink"},{"variation_id":"3","variation_type":"Size","display_name":"Size","selected_value":"Medium"}]
DEBUG - 2025-03-06 11:12:53 --> Variation Options for Product ID 126: [{"variation_type_id":"2","selected_value":"pink"},{"variation_type_id":"3","selected_value":"Medium"}]
DEBUG - 2025-03-06 11:12:53 --> Variation Type for ID 2: {"id":"2","variation_type":"Colour","display_name":"Color"}
DEBUG - 2025-03-06 11:12:53 --> Variation Type for ID 3: {"id":"3","variation_type":"Size","display_name":"Size"}
DEBUG - 2025-03-06 11:12:53 --> Variation Types for Product ID 126: {"2":{"variation_id":"2","variation_type":"Colour","display_name":"Color","values":["pink"]},"3":{"variation_id":"3","variation_type":"Size","display_name":"Size","values":["Medium"]}}
DEBUG - 2025-03-06 11:12:53 --> Selected Variations for Variation ID 134: [{"variation_type_id":"2","selected_value":"Green"},{"variation_type_id":"3","selected_value":"Large"}]
DEBUG - 2025-03-06 11:12:53 --> Variation Details for Variation ID 134: [{"variation_id":"2","variation_type":"Colour","display_name":"Color","selected_value":"Green"},{"variation_id":"3","variation_type":"Size","display_name":"Size","selected_value":"Large"}]
DEBUG - 2025-03-06 11:12:53 --> Selected Variations for Variation ID 140: [{"variation_type_id":"2","selected_value":"Green"},{"variation_type_id":"3","selected_value":"Demoeeee"}]
DEBUG - 2025-03-06 11:12:53 --> Variation Details for Variation ID 140: [{"variation_id":"2","variation_type":"Colour","display_name":"Color","selected_value":"Green"},{"variation_id":"3","variation_type":"Size","display_name":"Size","selected_value":"Demoeeee"}]
DEBUG - 2025-03-06 11:12:53 --> Selected Variations for Variation ID 141: [{"variation_type_id":"2","selected_value":"pink"},{"variation_type_id":"3","selected_value":"Medium"}]
DEBUG - 2025-03-06 11:12:53 --> Variation Details for Variation ID 141: [{"variation_id":"2","variation_type":"Colour","display_name":"Color","selected_value":"pink"},{"variation_id":"3","variation_type":"Size","display_name":"Size","selected_value":"Medium"}]
DEBUG - 2025-03-06 11:12:53 --> Variation Options for Product ID 127: [{"variation_type_id":"2","selected_value":"Green"},{"variation_type_id":"3","selected_value":"Large"},{"variation_type_id":"2","selected_value":"Green"},{"variation_type_id":"3","selected_value":"Demoeeee"},{"variation_type_id":"2","selected_value":"pink"},{"variation_type_id":"3","selected_value":"Medium"}]
DEBUG - 2025-03-06 11:12:53 --> Variation Type for ID 2: {"id":"2","variation_type":"Colour","display_name":"Color"}
DEBUG - 2025-03-06 11:12:53 --> Variation Type for ID 3: {"id":"3","variation_type":"Size","display_name":"Size"}
DEBUG - 2025-03-06 11:12:53 --> Variation Type for ID 2: {"id":"2","variation_type":"Colour","display_name":"Color"}
DEBUG - 2025-03-06 11:12:53 --> Variation Type for ID 3: {"id":"3","variation_type":"Size","display_name":"Size"}
DEBUG - 2025-03-06 11:12:53 --> Variation Type for ID 2: {"id":"2","variation_type":"Colour","display_name":"Color"}
DEBUG - 2025-03-06 11:12:53 --> Variation Type for ID 3: {"id":"3","variation_type":"Size","display_name":"Size"}
DEBUG - 2025-03-06 11:12:53 --> Variation Types for Product ID 127: {"2":{"variation_id":"2","variation_type":"Colour","display_name":"Color","values":["Green","pink"]},"3":{"variation_id":"3","variation_type":"Size","display_name":"Size","values":["Large","Demoeeee","Medium"]}}
DEBUG - 2025-03-06 11:12:53 --> Selected Variations for Variation ID 135: [{"variation_type_id":"2","selected_value":"pink"},{"variation_type_id":"3","selected_value":"Large"},{"variation_type_id":"2","selected_value":"Green"},{"variation_type_id":"3","selected_value":"Demoeeee"}]
DEBUG - 2025-03-06 11:12:53 --> Variation Details for Variation ID 135: [{"variation_id":"2","variation_type":"Colour","display_name":"Color","selected_value":"pink"},{"variation_id":"3","variation_type":"Size","display_name":"Size","selected_value":"Large"},{"variation_id":"2","variation_type":"Colour","display_name":"Color","selected_value":"Green"},{"variation_id":"3","variation_type":"Size","display_name":"Size","selected_value":"Demoeeee"}]
DEBUG - 2025-03-06 11:12:53 --> Selected Variations for Variation ID 137: []
DEBUG - 2025-03-06 11:12:53 --> Variation Details for Variation ID 137: []
DEBUG - 2025-03-06 11:12:53 --> Selected Variations for Variation ID 138: [{"variation_type_id":"2","selected_value":"Green"},{"variation_type_id":"3","selected_value":"Medium"}]
DEBUG - 2025-03-06 11:12:53 --> Variation Details for Variation ID 138: [{"variation_id":"2","variation_type":"Colour","display_name":"Color","selected_value":"Green"},{"variation_id":"3","variation_type":"Size","display_name":"Size","selected_value":"Medium"}]
DEBUG - 2025-03-06 11:12:53 --> Variation Options for Product ID 128: [{"variation_type_id":"2","selected_value":"pink"},{"variation_type_id":"3","selected_value":"Large"},{"variation_type_id":"2","selected_value":"Green"},{"variation_type_id":"3","selected_value":"Demoeeee"},{"variation_type_id":"2","selected_value":"Green"},{"variation_type_id":"3","selected_value":"Medium"}]
DEBUG - 2025-03-06 11:12:53 --> Variation Type for ID 2: {"id":"2","variation_type":"Colour","display_name":"Color"}
DEBUG - 2025-03-06 11:12:53 --> Variation Type for ID 3: {"id":"3","variation_type":"Size","display_name":"Size"}
DEBUG - 2025-03-06 11:12:53 --> Variation Type for ID 2: {"id":"2","variation_type":"Colour","display_name":"Color"}
DEBUG - 2025-03-06 11:12:53 --> Variation Type for ID 3: {"id":"3","variation_type":"Size","display_name":"Size"}
DEBUG - 2025-03-06 11:12:53 --> Variation Type for ID 2: {"id":"2","variation_type":"Colour","display_name":"Color"}
DEBUG - 2025-03-06 11:12:53 --> Variation Type for ID 3: {"id":"3","variation_type":"Size","display_name":"Size"}
DEBUG - 2025-03-06 11:12:53 --> Variation Types for Product ID 128: {"2":{"variation_id":"2","variation_type":"Colour","display_name":"Color","values":["pink","Green"]},"3":{"variation_id":"3","variation_type":"Size","display_name":"Size","values":["Large","Demoeeee","Medium"]}}
DEBUG - 2025-03-06 11:12:53 --> Selected Variations for Variation ID 136: []
DEBUG - 2025-03-06 11:12:53 --> Variation Details for Variation ID 136: []
DEBUG - 2025-03-06 11:12:53 --> Variation Options for Product ID 129: []
DEBUG - 2025-03-06 11:12:53 --> Variation Types for Product ID 129: []
DEBUG - 2025-03-06 11:12:53 --> Selected Variations for Variation ID 139: [{"variation_type_id":"2","selected_value":"Green"},{"variation_type_id":"3","selected_value":"Demoeeee"}]
DEBUG - 2025-03-06 11:12:53 --> Variation Details for Variation ID 139: [{"variation_id":"2","variation_type":"Colour","display_name":"Color","selected_value":"Green"},{"variation_id":"3","variation_type":"Size","display_name":"Size","selected_value":"Demoeeee"}]
DEBUG - 2025-03-06 11:12:53 --> Variation Options for Product ID 130: [{"variation_type_id":"2","selected_value":"Green"},{"variation_type_id":"3","selected_value":"Demoeeee"}]
DEBUG - 2025-03-06 11:12:53 --> Variation Type for ID 2: {"id":"2","variation_type":"Colour","display_name":"Color"}
DEBUG - 2025-03-06 11:12:53 --> Variation Type for ID 3: {"id":"3","variation_type":"Size","display_name":"Size"}
DEBUG - 2025-03-06 11:12:53 --> Variation Types for Product ID 130: {"2":{"variation_id":"2","variation_type":"Colour","display_name":"Color","values":["Green"]},"3":{"variation_id":"3","variation_type":"Size","display_name":"Size","values":["Demoeeee"]}}
DEBUG - 2025-03-06 11:14:59 --> Selected Variations for Variation ID 55: []
DEBUG - 2025-03-06 11:14:59 --> Variation Details for Variation ID 55: []
DEBUG - 2025-03-06 11:14:59 --> Variation Options for Product ID 55: []
DEBUG - 2025-03-06 11:14:59 --> Variation Types for Product ID 55: []
DEBUG - 2025-03-06 11:14:59 --> Selected Variations for Variation ID 80: []
DEBUG - 2025-03-06 11:14:59 --> Variation Details for Variation ID 80: []
DEBUG - 2025-03-06 11:14:59 --> Variation Options for Product ID 80: []
DEBUG - 2025-03-06 11:14:59 --> Variation Types for Product ID 80: []
DEBUG - 2025-03-06 11:14:59 --> Selected Variations for Variation ID 83: []
DEBUG - 2025-03-06 11:14:59 --> Variation Details for Variation ID 83: []
DEBUG - 2025-03-06 11:14:59 --> Selected Variations for Variation ID 116: []
DEBUG - 2025-03-06 11:14:59 --> Variation Details for Variation ID 116: []
DEBUG - 2025-03-06 11:14:59 --> Variation Options for Product ID 83: []
DEBUG - 2025-03-06 11:14:59 --> Variation Types for Product ID 83: []
DEBUG - 2025-03-06 11:14:59 --> Selected Variations for Variation ID 84: []
DEBUG - 2025-03-06 11:14:59 --> Variation Details for Variation ID 84: []
DEBUG - 2025-03-06 11:14:59 --> Variation Options for Product ID 84: []
DEBUG - 2025-03-06 11:14:59 --> Variation Types for Product ID 84: []
DEBUG - 2025-03-06 11:15:00 --> Selected Variations for Variation ID 86: []
DEBUG - 2025-03-06 11:15:00 --> Variation Details for Variation ID 86: []
DEBUG - 2025-03-06 11:15:00 --> Variation Options for Product ID 86: []
DEBUG - 2025-03-06 11:15:00 --> Variation Types for Product ID 86: []
DEBUG - 2025-03-06 11:15:00 --> Selected Variations for Variation ID 87: []
DEBUG - 2025-03-06 11:15:00 --> Variation Details for Variation ID 87: []
DEBUG - 2025-03-06 11:15:00 --> Variation Options for Product ID 87: []
DEBUG - 2025-03-06 11:15:00 --> Variation Types for Product ID 87: []
DEBUG - 2025-03-06 11:15:00 --> Selected Variations for Variation ID 96: []
DEBUG - 2025-03-06 11:15:00 --> Variation Details for Variation ID 96: []
DEBUG - 2025-03-06 11:15:00 --> Variation Options for Product ID 96: []
DEBUG - 2025-03-06 11:15:00 --> Variation Types for Product ID 96: []
DEBUG - 2025-03-06 11:15:00 --> Selected Variations for Variation ID 101: []
DEBUG - 2025-03-06 11:15:00 --> Variation Details for Variation ID 101: []
DEBUG - 2025-03-06 11:15:00 --> Variation Options for Product ID 101: []
DEBUG - 2025-03-06 11:15:00 --> Variation Types for Product ID 101: []
DEBUG - 2025-03-06 11:15:00 --> Selected Variations for Variation ID 102: []
DEBUG - 2025-03-06 11:15:00 --> Variation Details for Variation ID 102: []
DEBUG - 2025-03-06 11:15:00 --> Variation Options for Product ID 102: []
DEBUG - 2025-03-06 11:15:00 --> Variation Types for Product ID 102: []
DEBUG - 2025-03-06 11:15:00 --> Selected Variations for Variation ID 107: []
DEBUG - 2025-03-06 11:15:00 --> Variation Details for Variation ID 107: []
DEBUG - 2025-03-06 11:15:00 --> Selected Variations for Variation ID 124: []
DEBUG - 2025-03-06 11:15:00 --> Variation Details for Variation ID 124: []
DEBUG - 2025-03-06 11:15:00 --> Variation Options for Product ID 107: []
DEBUG - 2025-03-06 11:15:00 --> Variation Types for Product ID 107: []
DEBUG - 2025-03-06 11:15:00 --> Selected Variations for Variation ID 123: []
DEBUG - 2025-03-06 11:15:00 --> Variation Details for Variation ID 123: []
DEBUG - 2025-03-06 11:15:00 --> Variation Options for Product ID 119: []
DEBUG - 2025-03-06 11:15:00 --> Variation Types for Product ID 119: []
DEBUG - 2025-03-06 11:15:00 --> Selected Variations for Variation ID 126: []
DEBUG - 2025-03-06 11:15:00 --> Variation Details for Variation ID 126: []
DEBUG - 2025-03-06 11:15:00 --> Variation Options for Product ID 120: []
DEBUG - 2025-03-06 11:15:00 --> Variation Types for Product ID 120: []
DEBUG - 2025-03-06 11:15:00 --> Selected Variations for Variation ID 127: []
DEBUG - 2025-03-06 11:15:00 --> Variation Details for Variation ID 127: []
DEBUG - 2025-03-06 11:15:00 --> Variation Options for Product ID 121: []
DEBUG - 2025-03-06 11:15:00 --> Variation Types for Product ID 121: []
DEBUG - 2025-03-06 11:15:00 --> Selected Variations for Variation ID 128: []
DEBUG - 2025-03-06 11:15:00 --> Variation Details for Variation ID 128: []
DEBUG - 2025-03-06 11:15:00 --> Variation Options for Product ID 122: []
DEBUG - 2025-03-06 11:15:00 --> Variation Types for Product ID 122: []
DEBUG - 2025-03-06 11:15:00 --> Selected Variations for Variation ID 129: []
DEBUG - 2025-03-06 11:15:00 --> Variation Details for Variation ID 129: []
DEBUG - 2025-03-06 11:15:00 --> Variation Options for Product ID 123: []
DEBUG - 2025-03-06 11:15:00 --> Variation Types for Product ID 123: []
DEBUG - 2025-03-06 11:15:00 --> Selected Variations for Variation ID 130: []
DEBUG - 2025-03-06 11:15:00 --> Variation Details for Variation ID 130: []
DEBUG - 2025-03-06 11:15:00 --> Variation Options for Product ID 124: []
DEBUG - 2025-03-06 11:15:00 --> Variation Types for Product ID 124: []
DEBUG - 2025-03-06 11:15:00 --> Selected Variations for Variation ID 131: [{"variation_type_id":"2","selected_value":"pink"},{"variation_type_id":"3","selected_value":"Medium"}]
DEBUG - 2025-03-06 11:15:00 --> Variation Details for Variation ID 131: [{"variation_id":"2","variation_type":"Colour","display_name":"Color","selected_value":"pink"},{"variation_id":"3","variation_type":"Size","display_name":"Size","selected_value":"Medium"}]
DEBUG - 2025-03-06 11:15:00 --> Variation Options for Product ID 125: [{"variation_type_id":"2","selected_value":"pink"},{"variation_type_id":"3","selected_value":"Medium"}]
DEBUG - 2025-03-06 11:15:00 --> Variation Type for ID 2: {"id":"2","variation_type":"Colour","display_name":"Color"}
DEBUG - 2025-03-06 11:15:00 --> Variation Type for ID 3: {"id":"3","variation_type":"Size","display_name":"Size"}
DEBUG - 2025-03-06 11:15:00 --> Variation Types for Product ID 125: {"2":{"variation_id":"2","variation_type":"Colour","display_name":"Color","values":["pink"]},"3":{"variation_id":"3","variation_type":"Size","display_name":"Size","values":["Medium"]}}
DEBUG - 2025-03-06 11:15:00 --> Selected Variations for Variation ID 133: [{"variation_type_id":"2","selected_value":"pink"},{"variation_type_id":"3","selected_value":"Medium"}]
DEBUG - 2025-03-06 11:15:00 --> Variation Details for Variation ID 133: [{"variation_id":"2","variation_type":"Colour","display_name":"Color","selected_value":"pink"},{"variation_id":"3","variation_type":"Size","display_name":"Size","selected_value":"Medium"}]
DEBUG - 2025-03-06 11:15:00 --> Variation Options for Product ID 126: [{"variation_type_id":"2","selected_value":"pink"},{"variation_type_id":"3","selected_value":"Medium"}]
DEBUG - 2025-03-06 11:15:00 --> Variation Type for ID 2: {"id":"2","variation_type":"Colour","display_name":"Color"}
DEBUG - 2025-03-06 11:15:00 --> Variation Type for ID 3: {"id":"3","variation_type":"Size","display_name":"Size"}
DEBUG - 2025-03-06 11:15:00 --> Variation Types for Product ID 126: {"2":{"variation_id":"2","variation_type":"Colour","display_name":"Color","values":["pink"]},"3":{"variation_id":"3","variation_type":"Size","display_name":"Size","values":["Medium"]}}
DEBUG - 2025-03-06 11:15:00 --> Selected Variations for Variation ID 134: [{"variation_type_id":"2","selected_value":"Green"},{"variation_type_id":"3","selected_value":"Large"}]
DEBUG - 2025-03-06 11:15:00 --> Variation Details for Variation ID 134: [{"variation_id":"2","variation_type":"Colour","display_name":"Color","selected_value":"Green"},{"variation_id":"3","variation_type":"Size","display_name":"Size","selected_value":"Large"}]
DEBUG - 2025-03-06 11:15:00 --> Selected Variations for Variation ID 140: [{"variation_type_id":"2","selected_value":"Green"},{"variation_type_id":"3","selected_value":"Demoeeee"}]
DEBUG - 2025-03-06 11:15:00 --> Variation Details for Variation ID 140: [{"variation_id":"2","variation_type":"Colour","display_name":"Color","selected_value":"Green"},{"variation_id":"3","variation_type":"Size","display_name":"Size","selected_value":"Demoeeee"}]
DEBUG - 2025-03-06 11:15:00 --> Selected Variations for Variation ID 141: [{"variation_type_id":"2","selected_value":"pink"},{"variation_type_id":"3","selected_value":"Medium"}]
DEBUG - 2025-03-06 11:15:00 --> Variation Details for Variation ID 141: [{"variation_id":"2","variation_type":"Colour","display_name":"Color","selected_value":"pink"},{"variation_id":"3","variation_type":"Size","display_name":"Size","selected_value":"Medium"}]
DEBUG - 2025-03-06 11:15:00 --> Variation Options for Product ID 127: [{"variation_type_id":"2","selected_value":"Green"},{"variation_type_id":"3","selected_value":"Large"},{"variation_type_id":"2","selected_value":"Green"},{"variation_type_id":"3","selected_value":"Demoeeee"},{"variation_type_id":"2","selected_value":"pink"},{"variation_type_id":"3","selected_value":"Medium"}]
DEBUG - 2025-03-06 11:15:00 --> Variation Type for ID 2: {"id":"2","variation_type":"Colour","display_name":"Color"}
DEBUG - 2025-03-06 11:15:00 --> Variation Type for ID 3: {"id":"3","variation_type":"Size","display_name":"Size"}
DEBUG - 2025-03-06 11:15:00 --> Variation Type for ID 2: {"id":"2","variation_type":"Colour","display_name":"Color"}
DEBUG - 2025-03-06 11:15:00 --> Variation Type for ID 3: {"id":"3","variation_type":"Size","display_name":"Size"}
DEBUG - 2025-03-06 11:15:00 --> Variation Type for ID 2: {"id":"2","variation_type":"Colour","display_name":"Color"}
DEBUG - 2025-03-06 11:15:00 --> Variation Type for ID 3: {"id":"3","variation_type":"Size","display_name":"Size"}
DEBUG - 2025-03-06 11:15:00 --> Variation Types for Product ID 127: {"2":{"variation_id":"2","variation_type":"Colour","display_name":"Color","values":["Green","pink"]},"3":{"variation_id":"3","variation_type":"Size","display_name":"Size","values":["Large","Demoeeee","Medium"]}}
DEBUG - 2025-03-06 11:15:00 --> Selected Variations for Variation ID 135: [{"variation_type_id":"2","selected_value":"pink"},{"variation_type_id":"3","selected_value":"Large"},{"variation_type_id":"2","selected_value":"Green"},{"variation_type_id":"3","selected_value":"Demoeeee"}]
DEBUG - 2025-03-06 11:15:00 --> Variation Details for Variation ID 135: [{"variation_id":"2","variation_type":"Colour","display_name":"Color","selected_value":"pink"},{"variation_id":"3","variation_type":"Size","display_name":"Size","selected_value":"Large"},{"variation_id":"2","variation_type":"Colour","display_name":"Color","selected_value":"Green"},{"variation_id":"3","variation_type":"Size","display_name":"Size","selected_value":"Demoeeee"}]
DEBUG - 2025-03-06 11:15:00 --> Selected Variations for Variation ID 137: []
DEBUG - 2025-03-06 11:15:00 --> Variation Details for Variation ID 137: []
DEBUG - 2025-03-06 11:15:00 --> Selected Variations for Variation ID 138: [{"variation_type_id":"2","selected_value":"Green"},{"variation_type_id":"3","selected_value":"Medium"}]
DEBUG - 2025-03-06 11:15:00 --> Variation Details for Variation ID 138: [{"variation_id":"2","variation_type":"Colour","display_name":"Color","selected_value":"Green"},{"variation_id":"3","variation_type":"Size","display_name":"Size","selected_value":"Medium"}]
DEBUG - 2025-03-06 11:15:00 --> Variation Options for Product ID 128: [{"variation_type_id":"2","selected_value":"pink"},{"variation_type_id":"3","selected_value":"Large"},{"variation_type_id":"2","selected_value":"Green"},{"variation_type_id":"3","selected_value":"Demoeeee"},{"variation_type_id":"2","selected_value":"Green"},{"variation_type_id":"3","selected_value":"Medium"}]
DEBUG - 2025-03-06 11:15:00 --> Variation Type for ID 2: {"id":"2","variation_type":"Colour","display_name":"Color"}
DEBUG - 2025-03-06 11:15:00 --> Variation Type for ID 3: {"id":"3","variation_type":"Size","display_name":"Size"}
DEBUG - 2025-03-06 11:15:00 --> Variation Type for ID 2: {"id":"2","variation_type":"Colour","display_name":"Color"}
DEBUG - 2025-03-06 11:15:00 --> Variation Type for ID 3: {"id":"3","variation_type":"Size","display_name":"Size"}
DEBUG - 2025-03-06 11:15:00 --> Variation Type for ID 2: {"id":"2","variation_type":"Colour","display_name":"Color"}
DEBUG - 2025-03-06 11:15:00 --> Variation Type for ID 3: {"id":"3","variation_type":"Size","display_name":"Size"}
DEBUG - 2025-03-06 11:15:00 --> Variation Types for Product ID 128: {"2":{"variation_id":"2","variation_type":"Colour","display_name":"Color","values":["pink","Green"]},"3":{"variation_id":"3","variation_type":"Size","display_name":"Size","values":["Large","Demoeeee","Medium"]}}
DEBUG - 2025-03-06 11:15:00 --> Selected Variations for Variation ID 136: []
DEBUG - 2025-03-06 11:15:00 --> Variation Details for Variation ID 136: []
DEBUG - 2025-03-06 11:15:00 --> Variation Options for Product ID 129: []
DEBUG - 2025-03-06 11:15:00 --> Variation Types for Product ID 129: []
DEBUG - 2025-03-06 11:15:00 --> Selected Variations for Variation ID 139: [{"variation_type_id":"2","selected_value":"Green"},{"variation_type_id":"3","selected_value":"Demoeeee"}]
DEBUG - 2025-03-06 11:15:00 --> Variation Details for Variation ID 139: [{"variation_id":"2","variation_type":"Colour","display_name":"Color","selected_value":"Green"},{"variation_id":"3","variation_type":"Size","display_name":"Size","selected_value":"Demoeeee"}]
DEBUG - 2025-03-06 11:15:00 --> Variation Options for Product ID 130: [{"variation_type_id":"2","selected_value":"Green"},{"variation_type_id":"3","selected_value":"Demoeeee"}]
DEBUG - 2025-03-06 11:15:00 --> Variation Type for ID 2: {"id":"2","variation_type":"Colour","display_name":"Color"}
DEBUG - 2025-03-06 11:15:00 --> Variation Type for ID 3: {"id":"3","variation_type":"Size","display_name":"Size"}
DEBUG - 2025-03-06 11:15:00 --> Variation Types for Product ID 130: {"2":{"variation_id":"2","variation_type":"Colour","display_name":"Color","values":["Green"]},"3":{"variation_id":"3","variation_type":"Size","display_name":"Size","values":["Demoeeee"]}}
DEBUG - 2025-03-06 11:15:01 --> Selected Variations for Variation ID 55: []
DEBUG - 2025-03-06 11:15:01 --> Variation Details for Variation ID 55: []
DEBUG - 2025-03-06 11:15:01 --> Variation Options for Product ID 55: []
DEBUG - 2025-03-06 11:15:01 --> Variation Types for Product ID 55: []
DEBUG - 2025-03-06 11:15:01 --> Selected Variations for Variation ID 80: []
DEBUG - 2025-03-06 11:15:01 --> Variation Details for Variation ID 80: []
DEBUG - 2025-03-06 11:15:01 --> Variation Options for Product ID 80: []
DEBUG - 2025-03-06 11:15:01 --> Variation Types for Product ID 80: []
DEBUG - 2025-03-06 11:15:01 --> Selected Variations for Variation ID 83: []
DEBUG - 2025-03-06 11:15:01 --> Variation Details for Variation ID 83: []
DEBUG - 2025-03-06 11:15:01 --> Selected Variations for Variation ID 116: []
DEBUG - 2025-03-06 11:15:01 --> Variation Details for Variation ID 116: []
DEBUG - 2025-03-06 11:15:01 --> Variation Options for Product ID 83: []
DEBUG - 2025-03-06 11:15:01 --> Variation Types for Product ID 83: []
DEBUG - 2025-03-06 11:15:01 --> Selected Variations for Variation ID 84: []
DEBUG - 2025-03-06 11:15:01 --> Variation Details for Variation ID 84: []
DEBUG - 2025-03-06 11:15:01 --> Variation Options for Product ID 84: []
DEBUG - 2025-03-06 11:15:01 --> Variation Types for Product ID 84: []
DEBUG - 2025-03-06 11:15:01 --> Selected Variations for Variation ID 86: []
DEBUG - 2025-03-06 11:15:01 --> Variation Details for Variation ID 86: []
DEBUG - 2025-03-06 11:15:01 --> Variation Options for Product ID 86: []
DEBUG - 2025-03-06 11:15:01 --> Variation Types for Product ID 86: []
DEBUG - 2025-03-06 11:15:01 --> Selected Variations for Variation ID 87: []
DEBUG - 2025-03-06 11:15:01 --> Variation Details for Variation ID 87: []
DEBUG - 2025-03-06 11:15:01 --> Variation Options for Product ID 87: []
DEBUG - 2025-03-06 11:15:01 --> Variation Types for Product ID 87: []
DEBUG - 2025-03-06 11:15:01 --> Selected Variations for Variation ID 96: []
DEBUG - 2025-03-06 11:15:01 --> Variation Details for Variation ID 96: []
DEBUG - 2025-03-06 11:15:01 --> Variation Options for Product ID 96: []
DEBUG - 2025-03-06 11:15:01 --> Variation Types for Product ID 96: []
DEBUG - 2025-03-06 11:15:01 --> Selected Variations for Variation ID 101: []
DEBUG - 2025-03-06 11:15:01 --> Variation Details for Variation ID 101: []
DEBUG - 2025-03-06 11:15:01 --> Variation Options for Product ID 101: []
DEBUG - 2025-03-06 11:15:01 --> Variation Types for Product ID 101: []
DEBUG - 2025-03-06 11:15:01 --> Selected Variations for Variation ID 102: []
DEBUG - 2025-03-06 11:15:01 --> Variation Details for Variation ID 102: []
DEBUG - 2025-03-06 11:15:01 --> Variation Options for Product ID 102: []
DEBUG - 2025-03-06 11:15:01 --> Variation Types for Product ID 102: []
DEBUG - 2025-03-06 11:15:01 --> Selected Variations for Variation ID 107: []
DEBUG - 2025-03-06 11:15:01 --> Variation Details for Variation ID 107: []
DEBUG - 2025-03-06 11:15:01 --> Selected Variations for Variation ID 124: []
DEBUG - 2025-03-06 11:15:01 --> Variation Details for Variation ID 124: []
DEBUG - 2025-03-06 11:15:01 --> Variation Options for Product ID 107: []
DEBUG - 2025-03-06 11:15:01 --> Variation Types for Product ID 107: []
DEBUG - 2025-03-06 11:15:01 --> Selected Variations for Variation ID 123: []
DEBUG - 2025-03-06 11:15:01 --> Variation Details for Variation ID 123: []
DEBUG - 2025-03-06 11:15:01 --> Variation Options for Product ID 119: []
DEBUG - 2025-03-06 11:15:01 --> Variation Types for Product ID 119: []
DEBUG - 2025-03-06 11:15:01 --> Selected Variations for Variation ID 126: []
DEBUG - 2025-03-06 11:15:01 --> Variation Details for Variation ID 126: []
DEBUG - 2025-03-06 11:15:01 --> Variation Options for Product ID 120: []
DEBUG - 2025-03-06 11:15:01 --> Variation Types for Product ID 120: []
DEBUG - 2025-03-06 11:15:01 --> Selected Variations for Variation ID 127: []
DEBUG - 2025-03-06 11:15:01 --> Variation Details for Variation ID 127: []
DEBUG - 2025-03-06 11:15:01 --> Variation Options for Product ID 121: []
DEBUG - 2025-03-06 11:15:01 --> Variation Types for Product ID 121: []
DEBUG - 2025-03-06 11:15:01 --> Selected Variations for Variation ID 128: []
DEBUG - 2025-03-06 11:15:01 --> Variation Details for Variation ID 128: []
DEBUG - 2025-03-06 11:15:01 --> Variation Options for Product ID 122: []
DEBUG - 2025-03-06 11:15:01 --> Variation Types for Product ID 122: []
DEBUG - 2025-03-06 11:15:01 --> Selected Variations for Variation ID 129: []
DEBUG - 2025-03-06 11:15:01 --> Variation Details for Variation ID 129: []
DEBUG - 2025-03-06 11:15:01 --> Variation Options for Product ID 123: []
DEBUG - 2025-03-06 11:15:01 --> Variation Types for Product ID 123: []
DEBUG - 2025-03-06 11:15:01 --> Selected Variations for Variation ID 130: []
DEBUG - 2025-03-06 11:15:01 --> Variation Details for Variation ID 130: []
DEBUG - 2025-03-06 11:15:01 --> Variation Options for Product ID 124: []
DEBUG - 2025-03-06 11:15:01 --> Variation Types for Product ID 124: []
DEBUG - 2025-03-06 11:15:01 --> Selected Variations for Variation ID 131: [{"variation_type_id":"2","selected_value":"pink"},{"variation_type_id":"3","selected_value":"Medium"}]
DEBUG - 2025-03-06 11:15:01 --> Variation Details for Variation ID 131: [{"variation_id":"2","variation_type":"Colour","display_name":"Color","selected_value":"pink"},{"variation_id":"3","variation_type":"Size","display_name":"Size","selected_value":"Medium"}]
DEBUG - 2025-03-06 11:15:01 --> Variation Options for Product ID 125: [{"variation_type_id":"2","selected_value":"pink"},{"variation_type_id":"3","selected_value":"Medium"}]
DEBUG - 2025-03-06 11:15:01 --> Variation Type for ID 2: {"id":"2","variation_type":"Colour","display_name":"Color"}
DEBUG - 2025-03-06 11:15:01 --> Variation Type for ID 3: {"id":"3","variation_type":"Size","display_name":"Size"}
DEBUG - 2025-03-06 11:15:01 --> Variation Types for Product ID 125: {"2":{"variation_id":"2","variation_type":"Colour","display_name":"Color","values":["pink"]},"3":{"variation_id":"3","variation_type":"Size","display_name":"Size","values":["Medium"]}}
DEBUG - 2025-03-06 11:15:01 --> Selected Variations for Variation ID 133: [{"variation_type_id":"2","selected_value":"pink"},{"variation_type_id":"3","selected_value":"Medium"}]
DEBUG - 2025-03-06 11:15:01 --> Variation Details for Variation ID 133: [{"variation_id":"2","variation_type":"Colour","display_name":"Color","selected_value":"pink"},{"variation_id":"3","variation_type":"Size","display_name":"Size","selected_value":"Medium"}]
DEBUG - 2025-03-06 11:15:01 --> Variation Options for Product ID 126: [{"variation_type_id":"2","selected_value":"pink"},{"variation_type_id":"3","selected_value":"Medium"}]
DEBUG - 2025-03-06 11:15:01 --> Variation Type for ID 2: {"id":"2","variation_type":"Colour","display_name":"Color"}
DEBUG - 2025-03-06 11:15:01 --> Variation Type for ID 3: {"id":"3","variation_type":"Size","display_name":"Size"}
DEBUG - 2025-03-06 11:15:01 --> Variation Types for Product ID 126: {"2":{"variation_id":"2","variation_type":"Colour","display_name":"Color","values":["pink"]},"3":{"variation_id":"3","variation_type":"Size","display_name":"Size","values":["Medium"]}}
DEBUG - 2025-03-06 11:15:01 --> Selected Variations for Variation ID 134: [{"variation_type_id":"2","selected_value":"Green"},{"variation_type_id":"3","selected_value":"Large"}]
DEBUG - 2025-03-06 11:15:01 --> Variation Details for Variation ID 134: [{"variation_id":"2","variation_type":"Colour","display_name":"Color","selected_value":"Green"},{"variation_id":"3","variation_type":"Size","display_name":"Size","selected_value":"Large"}]
DEBUG - 2025-03-06 11:15:01 --> Selected Variations for Variation ID 140: [{"variation_type_id":"2","selected_value":"Green"},{"variation_type_id":"3","selected_value":"Demoeeee"}]
DEBUG - 2025-03-06 11:15:01 --> Variation Details for Variation ID 140: [{"variation_id":"2","variation_type":"Colour","display_name":"Color","selected_value":"Green"},{"variation_id":"3","variation_type":"Size","display_name":"Size","selected_value":"Demoeeee"}]
DEBUG - 2025-03-06 11:15:01 --> Selected Variations for Variation ID 141: [{"variation_type_id":"2","selected_value":"pink"},{"variation_type_id":"3","selected_value":"Medium"}]
DEBUG - 2025-03-06 11:15:01 --> Variation Details for Variation ID 141: [{"variation_id":"2","variation_type":"Colour","display_name":"Color","selected_value":"pink"},{"variation_id":"3","variation_type":"Size","display_name":"Size","selected_value":"Medium"}]
DEBUG - 2025-03-06 11:15:01 --> Variation Options for Product ID 127: [{"variation_type_id":"2","selected_value":"Green"},{"variation_type_id":"3","selected_value":"Large"},{"variation_type_id":"2","selected_value":"Green"},{"variation_type_id":"3","selected_value":"Demoeeee"},{"variation_type_id":"2","selected_value":"pink"},{"variation_type_id":"3","selected_value":"Medium"}]
DEBUG - 2025-03-06 11:15:01 --> Variation Type for ID 2: {"id":"2","variation_type":"Colour","display_name":"Color"}
DEBUG - 2025-03-06 11:15:01 --> Variation Type for ID 3: {"id":"3","variation_type":"Size","display_name":"Size"}
DEBUG - 2025-03-06 11:15:01 --> Variation Type for ID 2: {"id":"2","variation_type":"Colour","display_name":"Color"}
DEBUG - 2025-03-06 11:15:01 --> Variation Type for ID 3: {"id":"3","variation_type":"Size","display_name":"Size"}
DEBUG - 2025-03-06 11:15:01 --> Variation Type for ID 2: {"id":"2","variation_type":"Colour","display_name":"Color"}
DEBUG - 2025-03-06 11:15:01 --> Variation Type for ID 3: {"id":"3","variation_type":"Size","display_name":"Size"}
DEBUG - 2025-03-06 11:15:01 --> Variation Types for Product ID 127: {"2":{"variation_id":"2","variation_type":"Colour","display_name":"Color","values":["Green","pink"]},"3":{"variation_id":"3","variation_type":"Size","display_name":"Size","values":["Large","Demoeeee","Medium"]}}
DEBUG - 2025-03-06 11:15:01 --> Selected Variations for Variation ID 135: [{"variation_type_id":"2","selected_value":"pink"},{"variation_type_id":"3","selected_value":"Large"},{"variation_type_id":"2","selected_value":"Green"},{"variation_type_id":"3","selected_value":"Demoeeee"}]
DEBUG - 2025-03-06 11:15:01 --> Variation Details for Variation ID 135: [{"variation_id":"2","variation_type":"Colour","display_name":"Color","selected_value":"pink"},{"variation_id":"3","variation_type":"Size","display_name":"Size","selected_value":"Large"},{"variation_id":"2","variation_type":"Colour","display_name":"Color","selected_value":"Green"},{"variation_id":"3","variation_type":"Size","display_name":"Size","selected_value":"Demoeeee"}]
DEBUG - 2025-03-06 11:15:01 --> Selected Variations for Variation ID 137: []
DEBUG - 2025-03-06 11:15:01 --> Variation Details for Variation ID 137: []
DEBUG - 2025-03-06 11:15:01 --> Selected Variations for Variation ID 138: [{"variation_type_id":"2","selected_value":"Green"},{"variation_type_id":"3","selected_value":"Medium"}]
DEBUG - 2025-03-06 11:15:01 --> Variation Details for Variation ID 138: [{"variation_id":"2","variation_type":"Colour","display_name":"Color","selected_value":"Green"},{"variation_id":"3","variation_type":"Size","display_name":"Size","selected_value":"Medium"}]
DEBUG - 2025-03-06 11:15:01 --> Variation Options for Product ID 128: [{"variation_type_id":"2","selected_value":"pink"},{"variation_type_id":"3","selected_value":"Large"},{"variation_type_id":"2","selected_value":"Green"},{"variation_type_id":"3","selected_value":"Demoeeee"},{"variation_type_id":"2","selected_value":"Green"},{"variation_type_id":"3","selected_value":"Medium"}]
DEBUG - 2025-03-06 11:15:01 --> Variation Type for ID 2: {"id":"2","variation_type":"Colour","display_name":"Color"}
DEBUG - 2025-03-06 11:15:01 --> Variation Type for ID 3: {"id":"3","variation_type":"Size","display_name":"Size"}
DEBUG - 2025-03-06 11:15:01 --> Variation Type for ID 2: {"id":"2","variation_type":"Colour","display_name":"Color"}
DEBUG - 2025-03-06 11:15:01 --> Variation Type for ID 3: {"id":"3","variation_type":"Size","display_name":"Size"}
DEBUG - 2025-03-06 11:15:01 --> Variation Type for ID 2: {"id":"2","variation_type":"Colour","display_name":"Color"}
DEBUG - 2025-03-06 11:15:01 --> Variation Type for ID 3: {"id":"3","variation_type":"Size","display_name":"Size"}
DEBUG - 2025-03-06 11:15:01 --> Variation Types for Product ID 128: {"2":{"variation_id":"2","variation_type":"Colour","display_name":"Color","values":["pink","Green"]},"3":{"variation_id":"3","variation_type":"Size","display_name":"Size","values":["Large","Demoeeee","Medium"]}}
DEBUG - 2025-03-06 11:15:01 --> Selected Variations for Variation ID 136: []
DEBUG - 2025-03-06 11:15:01 --> Variation Details for Variation ID 136: []
DEBUG - 2025-03-06 11:15:01 --> Variation Options for Product ID 129: []
DEBUG - 2025-03-06 11:15:01 --> Variation Types for Product ID 129: []
DEBUG - 2025-03-06 11:15:01 --> Selected Variations for Variation ID 139: [{"variation_type_id":"2","selected_value":"Green"},{"variation_type_id":"3","selected_value":"Demoeeee"}]
DEBUG - 2025-03-06 11:15:01 --> Variation Details for Variation ID 139: [{"variation_id":"2","variation_type":"Colour","display_name":"Color","selected_value":"Green"},{"variation_id":"3","variation_type":"Size","display_name":"Size","selected_value":"Demoeeee"}]
DEBUG - 2025-03-06 11:15:01 --> Variation Options for Product ID 130: [{"variation_type_id":"2","selected_value":"Green"},{"variation_type_id":"3","selected_value":"Demoeeee"}]
DEBUG - 2025-03-06 11:15:01 --> Variation Type for ID 2: {"id":"2","variation_type":"Colour","display_name":"Color"}
DEBUG - 2025-03-06 11:15:01 --> Variation Type for ID 3: {"id":"3","variation_type":"Size","display_name":"Size"}
DEBUG - 2025-03-06 11:15:01 --> Variation Types for Product ID 130: {"2":{"variation_id":"2","variation_type":"Colour","display_name":"Color","values":["Green"]},"3":{"variation_id":"3","variation_type":"Size","display_name":"Size","values":["Demoeeee"]}}
DEBUG - 2025-03-06 11:27:27 --> Selected Variations for Variation ID 55: []
DEBUG - 2025-03-06 11:27:27 --> Variation Details for Variation ID 55: []
DEBUG - 2025-03-06 11:27:27 --> Variation Options for Product ID 55: []
DEBUG - 2025-03-06 11:27:27 --> Variation Types for Product ID 55: []
DEBUG - 2025-03-06 11:27:27 --> Selected Variations for Variation ID 80: []
DEBUG - 2025-03-06 11:27:27 --> Variation Details for Variation ID 80: []
DEBUG - 2025-03-06 11:27:27 --> Variation Options for Product ID 80: []
DEBUG - 2025-03-06 11:27:27 --> Variation Types for Product ID 80: []
DEBUG - 2025-03-06 11:27:27 --> Selected Variations for Variation ID 83: []
DEBUG - 2025-03-06 11:27:27 --> Variation Details for Variation ID 83: []
DEBUG - 2025-03-06 11:27:27 --> Selected Variations for Variation ID 116: []
DEBUG - 2025-03-06 11:27:27 --> Variation Details for Variation ID 116: []
DEBUG - 2025-03-06 11:27:27 --> Variation Options for Product ID 83: []
DEBUG - 2025-03-06 11:27:27 --> Variation Types for Product ID 83: []
DEBUG - 2025-03-06 11:27:27 --> Selected Variations for Variation ID 84: []
DEBUG - 2025-03-06 11:27:27 --> Variation Details for Variation ID 84: []
DEBUG - 2025-03-06 11:27:27 --> Variation Options for Product ID 84: []
DEBUG - 2025-03-06 11:27:27 --> Variation Types for Product ID 84: []
DEBUG - 2025-03-06 11:27:27 --> Selected Variations for Variation ID 86: []
DEBUG - 2025-03-06 11:27:27 --> Variation Details for Variation ID 86: []
DEBUG - 2025-03-06 11:27:27 --> Variation Options for Product ID 86: []
DEBUG - 2025-03-06 11:27:27 --> Variation Types for Product ID 86: []
DEBUG - 2025-03-06 11:27:27 --> Selected Variations for Variation ID 87: []
DEBUG - 2025-03-06 11:27:27 --> Variation Details for Variation ID 87: []
DEBUG - 2025-03-06 11:27:27 --> Variation Options for Product ID 87: []
DEBUG - 2025-03-06 11:27:27 --> Variation Types for Product ID 87: []
DEBUG - 2025-03-06 11:27:27 --> Selected Variations for Variation ID 96: []
DEBUG - 2025-03-06 11:27:27 --> Variation Details for Variation ID 96: []
DEBUG - 2025-03-06 11:27:27 --> Variation Options for Product ID 96: []
DEBUG - 2025-03-06 11:27:27 --> Variation Types for Product ID 96: []
DEBUG - 2025-03-06 11:27:27 --> Selected Variations for Variation ID 101: []
DEBUG - 2025-03-06 11:27:27 --> Variation Details for Variation ID 101: []
DEBUG - 2025-03-06 11:27:27 --> Variation Options for Product ID 101: []
DEBUG - 2025-03-06 11:27:27 --> Variation Types for Product ID 101: []
DEBUG - 2025-03-06 11:27:27 --> Selected Variations for Variation ID 102: []
DEBUG - 2025-03-06 11:27:27 --> Variation Details for Variation ID 102: []
DEBUG - 2025-03-06 11:27:27 --> Variation Options for Product ID 102: []
DEBUG - 2025-03-06 11:27:27 --> Variation Types for Product ID 102: []
DEBUG - 2025-03-06 11:27:27 --> Selected Variations for Variation ID 107: []
DEBUG - 2025-03-06 11:27:27 --> Variation Details for Variation ID 107: []
DEBUG - 2025-03-06 11:27:27 --> Selected Variations for Variation ID 124: []
DEBUG - 2025-03-06 11:27:27 --> Variation Details for Variation ID 124: []
DEBUG - 2025-03-06 11:27:27 --> Variation Options for Product ID 107: []
DEBUG - 2025-03-06 11:27:27 --> Variation Types for Product ID 107: []
DEBUG - 2025-03-06 11:27:27 --> Selected Variations for Variation ID 123: []
DEBUG - 2025-03-06 11:27:27 --> Variation Details for Variation ID 123: []
DEBUG - 2025-03-06 11:27:27 --> Variation Options for Product ID 119: []
DEBUG - 2025-03-06 11:27:27 --> Variation Types for Product ID 119: []
DEBUG - 2025-03-06 11:27:27 --> Selected Variations for Variation ID 126: []
DEBUG - 2025-03-06 11:27:27 --> Variation Details for Variation ID 126: []
DEBUG - 2025-03-06 11:27:27 --> Variation Options for Product ID 120: []
DEBUG - 2025-03-06 11:27:27 --> Variation Types for Product ID 120: []
DEBUG - 2025-03-06 11:27:27 --> Selected Variations for Variation ID 127: []
DEBUG - 2025-03-06 11:27:27 --> Variation Details for Variation ID 127: []
DEBUG - 2025-03-06 11:27:27 --> Variation Options for Product ID 121: []
DEBUG - 2025-03-06 11:27:27 --> Variation Types for Product ID 121: []
DEBUG - 2025-03-06 11:27:27 --> Selected Variations for Variation ID 128: []
DEBUG - 2025-03-06 11:27:27 --> Variation Details for Variation ID 128: []
DEBUG - 2025-03-06 11:27:27 --> Variation Options for Product ID 122: []
DEBUG - 2025-03-06 11:27:27 --> Variation Types for Product ID 122: []
DEBUG - 2025-03-06 11:27:27 --> Selected Variations for Variation ID 129: []
DEBUG - 2025-03-06 11:27:27 --> Variation Details for Variation ID 129: []
DEBUG - 2025-03-06 11:27:27 --> Variation Options for Product ID 123: []
DEBUG - 2025-03-06 11:27:27 --> Variation Types for Product ID 123: []
DEBUG - 2025-03-06 11:27:27 --> Selected Variations for Variation ID 130: []
DEBUG - 2025-03-06 11:27:27 --> Variation Details for Variation ID 130: []
DEBUG - 2025-03-06 11:27:27 --> Variation Options for Product ID 124: []
DEBUG - 2025-03-06 11:27:27 --> Variation Types for Product ID 124: []
DEBUG - 2025-03-06 11:27:27 --> Selected Variations for Variation ID 131: [{"variation_type_id":"2","selected_value":"pink"},{"variation_type_id":"3","selected_value":"Medium"}]
DEBUG - 2025-03-06 11:27:27 --> Variation Details for Variation ID 131: [{"variation_id":"2","variation_type":"Colour","display_name":"Color","selected_value":"pink"},{"variation_id":"3","variation_type":"Size","display_name":"Size","selected_value":"Medium"}]
DEBUG - 2025-03-06 11:27:27 --> Variation Options for Product ID 125: [{"variation_type_id":"2","selected_value":"pink"},{"variation_type_id":"3","selected_value":"Medium"}]
DEBUG - 2025-03-06 11:27:27 --> Variation Type for ID 2: {"id":"2","variation_type":"Colour","display_name":"Color"}
DEBUG - 2025-03-06 11:27:27 --> Variation Type for ID 3: {"id":"3","variation_type":"Size","display_name":"Size"}
DEBUG - 2025-03-06 11:27:27 --> Variation Types for Product ID 125: {"2":{"variation_id":"2","variation_type":"Colour","display_name":"Color","values":["pink"]},"3":{"variation_id":"3","variation_type":"Size","display_name":"Size","values":["Medium"]}}
DEBUG - 2025-03-06 11:27:27 --> Selected Variations for Variation ID 133: [{"variation_type_id":"2","selected_value":"pink"},{"variation_type_id":"3","selected_value":"Medium"}]
DEBUG - 2025-03-06 11:27:27 --> Variation Details for Variation ID 133: [{"variation_id":"2","variation_type":"Colour","display_name":"Color","selected_value":"pink"},{"variation_id":"3","variation_type":"Size","display_name":"Size","selected_value":"Medium"}]
DEBUG - 2025-03-06 11:27:27 --> Variation Options for Product ID 126: [{"variation_type_id":"2","selected_value":"pink"},{"variation_type_id":"3","selected_value":"Medium"}]
DEBUG - 2025-03-06 11:27:27 --> Variation Type for ID 2: {"id":"2","variation_type":"Colour","display_name":"Color"}
DEBUG - 2025-03-06 11:27:27 --> Variation Type for ID 3: {"id":"3","variation_type":"Size","display_name":"Size"}
DEBUG - 2025-03-06 11:27:27 --> Variation Types for Product ID 126: {"2":{"variation_id":"2","variation_type":"Colour","display_name":"Color","values":["pink"]},"3":{"variation_id":"3","variation_type":"Size","display_name":"Size","values":["Medium"]}}
DEBUG - 2025-03-06 11:27:28 --> Selected Variations for Variation ID 134: [{"variation_type_id":"2","selected_value":"Green"},{"variation_type_id":"3","selected_value":"Large"}]
DEBUG - 2025-03-06 11:27:28 --> Variation Details for Variation ID 134: [{"variation_id":"2","variation_type":"Colour","display_name":"Color","selected_value":"Green"},{"variation_id":"3","variation_type":"Size","display_name":"Size","selected_value":"Large"}]
DEBUG - 2025-03-06 11:27:28 --> Selected Variations for Variation ID 140: [{"variation_type_id":"2","selected_value":"Green"},{"variation_type_id":"3","selected_value":"Demoeeee"}]
DEBUG - 2025-03-06 11:27:28 --> Variation Details for Variation ID 140: [{"variation_id":"2","variation_type":"Colour","display_name":"Color","selected_value":"Green"},{"variation_id":"3","variation_type":"Size","display_name":"Size","selected_value":"Demoeeee"}]
DEBUG - 2025-03-06 11:27:28 --> Selected Variations for Variation ID 141: [{"variation_type_id":"2","selected_value":"pink"},{"variation_type_id":"3","selected_value":"Medium"}]
DEBUG - 2025-03-06 11:27:28 --> Variation Details for Variation ID 141: [{"variation_id":"2","variation_type":"Colour","display_name":"Color","selected_value":"pink"},{"variation_id":"3","variation_type":"Size","display_name":"Size","selected_value":"Medium"}]
DEBUG - 2025-03-06 11:27:28 --> Variation Options for Product ID 127: [{"variation_type_id":"2","selected_value":"Green"},{"variation_type_id":"3","selected_value":"Large"},{"variation_type_id":"2","selected_value":"Green"},{"variation_type_id":"3","selected_value":"Demoeeee"},{"variation_type_id":"2","selected_value":"pink"},{"variation_type_id":"3","selected_value":"Medium"}]
DEBUG - 2025-03-06 11:27:28 --> Variation Type for ID 2: {"id":"2","variation_type":"Colour","display_name":"Color"}
DEBUG - 2025-03-06 11:27:28 --> Variation Type for ID 3: {"id":"3","variation_type":"Size","display_name":"Size"}
DEBUG - 2025-03-06 11:27:28 --> Variation Type for ID 2: {"id":"2","variation_type":"Colour","display_name":"Color"}
DEBUG - 2025-03-06 11:27:28 --> Variation Type for ID 3: {"id":"3","variation_type":"Size","display_name":"Size"}
DEBUG - 2025-03-06 11:27:28 --> Variation Type for ID 2: {"id":"2","variation_type":"Colour","display_name":"Color"}
DEBUG - 2025-03-06 11:27:28 --> Variation Type for ID 3: {"id":"3","variation_type":"Size","display_name":"Size"}
DEBUG - 2025-03-06 11:27:28 --> Variation Types for Product ID 127: {"2":{"variation_id":"2","variation_type":"Colour","display_name":"Color","values":["Green","pink"]},"3":{"variation_id":"3","variation_type":"Size","display_name":"Size","values":["Large","Demoeeee","Medium"]}}
DEBUG - 2025-03-06 11:27:28 --> Selected Variations for Variation ID 135: [{"variation_type_id":"2","selected_value":"pink"},{"variation_type_id":"3","selected_value":"Large"},{"variation_type_id":"2","selected_value":"Green"},{"variation_type_id":"3","selected_value":"Demoeeee"}]
DEBUG - 2025-03-06 11:27:28 --> Variation Details for Variation ID 135: [{"variation_id":"2","variation_type":"Colour","display_name":"Color","selected_value":"pink"},{"variation_id":"3","variation_type":"Size","display_name":"Size","selected_value":"Large"},{"variation_id":"2","variation_type":"Colour","display_name":"Color","selected_value":"Green"},{"variation_id":"3","variation_type":"Size","display_name":"Size","selected_value":"Demoeeee"}]
DEBUG - 2025-03-06 11:27:28 --> Selected Variations for Variation ID 137: []
DEBUG - 2025-03-06 11:27:28 --> Variation Details for Variation ID 137: []
DEBUG - 2025-03-06 11:27:28 --> Selected Variations for Variation ID 138: [{"variation_type_id":"2","selected_value":"Green"},{"variation_type_id":"3","selected_value":"Medium"}]
DEBUG - 2025-03-06 11:27:28 --> Variation Details for Variation ID 138: [{"variation_id":"2","variation_type":"Colour","display_name":"Color","selected_value":"Green"},{"variation_id":"3","variation_type":"Size","display_name":"Size","selected_value":"Medium"}]
DEBUG - 2025-03-06 11:27:28 --> Variation Options for Product ID 128: [{"variation_type_id":"2","selected_value":"pink"},{"variation_type_id":"3","selected_value":"Large"},{"variation_type_id":"2","selected_value":"Green"},{"variation_type_id":"3","selected_value":"Demoeeee"},{"variation_type_id":"2","selected_value":"Green"},{"variation_type_id":"3","selected_value":"Medium"}]
DEBUG - 2025-03-06 11:27:28 --> Variation Type for ID 2: {"id":"2","variation_type":"Colour","display_name":"Color"}
DEBUG - 2025-03-06 11:27:28 --> Variation Type for ID 3: {"id":"3","variation_type":"Size","display_name":"Size"}
DEBUG - 2025-03-06 11:27:28 --> Variation Type for ID 2: {"id":"2","variation_type":"Colour","display_name":"Color"}
DEBUG - 2025-03-06 11:27:28 --> Variation Type for ID 3: {"id":"3","variation_type":"Size","display_name":"Size"}
DEBUG - 2025-03-06 11:27:28 --> Variation Type for ID 2: {"id":"2","variation_type":"Colour","display_name":"Color"}
DEBUG - 2025-03-06 11:27:28 --> Variation Type for ID 3: {"id":"3","variation_type":"Size","display_name":"Size"}
DEBUG - 2025-03-06 11:27:28 --> Variation Types for Product ID 128: {"2":{"variation_id":"2","variation_type":"Colour","display_name":"Color","values":["pink","Green"]},"3":{"variation_id":"3","variation_type":"Size","display_name":"Size","values":["Large","Demoeeee","Medium"]}}
DEBUG - 2025-03-06 11:27:28 --> Selected Variations for Variation ID 136: []
DEBUG - 2025-03-06 11:27:28 --> Variation Details for Variation ID 136: []
DEBUG - 2025-03-06 11:27:28 --> Variation Options for Product ID 129: []
DEBUG - 2025-03-06 11:27:28 --> Variation Types for Product ID 129: []
DEBUG - 2025-03-06 11:27:28 --> Selected Variations for Variation ID 139: [{"variation_type_id":"2","selected_value":"Green"},{"variation_type_id":"3","selected_value":"Demoeeee"}]
DEBUG - 2025-03-06 11:27:28 --> Variation Details for Variation ID 139: [{"variation_id":"2","variation_type":"Colour","display_name":"Color","selected_value":"Green"},{"variation_id":"3","variation_type":"Size","display_name":"Size","selected_value":"Demoeeee"}]
DEBUG - 2025-03-06 11:27:28 --> Variation Options for Product ID 130: [{"variation_type_id":"2","selected_value":"Green"},{"variation_type_id":"3","selected_value":"Demoeeee"}]
DEBUG - 2025-03-06 11:27:28 --> Variation Type for ID 2: {"id":"2","variation_type":"Colour","display_name":"Color"}
DEBUG - 2025-03-06 11:27:28 --> Variation Type for ID 3: {"id":"3","variation_type":"Size","display_name":"Size"}
DEBUG - 2025-03-06 11:27:28 --> Variation Types for Product ID 130: {"2":{"variation_id":"2","variation_type":"Colour","display_name":"Color","values":["Green"]},"3":{"variation_id":"3","variation_type":"Size","display_name":"Size","values":["Demoeeee"]}}
