DEBUG - 2025-07-18 04:08:37 --> Selected Variations for Variation ID 3: [{"variation_type_id":"2","selected_value":"Blue"},{"variation_type_id":"3","selected_value":"2L"}]
DEBUG - 2025-07-18 04:08:37 --> Variation Details for Variation ID 3: [{"variation_id":"2","variation_type":"Colour","display_name":"Color","selected_value":"Blue"},{"variation_id":"3","variation_type":"Capacity","display_name":"Capacity","selected_value":"2L"}]
DEBUG - 2025-07-18 04:08:37 --> Variation Options for Product ID 4: [{"variation_type_id":"2","selected_value":"Blue"},{"variation_type_id":"3","selected_value":"2L"}]
DEBUG - 2025-07-18 04:08:37 --> Variation Type for ID 2: {"id":"2","variation_type":"Capacity","display_name":"Capacity"}
DEBUG - 2025-07-18 04:08:37 --> Variation Type for ID 3: {"id":"3","variation_type":"Colour","display_name":"Color"}
DEBUG - 2025-07-18 04:08:37 --> Variation Types for Product ID 4: {"2":{"variation_id":"2","variation_type":"Capacity","display_name":"Capacity","values":["Blue"]},"3":{"variation_id":"3","variation_type":"Colour","display_name":"Color","values":["2L"]}}
DEBUG - 2025-07-18 04:08:37 --> Selected Variations for Variation ID 4: [{"variation_type_id":"2","selected_value":"Red"},{"variation_type_id":"3","selected_value":"1l"},{"variation_type_id":"2","selected_value":"Red"},{"variation_type_id":"3","selected_value":"1l"}]
DEBUG - 2025-07-18 04:08:37 --> Variation Details for Variation ID 4: [{"variation_id":"2","variation_type":"Colour","display_name":"Color","selected_value":"Red"},{"variation_id":"3","variation_type":"Capacity","display_name":"Capacity","selected_value":"1l"},{"variation_id":"2","variation_type":"Colour","display_name":"Color","selected_value":"Red"},{"variation_id":"3","variation_type":"Capacity","display_name":"Capacity","selected_value":"1l"}]
DEBUG - 2025-07-18 04:08:37 --> Variation Options for Product ID 5: [{"variation_type_id":"2","selected_value":"Red"},{"variation_type_id":"3","selected_value":"1l"},{"variation_type_id":"2","selected_value":"Red"},{"variation_type_id":"3","selected_value":"1l"}]
DEBUG - 2025-07-18 04:08:37 --> Variation Type for ID 2: {"id":"2","variation_type":"Capacity","display_name":"Capacity"}
DEBUG - 2025-07-18 04:08:37 --> Variation Type for ID 3: {"id":"3","variation_type":"Colour","display_name":"Color"}
DEBUG - 2025-07-18 04:08:37 --> Variation Type for ID 2: {"id":"2","variation_type":"Capacity","display_name":"Capacity"}
DEBUG - 2025-07-18 04:08:37 --> Variation Type for ID 3: {"id":"3","variation_type":"Colour","display_name":"Color"}
DEBUG - 2025-07-18 04:08:37 --> Variation Types for Product ID 5: {"2":{"variation_id":"2","variation_type":"Capacity","display_name":"Capacity","values":["Red"]},"3":{"variation_id":"3","variation_type":"Colour","display_name":"Color","values":["1l"]}}
DEBUG - 2025-07-18 04:08:37 --> Selected Variations for Variation ID 5: [{"variation_type_id":"3","selected_value":"1l"},{"variation_type_id":"2","selected_value":"Red"}]
DEBUG - 2025-07-18 04:08:37 --> Variation Details for Variation ID 5: [{"variation_id":"3","variation_type":"Capacity","display_name":"Capacity","selected_value":"1l"},{"variation_id":"2","variation_type":"Colour","display_name":"Color","selected_value":"Red"}]
DEBUG - 2025-07-18 04:08:37 --> Selected Variations for Variation ID 6: [{"variation_type_id":"3","selected_value":"2L"}]
DEBUG - 2025-07-18 04:08:37 --> Variation Details for Variation ID 6: [{"variation_id":"3","variation_type":"Capacity","display_name":"Capacity","selected_value":"2L"}]
DEBUG - 2025-07-18 04:08:37 --> Variation Options for Product ID 6: [{"variation_type_id":"3","selected_value":"1l"},{"variation_type_id":"2","selected_value":"Red"},{"variation_type_id":"3","selected_value":"2L"}]
DEBUG - 2025-07-18 04:08:37 --> Variation Type for ID 3: {"id":"3","variation_type":"Colour","display_name":"Color"}
DEBUG - 2025-07-18 04:08:37 --> Variation Type for ID 2: {"id":"2","variation_type":"Capacity","display_name":"Capacity"}
DEBUG - 2025-07-18 04:08:37 --> Variation Type for ID 3: {"id":"3","variation_type":"Colour","display_name":"Color"}
DEBUG - 2025-07-18 04:08:37 --> Variation Types for Product ID 6: {"3":{"variation_id":"3","variation_type":"Colour","display_name":"Color","values":["1l","2L"]},"2":{"variation_id":"2","variation_type":"Capacity","display_name":"Capacity","values":["Red"]}}
DEBUG - 2025-07-18 04:08:37 --> Selected Variations for Variation ID 7: [{"variation_type_id":"2","selected_value":"Blue"},{"variation_type_id":"3","selected_value":"2L"}]
DEBUG - 2025-07-18 04:08:37 --> Variation Details for Variation ID 7: [{"variation_id":"2","variation_type":"Colour","display_name":"Color","selected_value":"Blue"},{"variation_id":"3","variation_type":"Capacity","display_name":"Capacity","selected_value":"2L"}]
DEBUG - 2025-07-18 04:08:37 --> Selected Variations for Variation ID 9: [{"variation_type_id":"3","selected_value":"1l"},{"variation_type_id":"2","selected_value":"Blue"}]
DEBUG - 2025-07-18 04:08:37 --> Variation Details for Variation ID 9: [{"variation_id":"3","variation_type":"Capacity","display_name":"Capacity","selected_value":"1l"},{"variation_id":"2","variation_type":"Colour","display_name":"Color","selected_value":"Blue"}]
DEBUG - 2025-07-18 04:08:37 --> Variation Options for Product ID 7: [{"variation_type_id":"2","selected_value":"Blue"},{"variation_type_id":"3","selected_value":"2L"},{"variation_type_id":"2","selected_value":"Red"},{"variation_type_id":"3","selected_value":"1l"},{"variation_type_id":"3","selected_value":"1l"},{"variation_type_id":"2","selected_value":"Blue"}]
DEBUG - 2025-07-18 04:08:37 --> Variation Type for ID 2: {"id":"2","variation_type":"Capacity","display_name":"Capacity"}
DEBUG - 2025-07-18 04:08:37 --> Variation Type for ID 3: {"id":"3","variation_type":"Colour","display_name":"Color"}
DEBUG - 2025-07-18 04:08:37 --> Variation Type for ID 2: {"id":"2","variation_type":"Capacity","display_name":"Capacity"}
DEBUG - 2025-07-18 04:08:37 --> Variation Type for ID 3: {"id":"3","variation_type":"Colour","display_name":"Color"}
DEBUG - 2025-07-18 04:08:37 --> Variation Type for ID 3: {"id":"3","variation_type":"Colour","display_name":"Color"}
DEBUG - 2025-07-18 04:08:37 --> Variation Type for ID 2: {"id":"2","variation_type":"Capacity","display_name":"Capacity"}
DEBUG - 2025-07-18 04:08:37 --> Variation Types for Product ID 7: {"2":{"variation_id":"2","variation_type":"Capacity","display_name":"Capacity","values":["Blue","Red"]},"3":{"variation_id":"3","variation_type":"Colour","display_name":"Color","values":["2L","1l"]}}
DEBUG - 2025-07-18 04:08:37 --> Selected Variations for Variation ID 10: [{"variation_type_id":"2","selected_value":"Blue"},{"variation_type_id":"3","selected_value":"2L"}]
DEBUG - 2025-07-18 04:08:37 --> Variation Details for Variation ID 10: [{"variation_id":"2","variation_type":"Colour","display_name":"Color","selected_value":"Blue"},{"variation_id":"3","variation_type":"Capacity","display_name":"Capacity","selected_value":"2L"}]
DEBUG - 2025-07-18 04:08:37 --> Variation Options for Product ID 8: [{"variation_type_id":"2","selected_value":"Blue"},{"variation_type_id":"3","selected_value":"2L"}]
DEBUG - 2025-07-18 04:08:37 --> Variation Type for ID 2: {"id":"2","variation_type":"Capacity","display_name":"Capacity"}
DEBUG - 2025-07-18 04:08:37 --> Variation Type for ID 3: {"id":"3","variation_type":"Colour","display_name":"Color"}
DEBUG - 2025-07-18 04:08:37 --> Variation Types for Product ID 8: {"2":{"variation_id":"2","variation_type":"Capacity","display_name":"Capacity","values":["Blue"]},"3":{"variation_id":"3","variation_type":"Colour","display_name":"Color","values":["2L"]}}
CRITICAL - 2025-07-18 04:08:40 --> ErrorException: Undefined array key "return_policy_days"
[Method: GET, Route: api/bestsellingproducts]
in APPPATH\Controllers\api\BestSellingController.php on line 95.
 1 APPPATH\Controllers\api\BestSellingController.php(95): CodeIgniter\Debug\Exceptions->errorHandler(2, 'Undefined array key "return_policy_days"', 'C:\\Users\\Admin\\Documents\\Planery-User-Api\\app\\Controllers\\api\\BestSellingController.php', 95)
 2 SYSTEMPATH\CodeIgniter.php(933): App\Controllers\api\BestSellingController->bestsellingproduct()
 3 SYSTEMPATH\CodeIgniter.php(509): CodeIgniter\CodeIgniter->runController(Object(App\Controllers\api\BestSellingController))
 4 SYSTEMPATH\CodeIgniter.php(355): CodeIgniter\CodeIgniter->handleRequest(null, Object(Config\Cache), false)
 5 SYSTEMPATH\Boot.php(312): CodeIgniter\CodeIgniter->run()
 6 SYSTEMPATH\Boot.php(67): CodeIgniter\Boot::runCodeIgniter(Object(CodeIgniter\CodeIgniter))
 7 FCPATH\index.php(56): CodeIgniter\Boot::bootWeb(Object(Config\Paths))
 8 SYSTEMPATH\Commands\Server\rewrite.php(49): require_once('C:\\Users\\Admin\\Documents\\Planery-User-Api\\public\\index.php')
DEBUG - 2025-07-18 04:08:41 --> Selected Variations for Variation ID 3: [{"variation_type_id":"2","selected_value":"Blue"},{"variation_type_id":"3","selected_value":"2L"}]
DEBUG - 2025-07-18 04:08:41 --> Variation Details for Variation ID 3: [{"variation_id":"2","variation_type":"Colour","display_name":"Color","selected_value":"Blue"},{"variation_id":"3","variation_type":"Capacity","display_name":"Capacity","selected_value":"2L"}]
DEBUG - 2025-07-18 04:08:41 --> Variation Options for Product ID 4: [{"variation_type_id":"2","selected_value":"Blue"},{"variation_type_id":"3","selected_value":"2L"}]
DEBUG - 2025-07-18 04:08:41 --> Variation Type for ID 2: {"id":"2","variation_type":"Capacity","display_name":"Capacity"}
DEBUG - 2025-07-18 04:08:41 --> Variation Type for ID 3: {"id":"3","variation_type":"Colour","display_name":"Color"}
DEBUG - 2025-07-18 04:08:41 --> Variation Types for Product ID 4: {"2":{"variation_id":"2","variation_type":"Capacity","display_name":"Capacity","values":["Blue"]},"3":{"variation_id":"3","variation_type":"Colour","display_name":"Color","values":["2L"]}}
DEBUG - 2025-07-18 04:08:41 --> Selected Variations for Variation ID 4: [{"variation_type_id":"2","selected_value":"Red"},{"variation_type_id":"3","selected_value":"1l"},{"variation_type_id":"2","selected_value":"Red"},{"variation_type_id":"3","selected_value":"1l"}]
DEBUG - 2025-07-18 04:08:41 --> Variation Details for Variation ID 4: [{"variation_id":"2","variation_type":"Colour","display_name":"Color","selected_value":"Red"},{"variation_id":"3","variation_type":"Capacity","display_name":"Capacity","selected_value":"1l"},{"variation_id":"2","variation_type":"Colour","display_name":"Color","selected_value":"Red"},{"variation_id":"3","variation_type":"Capacity","display_name":"Capacity","selected_value":"1l"}]
DEBUG - 2025-07-18 04:08:41 --> Variation Options for Product ID 5: [{"variation_type_id":"2","selected_value":"Red"},{"variation_type_id":"3","selected_value":"1l"},{"variation_type_id":"2","selected_value":"Red"},{"variation_type_id":"3","selected_value":"1l"}]
DEBUG - 2025-07-18 04:08:41 --> Variation Type for ID 2: {"id":"2","variation_type":"Capacity","display_name":"Capacity"}
DEBUG - 2025-07-18 04:08:41 --> Variation Type for ID 3: {"id":"3","variation_type":"Colour","display_name":"Color"}
DEBUG - 2025-07-18 04:08:41 --> Variation Type for ID 2: {"id":"2","variation_type":"Capacity","display_name":"Capacity"}
DEBUG - 2025-07-18 04:08:41 --> Variation Type for ID 3: {"id":"3","variation_type":"Colour","display_name":"Color"}
DEBUG - 2025-07-18 04:08:41 --> Variation Types for Product ID 5: {"2":{"variation_id":"2","variation_type":"Capacity","display_name":"Capacity","values":["Red"]},"3":{"variation_id":"3","variation_type":"Colour","display_name":"Color","values":["1l"]}}
DEBUG - 2025-07-18 04:08:41 --> Selected Variations for Variation ID 5: [{"variation_type_id":"3","selected_value":"1l"},{"variation_type_id":"2","selected_value":"Red"}]
DEBUG - 2025-07-18 04:08:41 --> Variation Details for Variation ID 5: [{"variation_id":"3","variation_type":"Capacity","display_name":"Capacity","selected_value":"1l"},{"variation_id":"2","variation_type":"Colour","display_name":"Color","selected_value":"Red"}]
DEBUG - 2025-07-18 04:08:41 --> Selected Variations for Variation ID 6: [{"variation_type_id":"3","selected_value":"2L"}]
DEBUG - 2025-07-18 04:08:41 --> Variation Details for Variation ID 6: [{"variation_id":"3","variation_type":"Capacity","display_name":"Capacity","selected_value":"2L"}]
DEBUG - 2025-07-18 04:08:41 --> Variation Options for Product ID 6: [{"variation_type_id":"3","selected_value":"1l"},{"variation_type_id":"2","selected_value":"Red"},{"variation_type_id":"3","selected_value":"2L"}]
DEBUG - 2025-07-18 04:08:41 --> Variation Type for ID 3: {"id":"3","variation_type":"Colour","display_name":"Color"}
DEBUG - 2025-07-18 04:08:41 --> Variation Type for ID 2: {"id":"2","variation_type":"Capacity","display_name":"Capacity"}
DEBUG - 2025-07-18 04:08:41 --> Variation Type for ID 3: {"id":"3","variation_type":"Colour","display_name":"Color"}
DEBUG - 2025-07-18 04:08:41 --> Variation Types for Product ID 6: {"3":{"variation_id":"3","variation_type":"Colour","display_name":"Color","values":["1l","2L"]},"2":{"variation_id":"2","variation_type":"Capacity","display_name":"Capacity","values":["Red"]}}
DEBUG - 2025-07-18 04:08:41 --> Selected Variations for Variation ID 7: [{"variation_type_id":"2","selected_value":"Blue"},{"variation_type_id":"3","selected_value":"2L"}]
DEBUG - 2025-07-18 04:08:41 --> Variation Details for Variation ID 7: [{"variation_id":"2","variation_type":"Colour","display_name":"Color","selected_value":"Blue"},{"variation_id":"3","variation_type":"Capacity","display_name":"Capacity","selected_value":"2L"}]
DEBUG - 2025-07-18 04:08:41 --> Selected Variations for Variation ID 9: [{"variation_type_id":"3","selected_value":"1l"},{"variation_type_id":"2","selected_value":"Blue"}]
DEBUG - 2025-07-18 04:08:41 --> Variation Details for Variation ID 9: [{"variation_id":"3","variation_type":"Capacity","display_name":"Capacity","selected_value":"1l"},{"variation_id":"2","variation_type":"Colour","display_name":"Color","selected_value":"Blue"}]
DEBUG - 2025-07-18 04:08:41 --> Variation Options for Product ID 7: [{"variation_type_id":"2","selected_value":"Blue"},{"variation_type_id":"3","selected_value":"2L"},{"variation_type_id":"2","selected_value":"Red"},{"variation_type_id":"3","selected_value":"1l"},{"variation_type_id":"3","selected_value":"1l"},{"variation_type_id":"2","selected_value":"Blue"}]
DEBUG - 2025-07-18 04:08:41 --> Variation Type for ID 2: {"id":"2","variation_type":"Capacity","display_name":"Capacity"}
DEBUG - 2025-07-18 04:08:41 --> Variation Type for ID 3: {"id":"3","variation_type":"Colour","display_name":"Color"}
DEBUG - 2025-07-18 04:08:41 --> Variation Type for ID 2: {"id":"2","variation_type":"Capacity","display_name":"Capacity"}
DEBUG - 2025-07-18 04:08:41 --> Variation Type for ID 3: {"id":"3","variation_type":"Colour","display_name":"Color"}
DEBUG - 2025-07-18 04:08:41 --> Variation Type for ID 3: {"id":"3","variation_type":"Colour","display_name":"Color"}
DEBUG - 2025-07-18 04:08:41 --> Variation Type for ID 2: {"id":"2","variation_type":"Capacity","display_name":"Capacity"}
DEBUG - 2025-07-18 04:08:41 --> Variation Types for Product ID 7: {"2":{"variation_id":"2","variation_type":"Capacity","display_name":"Capacity","values":["Blue","Red"]},"3":{"variation_id":"3","variation_type":"Colour","display_name":"Color","values":["2L","1l"]}}
DEBUG - 2025-07-18 04:08:41 --> Selected Variations for Variation ID 10: [{"variation_type_id":"2","selected_value":"Blue"},{"variation_type_id":"3","selected_value":"2L"}]
DEBUG - 2025-07-18 04:08:41 --> Variation Details for Variation ID 10: [{"variation_id":"2","variation_type":"Colour","display_name":"Color","selected_value":"Blue"},{"variation_id":"3","variation_type":"Capacity","display_name":"Capacity","selected_value":"2L"}]
DEBUG - 2025-07-18 04:08:41 --> Variation Options for Product ID 8: [{"variation_type_id":"2","selected_value":"Blue"},{"variation_type_id":"3","selected_value":"2L"}]
DEBUG - 2025-07-18 04:08:41 --> Variation Type for ID 2: {"id":"2","variation_type":"Capacity","display_name":"Capacity"}
DEBUG - 2025-07-18 04:08:41 --> Variation Type for ID 3: {"id":"3","variation_type":"Colour","display_name":"Color"}
DEBUG - 2025-07-18 04:08:41 --> Variation Types for Product ID 8: {"2":{"variation_id":"2","variation_type":"Capacity","display_name":"Capacity","values":["Blue"]},"3":{"variation_id":"3","variation_type":"Colour","display_name":"Color","values":["2L"]}}
DEBUG - 2025-07-18 04:08:42 --> Selected Variations for Variation ID 3: [{"variation_type_id":"2","selected_value":"Blue"},{"variation_type_id":"3","selected_value":"2L"}]
DEBUG - 2025-07-18 04:08:42 --> Variation Details for Variation ID 3: [{"variation_id":"2","variation_type":"Colour","display_name":"Color","selected_value":"Blue"},{"variation_id":"3","variation_type":"Capacity","display_name":"Capacity","selected_value":"2L"}]
DEBUG - 2025-07-18 04:08:42 --> Variation Options for Product ID 4: [{"variation_type_id":"2","selected_value":"Blue"},{"variation_type_id":"3","selected_value":"2L"}]
DEBUG - 2025-07-18 04:08:42 --> Variation Type for ID 2: {"id":"2","variation_type":"Capacity","display_name":"Capacity"}
DEBUG - 2025-07-18 04:08:42 --> Variation Type for ID 3: {"id":"3","variation_type":"Colour","display_name":"Color"}
DEBUG - 2025-07-18 04:08:42 --> Variation Types for Product ID 4: {"2":{"variation_id":"2","variation_type":"Capacity","display_name":"Capacity","values":["Blue"]},"3":{"variation_id":"3","variation_type":"Colour","display_name":"Color","values":["2L"]}}
DEBUG - 2025-07-18 04:08:42 --> Selected Variations for Variation ID 4: [{"variation_type_id":"2","selected_value":"Red"},{"variation_type_id":"3","selected_value":"1l"},{"variation_type_id":"2","selected_value":"Red"},{"variation_type_id":"3","selected_value":"1l"}]
DEBUG - 2025-07-18 04:08:42 --> Variation Details for Variation ID 4: [{"variation_id":"2","variation_type":"Colour","display_name":"Color","selected_value":"Red"},{"variation_id":"3","variation_type":"Capacity","display_name":"Capacity","selected_value":"1l"},{"variation_id":"2","variation_type":"Colour","display_name":"Color","selected_value":"Red"},{"variation_id":"3","variation_type":"Capacity","display_name":"Capacity","selected_value":"1l"}]
DEBUG - 2025-07-18 04:08:42 --> Variation Options for Product ID 5: [{"variation_type_id":"2","selected_value":"Red"},{"variation_type_id":"3","selected_value":"1l"},{"variation_type_id":"2","selected_value":"Red"},{"variation_type_id":"3","selected_value":"1l"}]
DEBUG - 2025-07-18 04:08:42 --> Variation Type for ID 2: {"id":"2","variation_type":"Capacity","display_name":"Capacity"}
DEBUG - 2025-07-18 04:08:42 --> Variation Type for ID 3: {"id":"3","variation_type":"Colour","display_name":"Color"}
DEBUG - 2025-07-18 04:08:42 --> Variation Type for ID 2: {"id":"2","variation_type":"Capacity","display_name":"Capacity"}
DEBUG - 2025-07-18 04:08:42 --> Variation Type for ID 3: {"id":"3","variation_type":"Colour","display_name":"Color"}
DEBUG - 2025-07-18 04:08:42 --> Variation Types for Product ID 5: {"2":{"variation_id":"2","variation_type":"Capacity","display_name":"Capacity","values":["Red"]},"3":{"variation_id":"3","variation_type":"Colour","display_name":"Color","values":["1l"]}}
DEBUG - 2025-07-18 04:08:42 --> Selected Variations for Variation ID 5: [{"variation_type_id":"3","selected_value":"1l"},{"variation_type_id":"2","selected_value":"Red"}]
DEBUG - 2025-07-18 04:08:42 --> Variation Details for Variation ID 5: [{"variation_id":"3","variation_type":"Capacity","display_name":"Capacity","selected_value":"1l"},{"variation_id":"2","variation_type":"Colour","display_name":"Color","selected_value":"Red"}]
DEBUG - 2025-07-18 04:08:42 --> Selected Variations for Variation ID 6: [{"variation_type_id":"3","selected_value":"2L"}]
DEBUG - 2025-07-18 04:08:42 --> Variation Details for Variation ID 6: [{"variation_id":"3","variation_type":"Capacity","display_name":"Capacity","selected_value":"2L"}]
DEBUG - 2025-07-18 04:08:42 --> Variation Options for Product ID 6: [{"variation_type_id":"3","selected_value":"1l"},{"variation_type_id":"2","selected_value":"Red"},{"variation_type_id":"3","selected_value":"2L"}]
DEBUG - 2025-07-18 04:08:42 --> Variation Type for ID 3: {"id":"3","variation_type":"Colour","display_name":"Color"}
DEBUG - 2025-07-18 04:08:42 --> Variation Type for ID 2: {"id":"2","variation_type":"Capacity","display_name":"Capacity"}
DEBUG - 2025-07-18 04:08:42 --> Variation Type for ID 3: {"id":"3","variation_type":"Colour","display_name":"Color"}
DEBUG - 2025-07-18 04:08:42 --> Variation Types for Product ID 6: {"3":{"variation_id":"3","variation_type":"Colour","display_name":"Color","values":["1l","2L"]},"2":{"variation_id":"2","variation_type":"Capacity","display_name":"Capacity","values":["Red"]}}
DEBUG - 2025-07-18 04:08:42 --> Selected Variations for Variation ID 7: [{"variation_type_id":"2","selected_value":"Blue"},{"variation_type_id":"3","selected_value":"2L"}]
DEBUG - 2025-07-18 04:08:42 --> Variation Details for Variation ID 7: [{"variation_id":"2","variation_type":"Colour","display_name":"Color","selected_value":"Blue"},{"variation_id":"3","variation_type":"Capacity","display_name":"Capacity","selected_value":"2L"}]
DEBUG - 2025-07-18 04:08:42 --> Selected Variations for Variation ID 9: [{"variation_type_id":"3","selected_value":"1l"},{"variation_type_id":"2","selected_value":"Blue"}]
DEBUG - 2025-07-18 04:08:42 --> Variation Details for Variation ID 9: [{"variation_id":"3","variation_type":"Capacity","display_name":"Capacity","selected_value":"1l"},{"variation_id":"2","variation_type":"Colour","display_name":"Color","selected_value":"Blue"}]
DEBUG - 2025-07-18 04:08:42 --> Variation Options for Product ID 7: [{"variation_type_id":"2","selected_value":"Blue"},{"variation_type_id":"3","selected_value":"2L"},{"variation_type_id":"2","selected_value":"Red"},{"variation_type_id":"3","selected_value":"1l"},{"variation_type_id":"3","selected_value":"1l"},{"variation_type_id":"2","selected_value":"Blue"}]
DEBUG - 2025-07-18 04:08:42 --> Variation Type for ID 2: {"id":"2","variation_type":"Capacity","display_name":"Capacity"}
DEBUG - 2025-07-18 04:08:42 --> Variation Type for ID 3: {"id":"3","variation_type":"Colour","display_name":"Color"}
DEBUG - 2025-07-18 04:08:42 --> Variation Type for ID 2: {"id":"2","variation_type":"Capacity","display_name":"Capacity"}
DEBUG - 2025-07-18 04:08:42 --> Variation Type for ID 3: {"id":"3","variation_type":"Colour","display_name":"Color"}
DEBUG - 2025-07-18 04:08:42 --> Variation Type for ID 3: {"id":"3","variation_type":"Colour","display_name":"Color"}
DEBUG - 2025-07-18 04:08:42 --> Variation Type for ID 2: {"id":"2","variation_type":"Capacity","display_name":"Capacity"}
DEBUG - 2025-07-18 04:08:42 --> Variation Types for Product ID 7: {"2":{"variation_id":"2","variation_type":"Capacity","display_name":"Capacity","values":["Blue","Red"]},"3":{"variation_id":"3","variation_type":"Colour","display_name":"Color","values":["2L","1l"]}}
DEBUG - 2025-07-18 04:08:42 --> Selected Variations for Variation ID 10: [{"variation_type_id":"2","selected_value":"Blue"},{"variation_type_id":"3","selected_value":"2L"}]
DEBUG - 2025-07-18 04:08:42 --> Variation Details for Variation ID 10: [{"variation_id":"2","variation_type":"Colour","display_name":"Color","selected_value":"Blue"},{"variation_id":"3","variation_type":"Capacity","display_name":"Capacity","selected_value":"2L"}]
DEBUG - 2025-07-18 04:08:42 --> Variation Options for Product ID 8: [{"variation_type_id":"2","selected_value":"Blue"},{"variation_type_id":"3","selected_value":"2L"}]
DEBUG - 2025-07-18 04:08:42 --> Variation Type for ID 2: {"id":"2","variation_type":"Capacity","display_name":"Capacity"}
DEBUG - 2025-07-18 04:08:42 --> Variation Type for ID 3: {"id":"3","variation_type":"Colour","display_name":"Color"}
DEBUG - 2025-07-18 04:08:42 --> Variation Types for Product ID 8: {"2":{"variation_id":"2","variation_type":"Capacity","display_name":"Capacity","values":["Blue"]},"3":{"variation_id":"3","variation_type":"Colour","display_name":"Color","values":["2L"]}}
