DEBUG - 2025-06-20 05:03:06 --> Selected Variations for Variation ID 3: [{"variation_type_id":"2","selected_value":"Blue"},{"variation_type_id":"3","selected_value":"2L"}]
DEBUG - 2025-06-20 05:03:06 --> Variation Details for Variation ID 3: [{"variation_id":"2","variation_type":"Colour","display_name":"Color","selected_value":"Blue"},{"variation_id":"3","variation_type":"Capacity","display_name":"Capacity","selected_value":"2L"}]
DEBUG - 2025-06-20 05:03:06 --> Variation Options for Product ID 4: [{"variation_type_id":"2","selected_value":"Blue"},{"variation_type_id":"3","selected_value":"2L"}]
DEBUG - 2025-06-20 05:03:06 --> Variation Type for ID 2: {"id":"2","variation_type":"Capacity","display_name":"Capacity"}
DEBUG - 2025-06-20 05:03:06 --> Variation Type for ID 3: {"id":"3","variation_type":"Colour","display_name":"Color"}
DEBUG - 2025-06-20 05:03:06 --> Variation Types for Product ID 4: {"2":{"variation_id":"2","variation_type":"Capacity","display_name":"Capacity","values":["Blue"]},"3":{"variation_id":"3","variation_type":"Colour","display_name":"Color","values":["2L"]}}
DEBUG - 2025-06-20 05:03:06 --> Selected Variations for Variation ID 4: [{"variation_type_id":"2","selected_value":"Red"},{"variation_type_id":"3","selected_value":"1l"},{"variation_type_id":"2","selected_value":"Red"},{"variation_type_id":"3","selected_value":"1l"}]
DEBUG - 2025-06-20 05:03:06 --> Variation Details for Variation ID 4: [{"variation_id":"2","variation_type":"Colour","display_name":"Color","selected_value":"Red"},{"variation_id":"3","variation_type":"Capacity","display_name":"Capacity","selected_value":"1l"},{"variation_id":"2","variation_type":"Colour","display_name":"Color","selected_value":"Red"},{"variation_id":"3","variation_type":"Capacity","display_name":"Capacity","selected_value":"1l"}]
DEBUG - 2025-06-20 05:03:06 --> Variation Options for Product ID 5: [{"variation_type_id":"2","selected_value":"Red"},{"variation_type_id":"3","selected_value":"1l"},{"variation_type_id":"2","selected_value":"Red"},{"variation_type_id":"3","selected_value":"1l"}]
DEBUG - 2025-06-20 05:03:06 --> Variation Type for ID 2: {"id":"2","variation_type":"Capacity","display_name":"Capacity"}
DEBUG - 2025-06-20 05:03:06 --> Variation Type for ID 3: {"id":"3","variation_type":"Colour","display_name":"Color"}
DEBUG - 2025-06-20 05:03:06 --> Variation Type for ID 2: {"id":"2","variation_type":"Capacity","display_name":"Capacity"}
DEBUG - 2025-06-20 05:03:06 --> Variation Type for ID 3: {"id":"3","variation_type":"Colour","display_name":"Color"}
DEBUG - 2025-06-20 05:03:06 --> Variation Types for Product ID 5: {"2":{"variation_id":"2","variation_type":"Capacity","display_name":"Capacity","values":["Red"]},"3":{"variation_id":"3","variation_type":"Colour","display_name":"Color","values":["1l"]}}
DEBUG - 2025-06-20 05:03:06 --> Selected Variations for Variation ID 5: [{"variation_type_id":"3","selected_value":"1l"},{"variation_type_id":"2","selected_value":"Red"}]
DEBUG - 2025-06-20 05:03:06 --> Variation Details for Variation ID 5: [{"variation_id":"3","variation_type":"Capacity","display_name":"Capacity","selected_value":"1l"},{"variation_id":"2","variation_type":"Colour","display_name":"Color","selected_value":"Red"}]
DEBUG - 2025-06-20 05:03:06 --> Selected Variations for Variation ID 6: [{"variation_type_id":"3","selected_value":"2L"}]
DEBUG - 2025-06-20 05:03:06 --> Variation Details for Variation ID 6: [{"variation_id":"3","variation_type":"Capacity","display_name":"Capacity","selected_value":"2L"}]
DEBUG - 2025-06-20 05:03:06 --> Variation Options for Product ID 6: [{"variation_type_id":"3","selected_value":"1l"},{"variation_type_id":"2","selected_value":"Red"},{"variation_type_id":"3","selected_value":"2L"}]
DEBUG - 2025-06-20 05:03:06 --> Variation Type for ID 3: {"id":"3","variation_type":"Colour","display_name":"Color"}
DEBUG - 2025-06-20 05:03:06 --> Variation Type for ID 2: {"id":"2","variation_type":"Capacity","display_name":"Capacity"}
DEBUG - 2025-06-20 05:03:06 --> Variation Type for ID 3: {"id":"3","variation_type":"Colour","display_name":"Color"}
DEBUG - 2025-06-20 05:03:06 --> Variation Types for Product ID 6: {"3":{"variation_id":"3","variation_type":"Colour","display_name":"Color","values":["1l","2L"]},"2":{"variation_id":"2","variation_type":"Capacity","display_name":"Capacity","values":["Red"]}}
DEBUG - 2025-06-20 05:03:06 --> Selected Variations for Variation ID 7: [{"variation_type_id":"2","selected_value":"Blue"},{"variation_type_id":"3","selected_value":"2L"}]
DEBUG - 2025-06-20 05:03:06 --> Variation Details for Variation ID 7: [{"variation_id":"2","variation_type":"Colour","display_name":"Color","selected_value":"Blue"},{"variation_id":"3","variation_type":"Capacity","display_name":"Capacity","selected_value":"2L"}]
DEBUG - 2025-06-20 05:03:06 --> Selected Variations for Variation ID 9: [{"variation_type_id":"3","selected_value":"1l"},{"variation_type_id":"2","selected_value":"Blue"}]
DEBUG - 2025-06-20 05:03:06 --> Variation Details for Variation ID 9: [{"variation_id":"3","variation_type":"Capacity","display_name":"Capacity","selected_value":"1l"},{"variation_id":"2","variation_type":"Colour","display_name":"Color","selected_value":"Blue"}]
DEBUG - 2025-06-20 05:03:06 --> Variation Options for Product ID 7: [{"variation_type_id":"2","selected_value":"Blue"},{"variation_type_id":"3","selected_value":"2L"},{"variation_type_id":"2","selected_value":"Red"},{"variation_type_id":"3","selected_value":"1l"},{"variation_type_id":"3","selected_value":"1l"},{"variation_type_id":"2","selected_value":"Blue"}]
DEBUG - 2025-06-20 05:03:06 --> Variation Type for ID 2: {"id":"2","variation_type":"Capacity","display_name":"Capacity"}
DEBUG - 2025-06-20 05:03:06 --> Variation Type for ID 3: {"id":"3","variation_type":"Colour","display_name":"Color"}
DEBUG - 2025-06-20 05:03:06 --> Variation Type for ID 2: {"id":"2","variation_type":"Capacity","display_name":"Capacity"}
DEBUG - 2025-06-20 05:03:06 --> Variation Type for ID 3: {"id":"3","variation_type":"Colour","display_name":"Color"}
DEBUG - 2025-06-20 05:03:06 --> Variation Type for ID 3: {"id":"3","variation_type":"Colour","display_name":"Color"}
DEBUG - 2025-06-20 05:03:06 --> Variation Type for ID 2: {"id":"2","variation_type":"Capacity","display_name":"Capacity"}
DEBUG - 2025-06-20 05:03:06 --> Variation Types for Product ID 7: {"2":{"variation_id":"2","variation_type":"Capacity","display_name":"Capacity","values":["Blue","Red"]},"3":{"variation_id":"3","variation_type":"Colour","display_name":"Color","values":["2L","1l"]}}
DEBUG - 2025-06-20 05:03:10 --> Selected Variations for Variation ID 3: [{"variation_type_id":"2","selected_value":"Blue"},{"variation_type_id":"3","selected_value":"2L"}]
DEBUG - 2025-06-20 05:03:10 --> Variation Details for Variation ID 3: [{"variation_id":"2","variation_type":"Colour","display_name":"Color","selected_value":"Blue"},{"variation_id":"3","variation_type":"Capacity","display_name":"Capacity","selected_value":"2L"}]
DEBUG - 2025-06-20 05:03:10 --> Variation Options for Product ID 4: [{"variation_type_id":"2","selected_value":"Blue"},{"variation_type_id":"3","selected_value":"2L"}]
DEBUG - 2025-06-20 05:03:10 --> Variation Type for ID 2: {"id":"2","variation_type":"Capacity","display_name":"Capacity"}
DEBUG - 2025-06-20 05:03:10 --> Variation Type for ID 3: {"id":"3","variation_type":"Colour","display_name":"Color"}
DEBUG - 2025-06-20 05:03:10 --> Variation Types for Product ID 4: {"2":{"variation_id":"2","variation_type":"Capacity","display_name":"Capacity","values":["Blue"]},"3":{"variation_id":"3","variation_type":"Colour","display_name":"Color","values":["2L"]}}
DEBUG - 2025-06-20 05:03:10 --> Selected Variations for Variation ID 4: [{"variation_type_id":"2","selected_value":"Red"},{"variation_type_id":"3","selected_value":"1l"},{"variation_type_id":"2","selected_value":"Red"},{"variation_type_id":"3","selected_value":"1l"}]
DEBUG - 2025-06-20 05:03:10 --> Variation Details for Variation ID 4: [{"variation_id":"2","variation_type":"Colour","display_name":"Color","selected_value":"Red"},{"variation_id":"3","variation_type":"Capacity","display_name":"Capacity","selected_value":"1l"},{"variation_id":"2","variation_type":"Colour","display_name":"Color","selected_value":"Red"},{"variation_id":"3","variation_type":"Capacity","display_name":"Capacity","selected_value":"1l"}]
DEBUG - 2025-06-20 05:03:10 --> Variation Options for Product ID 5: [{"variation_type_id":"2","selected_value":"Red"},{"variation_type_id":"3","selected_value":"1l"},{"variation_type_id":"2","selected_value":"Red"},{"variation_type_id":"3","selected_value":"1l"}]
DEBUG - 2025-06-20 05:03:10 --> Variation Type for ID 2: {"id":"2","variation_type":"Capacity","display_name":"Capacity"}
DEBUG - 2025-06-20 05:03:10 --> Variation Type for ID 3: {"id":"3","variation_type":"Colour","display_name":"Color"}
DEBUG - 2025-06-20 05:03:10 --> Variation Type for ID 2: {"id":"2","variation_type":"Capacity","display_name":"Capacity"}
DEBUG - 2025-06-20 05:03:10 --> Variation Type for ID 3: {"id":"3","variation_type":"Colour","display_name":"Color"}
DEBUG - 2025-06-20 05:03:10 --> Variation Types for Product ID 5: {"2":{"variation_id":"2","variation_type":"Capacity","display_name":"Capacity","values":["Red"]},"3":{"variation_id":"3","variation_type":"Colour","display_name":"Color","values":["1l"]}}
DEBUG - 2025-06-20 05:03:10 --> Selected Variations for Variation ID 5: [{"variation_type_id":"3","selected_value":"1l"},{"variation_type_id":"2","selected_value":"Red"}]
DEBUG - 2025-06-20 05:03:10 --> Variation Details for Variation ID 5: [{"variation_id":"3","variation_type":"Capacity","display_name":"Capacity","selected_value":"1l"},{"variation_id":"2","variation_type":"Colour","display_name":"Color","selected_value":"Red"}]
DEBUG - 2025-06-20 05:03:10 --> Selected Variations for Variation ID 6: [{"variation_type_id":"3","selected_value":"2L"}]
DEBUG - 2025-06-20 05:03:10 --> Variation Details for Variation ID 6: [{"variation_id":"3","variation_type":"Capacity","display_name":"Capacity","selected_value":"2L"}]
DEBUG - 2025-06-20 05:03:10 --> Variation Options for Product ID 6: [{"variation_type_id":"3","selected_value":"1l"},{"variation_type_id":"2","selected_value":"Red"},{"variation_type_id":"3","selected_value":"2L"}]
DEBUG - 2025-06-20 05:03:10 --> Variation Type for ID 3: {"id":"3","variation_type":"Colour","display_name":"Color"}
DEBUG - 2025-06-20 05:03:10 --> Variation Type for ID 2: {"id":"2","variation_type":"Capacity","display_name":"Capacity"}
DEBUG - 2025-06-20 05:03:10 --> Variation Type for ID 3: {"id":"3","variation_type":"Colour","display_name":"Color"}
DEBUG - 2025-06-20 05:03:10 --> Variation Types for Product ID 6: {"3":{"variation_id":"3","variation_type":"Colour","display_name":"Color","values":["1l","2L"]},"2":{"variation_id":"2","variation_type":"Capacity","display_name":"Capacity","values":["Red"]}}
DEBUG - 2025-06-20 05:03:10 --> Selected Variations for Variation ID 7: [{"variation_type_id":"2","selected_value":"Blue"},{"variation_type_id":"3","selected_value":"2L"}]
DEBUG - 2025-06-20 05:03:10 --> Variation Details for Variation ID 7: [{"variation_id":"2","variation_type":"Colour","display_name":"Color","selected_value":"Blue"},{"variation_id":"3","variation_type":"Capacity","display_name":"Capacity","selected_value":"2L"}]
DEBUG - 2025-06-20 05:03:10 --> Selected Variations for Variation ID 9: [{"variation_type_id":"3","selected_value":"1l"},{"variation_type_id":"2","selected_value":"Blue"}]
DEBUG - 2025-06-20 05:03:10 --> Variation Details for Variation ID 9: [{"variation_id":"3","variation_type":"Capacity","display_name":"Capacity","selected_value":"1l"},{"variation_id":"2","variation_type":"Colour","display_name":"Color","selected_value":"Blue"}]
DEBUG - 2025-06-20 05:03:10 --> Variation Options for Product ID 7: [{"variation_type_id":"2","selected_value":"Blue"},{"variation_type_id":"3","selected_value":"2L"},{"variation_type_id":"2","selected_value":"Red"},{"variation_type_id":"3","selected_value":"1l"},{"variation_type_id":"3","selected_value":"1l"},{"variation_type_id":"2","selected_value":"Blue"}]
DEBUG - 2025-06-20 05:03:10 --> Variation Type for ID 2: {"id":"2","variation_type":"Capacity","display_name":"Capacity"}
DEBUG - 2025-06-20 05:03:10 --> Variation Type for ID 3: {"id":"3","variation_type":"Colour","display_name":"Color"}
DEBUG - 2025-06-20 05:03:10 --> Variation Type for ID 2: {"id":"2","variation_type":"Capacity","display_name":"Capacity"}
DEBUG - 2025-06-20 05:03:10 --> Variation Type for ID 3: {"id":"3","variation_type":"Colour","display_name":"Color"}
DEBUG - 2025-06-20 05:03:10 --> Variation Type for ID 3: {"id":"3","variation_type":"Colour","display_name":"Color"}
DEBUG - 2025-06-20 05:03:10 --> Variation Type for ID 2: {"id":"2","variation_type":"Capacity","display_name":"Capacity"}
DEBUG - 2025-06-20 05:03:10 --> Variation Types for Product ID 7: {"2":{"variation_id":"2","variation_type":"Capacity","display_name":"Capacity","values":["Blue","Red"]},"3":{"variation_id":"3","variation_type":"Colour","display_name":"Color","values":["2L","1l"]}}
DEBUG - 2025-06-20 05:03:12 --> Selected Variations for Variation ID 3: [{"variation_type_id":"2","selected_value":"Blue"},{"variation_type_id":"3","selected_value":"2L"}]
DEBUG - 2025-06-20 05:03:12 --> Variation Details for Variation ID 3: [{"variation_id":"2","variation_type":"Colour","display_name":"Color","selected_value":"Blue"},{"variation_id":"3","variation_type":"Capacity","display_name":"Capacity","selected_value":"2L"}]
DEBUG - 2025-06-20 05:03:12 --> Variation Options for Product ID 4: [{"variation_type_id":"2","selected_value":"Blue"},{"variation_type_id":"3","selected_value":"2L"}]
DEBUG - 2025-06-20 05:03:12 --> Variation Type for ID 2: {"id":"2","variation_type":"Capacity","display_name":"Capacity"}
DEBUG - 2025-06-20 05:03:12 --> Variation Type for ID 3: {"id":"3","variation_type":"Colour","display_name":"Color"}
DEBUG - 2025-06-20 05:03:12 --> Variation Types for Product ID 4: {"2":{"variation_id":"2","variation_type":"Capacity","display_name":"Capacity","values":["Blue"]},"3":{"variation_id":"3","variation_type":"Colour","display_name":"Color","values":["2L"]}}
DEBUG - 2025-06-20 05:03:12 --> Selected Variations for Variation ID 4: [{"variation_type_id":"2","selected_value":"Red"},{"variation_type_id":"3","selected_value":"1l"},{"variation_type_id":"2","selected_value":"Red"},{"variation_type_id":"3","selected_value":"1l"}]
DEBUG - 2025-06-20 05:03:12 --> Variation Details for Variation ID 4: [{"variation_id":"2","variation_type":"Colour","display_name":"Color","selected_value":"Red"},{"variation_id":"3","variation_type":"Capacity","display_name":"Capacity","selected_value":"1l"},{"variation_id":"2","variation_type":"Colour","display_name":"Color","selected_value":"Red"},{"variation_id":"3","variation_type":"Capacity","display_name":"Capacity","selected_value":"1l"}]
DEBUG - 2025-06-20 05:03:12 --> Variation Options for Product ID 5: [{"variation_type_id":"2","selected_value":"Red"},{"variation_type_id":"3","selected_value":"1l"},{"variation_type_id":"2","selected_value":"Red"},{"variation_type_id":"3","selected_value":"1l"}]
DEBUG - 2025-06-20 05:03:12 --> Variation Type for ID 2: {"id":"2","variation_type":"Capacity","display_name":"Capacity"}
DEBUG - 2025-06-20 05:03:12 --> Variation Type for ID 3: {"id":"3","variation_type":"Colour","display_name":"Color"}
DEBUG - 2025-06-20 05:03:12 --> Variation Type for ID 2: {"id":"2","variation_type":"Capacity","display_name":"Capacity"}
DEBUG - 2025-06-20 05:03:12 --> Variation Type for ID 3: {"id":"3","variation_type":"Colour","display_name":"Color"}
DEBUG - 2025-06-20 05:03:12 --> Variation Types for Product ID 5: {"2":{"variation_id":"2","variation_type":"Capacity","display_name":"Capacity","values":["Red"]},"3":{"variation_id":"3","variation_type":"Colour","display_name":"Color","values":["1l"]}}
DEBUG - 2025-06-20 05:03:12 --> Selected Variations for Variation ID 5: [{"variation_type_id":"3","selected_value":"1l"},{"variation_type_id":"2","selected_value":"Red"}]
DEBUG - 2025-06-20 05:03:12 --> Variation Details for Variation ID 5: [{"variation_id":"3","variation_type":"Capacity","display_name":"Capacity","selected_value":"1l"},{"variation_id":"2","variation_type":"Colour","display_name":"Color","selected_value":"Red"}]
DEBUG - 2025-06-20 05:03:12 --> Selected Variations for Variation ID 6: [{"variation_type_id":"3","selected_value":"2L"}]
DEBUG - 2025-06-20 05:03:12 --> Variation Details for Variation ID 6: [{"variation_id":"3","variation_type":"Capacity","display_name":"Capacity","selected_value":"2L"}]
DEBUG - 2025-06-20 05:03:12 --> Variation Options for Product ID 6: [{"variation_type_id":"3","selected_value":"1l"},{"variation_type_id":"2","selected_value":"Red"},{"variation_type_id":"3","selected_value":"2L"}]
DEBUG - 2025-06-20 05:03:12 --> Variation Type for ID 3: {"id":"3","variation_type":"Colour","display_name":"Color"}
DEBUG - 2025-06-20 05:03:12 --> Variation Type for ID 2: {"id":"2","variation_type":"Capacity","display_name":"Capacity"}
DEBUG - 2025-06-20 05:03:12 --> Variation Type for ID 3: {"id":"3","variation_type":"Colour","display_name":"Color"}
DEBUG - 2025-06-20 05:03:12 --> Variation Types for Product ID 6: {"3":{"variation_id":"3","variation_type":"Colour","display_name":"Color","values":["1l","2L"]},"2":{"variation_id":"2","variation_type":"Capacity","display_name":"Capacity","values":["Red"]}}
DEBUG - 2025-06-20 05:03:12 --> Selected Variations for Variation ID 7: [{"variation_type_id":"2","selected_value":"Blue"},{"variation_type_id":"3","selected_value":"2L"}]
DEBUG - 2025-06-20 05:03:12 --> Variation Details for Variation ID 7: [{"variation_id":"2","variation_type":"Colour","display_name":"Color","selected_value":"Blue"},{"variation_id":"3","variation_type":"Capacity","display_name":"Capacity","selected_value":"2L"}]
DEBUG - 2025-06-20 05:03:12 --> Selected Variations for Variation ID 9: [{"variation_type_id":"3","selected_value":"1l"},{"variation_type_id":"2","selected_value":"Blue"}]
DEBUG - 2025-06-20 05:03:12 --> Variation Details for Variation ID 9: [{"variation_id":"3","variation_type":"Capacity","display_name":"Capacity","selected_value":"1l"},{"variation_id":"2","variation_type":"Colour","display_name":"Color","selected_value":"Blue"}]
DEBUG - 2025-06-20 05:03:12 --> Variation Options for Product ID 7: [{"variation_type_id":"2","selected_value":"Blue"},{"variation_type_id":"3","selected_value":"2L"},{"variation_type_id":"2","selected_value":"Red"},{"variation_type_id":"3","selected_value":"1l"},{"variation_type_id":"3","selected_value":"1l"},{"variation_type_id":"2","selected_value":"Blue"}]
DEBUG - 2025-06-20 05:03:12 --> Variation Type for ID 2: {"id":"2","variation_type":"Capacity","display_name":"Capacity"}
DEBUG - 2025-06-20 05:03:12 --> Variation Type for ID 3: {"id":"3","variation_type":"Colour","display_name":"Color"}
DEBUG - 2025-06-20 05:03:12 --> Variation Type for ID 2: {"id":"2","variation_type":"Capacity","display_name":"Capacity"}
DEBUG - 2025-06-20 05:03:12 --> Variation Type for ID 3: {"id":"3","variation_type":"Colour","display_name":"Color"}
DEBUG - 2025-06-20 05:03:12 --> Variation Type for ID 3: {"id":"3","variation_type":"Colour","display_name":"Color"}
DEBUG - 2025-06-20 05:03:12 --> Variation Type for ID 2: {"id":"2","variation_type":"Capacity","display_name":"Capacity"}
DEBUG - 2025-06-20 05:03:12 --> Variation Types for Product ID 7: {"2":{"variation_id":"2","variation_type":"Capacity","display_name":"Capacity","values":["Blue","Red"]},"3":{"variation_id":"3","variation_type":"Colour","display_name":"Color","values":["2L","1l"]}}
DEBUG - 2025-06-20 13:26:21 --> Selected Variations for Variation ID 3: [{"variation_type_id":"2","selected_value":"Blue"},{"variation_type_id":"3","selected_value":"2L"}]
DEBUG - 2025-06-20 13:26:21 --> Variation Details for Variation ID 3: [{"variation_id":"2","variation_type":"Colour","display_name":"Color","selected_value":"Blue"},{"variation_id":"3","variation_type":"Capacity","display_name":"Capacity","selected_value":"2L"}]
DEBUG - 2025-06-20 13:26:21 --> Variation Options for Product ID 4: [{"variation_type_id":"2","selected_value":"Blue"},{"variation_type_id":"3","selected_value":"2L"}]
DEBUG - 2025-06-20 13:26:21 --> Variation Type for ID 2: {"id":"2","variation_type":"Capacity","display_name":"Capacity"}
DEBUG - 2025-06-20 13:26:21 --> Variation Type for ID 3: {"id":"3","variation_type":"Colour","display_name":"Color"}
DEBUG - 2025-06-20 13:26:21 --> Variation Types for Product ID 4: {"2":{"variation_id":"2","variation_type":"Capacity","display_name":"Capacity","values":["Blue"]},"3":{"variation_id":"3","variation_type":"Colour","display_name":"Color","values":["2L"]}}
DEBUG - 2025-06-20 13:26:21 --> Selected Variations for Variation ID 4: [{"variation_type_id":"2","selected_value":"Red"},{"variation_type_id":"3","selected_value":"1l"},{"variation_type_id":"2","selected_value":"Red"},{"variation_type_id":"3","selected_value":"1l"}]
DEBUG - 2025-06-20 13:26:21 --> Variation Details for Variation ID 4: [{"variation_id":"2","variation_type":"Colour","display_name":"Color","selected_value":"Red"},{"variation_id":"3","variation_type":"Capacity","display_name":"Capacity","selected_value":"1l"},{"variation_id":"2","variation_type":"Colour","display_name":"Color","selected_value":"Red"},{"variation_id":"3","variation_type":"Capacity","display_name":"Capacity","selected_value":"1l"}]
DEBUG - 2025-06-20 13:26:21 --> Variation Options for Product ID 5: [{"variation_type_id":"2","selected_value":"Red"},{"variation_type_id":"3","selected_value":"1l"},{"variation_type_id":"2","selected_value":"Red"},{"variation_type_id":"3","selected_value":"1l"}]
DEBUG - 2025-06-20 13:26:21 --> Variation Type for ID 2: {"id":"2","variation_type":"Capacity","display_name":"Capacity"}
DEBUG - 2025-06-20 13:26:21 --> Variation Type for ID 3: {"id":"3","variation_type":"Colour","display_name":"Color"}
DEBUG - 2025-06-20 13:26:21 --> Variation Type for ID 2: {"id":"2","variation_type":"Capacity","display_name":"Capacity"}
DEBUG - 2025-06-20 13:26:21 --> Variation Type for ID 3: {"id":"3","variation_type":"Colour","display_name":"Color"}
DEBUG - 2025-06-20 13:26:21 --> Variation Types for Product ID 5: {"2":{"variation_id":"2","variation_type":"Capacity","display_name":"Capacity","values":["Red"]},"3":{"variation_id":"3","variation_type":"Colour","display_name":"Color","values":["1l"]}}
DEBUG - 2025-06-20 13:26:21 --> Selected Variations for Variation ID 5: [{"variation_type_id":"3","selected_value":"1l"},{"variation_type_id":"2","selected_value":"Red"}]
DEBUG - 2025-06-20 13:26:21 --> Variation Details for Variation ID 5: [{"variation_id":"3","variation_type":"Capacity","display_name":"Capacity","selected_value":"1l"},{"variation_id":"2","variation_type":"Colour","display_name":"Color","selected_value":"Red"}]
DEBUG - 2025-06-20 13:26:21 --> Selected Variations for Variation ID 6: [{"variation_type_id":"3","selected_value":"2L"}]
DEBUG - 2025-06-20 13:26:21 --> Variation Details for Variation ID 6: [{"variation_id":"3","variation_type":"Capacity","display_name":"Capacity","selected_value":"2L"}]
DEBUG - 2025-06-20 13:26:21 --> Variation Options for Product ID 6: [{"variation_type_id":"3","selected_value":"1l"},{"variation_type_id":"2","selected_value":"Red"},{"variation_type_id":"3","selected_value":"2L"}]
DEBUG - 2025-06-20 13:26:21 --> Variation Type for ID 3: {"id":"3","variation_type":"Colour","display_name":"Color"}
DEBUG - 2025-06-20 13:26:21 --> Variation Type for ID 2: {"id":"2","variation_type":"Capacity","display_name":"Capacity"}
DEBUG - 2025-06-20 13:26:21 --> Variation Type for ID 3: {"id":"3","variation_type":"Colour","display_name":"Color"}
DEBUG - 2025-06-20 13:26:21 --> Variation Types for Product ID 6: {"3":{"variation_id":"3","variation_type":"Colour","display_name":"Color","values":["1l","2L"]},"2":{"variation_id":"2","variation_type":"Capacity","display_name":"Capacity","values":["Red"]}}
DEBUG - 2025-06-20 13:26:21 --> Selected Variations for Variation ID 7: [{"variation_type_id":"2","selected_value":"Blue"},{"variation_type_id":"3","selected_value":"2L"}]
DEBUG - 2025-06-20 13:26:21 --> Variation Details for Variation ID 7: [{"variation_id":"2","variation_type":"Colour","display_name":"Color","selected_value":"Blue"},{"variation_id":"3","variation_type":"Capacity","display_name":"Capacity","selected_value":"2L"}]
DEBUG - 2025-06-20 13:26:21 --> Selected Variations for Variation ID 9: [{"variation_type_id":"3","selected_value":"1l"},{"variation_type_id":"2","selected_value":"Blue"}]
DEBUG - 2025-06-20 13:26:21 --> Variation Details for Variation ID 9: [{"variation_id":"3","variation_type":"Capacity","display_name":"Capacity","selected_value":"1l"},{"variation_id":"2","variation_type":"Colour","display_name":"Color","selected_value":"Blue"}]
DEBUG - 2025-06-20 13:26:21 --> Variation Options for Product ID 7: [{"variation_type_id":"2","selected_value":"Blue"},{"variation_type_id":"3","selected_value":"2L"},{"variation_type_id":"2","selected_value":"Red"},{"variation_type_id":"3","selected_value":"1l"},{"variation_type_id":"3","selected_value":"1l"},{"variation_type_id":"2","selected_value":"Blue"}]
DEBUG - 2025-06-20 13:26:21 --> Variation Type for ID 2: {"id":"2","variation_type":"Capacity","display_name":"Capacity"}
DEBUG - 2025-06-20 13:26:21 --> Variation Type for ID 3: {"id":"3","variation_type":"Colour","display_name":"Color"}
DEBUG - 2025-06-20 13:26:21 --> Variation Type for ID 2: {"id":"2","variation_type":"Capacity","display_name":"Capacity"}
DEBUG - 2025-06-20 13:26:21 --> Variation Type for ID 3: {"id":"3","variation_type":"Colour","display_name":"Color"}
DEBUG - 2025-06-20 13:26:21 --> Variation Type for ID 3: {"id":"3","variation_type":"Colour","display_name":"Color"}
DEBUG - 2025-06-20 13:26:21 --> Variation Type for ID 2: {"id":"2","variation_type":"Capacity","display_name":"Capacity"}
DEBUG - 2025-06-20 13:26:21 --> Variation Types for Product ID 7: {"2":{"variation_id":"2","variation_type":"Capacity","display_name":"Capacity","values":["Blue","Red"]},"3":{"variation_id":"3","variation_type":"Colour","display_name":"Color","values":["2L","1l"]}}
DEBUG - 2025-06-20 13:26:25 --> Selected Variations for Variation ID 3: [{"variation_type_id":"2","selected_value":"Blue"},{"variation_type_id":"3","selected_value":"2L"}]
DEBUG - 2025-06-20 13:26:25 --> Variation Details for Variation ID 3: [{"variation_id":"2","variation_type":"Colour","display_name":"Color","selected_value":"Blue"},{"variation_id":"3","variation_type":"Capacity","display_name":"Capacity","selected_value":"2L"}]
DEBUG - 2025-06-20 13:26:25 --> Variation Options for Product ID 4: [{"variation_type_id":"2","selected_value":"Blue"},{"variation_type_id":"3","selected_value":"2L"}]
DEBUG - 2025-06-20 13:26:25 --> Variation Type for ID 2: {"id":"2","variation_type":"Capacity","display_name":"Capacity"}
DEBUG - 2025-06-20 13:26:25 --> Variation Type for ID 3: {"id":"3","variation_type":"Colour","display_name":"Color"}
DEBUG - 2025-06-20 13:26:25 --> Variation Types for Product ID 4: {"2":{"variation_id":"2","variation_type":"Capacity","display_name":"Capacity","values":["Blue"]},"3":{"variation_id":"3","variation_type":"Colour","display_name":"Color","values":["2L"]}}
DEBUG - 2025-06-20 13:26:25 --> Selected Variations for Variation ID 4: [{"variation_type_id":"2","selected_value":"Red"},{"variation_type_id":"3","selected_value":"1l"},{"variation_type_id":"2","selected_value":"Red"},{"variation_type_id":"3","selected_value":"1l"}]
DEBUG - 2025-06-20 13:26:25 --> Variation Details for Variation ID 4: [{"variation_id":"2","variation_type":"Colour","display_name":"Color","selected_value":"Red"},{"variation_id":"3","variation_type":"Capacity","display_name":"Capacity","selected_value":"1l"},{"variation_id":"2","variation_type":"Colour","display_name":"Color","selected_value":"Red"},{"variation_id":"3","variation_type":"Capacity","display_name":"Capacity","selected_value":"1l"}]
DEBUG - 2025-06-20 13:26:25 --> Variation Options for Product ID 5: [{"variation_type_id":"2","selected_value":"Red"},{"variation_type_id":"3","selected_value":"1l"},{"variation_type_id":"2","selected_value":"Red"},{"variation_type_id":"3","selected_value":"1l"}]
DEBUG - 2025-06-20 13:26:25 --> Variation Type for ID 2: {"id":"2","variation_type":"Capacity","display_name":"Capacity"}
DEBUG - 2025-06-20 13:26:25 --> Variation Type for ID 3: {"id":"3","variation_type":"Colour","display_name":"Color"}
DEBUG - 2025-06-20 13:26:25 --> Variation Type for ID 2: {"id":"2","variation_type":"Capacity","display_name":"Capacity"}
DEBUG - 2025-06-20 13:26:25 --> Variation Type for ID 3: {"id":"3","variation_type":"Colour","display_name":"Color"}
DEBUG - 2025-06-20 13:26:25 --> Variation Types for Product ID 5: {"2":{"variation_id":"2","variation_type":"Capacity","display_name":"Capacity","values":["Red"]},"3":{"variation_id":"3","variation_type":"Colour","display_name":"Color","values":["1l"]}}
DEBUG - 2025-06-20 13:26:25 --> Selected Variations for Variation ID 5: [{"variation_type_id":"3","selected_value":"1l"},{"variation_type_id":"2","selected_value":"Red"}]
DEBUG - 2025-06-20 13:26:25 --> Variation Details for Variation ID 5: [{"variation_id":"3","variation_type":"Capacity","display_name":"Capacity","selected_value":"1l"},{"variation_id":"2","variation_type":"Colour","display_name":"Color","selected_value":"Red"}]
DEBUG - 2025-06-20 13:26:25 --> Selected Variations for Variation ID 6: [{"variation_type_id":"3","selected_value":"2L"}]
DEBUG - 2025-06-20 13:26:25 --> Variation Details for Variation ID 6: [{"variation_id":"3","variation_type":"Capacity","display_name":"Capacity","selected_value":"2L"}]
DEBUG - 2025-06-20 13:26:25 --> Variation Options for Product ID 6: [{"variation_type_id":"3","selected_value":"1l"},{"variation_type_id":"2","selected_value":"Red"},{"variation_type_id":"3","selected_value":"2L"}]
DEBUG - 2025-06-20 13:26:25 --> Variation Type for ID 3: {"id":"3","variation_type":"Colour","display_name":"Color"}
DEBUG - 2025-06-20 13:26:25 --> Variation Type for ID 2: {"id":"2","variation_type":"Capacity","display_name":"Capacity"}
DEBUG - 2025-06-20 13:26:25 --> Variation Type for ID 3: {"id":"3","variation_type":"Colour","display_name":"Color"}
DEBUG - 2025-06-20 13:26:25 --> Variation Types for Product ID 6: {"3":{"variation_id":"3","variation_type":"Colour","display_name":"Color","values":["1l","2L"]},"2":{"variation_id":"2","variation_type":"Capacity","display_name":"Capacity","values":["Red"]}}
DEBUG - 2025-06-20 13:26:25 --> Selected Variations for Variation ID 7: [{"variation_type_id":"2","selected_value":"Blue"},{"variation_type_id":"3","selected_value":"2L"}]
DEBUG - 2025-06-20 13:26:25 --> Variation Details for Variation ID 7: [{"variation_id":"2","variation_type":"Colour","display_name":"Color","selected_value":"Blue"},{"variation_id":"3","variation_type":"Capacity","display_name":"Capacity","selected_value":"2L"}]
DEBUG - 2025-06-20 13:26:25 --> Selected Variations for Variation ID 9: [{"variation_type_id":"3","selected_value":"1l"},{"variation_type_id":"2","selected_value":"Blue"}]
DEBUG - 2025-06-20 13:26:25 --> Variation Details for Variation ID 9: [{"variation_id":"3","variation_type":"Capacity","display_name":"Capacity","selected_value":"1l"},{"variation_id":"2","variation_type":"Colour","display_name":"Color","selected_value":"Blue"}]
DEBUG - 2025-06-20 13:26:25 --> Variation Options for Product ID 7: [{"variation_type_id":"2","selected_value":"Blue"},{"variation_type_id":"3","selected_value":"2L"},{"variation_type_id":"2","selected_value":"Red"},{"variation_type_id":"3","selected_value":"1l"},{"variation_type_id":"3","selected_value":"1l"},{"variation_type_id":"2","selected_value":"Blue"}]
DEBUG - 2025-06-20 13:26:25 --> Variation Type for ID 2: {"id":"2","variation_type":"Capacity","display_name":"Capacity"}
DEBUG - 2025-06-20 13:26:25 --> Variation Type for ID 3: {"id":"3","variation_type":"Colour","display_name":"Color"}
DEBUG - 2025-06-20 13:26:25 --> Variation Type for ID 2: {"id":"2","variation_type":"Capacity","display_name":"Capacity"}
DEBUG - 2025-06-20 13:26:25 --> Variation Type for ID 3: {"id":"3","variation_type":"Colour","display_name":"Color"}
DEBUG - 2025-06-20 13:26:25 --> Variation Type for ID 3: {"id":"3","variation_type":"Colour","display_name":"Color"}
DEBUG - 2025-06-20 13:26:25 --> Variation Type for ID 2: {"id":"2","variation_type":"Capacity","display_name":"Capacity"}
DEBUG - 2025-06-20 13:26:25 --> Variation Types for Product ID 7: {"2":{"variation_id":"2","variation_type":"Capacity","display_name":"Capacity","values":["Blue","Red"]},"3":{"variation_id":"3","variation_type":"Colour","display_name":"Color","values":["2L","1l"]}}
DEBUG - 2025-06-20 13:26:26 --> Selected Variations for Variation ID 3: [{"variation_type_id":"2","selected_value":"Blue"},{"variation_type_id":"3","selected_value":"2L"}]
DEBUG - 2025-06-20 13:26:26 --> Variation Details for Variation ID 3: [{"variation_id":"2","variation_type":"Colour","display_name":"Color","selected_value":"Blue"},{"variation_id":"3","variation_type":"Capacity","display_name":"Capacity","selected_value":"2L"}]
DEBUG - 2025-06-20 13:26:26 --> Variation Options for Product ID 4: [{"variation_type_id":"2","selected_value":"Blue"},{"variation_type_id":"3","selected_value":"2L"}]
DEBUG - 2025-06-20 13:26:26 --> Variation Type for ID 2: {"id":"2","variation_type":"Capacity","display_name":"Capacity"}
DEBUG - 2025-06-20 13:26:26 --> Variation Type for ID 3: {"id":"3","variation_type":"Colour","display_name":"Color"}
DEBUG - 2025-06-20 13:26:26 --> Variation Types for Product ID 4: {"2":{"variation_id":"2","variation_type":"Capacity","display_name":"Capacity","values":["Blue"]},"3":{"variation_id":"3","variation_type":"Colour","display_name":"Color","values":["2L"]}}
DEBUG - 2025-06-20 13:26:26 --> Selected Variations for Variation ID 4: [{"variation_type_id":"2","selected_value":"Red"},{"variation_type_id":"3","selected_value":"1l"},{"variation_type_id":"2","selected_value":"Red"},{"variation_type_id":"3","selected_value":"1l"}]
DEBUG - 2025-06-20 13:26:26 --> Variation Details for Variation ID 4: [{"variation_id":"2","variation_type":"Colour","display_name":"Color","selected_value":"Red"},{"variation_id":"3","variation_type":"Capacity","display_name":"Capacity","selected_value":"1l"},{"variation_id":"2","variation_type":"Colour","display_name":"Color","selected_value":"Red"},{"variation_id":"3","variation_type":"Capacity","display_name":"Capacity","selected_value":"1l"}]
DEBUG - 2025-06-20 13:26:26 --> Variation Options for Product ID 5: [{"variation_type_id":"2","selected_value":"Red"},{"variation_type_id":"3","selected_value":"1l"},{"variation_type_id":"2","selected_value":"Red"},{"variation_type_id":"3","selected_value":"1l"}]
DEBUG - 2025-06-20 13:26:26 --> Variation Type for ID 2: {"id":"2","variation_type":"Capacity","display_name":"Capacity"}
DEBUG - 2025-06-20 13:26:26 --> Variation Type for ID 3: {"id":"3","variation_type":"Colour","display_name":"Color"}
DEBUG - 2025-06-20 13:26:26 --> Variation Type for ID 2: {"id":"2","variation_type":"Capacity","display_name":"Capacity"}
DEBUG - 2025-06-20 13:26:26 --> Variation Type for ID 3: {"id":"3","variation_type":"Colour","display_name":"Color"}
DEBUG - 2025-06-20 13:26:26 --> Variation Types for Product ID 5: {"2":{"variation_id":"2","variation_type":"Capacity","display_name":"Capacity","values":["Red"]},"3":{"variation_id":"3","variation_type":"Colour","display_name":"Color","values":["1l"]}}
DEBUG - 2025-06-20 13:26:26 --> Selected Variations for Variation ID 5: [{"variation_type_id":"3","selected_value":"1l"},{"variation_type_id":"2","selected_value":"Red"}]
DEBUG - 2025-06-20 13:26:26 --> Variation Details for Variation ID 5: [{"variation_id":"3","variation_type":"Capacity","display_name":"Capacity","selected_value":"1l"},{"variation_id":"2","variation_type":"Colour","display_name":"Color","selected_value":"Red"}]
DEBUG - 2025-06-20 13:26:26 --> Selected Variations for Variation ID 6: [{"variation_type_id":"3","selected_value":"2L"}]
DEBUG - 2025-06-20 13:26:26 --> Variation Details for Variation ID 6: [{"variation_id":"3","variation_type":"Capacity","display_name":"Capacity","selected_value":"2L"}]
DEBUG - 2025-06-20 13:26:26 --> Variation Options for Product ID 6: [{"variation_type_id":"3","selected_value":"1l"},{"variation_type_id":"2","selected_value":"Red"},{"variation_type_id":"3","selected_value":"2L"}]
DEBUG - 2025-06-20 13:26:26 --> Variation Type for ID 3: {"id":"3","variation_type":"Colour","display_name":"Color"}
DEBUG - 2025-06-20 13:26:26 --> Variation Type for ID 2: {"id":"2","variation_type":"Capacity","display_name":"Capacity"}
DEBUG - 2025-06-20 13:26:26 --> Variation Type for ID 3: {"id":"3","variation_type":"Colour","display_name":"Color"}
DEBUG - 2025-06-20 13:26:26 --> Variation Types for Product ID 6: {"3":{"variation_id":"3","variation_type":"Colour","display_name":"Color","values":["1l","2L"]},"2":{"variation_id":"2","variation_type":"Capacity","display_name":"Capacity","values":["Red"]}}
DEBUG - 2025-06-20 13:26:26 --> Selected Variations for Variation ID 7: [{"variation_type_id":"2","selected_value":"Blue"},{"variation_type_id":"3","selected_value":"2L"}]
DEBUG - 2025-06-20 13:26:26 --> Variation Details for Variation ID 7: [{"variation_id":"2","variation_type":"Colour","display_name":"Color","selected_value":"Blue"},{"variation_id":"3","variation_type":"Capacity","display_name":"Capacity","selected_value":"2L"}]
DEBUG - 2025-06-20 13:26:26 --> Selected Variations for Variation ID 9: [{"variation_type_id":"3","selected_value":"1l"},{"variation_type_id":"2","selected_value":"Blue"}]
DEBUG - 2025-06-20 13:26:26 --> Variation Details for Variation ID 9: [{"variation_id":"3","variation_type":"Capacity","display_name":"Capacity","selected_value":"1l"},{"variation_id":"2","variation_type":"Colour","display_name":"Color","selected_value":"Blue"}]
DEBUG - 2025-06-20 13:26:26 --> Variation Options for Product ID 7: [{"variation_type_id":"2","selected_value":"Blue"},{"variation_type_id":"3","selected_value":"2L"},{"variation_type_id":"2","selected_value":"Red"},{"variation_type_id":"3","selected_value":"1l"},{"variation_type_id":"3","selected_value":"1l"},{"variation_type_id":"2","selected_value":"Blue"}]
DEBUG - 2025-06-20 13:26:26 --> Variation Type for ID 2: {"id":"2","variation_type":"Capacity","display_name":"Capacity"}
DEBUG - 2025-06-20 13:26:26 --> Variation Type for ID 3: {"id":"3","variation_type":"Colour","display_name":"Color"}
DEBUG - 2025-06-20 13:26:26 --> Variation Type for ID 2: {"id":"2","variation_type":"Capacity","display_name":"Capacity"}
DEBUG - 2025-06-20 13:26:26 --> Variation Type for ID 3: {"id":"3","variation_type":"Colour","display_name":"Color"}
DEBUG - 2025-06-20 13:26:26 --> Variation Type for ID 3: {"id":"3","variation_type":"Colour","display_name":"Color"}
DEBUG - 2025-06-20 13:26:26 --> Variation Type for ID 2: {"id":"2","variation_type":"Capacity","display_name":"Capacity"}
DEBUG - 2025-06-20 13:26:26 --> Variation Types for Product ID 7: {"2":{"variation_id":"2","variation_type":"Capacity","display_name":"Capacity","values":["Blue","Red"]},"3":{"variation_id":"3","variation_type":"Colour","display_name":"Color","values":["2L","1l"]}}
DEBUG - 2025-06-20 17:25:23 --> Selected Variations for Variation ID 3: [{"variation_type_id":"2","selected_value":"Blue"},{"variation_type_id":"3","selected_value":"2L"}]
DEBUG - 2025-06-20 17:25:23 --> Variation Details for Variation ID 3: [{"variation_id":"2","variation_type":"Colour","display_name":"Color","selected_value":"Blue"},{"variation_id":"3","variation_type":"Capacity","display_name":"Capacity","selected_value":"2L"}]
DEBUG - 2025-06-20 17:25:23 --> Variation Options for Product ID 4: [{"variation_type_id":"2","selected_value":"Blue"},{"variation_type_id":"3","selected_value":"2L"}]
DEBUG - 2025-06-20 17:25:23 --> Variation Type for ID 2: {"id":"2","variation_type":"Capacity","display_name":"Capacity"}
DEBUG - 2025-06-20 17:25:23 --> Variation Type for ID 3: {"id":"3","variation_type":"Colour","display_name":"Color"}
DEBUG - 2025-06-20 17:25:23 --> Variation Types for Product ID 4: {"2":{"variation_id":"2","variation_type":"Capacity","display_name":"Capacity","values":["Blue"]},"3":{"variation_id":"3","variation_type":"Colour","display_name":"Color","values":["2L"]}}
DEBUG - 2025-06-20 17:25:23 --> Selected Variations for Variation ID 4: [{"variation_type_id":"2","selected_value":"Red"},{"variation_type_id":"3","selected_value":"1l"},{"variation_type_id":"2","selected_value":"Red"},{"variation_type_id":"3","selected_value":"1l"}]
DEBUG - 2025-06-20 17:25:23 --> Variation Details for Variation ID 4: [{"variation_id":"2","variation_type":"Colour","display_name":"Color","selected_value":"Red"},{"variation_id":"3","variation_type":"Capacity","display_name":"Capacity","selected_value":"1l"},{"variation_id":"2","variation_type":"Colour","display_name":"Color","selected_value":"Red"},{"variation_id":"3","variation_type":"Capacity","display_name":"Capacity","selected_value":"1l"}]
DEBUG - 2025-06-20 17:25:23 --> Variation Options for Product ID 5: [{"variation_type_id":"2","selected_value":"Red"},{"variation_type_id":"3","selected_value":"1l"},{"variation_type_id":"2","selected_value":"Red"},{"variation_type_id":"3","selected_value":"1l"}]
DEBUG - 2025-06-20 17:25:23 --> Variation Type for ID 2: {"id":"2","variation_type":"Capacity","display_name":"Capacity"}
DEBUG - 2025-06-20 17:25:23 --> Variation Type for ID 3: {"id":"3","variation_type":"Colour","display_name":"Color"}
DEBUG - 2025-06-20 17:25:23 --> Variation Type for ID 2: {"id":"2","variation_type":"Capacity","display_name":"Capacity"}
DEBUG - 2025-06-20 17:25:23 --> Variation Type for ID 3: {"id":"3","variation_type":"Colour","display_name":"Color"}
DEBUG - 2025-06-20 17:25:23 --> Variation Types for Product ID 5: {"2":{"variation_id":"2","variation_type":"Capacity","display_name":"Capacity","values":["Red"]},"3":{"variation_id":"3","variation_type":"Colour","display_name":"Color","values":["1l"]}}
DEBUG - 2025-06-20 17:25:23 --> Selected Variations for Variation ID 5: [{"variation_type_id":"3","selected_value":"1l"},{"variation_type_id":"2","selected_value":"Red"}]
DEBUG - 2025-06-20 17:25:23 --> Variation Details for Variation ID 5: [{"variation_id":"3","variation_type":"Capacity","display_name":"Capacity","selected_value":"1l"},{"variation_id":"2","variation_type":"Colour","display_name":"Color","selected_value":"Red"}]
DEBUG - 2025-06-20 17:25:23 --> Selected Variations for Variation ID 6: [{"variation_type_id":"3","selected_value":"2L"}]
DEBUG - 2025-06-20 17:25:23 --> Variation Details for Variation ID 6: [{"variation_id":"3","variation_type":"Capacity","display_name":"Capacity","selected_value":"2L"}]
DEBUG - 2025-06-20 17:25:23 --> Variation Options for Product ID 6: [{"variation_type_id":"3","selected_value":"1l"},{"variation_type_id":"2","selected_value":"Red"},{"variation_type_id":"3","selected_value":"2L"}]
DEBUG - 2025-06-20 17:25:23 --> Variation Type for ID 3: {"id":"3","variation_type":"Colour","display_name":"Color"}
DEBUG - 2025-06-20 17:25:23 --> Variation Type for ID 2: {"id":"2","variation_type":"Capacity","display_name":"Capacity"}
DEBUG - 2025-06-20 17:25:23 --> Variation Type for ID 3: {"id":"3","variation_type":"Colour","display_name":"Color"}
DEBUG - 2025-06-20 17:25:23 --> Variation Types for Product ID 6: {"3":{"variation_id":"3","variation_type":"Colour","display_name":"Color","values":["1l","2L"]},"2":{"variation_id":"2","variation_type":"Capacity","display_name":"Capacity","values":["Red"]}}
DEBUG - 2025-06-20 17:25:23 --> Selected Variations for Variation ID 7: [{"variation_type_id":"2","selected_value":"Blue"},{"variation_type_id":"3","selected_value":"2L"}]
DEBUG - 2025-06-20 17:25:23 --> Variation Details for Variation ID 7: [{"variation_id":"2","variation_type":"Colour","display_name":"Color","selected_value":"Blue"},{"variation_id":"3","variation_type":"Capacity","display_name":"Capacity","selected_value":"2L"}]
DEBUG - 2025-06-20 17:25:23 --> Selected Variations for Variation ID 9: [{"variation_type_id":"3","selected_value":"1l"},{"variation_type_id":"2","selected_value":"Blue"}]
DEBUG - 2025-06-20 17:25:23 --> Variation Details for Variation ID 9: [{"variation_id":"3","variation_type":"Capacity","display_name":"Capacity","selected_value":"1l"},{"variation_id":"2","variation_type":"Colour","display_name":"Color","selected_value":"Blue"}]
DEBUG - 2025-06-20 17:25:23 --> Variation Options for Product ID 7: [{"variation_type_id":"2","selected_value":"Blue"},{"variation_type_id":"3","selected_value":"2L"},{"variation_type_id":"2","selected_value":"Red"},{"variation_type_id":"3","selected_value":"1l"},{"variation_type_id":"3","selected_value":"1l"},{"variation_type_id":"2","selected_value":"Blue"}]
DEBUG - 2025-06-20 17:25:23 --> Variation Type for ID 2: {"id":"2","variation_type":"Capacity","display_name":"Capacity"}
DEBUG - 2025-06-20 17:25:23 --> Variation Type for ID 3: {"id":"3","variation_type":"Colour","display_name":"Color"}
DEBUG - 2025-06-20 17:25:23 --> Variation Type for ID 2: {"id":"2","variation_type":"Capacity","display_name":"Capacity"}
DEBUG - 2025-06-20 17:25:23 --> Variation Type for ID 3: {"id":"3","variation_type":"Colour","display_name":"Color"}
DEBUG - 2025-06-20 17:25:23 --> Variation Type for ID 3: {"id":"3","variation_type":"Colour","display_name":"Color"}
DEBUG - 2025-06-20 17:25:23 --> Variation Type for ID 2: {"id":"2","variation_type":"Capacity","display_name":"Capacity"}
DEBUG - 2025-06-20 17:25:23 --> Variation Types for Product ID 7: {"2":{"variation_id":"2","variation_type":"Capacity","display_name":"Capacity","values":["Blue","Red"]},"3":{"variation_id":"3","variation_type":"Colour","display_name":"Color","values":["2L","1l"]}}
DEBUG - 2025-06-20 17:25:27 --> Selected Variations for Variation ID 3: [{"variation_type_id":"2","selected_value":"Blue"},{"variation_type_id":"3","selected_value":"2L"}]
DEBUG - 2025-06-20 17:25:27 --> Variation Details for Variation ID 3: [{"variation_id":"2","variation_type":"Colour","display_name":"Color","selected_value":"Blue"},{"variation_id":"3","variation_type":"Capacity","display_name":"Capacity","selected_value":"2L"}]
DEBUG - 2025-06-20 17:25:27 --> Variation Options for Product ID 4: [{"variation_type_id":"2","selected_value":"Blue"},{"variation_type_id":"3","selected_value":"2L"}]
DEBUG - 2025-06-20 17:25:27 --> Variation Type for ID 2: {"id":"2","variation_type":"Capacity","display_name":"Capacity"}
DEBUG - 2025-06-20 17:25:27 --> Variation Type for ID 3: {"id":"3","variation_type":"Colour","display_name":"Color"}
DEBUG - 2025-06-20 17:25:27 --> Variation Types for Product ID 4: {"2":{"variation_id":"2","variation_type":"Capacity","display_name":"Capacity","values":["Blue"]},"3":{"variation_id":"3","variation_type":"Colour","display_name":"Color","values":["2L"]}}
DEBUG - 2025-06-20 17:25:27 --> Selected Variations for Variation ID 4: [{"variation_type_id":"2","selected_value":"Red"},{"variation_type_id":"3","selected_value":"1l"},{"variation_type_id":"2","selected_value":"Red"},{"variation_type_id":"3","selected_value":"1l"}]
DEBUG - 2025-06-20 17:25:27 --> Variation Details for Variation ID 4: [{"variation_id":"2","variation_type":"Colour","display_name":"Color","selected_value":"Red"},{"variation_id":"3","variation_type":"Capacity","display_name":"Capacity","selected_value":"1l"},{"variation_id":"2","variation_type":"Colour","display_name":"Color","selected_value":"Red"},{"variation_id":"3","variation_type":"Capacity","display_name":"Capacity","selected_value":"1l"}]
DEBUG - 2025-06-20 17:25:27 --> Variation Options for Product ID 5: [{"variation_type_id":"2","selected_value":"Red"},{"variation_type_id":"3","selected_value":"1l"},{"variation_type_id":"2","selected_value":"Red"},{"variation_type_id":"3","selected_value":"1l"}]
DEBUG - 2025-06-20 17:25:27 --> Variation Type for ID 2: {"id":"2","variation_type":"Capacity","display_name":"Capacity"}
DEBUG - 2025-06-20 17:25:27 --> Variation Type for ID 3: {"id":"3","variation_type":"Colour","display_name":"Color"}
DEBUG - 2025-06-20 17:25:27 --> Variation Type for ID 2: {"id":"2","variation_type":"Capacity","display_name":"Capacity"}
DEBUG - 2025-06-20 17:25:27 --> Variation Type for ID 3: {"id":"3","variation_type":"Colour","display_name":"Color"}
DEBUG - 2025-06-20 17:25:27 --> Variation Types for Product ID 5: {"2":{"variation_id":"2","variation_type":"Capacity","display_name":"Capacity","values":["Red"]},"3":{"variation_id":"3","variation_type":"Colour","display_name":"Color","values":["1l"]}}
DEBUG - 2025-06-20 17:25:27 --> Selected Variations for Variation ID 5: [{"variation_type_id":"3","selected_value":"1l"},{"variation_type_id":"2","selected_value":"Red"}]
DEBUG - 2025-06-20 17:25:27 --> Variation Details for Variation ID 5: [{"variation_id":"3","variation_type":"Capacity","display_name":"Capacity","selected_value":"1l"},{"variation_id":"2","variation_type":"Colour","display_name":"Color","selected_value":"Red"}]
DEBUG - 2025-06-20 17:25:27 --> Selected Variations for Variation ID 6: [{"variation_type_id":"3","selected_value":"2L"}]
DEBUG - 2025-06-20 17:25:27 --> Variation Details for Variation ID 6: [{"variation_id":"3","variation_type":"Capacity","display_name":"Capacity","selected_value":"2L"}]
DEBUG - 2025-06-20 17:25:27 --> Variation Options for Product ID 6: [{"variation_type_id":"3","selected_value":"1l"},{"variation_type_id":"2","selected_value":"Red"},{"variation_type_id":"3","selected_value":"2L"}]
DEBUG - 2025-06-20 17:25:27 --> Variation Type for ID 3: {"id":"3","variation_type":"Colour","display_name":"Color"}
DEBUG - 2025-06-20 17:25:27 --> Variation Type for ID 2: {"id":"2","variation_type":"Capacity","display_name":"Capacity"}
DEBUG - 2025-06-20 17:25:27 --> Variation Type for ID 3: {"id":"3","variation_type":"Colour","display_name":"Color"}
DEBUG - 2025-06-20 17:25:27 --> Variation Types for Product ID 6: {"3":{"variation_id":"3","variation_type":"Colour","display_name":"Color","values":["1l","2L"]},"2":{"variation_id":"2","variation_type":"Capacity","display_name":"Capacity","values":["Red"]}}
DEBUG - 2025-06-20 17:25:27 --> Selected Variations for Variation ID 7: [{"variation_type_id":"2","selected_value":"Blue"},{"variation_type_id":"3","selected_value":"2L"}]
DEBUG - 2025-06-20 17:25:27 --> Variation Details for Variation ID 7: [{"variation_id":"2","variation_type":"Colour","display_name":"Color","selected_value":"Blue"},{"variation_id":"3","variation_type":"Capacity","display_name":"Capacity","selected_value":"2L"}]
DEBUG - 2025-06-20 17:25:27 --> Selected Variations for Variation ID 9: [{"variation_type_id":"3","selected_value":"1l"},{"variation_type_id":"2","selected_value":"Blue"}]
DEBUG - 2025-06-20 17:25:27 --> Variation Details for Variation ID 9: [{"variation_id":"3","variation_type":"Capacity","display_name":"Capacity","selected_value":"1l"},{"variation_id":"2","variation_type":"Colour","display_name":"Color","selected_value":"Blue"}]
DEBUG - 2025-06-20 17:25:27 --> Variation Options for Product ID 7: [{"variation_type_id":"2","selected_value":"Blue"},{"variation_type_id":"3","selected_value":"2L"},{"variation_type_id":"2","selected_value":"Red"},{"variation_type_id":"3","selected_value":"1l"},{"variation_type_id":"3","selected_value":"1l"},{"variation_type_id":"2","selected_value":"Blue"}]
DEBUG - 2025-06-20 17:25:27 --> Variation Type for ID 2: {"id":"2","variation_type":"Capacity","display_name":"Capacity"}
DEBUG - 2025-06-20 17:25:27 --> Variation Type for ID 3: {"id":"3","variation_type":"Colour","display_name":"Color"}
DEBUG - 2025-06-20 17:25:27 --> Variation Type for ID 2: {"id":"2","variation_type":"Capacity","display_name":"Capacity"}
DEBUG - 2025-06-20 17:25:27 --> Variation Type for ID 3: {"id":"3","variation_type":"Colour","display_name":"Color"}
DEBUG - 2025-06-20 17:25:27 --> Variation Type for ID 3: {"id":"3","variation_type":"Colour","display_name":"Color"}
DEBUG - 2025-06-20 17:25:27 --> Variation Type for ID 2: {"id":"2","variation_type":"Capacity","display_name":"Capacity"}
DEBUG - 2025-06-20 17:25:27 --> Variation Types for Product ID 7: {"2":{"variation_id":"2","variation_type":"Capacity","display_name":"Capacity","values":["Blue","Red"]},"3":{"variation_id":"3","variation_type":"Colour","display_name":"Color","values":["2L","1l"]}}
DEBUG - 2025-06-20 17:25:28 --> Selected Variations for Variation ID 3: [{"variation_type_id":"2","selected_value":"Blue"},{"variation_type_id":"3","selected_value":"2L"}]
DEBUG - 2025-06-20 17:25:28 --> Variation Details for Variation ID 3: [{"variation_id":"2","variation_type":"Colour","display_name":"Color","selected_value":"Blue"},{"variation_id":"3","variation_type":"Capacity","display_name":"Capacity","selected_value":"2L"}]
DEBUG - 2025-06-20 17:25:28 --> Variation Options for Product ID 4: [{"variation_type_id":"2","selected_value":"Blue"},{"variation_type_id":"3","selected_value":"2L"}]
DEBUG - 2025-06-20 17:25:28 --> Variation Type for ID 2: {"id":"2","variation_type":"Capacity","display_name":"Capacity"}
DEBUG - 2025-06-20 17:25:28 --> Variation Type for ID 3: {"id":"3","variation_type":"Colour","display_name":"Color"}
DEBUG - 2025-06-20 17:25:28 --> Variation Types for Product ID 4: {"2":{"variation_id":"2","variation_type":"Capacity","display_name":"Capacity","values":["Blue"]},"3":{"variation_id":"3","variation_type":"Colour","display_name":"Color","values":["2L"]}}
DEBUG - 2025-06-20 17:25:28 --> Selected Variations for Variation ID 4: [{"variation_type_id":"2","selected_value":"Red"},{"variation_type_id":"3","selected_value":"1l"},{"variation_type_id":"2","selected_value":"Red"},{"variation_type_id":"3","selected_value":"1l"}]
DEBUG - 2025-06-20 17:25:28 --> Variation Details for Variation ID 4: [{"variation_id":"2","variation_type":"Colour","display_name":"Color","selected_value":"Red"},{"variation_id":"3","variation_type":"Capacity","display_name":"Capacity","selected_value":"1l"},{"variation_id":"2","variation_type":"Colour","display_name":"Color","selected_value":"Red"},{"variation_id":"3","variation_type":"Capacity","display_name":"Capacity","selected_value":"1l"}]
DEBUG - 2025-06-20 17:25:28 --> Variation Options for Product ID 5: [{"variation_type_id":"2","selected_value":"Red"},{"variation_type_id":"3","selected_value":"1l"},{"variation_type_id":"2","selected_value":"Red"},{"variation_type_id":"3","selected_value":"1l"}]
DEBUG - 2025-06-20 17:25:28 --> Variation Type for ID 2: {"id":"2","variation_type":"Capacity","display_name":"Capacity"}
DEBUG - 2025-06-20 17:25:28 --> Variation Type for ID 3: {"id":"3","variation_type":"Colour","display_name":"Color"}
DEBUG - 2025-06-20 17:25:28 --> Variation Type for ID 2: {"id":"2","variation_type":"Capacity","display_name":"Capacity"}
DEBUG - 2025-06-20 17:25:28 --> Variation Type for ID 3: {"id":"3","variation_type":"Colour","display_name":"Color"}
DEBUG - 2025-06-20 17:25:28 --> Variation Types for Product ID 5: {"2":{"variation_id":"2","variation_type":"Capacity","display_name":"Capacity","values":["Red"]},"3":{"variation_id":"3","variation_type":"Colour","display_name":"Color","values":["1l"]}}
DEBUG - 2025-06-20 17:25:28 --> Selected Variations for Variation ID 5: [{"variation_type_id":"3","selected_value":"1l"},{"variation_type_id":"2","selected_value":"Red"}]
DEBUG - 2025-06-20 17:25:28 --> Variation Details for Variation ID 5: [{"variation_id":"3","variation_type":"Capacity","display_name":"Capacity","selected_value":"1l"},{"variation_id":"2","variation_type":"Colour","display_name":"Color","selected_value":"Red"}]
DEBUG - 2025-06-20 17:25:28 --> Selected Variations for Variation ID 6: [{"variation_type_id":"3","selected_value":"2L"}]
DEBUG - 2025-06-20 17:25:28 --> Variation Details for Variation ID 6: [{"variation_id":"3","variation_type":"Capacity","display_name":"Capacity","selected_value":"2L"}]
DEBUG - 2025-06-20 17:25:28 --> Variation Options for Product ID 6: [{"variation_type_id":"3","selected_value":"1l"},{"variation_type_id":"2","selected_value":"Red"},{"variation_type_id":"3","selected_value":"2L"}]
DEBUG - 2025-06-20 17:25:28 --> Variation Type for ID 3: {"id":"3","variation_type":"Colour","display_name":"Color"}
DEBUG - 2025-06-20 17:25:28 --> Variation Type for ID 2: {"id":"2","variation_type":"Capacity","display_name":"Capacity"}
DEBUG - 2025-06-20 17:25:28 --> Variation Type for ID 3: {"id":"3","variation_type":"Colour","display_name":"Color"}
DEBUG - 2025-06-20 17:25:28 --> Variation Types for Product ID 6: {"3":{"variation_id":"3","variation_type":"Colour","display_name":"Color","values":["1l","2L"]},"2":{"variation_id":"2","variation_type":"Capacity","display_name":"Capacity","values":["Red"]}}
DEBUG - 2025-06-20 17:25:28 --> Selected Variations for Variation ID 7: [{"variation_type_id":"2","selected_value":"Blue"},{"variation_type_id":"3","selected_value":"2L"}]
DEBUG - 2025-06-20 17:25:28 --> Variation Details for Variation ID 7: [{"variation_id":"2","variation_type":"Colour","display_name":"Color","selected_value":"Blue"},{"variation_id":"3","variation_type":"Capacity","display_name":"Capacity","selected_value":"2L"}]
DEBUG - 2025-06-20 17:25:28 --> Selected Variations for Variation ID 9: [{"variation_type_id":"3","selected_value":"1l"},{"variation_type_id":"2","selected_value":"Blue"}]
DEBUG - 2025-06-20 17:25:28 --> Variation Details for Variation ID 9: [{"variation_id":"3","variation_type":"Capacity","display_name":"Capacity","selected_value":"1l"},{"variation_id":"2","variation_type":"Colour","display_name":"Color","selected_value":"Blue"}]
DEBUG - 2025-06-20 17:25:28 --> Variation Options for Product ID 7: [{"variation_type_id":"2","selected_value":"Blue"},{"variation_type_id":"3","selected_value":"2L"},{"variation_type_id":"2","selected_value":"Red"},{"variation_type_id":"3","selected_value":"1l"},{"variation_type_id":"3","selected_value":"1l"},{"variation_type_id":"2","selected_value":"Blue"}]
DEBUG - 2025-06-20 17:25:28 --> Variation Type for ID 2: {"id":"2","variation_type":"Capacity","display_name":"Capacity"}
DEBUG - 2025-06-20 17:25:28 --> Variation Type for ID 3: {"id":"3","variation_type":"Colour","display_name":"Color"}
DEBUG - 2025-06-20 17:25:28 --> Variation Type for ID 2: {"id":"2","variation_type":"Capacity","display_name":"Capacity"}
DEBUG - 2025-06-20 17:25:28 --> Variation Type for ID 3: {"id":"3","variation_type":"Colour","display_name":"Color"}
DEBUG - 2025-06-20 17:25:28 --> Variation Type for ID 3: {"id":"3","variation_type":"Colour","display_name":"Color"}
DEBUG - 2025-06-20 17:25:28 --> Variation Type for ID 2: {"id":"2","variation_type":"Capacity","display_name":"Capacity"}
DEBUG - 2025-06-20 17:25:28 --> Variation Types for Product ID 7: {"2":{"variation_id":"2","variation_type":"Capacity","display_name":"Capacity","values":["Blue","Red"]},"3":{"variation_id":"3","variation_type":"Colour","display_name":"Color","values":["2L","1l"]}}
DEBUG - 2025-06-20 21:26:14 --> Selected Variations for Variation ID 3: [{"variation_type_id":"2","selected_value":"Blue"},{"variation_type_id":"3","selected_value":"2L"}]
DEBUG - 2025-06-20 21:26:14 --> Variation Details for Variation ID 3: [{"variation_id":"2","variation_type":"Colour","display_name":"Color","selected_value":"Blue"},{"variation_id":"3","variation_type":"Capacity","display_name":"Capacity","selected_value":"2L"}]
DEBUG - 2025-06-20 21:26:14 --> Variation Options for Product ID 4: [{"variation_type_id":"2","selected_value":"Blue"},{"variation_type_id":"3","selected_value":"2L"}]
DEBUG - 2025-06-20 21:26:14 --> Variation Type for ID 2: {"id":"2","variation_type":"Capacity","display_name":"Capacity"}
DEBUG - 2025-06-20 21:26:14 --> Variation Type for ID 3: {"id":"3","variation_type":"Colour","display_name":"Color"}
DEBUG - 2025-06-20 21:26:14 --> Variation Types for Product ID 4: {"2":{"variation_id":"2","variation_type":"Capacity","display_name":"Capacity","values":["Blue"]},"3":{"variation_id":"3","variation_type":"Colour","display_name":"Color","values":["2L"]}}
DEBUG - 2025-06-20 21:26:14 --> Selected Variations for Variation ID 4: [{"variation_type_id":"2","selected_value":"Red"},{"variation_type_id":"3","selected_value":"1l"},{"variation_type_id":"2","selected_value":"Red"},{"variation_type_id":"3","selected_value":"1l"}]
DEBUG - 2025-06-20 21:26:14 --> Variation Details for Variation ID 4: [{"variation_id":"2","variation_type":"Colour","display_name":"Color","selected_value":"Red"},{"variation_id":"3","variation_type":"Capacity","display_name":"Capacity","selected_value":"1l"},{"variation_id":"2","variation_type":"Colour","display_name":"Color","selected_value":"Red"},{"variation_id":"3","variation_type":"Capacity","display_name":"Capacity","selected_value":"1l"}]
DEBUG - 2025-06-20 21:26:14 --> Variation Options for Product ID 5: [{"variation_type_id":"2","selected_value":"Red"},{"variation_type_id":"3","selected_value":"1l"},{"variation_type_id":"2","selected_value":"Red"},{"variation_type_id":"3","selected_value":"1l"}]
DEBUG - 2025-06-20 21:26:14 --> Variation Type for ID 2: {"id":"2","variation_type":"Capacity","display_name":"Capacity"}
DEBUG - 2025-06-20 21:26:14 --> Variation Type for ID 3: {"id":"3","variation_type":"Colour","display_name":"Color"}
DEBUG - 2025-06-20 21:26:14 --> Variation Type for ID 2: {"id":"2","variation_type":"Capacity","display_name":"Capacity"}
DEBUG - 2025-06-20 21:26:14 --> Variation Type for ID 3: {"id":"3","variation_type":"Colour","display_name":"Color"}
DEBUG - 2025-06-20 21:26:14 --> Variation Types for Product ID 5: {"2":{"variation_id":"2","variation_type":"Capacity","display_name":"Capacity","values":["Red"]},"3":{"variation_id":"3","variation_type":"Colour","display_name":"Color","values":["1l"]}}
DEBUG - 2025-06-20 21:26:14 --> Selected Variations for Variation ID 5: [{"variation_type_id":"3","selected_value":"1l"},{"variation_type_id":"2","selected_value":"Red"}]
DEBUG - 2025-06-20 21:26:14 --> Variation Details for Variation ID 5: [{"variation_id":"3","variation_type":"Capacity","display_name":"Capacity","selected_value":"1l"},{"variation_id":"2","variation_type":"Colour","display_name":"Color","selected_value":"Red"}]
DEBUG - 2025-06-20 21:26:14 --> Selected Variations for Variation ID 6: [{"variation_type_id":"3","selected_value":"2L"}]
DEBUG - 2025-06-20 21:26:14 --> Variation Details for Variation ID 6: [{"variation_id":"3","variation_type":"Capacity","display_name":"Capacity","selected_value":"2L"}]
DEBUG - 2025-06-20 21:26:14 --> Variation Options for Product ID 6: [{"variation_type_id":"3","selected_value":"1l"},{"variation_type_id":"2","selected_value":"Red"},{"variation_type_id":"3","selected_value":"2L"}]
DEBUG - 2025-06-20 21:26:14 --> Variation Type for ID 3: {"id":"3","variation_type":"Colour","display_name":"Color"}
DEBUG - 2025-06-20 21:26:14 --> Variation Type for ID 2: {"id":"2","variation_type":"Capacity","display_name":"Capacity"}
DEBUG - 2025-06-20 21:26:14 --> Variation Type for ID 3: {"id":"3","variation_type":"Colour","display_name":"Color"}
DEBUG - 2025-06-20 21:26:14 --> Variation Types for Product ID 6: {"3":{"variation_id":"3","variation_type":"Colour","display_name":"Color","values":["1l","2L"]},"2":{"variation_id":"2","variation_type":"Capacity","display_name":"Capacity","values":["Red"]}}
DEBUG - 2025-06-20 21:26:14 --> Selected Variations for Variation ID 7: [{"variation_type_id":"2","selected_value":"Blue"},{"variation_type_id":"3","selected_value":"2L"}]
DEBUG - 2025-06-20 21:26:14 --> Variation Details for Variation ID 7: [{"variation_id":"2","variation_type":"Colour","display_name":"Color","selected_value":"Blue"},{"variation_id":"3","variation_type":"Capacity","display_name":"Capacity","selected_value":"2L"}]
DEBUG - 2025-06-20 21:26:14 --> Selected Variations for Variation ID 9: [{"variation_type_id":"3","selected_value":"1l"},{"variation_type_id":"2","selected_value":"Blue"}]
DEBUG - 2025-06-20 21:26:14 --> Variation Details for Variation ID 9: [{"variation_id":"3","variation_type":"Capacity","display_name":"Capacity","selected_value":"1l"},{"variation_id":"2","variation_type":"Colour","display_name":"Color","selected_value":"Blue"}]
DEBUG - 2025-06-20 21:26:14 --> Variation Options for Product ID 7: [{"variation_type_id":"2","selected_value":"Blue"},{"variation_type_id":"3","selected_value":"2L"},{"variation_type_id":"2","selected_value":"Red"},{"variation_type_id":"3","selected_value":"1l"},{"variation_type_id":"3","selected_value":"1l"},{"variation_type_id":"2","selected_value":"Blue"}]
DEBUG - 2025-06-20 21:26:14 --> Variation Type for ID 2: {"id":"2","variation_type":"Capacity","display_name":"Capacity"}
DEBUG - 2025-06-20 21:26:14 --> Variation Type for ID 3: {"id":"3","variation_type":"Colour","display_name":"Color"}
DEBUG - 2025-06-20 21:26:14 --> Variation Type for ID 2: {"id":"2","variation_type":"Capacity","display_name":"Capacity"}
DEBUG - 2025-06-20 21:26:14 --> Variation Type for ID 3: {"id":"3","variation_type":"Colour","display_name":"Color"}
DEBUG - 2025-06-20 21:26:14 --> Variation Type for ID 3: {"id":"3","variation_type":"Colour","display_name":"Color"}
DEBUG - 2025-06-20 21:26:14 --> Variation Type for ID 2: {"id":"2","variation_type":"Capacity","display_name":"Capacity"}
DEBUG - 2025-06-20 21:26:14 --> Variation Types for Product ID 7: {"2":{"variation_id":"2","variation_type":"Capacity","display_name":"Capacity","values":["Blue","Red"]},"3":{"variation_id":"3","variation_type":"Colour","display_name":"Color","values":["2L","1l"]}}
DEBUG - 2025-06-20 21:26:17 --> Selected Variations for Variation ID 3: [{"variation_type_id":"2","selected_value":"Blue"},{"variation_type_id":"3","selected_value":"2L"}]
DEBUG - 2025-06-20 21:26:17 --> Variation Details for Variation ID 3: [{"variation_id":"2","variation_type":"Colour","display_name":"Color","selected_value":"Blue"},{"variation_id":"3","variation_type":"Capacity","display_name":"Capacity","selected_value":"2L"}]
DEBUG - 2025-06-20 21:26:17 --> Variation Options for Product ID 4: [{"variation_type_id":"2","selected_value":"Blue"},{"variation_type_id":"3","selected_value":"2L"}]
DEBUG - 2025-06-20 21:26:17 --> Variation Type for ID 2: {"id":"2","variation_type":"Capacity","display_name":"Capacity"}
DEBUG - 2025-06-20 21:26:17 --> Variation Type for ID 3: {"id":"3","variation_type":"Colour","display_name":"Color"}
DEBUG - 2025-06-20 21:26:17 --> Variation Types for Product ID 4: {"2":{"variation_id":"2","variation_type":"Capacity","display_name":"Capacity","values":["Blue"]},"3":{"variation_id":"3","variation_type":"Colour","display_name":"Color","values":["2L"]}}
DEBUG - 2025-06-20 21:26:17 --> Selected Variations for Variation ID 4: [{"variation_type_id":"2","selected_value":"Red"},{"variation_type_id":"3","selected_value":"1l"},{"variation_type_id":"2","selected_value":"Red"},{"variation_type_id":"3","selected_value":"1l"}]
DEBUG - 2025-06-20 21:26:17 --> Variation Details for Variation ID 4: [{"variation_id":"2","variation_type":"Colour","display_name":"Color","selected_value":"Red"},{"variation_id":"3","variation_type":"Capacity","display_name":"Capacity","selected_value":"1l"},{"variation_id":"2","variation_type":"Colour","display_name":"Color","selected_value":"Red"},{"variation_id":"3","variation_type":"Capacity","display_name":"Capacity","selected_value":"1l"}]
DEBUG - 2025-06-20 21:26:17 --> Variation Options for Product ID 5: [{"variation_type_id":"2","selected_value":"Red"},{"variation_type_id":"3","selected_value":"1l"},{"variation_type_id":"2","selected_value":"Red"},{"variation_type_id":"3","selected_value":"1l"}]
DEBUG - 2025-06-20 21:26:17 --> Variation Type for ID 2: {"id":"2","variation_type":"Capacity","display_name":"Capacity"}
DEBUG - 2025-06-20 21:26:17 --> Variation Type for ID 3: {"id":"3","variation_type":"Colour","display_name":"Color"}
DEBUG - 2025-06-20 21:26:17 --> Variation Type for ID 2: {"id":"2","variation_type":"Capacity","display_name":"Capacity"}
DEBUG - 2025-06-20 21:26:17 --> Variation Type for ID 3: {"id":"3","variation_type":"Colour","display_name":"Color"}
DEBUG - 2025-06-20 21:26:17 --> Variation Types for Product ID 5: {"2":{"variation_id":"2","variation_type":"Capacity","display_name":"Capacity","values":["Red"]},"3":{"variation_id":"3","variation_type":"Colour","display_name":"Color","values":["1l"]}}
DEBUG - 2025-06-20 21:26:17 --> Selected Variations for Variation ID 5: [{"variation_type_id":"3","selected_value":"1l"},{"variation_type_id":"2","selected_value":"Red"}]
DEBUG - 2025-06-20 21:26:17 --> Variation Details for Variation ID 5: [{"variation_id":"3","variation_type":"Capacity","display_name":"Capacity","selected_value":"1l"},{"variation_id":"2","variation_type":"Colour","display_name":"Color","selected_value":"Red"}]
DEBUG - 2025-06-20 21:26:17 --> Selected Variations for Variation ID 6: [{"variation_type_id":"3","selected_value":"2L"}]
DEBUG - 2025-06-20 21:26:17 --> Variation Details for Variation ID 6: [{"variation_id":"3","variation_type":"Capacity","display_name":"Capacity","selected_value":"2L"}]
DEBUG - 2025-06-20 21:26:17 --> Variation Options for Product ID 6: [{"variation_type_id":"3","selected_value":"1l"},{"variation_type_id":"2","selected_value":"Red"},{"variation_type_id":"3","selected_value":"2L"}]
DEBUG - 2025-06-20 21:26:17 --> Variation Type for ID 3: {"id":"3","variation_type":"Colour","display_name":"Color"}
DEBUG - 2025-06-20 21:26:17 --> Variation Type for ID 2: {"id":"2","variation_type":"Capacity","display_name":"Capacity"}
DEBUG - 2025-06-20 21:26:17 --> Variation Type for ID 3: {"id":"3","variation_type":"Colour","display_name":"Color"}
DEBUG - 2025-06-20 21:26:17 --> Variation Types for Product ID 6: {"3":{"variation_id":"3","variation_type":"Colour","display_name":"Color","values":["1l","2L"]},"2":{"variation_id":"2","variation_type":"Capacity","display_name":"Capacity","values":["Red"]}}
DEBUG - 2025-06-20 21:26:17 --> Selected Variations for Variation ID 7: [{"variation_type_id":"2","selected_value":"Blue"},{"variation_type_id":"3","selected_value":"2L"}]
DEBUG - 2025-06-20 21:26:17 --> Variation Details for Variation ID 7: [{"variation_id":"2","variation_type":"Colour","display_name":"Color","selected_value":"Blue"},{"variation_id":"3","variation_type":"Capacity","display_name":"Capacity","selected_value":"2L"}]
DEBUG - 2025-06-20 21:26:17 --> Selected Variations for Variation ID 9: [{"variation_type_id":"3","selected_value":"1l"},{"variation_type_id":"2","selected_value":"Blue"}]
DEBUG - 2025-06-20 21:26:17 --> Variation Details for Variation ID 9: [{"variation_id":"3","variation_type":"Capacity","display_name":"Capacity","selected_value":"1l"},{"variation_id":"2","variation_type":"Colour","display_name":"Color","selected_value":"Blue"}]
DEBUG - 2025-06-20 21:26:17 --> Variation Options for Product ID 7: [{"variation_type_id":"2","selected_value":"Blue"},{"variation_type_id":"3","selected_value":"2L"},{"variation_type_id":"2","selected_value":"Red"},{"variation_type_id":"3","selected_value":"1l"},{"variation_type_id":"3","selected_value":"1l"},{"variation_type_id":"2","selected_value":"Blue"}]
DEBUG - 2025-06-20 21:26:17 --> Variation Type for ID 2: {"id":"2","variation_type":"Capacity","display_name":"Capacity"}
DEBUG - 2025-06-20 21:26:17 --> Variation Type for ID 3: {"id":"3","variation_type":"Colour","display_name":"Color"}
DEBUG - 2025-06-20 21:26:17 --> Variation Type for ID 2: {"id":"2","variation_type":"Capacity","display_name":"Capacity"}
DEBUG - 2025-06-20 21:26:17 --> Variation Type for ID 3: {"id":"3","variation_type":"Colour","display_name":"Color"}
DEBUG - 2025-06-20 21:26:17 --> Variation Type for ID 3: {"id":"3","variation_type":"Colour","display_name":"Color"}
DEBUG - 2025-06-20 21:26:17 --> Variation Type for ID 2: {"id":"2","variation_type":"Capacity","display_name":"Capacity"}
DEBUG - 2025-06-20 21:26:17 --> Variation Types for Product ID 7: {"2":{"variation_id":"2","variation_type":"Capacity","display_name":"Capacity","values":["Blue","Red"]},"3":{"variation_id":"3","variation_type":"Colour","display_name":"Color","values":["2L","1l"]}}
DEBUG - 2025-06-20 21:26:22 --> Selected Variations for Variation ID 3: [{"variation_type_id":"2","selected_value":"Blue"},{"variation_type_id":"3","selected_value":"2L"}]
DEBUG - 2025-06-20 21:26:22 --> Variation Details for Variation ID 3: [{"variation_id":"2","variation_type":"Colour","display_name":"Color","selected_value":"Blue"},{"variation_id":"3","variation_type":"Capacity","display_name":"Capacity","selected_value":"2L"}]
DEBUG - 2025-06-20 21:26:22 --> Variation Options for Product ID 4: [{"variation_type_id":"2","selected_value":"Blue"},{"variation_type_id":"3","selected_value":"2L"}]
DEBUG - 2025-06-20 21:26:22 --> Variation Type for ID 2: {"id":"2","variation_type":"Capacity","display_name":"Capacity"}
DEBUG - 2025-06-20 21:26:22 --> Variation Type for ID 3: {"id":"3","variation_type":"Colour","display_name":"Color"}
DEBUG - 2025-06-20 21:26:22 --> Variation Types for Product ID 4: {"2":{"variation_id":"2","variation_type":"Capacity","display_name":"Capacity","values":["Blue"]},"3":{"variation_id":"3","variation_type":"Colour","display_name":"Color","values":["2L"]}}
DEBUG - 2025-06-20 21:26:22 --> Selected Variations for Variation ID 4: [{"variation_type_id":"2","selected_value":"Red"},{"variation_type_id":"3","selected_value":"1l"},{"variation_type_id":"2","selected_value":"Red"},{"variation_type_id":"3","selected_value":"1l"}]
DEBUG - 2025-06-20 21:26:22 --> Variation Details for Variation ID 4: [{"variation_id":"2","variation_type":"Colour","display_name":"Color","selected_value":"Red"},{"variation_id":"3","variation_type":"Capacity","display_name":"Capacity","selected_value":"1l"},{"variation_id":"2","variation_type":"Colour","display_name":"Color","selected_value":"Red"},{"variation_id":"3","variation_type":"Capacity","display_name":"Capacity","selected_value":"1l"}]
DEBUG - 2025-06-20 21:26:22 --> Variation Options for Product ID 5: [{"variation_type_id":"2","selected_value":"Red"},{"variation_type_id":"3","selected_value":"1l"},{"variation_type_id":"2","selected_value":"Red"},{"variation_type_id":"3","selected_value":"1l"}]
DEBUG - 2025-06-20 21:26:22 --> Variation Type for ID 2: {"id":"2","variation_type":"Capacity","display_name":"Capacity"}
DEBUG - 2025-06-20 21:26:22 --> Variation Type for ID 3: {"id":"3","variation_type":"Colour","display_name":"Color"}
DEBUG - 2025-06-20 21:26:22 --> Variation Type for ID 2: {"id":"2","variation_type":"Capacity","display_name":"Capacity"}
DEBUG - 2025-06-20 21:26:22 --> Variation Type for ID 3: {"id":"3","variation_type":"Colour","display_name":"Color"}
DEBUG - 2025-06-20 21:26:22 --> Variation Types for Product ID 5: {"2":{"variation_id":"2","variation_type":"Capacity","display_name":"Capacity","values":["Red"]},"3":{"variation_id":"3","variation_type":"Colour","display_name":"Color","values":["1l"]}}
DEBUG - 2025-06-20 21:26:22 --> Selected Variations for Variation ID 5: [{"variation_type_id":"3","selected_value":"1l"},{"variation_type_id":"2","selected_value":"Red"}]
DEBUG - 2025-06-20 21:26:22 --> Variation Details for Variation ID 5: [{"variation_id":"3","variation_type":"Capacity","display_name":"Capacity","selected_value":"1l"},{"variation_id":"2","variation_type":"Colour","display_name":"Color","selected_value":"Red"}]
DEBUG - 2025-06-20 21:26:22 --> Selected Variations for Variation ID 6: [{"variation_type_id":"3","selected_value":"2L"}]
DEBUG - 2025-06-20 21:26:22 --> Variation Details for Variation ID 6: [{"variation_id":"3","variation_type":"Capacity","display_name":"Capacity","selected_value":"2L"}]
DEBUG - 2025-06-20 21:26:22 --> Variation Options for Product ID 6: [{"variation_type_id":"3","selected_value":"1l"},{"variation_type_id":"2","selected_value":"Red"},{"variation_type_id":"3","selected_value":"2L"}]
DEBUG - 2025-06-20 21:26:22 --> Variation Type for ID 3: {"id":"3","variation_type":"Colour","display_name":"Color"}
DEBUG - 2025-06-20 21:26:22 --> Variation Type for ID 2: {"id":"2","variation_type":"Capacity","display_name":"Capacity"}
DEBUG - 2025-06-20 21:26:22 --> Variation Type for ID 3: {"id":"3","variation_type":"Colour","display_name":"Color"}
DEBUG - 2025-06-20 21:26:22 --> Variation Types for Product ID 6: {"3":{"variation_id":"3","variation_type":"Colour","display_name":"Color","values":["1l","2L"]},"2":{"variation_id":"2","variation_type":"Capacity","display_name":"Capacity","values":["Red"]}}
DEBUG - 2025-06-20 21:26:22 --> Selected Variations for Variation ID 7: [{"variation_type_id":"2","selected_value":"Blue"},{"variation_type_id":"3","selected_value":"2L"}]
DEBUG - 2025-06-20 21:26:22 --> Variation Details for Variation ID 7: [{"variation_id":"2","variation_type":"Colour","display_name":"Color","selected_value":"Blue"},{"variation_id":"3","variation_type":"Capacity","display_name":"Capacity","selected_value":"2L"}]
DEBUG - 2025-06-20 21:26:22 --> Selected Variations for Variation ID 9: [{"variation_type_id":"3","selected_value":"1l"},{"variation_type_id":"2","selected_value":"Blue"}]
DEBUG - 2025-06-20 21:26:22 --> Variation Details for Variation ID 9: [{"variation_id":"3","variation_type":"Capacity","display_name":"Capacity","selected_value":"1l"},{"variation_id":"2","variation_type":"Colour","display_name":"Color","selected_value":"Blue"}]
DEBUG - 2025-06-20 21:26:22 --> Variation Options for Product ID 7: [{"variation_type_id":"2","selected_value":"Blue"},{"variation_type_id":"3","selected_value":"2L"},{"variation_type_id":"2","selected_value":"Red"},{"variation_type_id":"3","selected_value":"1l"},{"variation_type_id":"3","selected_value":"1l"},{"variation_type_id":"2","selected_value":"Blue"}]
DEBUG - 2025-06-20 21:26:22 --> Variation Type for ID 2: {"id":"2","variation_type":"Capacity","display_name":"Capacity"}
DEBUG - 2025-06-20 21:26:22 --> Variation Type for ID 3: {"id":"3","variation_type":"Colour","display_name":"Color"}
DEBUG - 2025-06-20 21:26:22 --> Variation Type for ID 2: {"id":"2","variation_type":"Capacity","display_name":"Capacity"}
DEBUG - 2025-06-20 21:26:22 --> Variation Type for ID 3: {"id":"3","variation_type":"Colour","display_name":"Color"}
DEBUG - 2025-06-20 21:26:22 --> Variation Type for ID 3: {"id":"3","variation_type":"Colour","display_name":"Color"}
DEBUG - 2025-06-20 21:26:22 --> Variation Type for ID 2: {"id":"2","variation_type":"Capacity","display_name":"Capacity"}
DEBUG - 2025-06-20 21:26:22 --> Variation Types for Product ID 7: {"2":{"variation_id":"2","variation_type":"Capacity","display_name":"Capacity","values":["Blue","Red"]},"3":{"variation_id":"3","variation_type":"Colour","display_name":"Color","values":["2L","1l"]}}
DEBUG - 2025-06-20 21:26:24 --> Selected Variations for Variation ID 3: [{"variation_type_id":"2","selected_value":"Blue"},{"variation_type_id":"3","selected_value":"2L"}]
DEBUG - 2025-06-20 21:26:24 --> Variation Details for Variation ID 3: [{"variation_id":"2","variation_type":"Colour","display_name":"Color","selected_value":"Blue"},{"variation_id":"3","variation_type":"Capacity","display_name":"Capacity","selected_value":"2L"}]
DEBUG - 2025-06-20 21:26:24 --> Variation Options for Product ID 4: [{"variation_type_id":"2","selected_value":"Blue"},{"variation_type_id":"3","selected_value":"2L"}]
DEBUG - 2025-06-20 21:26:24 --> Variation Type for ID 2: {"id":"2","variation_type":"Capacity","display_name":"Capacity"}
DEBUG - 2025-06-20 21:26:24 --> Variation Type for ID 3: {"id":"3","variation_type":"Colour","display_name":"Color"}
DEBUG - 2025-06-20 21:26:24 --> Variation Types for Product ID 4: {"2":{"variation_id":"2","variation_type":"Capacity","display_name":"Capacity","values":["Blue"]},"3":{"variation_id":"3","variation_type":"Colour","display_name":"Color","values":["2L"]}}
DEBUG - 2025-06-20 21:26:24 --> Selected Variations for Variation ID 4: [{"variation_type_id":"2","selected_value":"Red"},{"variation_type_id":"3","selected_value":"1l"},{"variation_type_id":"2","selected_value":"Red"},{"variation_type_id":"3","selected_value":"1l"}]
DEBUG - 2025-06-20 21:26:24 --> Variation Details for Variation ID 4: [{"variation_id":"2","variation_type":"Colour","display_name":"Color","selected_value":"Red"},{"variation_id":"3","variation_type":"Capacity","display_name":"Capacity","selected_value":"1l"},{"variation_id":"2","variation_type":"Colour","display_name":"Color","selected_value":"Red"},{"variation_id":"3","variation_type":"Capacity","display_name":"Capacity","selected_value":"1l"}]
DEBUG - 2025-06-20 21:26:24 --> Variation Options for Product ID 5: [{"variation_type_id":"2","selected_value":"Red"},{"variation_type_id":"3","selected_value":"1l"},{"variation_type_id":"2","selected_value":"Red"},{"variation_type_id":"3","selected_value":"1l"}]
DEBUG - 2025-06-20 21:26:24 --> Variation Type for ID 2: {"id":"2","variation_type":"Capacity","display_name":"Capacity"}
DEBUG - 2025-06-20 21:26:24 --> Variation Type for ID 3: {"id":"3","variation_type":"Colour","display_name":"Color"}
DEBUG - 2025-06-20 21:26:24 --> Variation Type for ID 2: {"id":"2","variation_type":"Capacity","display_name":"Capacity"}
DEBUG - 2025-06-20 21:26:24 --> Variation Type for ID 3: {"id":"3","variation_type":"Colour","display_name":"Color"}
DEBUG - 2025-06-20 21:26:24 --> Variation Types for Product ID 5: {"2":{"variation_id":"2","variation_type":"Capacity","display_name":"Capacity","values":["Red"]},"3":{"variation_id":"3","variation_type":"Colour","display_name":"Color","values":["1l"]}}
DEBUG - 2025-06-20 21:26:24 --> Selected Variations for Variation ID 5: [{"variation_type_id":"3","selected_value":"1l"},{"variation_type_id":"2","selected_value":"Red"}]
DEBUG - 2025-06-20 21:26:24 --> Variation Details for Variation ID 5: [{"variation_id":"3","variation_type":"Capacity","display_name":"Capacity","selected_value":"1l"},{"variation_id":"2","variation_type":"Colour","display_name":"Color","selected_value":"Red"}]
DEBUG - 2025-06-20 21:26:24 --> Selected Variations for Variation ID 6: [{"variation_type_id":"3","selected_value":"2L"}]
DEBUG - 2025-06-20 21:26:24 --> Variation Details for Variation ID 6: [{"variation_id":"3","variation_type":"Capacity","display_name":"Capacity","selected_value":"2L"}]
DEBUG - 2025-06-20 21:26:24 --> Variation Options for Product ID 6: [{"variation_type_id":"3","selected_value":"1l"},{"variation_type_id":"2","selected_value":"Red"},{"variation_type_id":"3","selected_value":"2L"}]
DEBUG - 2025-06-20 21:26:24 --> Variation Type for ID 3: {"id":"3","variation_type":"Colour","display_name":"Color"}
DEBUG - 2025-06-20 21:26:24 --> Variation Type for ID 2: {"id":"2","variation_type":"Capacity","display_name":"Capacity"}
DEBUG - 2025-06-20 21:26:24 --> Variation Type for ID 3: {"id":"3","variation_type":"Colour","display_name":"Color"}
DEBUG - 2025-06-20 21:26:24 --> Variation Types for Product ID 6: {"3":{"variation_id":"3","variation_type":"Colour","display_name":"Color","values":["1l","2L"]},"2":{"variation_id":"2","variation_type":"Capacity","display_name":"Capacity","values":["Red"]}}
DEBUG - 2025-06-20 21:26:24 --> Selected Variations for Variation ID 7: [{"variation_type_id":"2","selected_value":"Blue"},{"variation_type_id":"3","selected_value":"2L"}]
DEBUG - 2025-06-20 21:26:24 --> Variation Details for Variation ID 7: [{"variation_id":"2","variation_type":"Colour","display_name":"Color","selected_value":"Blue"},{"variation_id":"3","variation_type":"Capacity","display_name":"Capacity","selected_value":"2L"}]
DEBUG - 2025-06-20 21:26:24 --> Selected Variations for Variation ID 9: [{"variation_type_id":"3","selected_value":"1l"},{"variation_type_id":"2","selected_value":"Blue"}]
DEBUG - 2025-06-20 21:26:24 --> Variation Details for Variation ID 9: [{"variation_id":"3","variation_type":"Capacity","display_name":"Capacity","selected_value":"1l"},{"variation_id":"2","variation_type":"Colour","display_name":"Color","selected_value":"Blue"}]
DEBUG - 2025-06-20 21:26:24 --> Variation Options for Product ID 7: [{"variation_type_id":"2","selected_value":"Blue"},{"variation_type_id":"3","selected_value":"2L"},{"variation_type_id":"2","selected_value":"Red"},{"variation_type_id":"3","selected_value":"1l"},{"variation_type_id":"3","selected_value":"1l"},{"variation_type_id":"2","selected_value":"Blue"}]
DEBUG - 2025-06-20 21:26:24 --> Variation Type for ID 2: {"id":"2","variation_type":"Capacity","display_name":"Capacity"}
DEBUG - 2025-06-20 21:26:24 --> Variation Type for ID 3: {"id":"3","variation_type":"Colour","display_name":"Color"}
DEBUG - 2025-06-20 21:26:24 --> Variation Type for ID 2: {"id":"2","variation_type":"Capacity","display_name":"Capacity"}
DEBUG - 2025-06-20 21:26:24 --> Variation Type for ID 3: {"id":"3","variation_type":"Colour","display_name":"Color"}
DEBUG - 2025-06-20 21:26:24 --> Variation Type for ID 3: {"id":"3","variation_type":"Colour","display_name":"Color"}
DEBUG - 2025-06-20 21:26:24 --> Variation Type for ID 2: {"id":"2","variation_type":"Capacity","display_name":"Capacity"}
DEBUG - 2025-06-20 21:26:24 --> Variation Types for Product ID 7: {"2":{"variation_id":"2","variation_type":"Capacity","display_name":"Capacity","values":["Blue","Red"]},"3":{"variation_id":"3","variation_type":"Colour","display_name":"Color","values":["2L","1l"]}}
DEBUG - 2025-06-20 21:29:40 --> Selected Variations for Variation ID 3: [{"variation_type_id":"2","selected_value":"Blue"},{"variation_type_id":"3","selected_value":"2L"}]
DEBUG - 2025-06-20 21:29:40 --> Variation Details for Variation ID 3: [{"variation_id":"2","variation_type":"Colour","display_name":"Color","selected_value":"Blue"},{"variation_id":"3","variation_type":"Capacity","display_name":"Capacity","selected_value":"2L"}]
DEBUG - 2025-06-20 21:29:40 --> Variation Options for Product ID 4: [{"variation_type_id":"2","selected_value":"Blue"},{"variation_type_id":"3","selected_value":"2L"}]
DEBUG - 2025-06-20 21:29:40 --> Variation Type for ID 2: {"id":"2","variation_type":"Capacity","display_name":"Capacity"}
DEBUG - 2025-06-20 21:29:40 --> Variation Type for ID 3: {"id":"3","variation_type":"Colour","display_name":"Color"}
DEBUG - 2025-06-20 21:29:40 --> Variation Types for Product ID 4: {"2":{"variation_id":"2","variation_type":"Capacity","display_name":"Capacity","values":["Blue"]},"3":{"variation_id":"3","variation_type":"Colour","display_name":"Color","values":["2L"]}}
DEBUG - 2025-06-20 21:29:40 --> Selected Variations for Variation ID 4: [{"variation_type_id":"2","selected_value":"Red"},{"variation_type_id":"3","selected_value":"1l"},{"variation_type_id":"2","selected_value":"Red"},{"variation_type_id":"3","selected_value":"1l"}]
DEBUG - 2025-06-20 21:29:40 --> Variation Details for Variation ID 4: [{"variation_id":"2","variation_type":"Colour","display_name":"Color","selected_value":"Red"},{"variation_id":"3","variation_type":"Capacity","display_name":"Capacity","selected_value":"1l"},{"variation_id":"2","variation_type":"Colour","display_name":"Color","selected_value":"Red"},{"variation_id":"3","variation_type":"Capacity","display_name":"Capacity","selected_value":"1l"}]
DEBUG - 2025-06-20 21:29:40 --> Variation Options for Product ID 5: [{"variation_type_id":"2","selected_value":"Red"},{"variation_type_id":"3","selected_value":"1l"},{"variation_type_id":"2","selected_value":"Red"},{"variation_type_id":"3","selected_value":"1l"}]
DEBUG - 2025-06-20 21:29:40 --> Variation Type for ID 2: {"id":"2","variation_type":"Capacity","display_name":"Capacity"}
DEBUG - 2025-06-20 21:29:40 --> Variation Type for ID 3: {"id":"3","variation_type":"Colour","display_name":"Color"}
DEBUG - 2025-06-20 21:29:40 --> Variation Type for ID 2: {"id":"2","variation_type":"Capacity","display_name":"Capacity"}
DEBUG - 2025-06-20 21:29:40 --> Variation Type for ID 3: {"id":"3","variation_type":"Colour","display_name":"Color"}
DEBUG - 2025-06-20 21:29:40 --> Variation Types for Product ID 5: {"2":{"variation_id":"2","variation_type":"Capacity","display_name":"Capacity","values":["Red"]},"3":{"variation_id":"3","variation_type":"Colour","display_name":"Color","values":["1l"]}}
DEBUG - 2025-06-20 21:29:40 --> Selected Variations for Variation ID 5: [{"variation_type_id":"3","selected_value":"1l"},{"variation_type_id":"2","selected_value":"Red"}]
DEBUG - 2025-06-20 21:29:40 --> Variation Details for Variation ID 5: [{"variation_id":"3","variation_type":"Capacity","display_name":"Capacity","selected_value":"1l"},{"variation_id":"2","variation_type":"Colour","display_name":"Color","selected_value":"Red"}]
DEBUG - 2025-06-20 21:29:40 --> Selected Variations for Variation ID 6: [{"variation_type_id":"3","selected_value":"2L"}]
DEBUG - 2025-06-20 21:29:40 --> Variation Details for Variation ID 6: [{"variation_id":"3","variation_type":"Capacity","display_name":"Capacity","selected_value":"2L"}]
DEBUG - 2025-06-20 21:29:40 --> Variation Options for Product ID 6: [{"variation_type_id":"3","selected_value":"1l"},{"variation_type_id":"2","selected_value":"Red"},{"variation_type_id":"3","selected_value":"2L"}]
DEBUG - 2025-06-20 21:29:40 --> Variation Type for ID 3: {"id":"3","variation_type":"Colour","display_name":"Color"}
DEBUG - 2025-06-20 21:29:40 --> Variation Type for ID 2: {"id":"2","variation_type":"Capacity","display_name":"Capacity"}
DEBUG - 2025-06-20 21:29:40 --> Variation Type for ID 3: {"id":"3","variation_type":"Colour","display_name":"Color"}
DEBUG - 2025-06-20 21:29:40 --> Variation Types for Product ID 6: {"3":{"variation_id":"3","variation_type":"Colour","display_name":"Color","values":["1l","2L"]},"2":{"variation_id":"2","variation_type":"Capacity","display_name":"Capacity","values":["Red"]}}
DEBUG - 2025-06-20 21:29:40 --> Selected Variations for Variation ID 7: [{"variation_type_id":"2","selected_value":"Blue"},{"variation_type_id":"3","selected_value":"2L"}]
DEBUG - 2025-06-20 21:29:40 --> Variation Details for Variation ID 7: [{"variation_id":"2","variation_type":"Colour","display_name":"Color","selected_value":"Blue"},{"variation_id":"3","variation_type":"Capacity","display_name":"Capacity","selected_value":"2L"}]
DEBUG - 2025-06-20 21:29:40 --> Selected Variations for Variation ID 9: [{"variation_type_id":"3","selected_value":"1l"},{"variation_type_id":"2","selected_value":"Blue"}]
DEBUG - 2025-06-20 21:29:40 --> Variation Details for Variation ID 9: [{"variation_id":"3","variation_type":"Capacity","display_name":"Capacity","selected_value":"1l"},{"variation_id":"2","variation_type":"Colour","display_name":"Color","selected_value":"Blue"}]
DEBUG - 2025-06-20 21:29:40 --> Variation Options for Product ID 7: [{"variation_type_id":"2","selected_value":"Blue"},{"variation_type_id":"3","selected_value":"2L"},{"variation_type_id":"2","selected_value":"Red"},{"variation_type_id":"3","selected_value":"1l"},{"variation_type_id":"3","selected_value":"1l"},{"variation_type_id":"2","selected_value":"Blue"}]
DEBUG - 2025-06-20 21:29:40 --> Variation Type for ID 2: {"id":"2","variation_type":"Capacity","display_name":"Capacity"}
DEBUG - 2025-06-20 21:29:40 --> Variation Type for ID 3: {"id":"3","variation_type":"Colour","display_name":"Color"}
DEBUG - 2025-06-20 21:29:40 --> Variation Type for ID 2: {"id":"2","variation_type":"Capacity","display_name":"Capacity"}
DEBUG - 2025-06-20 21:29:40 --> Variation Type for ID 3: {"id":"3","variation_type":"Colour","display_name":"Color"}
DEBUG - 2025-06-20 21:29:40 --> Variation Type for ID 3: {"id":"3","variation_type":"Colour","display_name":"Color"}
DEBUG - 2025-06-20 21:29:40 --> Variation Type for ID 2: {"id":"2","variation_type":"Capacity","display_name":"Capacity"}
DEBUG - 2025-06-20 21:29:40 --> Variation Types for Product ID 7: {"2":{"variation_id":"2","variation_type":"Capacity","display_name":"Capacity","values":["Blue","Red"]},"3":{"variation_id":"3","variation_type":"Colour","display_name":"Color","values":["2L","1l"]}}
DEBUG - 2025-06-20 21:29:44 --> Selected Variations for Variation ID 3: [{"variation_type_id":"2","selected_value":"Blue"},{"variation_type_id":"3","selected_value":"2L"}]
DEBUG - 2025-06-20 21:29:44 --> Variation Details for Variation ID 3: [{"variation_id":"2","variation_type":"Colour","display_name":"Color","selected_value":"Blue"},{"variation_id":"3","variation_type":"Capacity","display_name":"Capacity","selected_value":"2L"}]
DEBUG - 2025-06-20 21:29:44 --> Variation Options for Product ID 4: [{"variation_type_id":"2","selected_value":"Blue"},{"variation_type_id":"3","selected_value":"2L"}]
DEBUG - 2025-06-20 21:29:44 --> Variation Type for ID 2: {"id":"2","variation_type":"Capacity","display_name":"Capacity"}
DEBUG - 2025-06-20 21:29:44 --> Variation Type for ID 3: {"id":"3","variation_type":"Colour","display_name":"Color"}
DEBUG - 2025-06-20 21:29:44 --> Variation Types for Product ID 4: {"2":{"variation_id":"2","variation_type":"Capacity","display_name":"Capacity","values":["Blue"]},"3":{"variation_id":"3","variation_type":"Colour","display_name":"Color","values":["2L"]}}
DEBUG - 2025-06-20 21:29:44 --> Selected Variations for Variation ID 4: [{"variation_type_id":"2","selected_value":"Red"},{"variation_type_id":"3","selected_value":"1l"},{"variation_type_id":"2","selected_value":"Red"},{"variation_type_id":"3","selected_value":"1l"}]
DEBUG - 2025-06-20 21:29:44 --> Variation Details for Variation ID 4: [{"variation_id":"2","variation_type":"Colour","display_name":"Color","selected_value":"Red"},{"variation_id":"3","variation_type":"Capacity","display_name":"Capacity","selected_value":"1l"},{"variation_id":"2","variation_type":"Colour","display_name":"Color","selected_value":"Red"},{"variation_id":"3","variation_type":"Capacity","display_name":"Capacity","selected_value":"1l"}]
DEBUG - 2025-06-20 21:29:44 --> Variation Options for Product ID 5: [{"variation_type_id":"2","selected_value":"Red"},{"variation_type_id":"3","selected_value":"1l"},{"variation_type_id":"2","selected_value":"Red"},{"variation_type_id":"3","selected_value":"1l"}]
DEBUG - 2025-06-20 21:29:44 --> Variation Type for ID 2: {"id":"2","variation_type":"Capacity","display_name":"Capacity"}
DEBUG - 2025-06-20 21:29:44 --> Variation Type for ID 3: {"id":"3","variation_type":"Colour","display_name":"Color"}
DEBUG - 2025-06-20 21:29:44 --> Variation Type for ID 2: {"id":"2","variation_type":"Capacity","display_name":"Capacity"}
DEBUG - 2025-06-20 21:29:44 --> Variation Type for ID 3: {"id":"3","variation_type":"Colour","display_name":"Color"}
DEBUG - 2025-06-20 21:29:44 --> Variation Types for Product ID 5: {"2":{"variation_id":"2","variation_type":"Capacity","display_name":"Capacity","values":["Red"]},"3":{"variation_id":"3","variation_type":"Colour","display_name":"Color","values":["1l"]}}
DEBUG - 2025-06-20 21:29:44 --> Selected Variations for Variation ID 5: [{"variation_type_id":"3","selected_value":"1l"},{"variation_type_id":"2","selected_value":"Red"}]
DEBUG - 2025-06-20 21:29:44 --> Variation Details for Variation ID 5: [{"variation_id":"3","variation_type":"Capacity","display_name":"Capacity","selected_value":"1l"},{"variation_id":"2","variation_type":"Colour","display_name":"Color","selected_value":"Red"}]
DEBUG - 2025-06-20 21:29:44 --> Selected Variations for Variation ID 6: [{"variation_type_id":"3","selected_value":"2L"}]
DEBUG - 2025-06-20 21:29:44 --> Variation Details for Variation ID 6: [{"variation_id":"3","variation_type":"Capacity","display_name":"Capacity","selected_value":"2L"}]
DEBUG - 2025-06-20 21:29:44 --> Variation Options for Product ID 6: [{"variation_type_id":"3","selected_value":"1l"},{"variation_type_id":"2","selected_value":"Red"},{"variation_type_id":"3","selected_value":"2L"}]
DEBUG - 2025-06-20 21:29:44 --> Variation Type for ID 3: {"id":"3","variation_type":"Colour","display_name":"Color"}
DEBUG - 2025-06-20 21:29:44 --> Variation Type for ID 2: {"id":"2","variation_type":"Capacity","display_name":"Capacity"}
DEBUG - 2025-06-20 21:29:44 --> Variation Type for ID 3: {"id":"3","variation_type":"Colour","display_name":"Color"}
DEBUG - 2025-06-20 21:29:44 --> Variation Types for Product ID 6: {"3":{"variation_id":"3","variation_type":"Colour","display_name":"Color","values":["1l","2L"]},"2":{"variation_id":"2","variation_type":"Capacity","display_name":"Capacity","values":["Red"]}}
DEBUG - 2025-06-20 21:29:44 --> Selected Variations for Variation ID 7: [{"variation_type_id":"2","selected_value":"Blue"},{"variation_type_id":"3","selected_value":"2L"}]
DEBUG - 2025-06-20 21:29:44 --> Variation Details for Variation ID 7: [{"variation_id":"2","variation_type":"Colour","display_name":"Color","selected_value":"Blue"},{"variation_id":"3","variation_type":"Capacity","display_name":"Capacity","selected_value":"2L"}]
DEBUG - 2025-06-20 21:29:44 --> Selected Variations for Variation ID 9: [{"variation_type_id":"3","selected_value":"1l"},{"variation_type_id":"2","selected_value":"Blue"}]
DEBUG - 2025-06-20 21:29:44 --> Variation Details for Variation ID 9: [{"variation_id":"3","variation_type":"Capacity","display_name":"Capacity","selected_value":"1l"},{"variation_id":"2","variation_type":"Colour","display_name":"Color","selected_value":"Blue"}]
DEBUG - 2025-06-20 21:29:44 --> Variation Options for Product ID 7: [{"variation_type_id":"2","selected_value":"Blue"},{"variation_type_id":"3","selected_value":"2L"},{"variation_type_id":"2","selected_value":"Red"},{"variation_type_id":"3","selected_value":"1l"},{"variation_type_id":"3","selected_value":"1l"},{"variation_type_id":"2","selected_value":"Blue"}]
DEBUG - 2025-06-20 21:29:44 --> Variation Type for ID 2: {"id":"2","variation_type":"Capacity","display_name":"Capacity"}
DEBUG - 2025-06-20 21:29:44 --> Variation Type for ID 3: {"id":"3","variation_type":"Colour","display_name":"Color"}
DEBUG - 2025-06-20 21:29:44 --> Variation Type for ID 2: {"id":"2","variation_type":"Capacity","display_name":"Capacity"}
DEBUG - 2025-06-20 21:29:44 --> Variation Type for ID 3: {"id":"3","variation_type":"Colour","display_name":"Color"}
DEBUG - 2025-06-20 21:29:44 --> Variation Type for ID 3: {"id":"3","variation_type":"Colour","display_name":"Color"}
DEBUG - 2025-06-20 21:29:44 --> Variation Type for ID 2: {"id":"2","variation_type":"Capacity","display_name":"Capacity"}
DEBUG - 2025-06-20 21:29:44 --> Variation Types for Product ID 7: {"2":{"variation_id":"2","variation_type":"Capacity","display_name":"Capacity","values":["Blue","Red"]},"3":{"variation_id":"3","variation_type":"Colour","display_name":"Color","values":["2L","1l"]}}
