CRITICAL - 2024-11-26 07:36:12 --> ErrorException: Undefined array key "tax_id"
[Method: GET, Route: api/getcart]
in APPPATH\Controllers\api\CartController.php on line 141.
 1 APPPATH\Controllers\api\CartController.php(141): CodeIgniter\Debug\Exceptions->errorHandler(2, 'Undefined array key "tax_id"', 'C:\\Users\\Admin\\Pictures\\Nothing\\OneDrive\\Desktop\\NewProjects\\htdocs\\CelladentUserApi\\app\\Controllers\\api\\CartController.php', 141)
 2 APPPATH\Controllers\api\CartController.php(99): App\Controllers\Api\CartController->transformProducts([...], Object(App\Models\Customer\ProductsModel))
 3 SYSTEMPATH\CodeIgniter.php(933): App\Controllers\Api\CartController->index()
 4 SYSTEMPATH\CodeIgniter.php(509): CodeIgniter\CodeIgniter->runController(Object(App\Controllers\Api\CartController))
 5 SYSTEMPATH\CodeIgniter.php(355): CodeIgniter\CodeIgniter->handleRequest(null, Object(Config\Cache), false)
 6 SYSTEMPATH\Boot.php(312): CodeIgniter\CodeIgniter->run()
 7 SYSTEMPATH\Boot.php(67): CodeIgniter\Boot::runCodeIgniter(Object(CodeIgniter\CodeIgniter))
 8 FCPATH\index.php(56): CodeIgniter\Boot::bootWeb(Object(Config\Paths))
 9 SYSTEMPATH\Commands\Server\rewrite.php(49): require_once('C:\\Users\\Admin\\Pictures\\Nothing\\OneDrive\\Desktop\\NewProjects\\htdocs\\CelladentUserApi\\public\\index.php')
CRITICAL - 2024-11-26 07:36:14 --> ErrorException: Undefined array key "tax_id"
[Method: GET, Route: api/getcart]
in APPPATH\Controllers\api\CartController.php on line 141.
 1 APPPATH\Controllers\api\CartController.php(141): CodeIgniter\Debug\Exceptions->errorHandler(2, 'Undefined array key "tax_id"', 'C:\\Users\\Admin\\Pictures\\Nothing\\OneDrive\\Desktop\\NewProjects\\htdocs\\CelladentUserApi\\app\\Controllers\\api\\CartController.php', 141)
 2 APPPATH\Controllers\api\CartController.php(99): App\Controllers\Api\CartController->transformProducts([...], Object(App\Models\Customer\ProductsModel))
 3 SYSTEMPATH\CodeIgniter.php(933): App\Controllers\Api\CartController->index()
 4 SYSTEMPATH\CodeIgniter.php(509): CodeIgniter\CodeIgniter->runController(Object(App\Controllers\Api\CartController))
 5 SYSTEMPATH\CodeIgniter.php(355): CodeIgniter\CodeIgniter->handleRequest(null, Object(Config\Cache), false)
 6 SYSTEMPATH\Boot.php(312): CodeIgniter\CodeIgniter->run()
 7 SYSTEMPATH\Boot.php(67): CodeIgniter\Boot::runCodeIgniter(Object(CodeIgniter\CodeIgniter))
 8 FCPATH\index.php(56): CodeIgniter\Boot::bootWeb(Object(Config\Paths))
 9 SYSTEMPATH\Commands\Server\rewrite.php(49): require_once('C:\\Users\\Admin\\Pictures\\Nothing\\OneDrive\\Desktop\\NewProjects\\htdocs\\CelladentUserApi\\public\\index.php')
CRITICAL - 2024-11-26 08:59:16 --> ErrorException: Undefined array key "tax_id"
[Method: GET, Route: api/getcart]
in APPPATH\Controllers\api\CartController.php on line 141.
 1 APPPATH\Controllers\api\CartController.php(141): CodeIgniter\Debug\Exceptions->errorHandler(2, 'Undefined array key "tax_id"', 'C:\\Users\\Admin\\Pictures\\Nothing\\OneDrive\\Desktop\\NewProjects\\htdocs\\CelladentUserApi\\app\\Controllers\\api\\CartController.php', 141)
 2 APPPATH\Controllers\api\CartController.php(99): App\Controllers\Api\CartController->transformProducts([...], Object(App\Models\Customer\ProductsModel))
 3 SYSTEMPATH\CodeIgniter.php(933): App\Controllers\Api\CartController->index()
 4 SYSTEMPATH\CodeIgniter.php(509): CodeIgniter\CodeIgniter->runController(Object(App\Controllers\Api\CartController))
 5 SYSTEMPATH\CodeIgniter.php(355): CodeIgniter\CodeIgniter->handleRequest(null, Object(Config\Cache), false)
 6 SYSTEMPATH\Boot.php(312): CodeIgniter\CodeIgniter->run()
 7 SYSTEMPATH\Boot.php(67): CodeIgniter\Boot::runCodeIgniter(Object(CodeIgniter\CodeIgniter))
 8 FCPATH\index.php(56): CodeIgniter\Boot::bootWeb(Object(Config\Paths))
 9 SYSTEMPATH\Commands\Server\rewrite.php(49): require_once('C:\\Users\\Admin\\Pictures\\Nothing\\OneDrive\\Desktop\\NewProjects\\htdocs\\CelladentUserApi\\public\\index.php')
CRITICAL - 2024-11-26 08:59:16 --> ErrorException: Undefined array key "tax_id"
[Method: GET, Route: api/getcart]
in APPPATH\Controllers\api\CartController.php on line 141.
 1 APPPATH\Controllers\api\CartController.php(141): CodeIgniter\Debug\Exceptions->errorHandler(2, 'Undefined array key "tax_id"', 'C:\\Users\\Admin\\Pictures\\Nothing\\OneDrive\\Desktop\\NewProjects\\htdocs\\CelladentUserApi\\app\\Controllers\\api\\CartController.php', 141)
 2 APPPATH\Controllers\api\CartController.php(99): App\Controllers\Api\CartController->transformProducts([...], Object(App\Models\Customer\ProductsModel))
 3 SYSTEMPATH\CodeIgniter.php(933): App\Controllers\Api\CartController->index()
 4 SYSTEMPATH\CodeIgniter.php(509): CodeIgniter\CodeIgniter->runController(Object(App\Controllers\Api\CartController))
 5 SYSTEMPATH\CodeIgniter.php(355): CodeIgniter\CodeIgniter->handleRequest(null, Object(Config\Cache), false)
 6 SYSTEMPATH\Boot.php(312): CodeIgniter\CodeIgniter->run()
 7 SYSTEMPATH\Boot.php(67): CodeIgniter\Boot::runCodeIgniter(Object(CodeIgniter\CodeIgniter))
 8 FCPATH\index.php(56): CodeIgniter\Boot::bootWeb(Object(Config\Paths))
 9 SYSTEMPATH\Commands\Server\rewrite.php(49): require_once('C:\\Users\\Admin\\Pictures\\Nothing\\OneDrive\\Desktop\\NewProjects\\htdocs\\CelladentUserApi\\public\\index.php')
CRITICAL - 2024-11-26 08:59:30 --> ErrorException: Undefined array key "tax_id"
[Method: GET, Route: api/getcart]
in APPPATH\Controllers\api\CartController.php on line 141.
 1 APPPATH\Controllers\api\CartController.php(141): CodeIgniter\Debug\Exceptions->errorHandler(2, 'Undefined array key "tax_id"', 'C:\\Users\\Admin\\Pictures\\Nothing\\OneDrive\\Desktop\\NewProjects\\htdocs\\CelladentUserApi\\app\\Controllers\\api\\CartController.php', 141)
 2 APPPATH\Controllers\api\CartController.php(99): App\Controllers\Api\CartController->transformProducts([...], Object(App\Models\Customer\ProductsModel))
 3 SYSTEMPATH\CodeIgniter.php(933): App\Controllers\Api\CartController->index()
 4 SYSTEMPATH\CodeIgniter.php(509): CodeIgniter\CodeIgniter->runController(Object(App\Controllers\Api\CartController))
 5 SYSTEMPATH\CodeIgniter.php(355): CodeIgniter\CodeIgniter->handleRequest(null, Object(Config\Cache), false)
 6 SYSTEMPATH\Boot.php(312): CodeIgniter\CodeIgniter->run()
 7 SYSTEMPATH\Boot.php(67): CodeIgniter\Boot::runCodeIgniter(Object(CodeIgniter\CodeIgniter))
 8 FCPATH\index.php(56): CodeIgniter\Boot::bootWeb(Object(Config\Paths))
 9 SYSTEMPATH\Commands\Server\rewrite.php(49): require_once('C:\\Users\\Admin\\Pictures\\Nothing\\OneDrive\\Desktop\\NewProjects\\htdocs\\CelladentUserApi\\public\\index.php')
CRITICAL - 2024-11-26 09:00:20 --> ErrorException: Undefined array key "tax_id"
[Method: GET, Route: api/getcart]
in APPPATH\Controllers\api\CartController.php on line 141.
 1 APPPATH\Controllers\api\CartController.php(141): CodeIgniter\Debug\Exceptions->errorHandler(2, 'Undefined array key "tax_id"', 'C:\\Users\\Admin\\Pictures\\Nothing\\OneDrive\\Desktop\\NewProjects\\htdocs\\CelladentUserApi\\app\\Controllers\\api\\CartController.php', 141)
 2 APPPATH\Controllers\api\CartController.php(99): App\Controllers\Api\CartController->transformProducts([...], Object(App\Models\Customer\ProductsModel))
 3 SYSTEMPATH\CodeIgniter.php(933): App\Controllers\Api\CartController->index()
 4 SYSTEMPATH\CodeIgniter.php(509): CodeIgniter\CodeIgniter->runController(Object(App\Controllers\Api\CartController))
 5 SYSTEMPATH\CodeIgniter.php(355): CodeIgniter\CodeIgniter->handleRequest(null, Object(Config\Cache), false)
 6 SYSTEMPATH\Boot.php(312): CodeIgniter\CodeIgniter->run()
 7 SYSTEMPATH\Boot.php(67): CodeIgniter\Boot::runCodeIgniter(Object(CodeIgniter\CodeIgniter))
 8 FCPATH\index.php(56): CodeIgniter\Boot::bootWeb(Object(Config\Paths))
 9 SYSTEMPATH\Commands\Server\rewrite.php(49): require_once('C:\\Users\\Admin\\Pictures\\Nothing\\OneDrive\\Desktop\\NewProjects\\htdocs\\CelladentUserApi\\public\\index.php')
CRITICAL - 2024-11-26 09:00:21 --> ErrorException: Undefined array key "tax_id"
[Method: GET, Route: api/getcart]
in APPPATH\Controllers\api\CartController.php on line 141.
 1 APPPATH\Controllers\api\CartController.php(141): CodeIgniter\Debug\Exceptions->errorHandler(2, 'Undefined array key "tax_id"', 'C:\\Users\\Admin\\Pictures\\Nothing\\OneDrive\\Desktop\\NewProjects\\htdocs\\CelladentUserApi\\app\\Controllers\\api\\CartController.php', 141)
 2 APPPATH\Controllers\api\CartController.php(99): App\Controllers\Api\CartController->transformProducts([...], Object(App\Models\Customer\ProductsModel))
 3 SYSTEMPATH\CodeIgniter.php(933): App\Controllers\Api\CartController->index()
 4 SYSTEMPATH\CodeIgniter.php(509): CodeIgniter\CodeIgniter->runController(Object(App\Controllers\Api\CartController))
 5 SYSTEMPATH\CodeIgniter.php(355): CodeIgniter\CodeIgniter->handleRequest(null, Object(Config\Cache), false)
 6 SYSTEMPATH\Boot.php(312): CodeIgniter\CodeIgniter->run()
 7 SYSTEMPATH\Boot.php(67): CodeIgniter\Boot::runCodeIgniter(Object(CodeIgniter\CodeIgniter))
 8 FCPATH\index.php(56): CodeIgniter\Boot::bootWeb(Object(Config\Paths))
 9 SYSTEMPATH\Commands\Server\rewrite.php(49): require_once('C:\\Users\\Admin\\Pictures\\Nothing\\OneDrive\\Desktop\\NewProjects\\htdocs\\CelladentUserApi\\public\\index.php')
CRITICAL - 2024-11-26 09:00:21 --> ErrorException: Undefined array key "tax_id"
[Method: GET, Route: api/getcart]
in APPPATH\Controllers\api\CartController.php on line 141.
 1 APPPATH\Controllers\api\CartController.php(141): CodeIgniter\Debug\Exceptions->errorHandler(2, 'Undefined array key "tax_id"', 'C:\\Users\\Admin\\Pictures\\Nothing\\OneDrive\\Desktop\\NewProjects\\htdocs\\CelladentUserApi\\app\\Controllers\\api\\CartController.php', 141)
 2 APPPATH\Controllers\api\CartController.php(99): App\Controllers\Api\CartController->transformProducts([...], Object(App\Models\Customer\ProductsModel))
 3 SYSTEMPATH\CodeIgniter.php(933): App\Controllers\Api\CartController->index()
 4 SYSTEMPATH\CodeIgniter.php(509): CodeIgniter\CodeIgniter->runController(Object(App\Controllers\Api\CartController))
 5 SYSTEMPATH\CodeIgniter.php(355): CodeIgniter\CodeIgniter->handleRequest(null, Object(Config\Cache), false)
 6 SYSTEMPATH\Boot.php(312): CodeIgniter\CodeIgniter->run()
 7 SYSTEMPATH\Boot.php(67): CodeIgniter\Boot::runCodeIgniter(Object(CodeIgniter\CodeIgniter))
 8 FCPATH\index.php(56): CodeIgniter\Boot::bootWeb(Object(Config\Paths))
 9 SYSTEMPATH\Commands\Server\rewrite.php(49): require_once('C:\\Users\\Admin\\Pictures\\Nothing\\OneDrive\\Desktop\\NewProjects\\htdocs\\CelladentUserApi\\public\\index.php')
CRITICAL - 2024-11-26 09:00:51 --> ErrorException: Undefined array key "tax_id"
[Method: GET, Route: api/getcart]
in APPPATH\Controllers\api\CartController.php on line 141.
 1 APPPATH\Controllers\api\CartController.php(141): CodeIgniter\Debug\Exceptions->errorHandler(2, 'Undefined array key "tax_id"', 'C:\\Users\\Admin\\Pictures\\Nothing\\OneDrive\\Desktop\\NewProjects\\htdocs\\CelladentUserApi\\app\\Controllers\\api\\CartController.php', 141)
 2 APPPATH\Controllers\api\CartController.php(99): App\Controllers\Api\CartController->transformProducts([...], Object(App\Models\Customer\ProductsModel))
 3 SYSTEMPATH\CodeIgniter.php(933): App\Controllers\Api\CartController->index()
 4 SYSTEMPATH\CodeIgniter.php(509): CodeIgniter\CodeIgniter->runController(Object(App\Controllers\Api\CartController))
 5 SYSTEMPATH\CodeIgniter.php(355): CodeIgniter\CodeIgniter->handleRequest(null, Object(Config\Cache), false)
 6 SYSTEMPATH\Boot.php(312): CodeIgniter\CodeIgniter->run()
 7 SYSTEMPATH\Boot.php(67): CodeIgniter\Boot::runCodeIgniter(Object(CodeIgniter\CodeIgniter))
 8 FCPATH\index.php(56): CodeIgniter\Boot::bootWeb(Object(Config\Paths))
 9 SYSTEMPATH\Commands\Server\rewrite.php(49): require_once('C:\\Users\\Admin\\Pictures\\Nothing\\OneDrive\\Desktop\\NewProjects\\htdocs\\CelladentUserApi\\public\\index.php')
CRITICAL - 2024-11-26 09:00:52 --> ErrorException: Undefined array key "tax_id"
[Method: GET, Route: api/getcart]
in APPPATH\Controllers\api\CartController.php on line 141.
 1 APPPATH\Controllers\api\CartController.php(141): CodeIgniter\Debug\Exceptions->errorHandler(2, 'Undefined array key "tax_id"', 'C:\\Users\\Admin\\Pictures\\Nothing\\OneDrive\\Desktop\\NewProjects\\htdocs\\CelladentUserApi\\app\\Controllers\\api\\CartController.php', 141)
 2 APPPATH\Controllers\api\CartController.php(99): App\Controllers\Api\CartController->transformProducts([...], Object(App\Models\Customer\ProductsModel))
 3 SYSTEMPATH\CodeIgniter.php(933): App\Controllers\Api\CartController->index()
 4 SYSTEMPATH\CodeIgniter.php(509): CodeIgniter\CodeIgniter->runController(Object(App\Controllers\Api\CartController))
 5 SYSTEMPATH\CodeIgniter.php(355): CodeIgniter\CodeIgniter->handleRequest(null, Object(Config\Cache), false)
 6 SYSTEMPATH\Boot.php(312): CodeIgniter\CodeIgniter->run()
 7 SYSTEMPATH\Boot.php(67): CodeIgniter\Boot::runCodeIgniter(Object(CodeIgniter\CodeIgniter))
 8 FCPATH\index.php(56): CodeIgniter\Boot::bootWeb(Object(Config\Paths))
 9 SYSTEMPATH\Commands\Server\rewrite.php(49): require_once('C:\\Users\\Admin\\Pictures\\Nothing\\OneDrive\\Desktop\\NewProjects\\htdocs\\CelladentUserApi\\public\\index.php')
CRITICAL - 2024-11-26 09:00:52 --> ErrorException: Undefined array key "tax_id"
[Method: GET, Route: api/getcart]
in APPPATH\Controllers\api\CartController.php on line 141.
 1 APPPATH\Controllers\api\CartController.php(141): CodeIgniter\Debug\Exceptions->errorHandler(2, 'Undefined array key "tax_id"', 'C:\\Users\\Admin\\Pictures\\Nothing\\OneDrive\\Desktop\\NewProjects\\htdocs\\CelladentUserApi\\app\\Controllers\\api\\CartController.php', 141)
 2 APPPATH\Controllers\api\CartController.php(99): App\Controllers\Api\CartController->transformProducts([...], Object(App\Models\Customer\ProductsModel))
 3 SYSTEMPATH\CodeIgniter.php(933): App\Controllers\Api\CartController->index()
 4 SYSTEMPATH\CodeIgniter.php(509): CodeIgniter\CodeIgniter->runController(Object(App\Controllers\Api\CartController))
 5 SYSTEMPATH\CodeIgniter.php(355): CodeIgniter\CodeIgniter->handleRequest(null, Object(Config\Cache), false)
 6 SYSTEMPATH\Boot.php(312): CodeIgniter\CodeIgniter->run()
 7 SYSTEMPATH\Boot.php(67): CodeIgniter\Boot::runCodeIgniter(Object(CodeIgniter\CodeIgniter))
 8 FCPATH\index.php(56): CodeIgniter\Boot::bootWeb(Object(Config\Paths))
 9 SYSTEMPATH\Commands\Server\rewrite.php(49): require_once('C:\\Users\\Admin\\Pictures\\Nothing\\OneDrive\\Desktop\\NewProjects\\htdocs\\CelladentUserApi\\public\\index.php')
CRITICAL - 2024-11-26 09:01:16 --> ErrorException: Undefined array key "tax_id"
[Method: GET, Route: api/getcart]
in APPPATH\Controllers\api\CartController.php on line 141.
 1 APPPATH\Controllers\api\CartController.php(141): CodeIgniter\Debug\Exceptions->errorHandler(2, 'Undefined array key "tax_id"', 'C:\\Users\\Admin\\Pictures\\Nothing\\OneDrive\\Desktop\\NewProjects\\htdocs\\CelladentUserApi\\app\\Controllers\\api\\CartController.php', 141)
 2 APPPATH\Controllers\api\CartController.php(99): App\Controllers\Api\CartController->transformProducts([...], Object(App\Models\Customer\ProductsModel))
 3 SYSTEMPATH\CodeIgniter.php(933): App\Controllers\Api\CartController->index()
 4 SYSTEMPATH\CodeIgniter.php(509): CodeIgniter\CodeIgniter->runController(Object(App\Controllers\Api\CartController))
 5 SYSTEMPATH\CodeIgniter.php(355): CodeIgniter\CodeIgniter->handleRequest(null, Object(Config\Cache), false)
 6 SYSTEMPATH\Boot.php(312): CodeIgniter\CodeIgniter->run()
 7 SYSTEMPATH\Boot.php(67): CodeIgniter\Boot::runCodeIgniter(Object(CodeIgniter\CodeIgniter))
 8 FCPATH\index.php(56): CodeIgniter\Boot::bootWeb(Object(Config\Paths))
 9 SYSTEMPATH\Commands\Server\rewrite.php(49): require_once('C:\\Users\\Admin\\Pictures\\Nothing\\OneDrive\\Desktop\\NewProjects\\htdocs\\CelladentUserApi\\public\\index.php')
CRITICAL - 2024-11-26 09:01:17 --> ErrorException: Undefined array key "tax_id"
[Method: GET, Route: api/getcart]
in APPPATH\Controllers\api\CartController.php on line 141.
 1 APPPATH\Controllers\api\CartController.php(141): CodeIgniter\Debug\Exceptions->errorHandler(2, 'Undefined array key "tax_id"', 'C:\\Users\\Admin\\Pictures\\Nothing\\OneDrive\\Desktop\\NewProjects\\htdocs\\CelladentUserApi\\app\\Controllers\\api\\CartController.php', 141)
 2 APPPATH\Controllers\api\CartController.php(99): App\Controllers\Api\CartController->transformProducts([...], Object(App\Models\Customer\ProductsModel))
 3 SYSTEMPATH\CodeIgniter.php(933): App\Controllers\Api\CartController->index()
 4 SYSTEMPATH\CodeIgniter.php(509): CodeIgniter\CodeIgniter->runController(Object(App\Controllers\Api\CartController))
 5 SYSTEMPATH\CodeIgniter.php(355): CodeIgniter\CodeIgniter->handleRequest(null, Object(Config\Cache), false)
 6 SYSTEMPATH\Boot.php(312): CodeIgniter\CodeIgniter->run()
 7 SYSTEMPATH\Boot.php(67): CodeIgniter\Boot::runCodeIgniter(Object(CodeIgniter\CodeIgniter))
 8 FCPATH\index.php(56): CodeIgniter\Boot::bootWeb(Object(Config\Paths))
 9 SYSTEMPATH\Commands\Server\rewrite.php(49): require_once('C:\\Users\\Admin\\Pictures\\Nothing\\OneDrive\\Desktop\\NewProjects\\htdocs\\CelladentUserApi\\public\\index.php')
CRITICAL - 2024-11-26 09:01:17 --> ErrorException: Undefined array key "tax_id"
[Method: GET, Route: api/getcart]
in APPPATH\Controllers\api\CartController.php on line 141.
 1 APPPATH\Controllers\api\CartController.php(141): CodeIgniter\Debug\Exceptions->errorHandler(2, 'Undefined array key "tax_id"', 'C:\\Users\\Admin\\Pictures\\Nothing\\OneDrive\\Desktop\\NewProjects\\htdocs\\CelladentUserApi\\app\\Controllers\\api\\CartController.php', 141)
 2 APPPATH\Controllers\api\CartController.php(99): App\Controllers\Api\CartController->transformProducts([...], Object(App\Models\Customer\ProductsModel))
 3 SYSTEMPATH\CodeIgniter.php(933): App\Controllers\Api\CartController->index()
 4 SYSTEMPATH\CodeIgniter.php(509): CodeIgniter\CodeIgniter->runController(Object(App\Controllers\Api\CartController))
 5 SYSTEMPATH\CodeIgniter.php(355): CodeIgniter\CodeIgniter->handleRequest(null, Object(Config\Cache), false)
 6 SYSTEMPATH\Boot.php(312): CodeIgniter\CodeIgniter->run()
 7 SYSTEMPATH\Boot.php(67): CodeIgniter\Boot::runCodeIgniter(Object(CodeIgniter\CodeIgniter))
 8 FCPATH\index.php(56): CodeIgniter\Boot::bootWeb(Object(Config\Paths))
 9 SYSTEMPATH\Commands\Server\rewrite.php(49): require_once('C:\\Users\\Admin\\Pictures\\Nothing\\OneDrive\\Desktop\\NewProjects\\htdocs\\CelladentUserApi\\public\\index.php')
CRITICAL - 2024-11-26 10:46:02 --> ErrorException: Undefined array key "tax_id"
[Method: GET, Route: api/getcart]
in APPPATH\Controllers\api\CartController.php on line 141.
 1 APPPATH\Controllers\api\CartController.php(141): CodeIgniter\Debug\Exceptions->errorHandler(2, 'Undefined array key "tax_id"', 'C:\\Users\\Admin\\Pictures\\Nothing\\OneDrive\\Desktop\\NewProjects\\htdocs\\CelladentUserApi\\app\\Controllers\\api\\CartController.php', 141)
 2 APPPATH\Controllers\api\CartController.php(99): App\Controllers\Api\CartController->transformProducts([...], Object(App\Models\Customer\ProductsModel))
 3 SYSTEMPATH\CodeIgniter.php(933): App\Controllers\Api\CartController->index()
 4 SYSTEMPATH\CodeIgniter.php(509): CodeIgniter\CodeIgniter->runController(Object(App\Controllers\Api\CartController))
 5 SYSTEMPATH\CodeIgniter.php(355): CodeIgniter\CodeIgniter->handleRequest(null, Object(Config\Cache), false)
 6 SYSTEMPATH\Boot.php(312): CodeIgniter\CodeIgniter->run()
 7 SYSTEMPATH\Boot.php(67): CodeIgniter\Boot::runCodeIgniter(Object(CodeIgniter\CodeIgniter))
 8 FCPATH\index.php(56): CodeIgniter\Boot::bootWeb(Object(Config\Paths))
 9 SYSTEMPATH\Commands\Server\rewrite.php(49): require_once('C:\\Users\\Admin\\Pictures\\Nothing\\OneDrive\\Desktop\\NewProjects\\htdocs\\CelladentUserApi\\public\\index.php')
CRITICAL - 2024-11-26 10:46:06 --> ErrorException: Undefined array key "tax_id"
[Method: GET, Route: api/getcart]
in APPPATH\Controllers\api\CartController.php on line 141.
 1 APPPATH\Controllers\api\CartController.php(141): CodeIgniter\Debug\Exceptions->errorHandler(2, 'Undefined array key "tax_id"', 'C:\\Users\\Admin\\Pictures\\Nothing\\OneDrive\\Desktop\\NewProjects\\htdocs\\CelladentUserApi\\app\\Controllers\\api\\CartController.php', 141)
 2 APPPATH\Controllers\api\CartController.php(99): App\Controllers\Api\CartController->transformProducts([...], Object(App\Models\Customer\ProductsModel))
 3 SYSTEMPATH\CodeIgniter.php(933): App\Controllers\Api\CartController->index()
 4 SYSTEMPATH\CodeIgniter.php(509): CodeIgniter\CodeIgniter->runController(Object(App\Controllers\Api\CartController))
 5 SYSTEMPATH\CodeIgniter.php(355): CodeIgniter\CodeIgniter->handleRequest(null, Object(Config\Cache), false)
 6 SYSTEMPATH\Boot.php(312): CodeIgniter\CodeIgniter->run()
 7 SYSTEMPATH\Boot.php(67): CodeIgniter\Boot::runCodeIgniter(Object(CodeIgniter\CodeIgniter))
 8 FCPATH\index.php(56): CodeIgniter\Boot::bootWeb(Object(Config\Paths))
 9 SYSTEMPATH\Commands\Server\rewrite.php(49): require_once('C:\\Users\\Admin\\Pictures\\Nothing\\OneDrive\\Desktop\\NewProjects\\htdocs\\CelladentUserApi\\public\\index.php')
CRITICAL - 2024-11-26 10:46:07 --> ErrorException: Undefined array key "tax_id"
[Method: GET, Route: api/getcart]
in APPPATH\Controllers\api\CartController.php on line 141.
 1 APPPATH\Controllers\api\CartController.php(141): CodeIgniter\Debug\Exceptions->errorHandler(2, 'Undefined array key "tax_id"', 'C:\\Users\\Admin\\Pictures\\Nothing\\OneDrive\\Desktop\\NewProjects\\htdocs\\CelladentUserApi\\app\\Controllers\\api\\CartController.php', 141)
 2 APPPATH\Controllers\api\CartController.php(99): App\Controllers\Api\CartController->transformProducts([...], Object(App\Models\Customer\ProductsModel))
 3 SYSTEMPATH\CodeIgniter.php(933): App\Controllers\Api\CartController->index()
 4 SYSTEMPATH\CodeIgniter.php(509): CodeIgniter\CodeIgniter->runController(Object(App\Controllers\Api\CartController))
 5 SYSTEMPATH\CodeIgniter.php(355): CodeIgniter\CodeIgniter->handleRequest(null, Object(Config\Cache), false)
 6 SYSTEMPATH\Boot.php(312): CodeIgniter\CodeIgniter->run()
 7 SYSTEMPATH\Boot.php(67): CodeIgniter\Boot::runCodeIgniter(Object(CodeIgniter\CodeIgniter))
 8 FCPATH\index.php(56): CodeIgniter\Boot::bootWeb(Object(Config\Paths))
 9 SYSTEMPATH\Commands\Server\rewrite.php(49): require_once('C:\\Users\\Admin\\Pictures\\Nothing\\OneDrive\\Desktop\\NewProjects\\htdocs\\CelladentUserApi\\public\\index.php')
CRITICAL - 2024-11-26 10:46:27 --> ErrorException: Undefined array key "tax_id"
[Method: GET, Route: api/getcart]
in APPPATH\Controllers\api\CartController.php on line 141.
 1 APPPATH\Controllers\api\CartController.php(141): CodeIgniter\Debug\Exceptions->errorHandler(2, 'Undefined array key "tax_id"', 'C:\\Users\\Admin\\Pictures\\Nothing\\OneDrive\\Desktop\\NewProjects\\htdocs\\CelladentUserApi\\app\\Controllers\\api\\CartController.php', 141)
 2 APPPATH\Controllers\api\CartController.php(99): App\Controllers\Api\CartController->transformProducts([...], Object(App\Models\Customer\ProductsModel))
 3 SYSTEMPATH\CodeIgniter.php(933): App\Controllers\Api\CartController->index()
 4 SYSTEMPATH\CodeIgniter.php(509): CodeIgniter\CodeIgniter->runController(Object(App\Controllers\Api\CartController))
 5 SYSTEMPATH\CodeIgniter.php(355): CodeIgniter\CodeIgniter->handleRequest(null, Object(Config\Cache), false)
 6 SYSTEMPATH\Boot.php(312): CodeIgniter\CodeIgniter->run()
 7 SYSTEMPATH\Boot.php(67): CodeIgniter\Boot::runCodeIgniter(Object(CodeIgniter\CodeIgniter))
 8 FCPATH\index.php(56): CodeIgniter\Boot::bootWeb(Object(Config\Paths))
 9 SYSTEMPATH\Commands\Server\rewrite.php(49): require_once('C:\\Users\\Admin\\Pictures\\Nothing\\OneDrive\\Desktop\\NewProjects\\htdocs\\CelladentUserApi\\public\\index.php')
CRITICAL - 2024-11-26 10:46:31 --> ErrorException: Undefined array key "tax_id"
[Method: GET, Route: api/getcart]
in APPPATH\Controllers\api\CartController.php on line 141.
 1 APPPATH\Controllers\api\CartController.php(141): CodeIgniter\Debug\Exceptions->errorHandler(2, 'Undefined array key "tax_id"', 'C:\\Users\\Admin\\Pictures\\Nothing\\OneDrive\\Desktop\\NewProjects\\htdocs\\CelladentUserApi\\app\\Controllers\\api\\CartController.php', 141)
 2 APPPATH\Controllers\api\CartController.php(99): App\Controllers\Api\CartController->transformProducts([...], Object(App\Models\Customer\ProductsModel))
 3 SYSTEMPATH\CodeIgniter.php(933): App\Controllers\Api\CartController->index()
 4 SYSTEMPATH\CodeIgniter.php(509): CodeIgniter\CodeIgniter->runController(Object(App\Controllers\Api\CartController))
 5 SYSTEMPATH\CodeIgniter.php(355): CodeIgniter\CodeIgniter->handleRequest(null, Object(Config\Cache), false)
 6 SYSTEMPATH\Boot.php(312): CodeIgniter\CodeIgniter->run()
 7 SYSTEMPATH\Boot.php(67): CodeIgniter\Boot::runCodeIgniter(Object(CodeIgniter\CodeIgniter))
 8 FCPATH\index.php(56): CodeIgniter\Boot::bootWeb(Object(Config\Paths))
 9 SYSTEMPATH\Commands\Server\rewrite.php(49): require_once('C:\\Users\\Admin\\Pictures\\Nothing\\OneDrive\\Desktop\\NewProjects\\htdocs\\CelladentUserApi\\public\\index.php')
CRITICAL - 2024-11-26 10:46:33 --> ErrorException: Undefined array key "tax_id"
[Method: GET, Route: api/getcart]
in APPPATH\Controllers\api\CartController.php on line 141.
 1 APPPATH\Controllers\api\CartController.php(141): CodeIgniter\Debug\Exceptions->errorHandler(2, 'Undefined array key "tax_id"', 'C:\\Users\\Admin\\Pictures\\Nothing\\OneDrive\\Desktop\\NewProjects\\htdocs\\CelladentUserApi\\app\\Controllers\\api\\CartController.php', 141)
 2 APPPATH\Controllers\api\CartController.php(99): App\Controllers\Api\CartController->transformProducts([...], Object(App\Models\Customer\ProductsModel))
 3 SYSTEMPATH\CodeIgniter.php(933): App\Controllers\Api\CartController->index()
 4 SYSTEMPATH\CodeIgniter.php(509): CodeIgniter\CodeIgniter->runController(Object(App\Controllers\Api\CartController))
 5 SYSTEMPATH\CodeIgniter.php(355): CodeIgniter\CodeIgniter->handleRequest(null, Object(Config\Cache), false)
 6 SYSTEMPATH\Boot.php(312): CodeIgniter\CodeIgniter->run()
 7 SYSTEMPATH\Boot.php(67): CodeIgniter\Boot::runCodeIgniter(Object(CodeIgniter\CodeIgniter))
 8 FCPATH\index.php(56): CodeIgniter\Boot::bootWeb(Object(Config\Paths))
 9 SYSTEMPATH\Commands\Server\rewrite.php(49): require_once('C:\\Users\\Admin\\Pictures\\Nothing\\OneDrive\\Desktop\\NewProjects\\htdocs\\CelladentUserApi\\public\\index.php')
CRITICAL - 2024-11-26 10:47:07 --> ErrorException: Undefined array key "tax_id"
[Method: GET, Route: api/getcart]
in APPPATH\Controllers\api\CartController.php on line 141.
 1 APPPATH\Controllers\api\CartController.php(141): CodeIgniter\Debug\Exceptions->errorHandler(2, 'Undefined array key "tax_id"', 'C:\\Users\\Admin\\Pictures\\Nothing\\OneDrive\\Desktop\\NewProjects\\htdocs\\CelladentUserApi\\app\\Controllers\\api\\CartController.php', 141)
 2 APPPATH\Controllers\api\CartController.php(99): App\Controllers\Api\CartController->transformProducts([...], Object(App\Models\Customer\ProductsModel))
 3 SYSTEMPATH\CodeIgniter.php(933): App\Controllers\Api\CartController->index()
 4 SYSTEMPATH\CodeIgniter.php(509): CodeIgniter\CodeIgniter->runController(Object(App\Controllers\Api\CartController))
 5 SYSTEMPATH\CodeIgniter.php(355): CodeIgniter\CodeIgniter->handleRequest(null, Object(Config\Cache), false)
 6 SYSTEMPATH\Boot.php(312): CodeIgniter\CodeIgniter->run()
 7 SYSTEMPATH\Boot.php(67): CodeIgniter\Boot::runCodeIgniter(Object(CodeIgniter\CodeIgniter))
 8 FCPATH\index.php(56): CodeIgniter\Boot::bootWeb(Object(Config\Paths))
 9 SYSTEMPATH\Commands\Server\rewrite.php(49): require_once('C:\\Users\\Admin\\Pictures\\Nothing\\OneDrive\\Desktop\\NewProjects\\htdocs\\CelladentUserApi\\public\\index.php')
CRITICAL - 2024-11-26 12:50:31 --> ErrorException: Undefined array key "tax_id"
[Method: GET, Route: api/getcart]
in APPPATH\Controllers\api\CartController.php on line 141.
 1 APPPATH\Controllers\api\CartController.php(141): CodeIgniter\Debug\Exceptions->errorHandler(2, 'Undefined array key "tax_id"', 'C:\\Users\\Admin\\Pictures\\Nothing\\OneDrive\\Desktop\\NewProjects\\htdocs\\CelladentUserApi\\app\\Controllers\\api\\CartController.php', 141)
 2 APPPATH\Controllers\api\CartController.php(99): App\Controllers\Api\CartController->transformProducts([...], Object(App\Models\Customer\ProductsModel))
 3 SYSTEMPATH\CodeIgniter.php(933): App\Controllers\Api\CartController->index()
 4 SYSTEMPATH\CodeIgniter.php(509): CodeIgniter\CodeIgniter->runController(Object(App\Controllers\Api\CartController))
 5 SYSTEMPATH\CodeIgniter.php(355): CodeIgniter\CodeIgniter->handleRequest(null, Object(Config\Cache), false)
 6 SYSTEMPATH\Boot.php(312): CodeIgniter\CodeIgniter->run()
 7 SYSTEMPATH\Boot.php(67): CodeIgniter\Boot::runCodeIgniter(Object(CodeIgniter\CodeIgniter))
 8 FCPATH\index.php(56): CodeIgniter\Boot::bootWeb(Object(Config\Paths))
 9 SYSTEMPATH\Commands\Server\rewrite.php(49): require_once('C:\\Users\\Admin\\Pictures\\Nothing\\OneDrive\\Desktop\\NewProjects\\htdocs\\CelladentUserApi\\public\\index.php')
CRITICAL - 2024-11-26 12:50:35 --> ErrorException: Undefined array key "tax_id"
[Method: GET, Route: api/getcart]
in APPPATH\Controllers\api\CartController.php on line 141.
 1 APPPATH\Controllers\api\CartController.php(141): CodeIgniter\Debug\Exceptions->errorHandler(2, 'Undefined array key "tax_id"', 'C:\\Users\\Admin\\Pictures\\Nothing\\OneDrive\\Desktop\\NewProjects\\htdocs\\CelladentUserApi\\app\\Controllers\\api\\CartController.php', 141)
 2 APPPATH\Controllers\api\CartController.php(99): App\Controllers\Api\CartController->transformProducts([...], Object(App\Models\Customer\ProductsModel))
 3 SYSTEMPATH\CodeIgniter.php(933): App\Controllers\Api\CartController->index()
 4 SYSTEMPATH\CodeIgniter.php(509): CodeIgniter\CodeIgniter->runController(Object(App\Controllers\Api\CartController))
 5 SYSTEMPATH\CodeIgniter.php(355): CodeIgniter\CodeIgniter->handleRequest(null, Object(Config\Cache), false)
 6 SYSTEMPATH\Boot.php(312): CodeIgniter\CodeIgniter->run()
 7 SYSTEMPATH\Boot.php(67): CodeIgniter\Boot::runCodeIgniter(Object(CodeIgniter\CodeIgniter))
 8 FCPATH\index.php(56): CodeIgniter\Boot::bootWeb(Object(Config\Paths))
 9 SYSTEMPATH\Commands\Server\rewrite.php(49): require_once('C:\\Users\\Admin\\Pictures\\Nothing\\OneDrive\\Desktop\\NewProjects\\htdocs\\CelladentUserApi\\public\\index.php')
CRITICAL - 2024-11-26 12:50:37 --> ErrorException: Undefined array key "tax_id"
[Method: GET, Route: api/getcart]
in APPPATH\Controllers\api\CartController.php on line 141.
 1 APPPATH\Controllers\api\CartController.php(141): CodeIgniter\Debug\Exceptions->errorHandler(2, 'Undefined array key "tax_id"', 'C:\\Users\\Admin\\Pictures\\Nothing\\OneDrive\\Desktop\\NewProjects\\htdocs\\CelladentUserApi\\app\\Controllers\\api\\CartController.php', 141)
 2 APPPATH\Controllers\api\CartController.php(99): App\Controllers\Api\CartController->transformProducts([...], Object(App\Models\Customer\ProductsModel))
 3 SYSTEMPATH\CodeIgniter.php(933): App\Controllers\Api\CartController->index()
 4 SYSTEMPATH\CodeIgniter.php(509): CodeIgniter\CodeIgniter->runController(Object(App\Controllers\Api\CartController))
 5 SYSTEMPATH\CodeIgniter.php(355): CodeIgniter\CodeIgniter->handleRequest(null, Object(Config\Cache), false)
 6 SYSTEMPATH\Boot.php(312): CodeIgniter\CodeIgniter->run()
 7 SYSTEMPATH\Boot.php(67): CodeIgniter\Boot::runCodeIgniter(Object(CodeIgniter\CodeIgniter))
 8 FCPATH\index.php(56): CodeIgniter\Boot::bootWeb(Object(Config\Paths))
 9 SYSTEMPATH\Commands\Server\rewrite.php(49): require_once('C:\\Users\\Admin\\Pictures\\Nothing\\OneDrive\\Desktop\\NewProjects\\htdocs\\CelladentUserApi\\public\\index.php')
