DEBUG - 2025-05-15 04:29:58 --> Selected Variations for Variation ID 3: [{"variation_type_id":"2","selected_value":"Blue"},{"variation_type_id":"3","selected_value":"2L"}]
DEBUG - 2025-05-15 04:29:58 --> Variation Details for Variation ID 3: [{"variation_id":"2","variation_type":"Colour","display_name":"Color","selected_value":"Blue"},{"variation_id":"3","variation_type":"Capacity","display_name":"Capacity","selected_value":"2L"}]
DEBUG - 2025-05-15 04:29:58 --> Variation Options for Product ID 4: [{"variation_type_id":"2","selected_value":"Blue"},{"variation_type_id":"3","selected_value":"2L"}]
DEBUG - 2025-05-15 04:29:58 --> Variation Type for ID 2: {"id":"2","variation_type":"Capacity","display_name":"Capacity"}
DEBUG - 2025-05-15 04:29:58 --> Variation Type for ID 3: {"id":"3","variation_type":"Colour","display_name":"Color"}
DEBUG - 2025-05-15 04:29:58 --> Variation Types for Product ID 4: {"2":{"variation_id":"2","variation_type":"Capacity","display_name":"Capacity","values":["Blue"]},"3":{"variation_id":"3","variation_type":"Colour","display_name":"Color","values":["2L"]}}
DEBUG - 2025-05-15 04:29:58 --> Selected Variations for Variation ID 4: [{"variation_type_id":"2","selected_value":"Red"},{"variation_type_id":"3","selected_value":"1l"}]
DEBUG - 2025-05-15 04:29:58 --> Variation Details for Variation ID 4: [{"variation_id":"2","variation_type":"Colour","display_name":"Color","selected_value":"Red"},{"variation_id":"3","variation_type":"Capacity","display_name":"Capacity","selected_value":"1l"}]
DEBUG - 2025-05-15 04:29:58 --> Variation Options for Product ID 5: [{"variation_type_id":"2","selected_value":"Red"},{"variation_type_id":"3","selected_value":"1l"}]
DEBUG - 2025-05-15 04:29:58 --> Variation Type for ID 2: {"id":"2","variation_type":"Capacity","display_name":"Capacity"}
DEBUG - 2025-05-15 04:29:58 --> Variation Type for ID 3: {"id":"3","variation_type":"Colour","display_name":"Color"}
DEBUG - 2025-05-15 04:29:58 --> Variation Types for Product ID 5: {"2":{"variation_id":"2","variation_type":"Capacity","display_name":"Capacity","values":["Red"]},"3":{"variation_id":"3","variation_type":"Colour","display_name":"Color","values":["1l"]}}
DEBUG - 2025-05-15 04:29:58 --> Selected Variations for Variation ID 5: [{"variation_type_id":"2","selected_value":"Red"},{"variation_type_id":"3","selected_value":"1l"},{"variation_type_id":"2","selected_value":"Red"},{"variation_type_id":"3","selected_value":"1l"},{"variation_type_id":"3","selected_value":"2L"},{"variation_type_id":"2","selected_value":"Blue"}]
DEBUG - 2025-05-15 04:29:58 --> Variation Details for Variation ID 5: [{"variation_id":"2","variation_type":"Colour","display_name":"Color","selected_value":"Red"},{"variation_id":"3","variation_type":"Capacity","display_name":"Capacity","selected_value":"1l"},{"variation_id":"2","variation_type":"Colour","display_name":"Color","selected_value":"Red"},{"variation_id":"3","variation_type":"Capacity","display_name":"Capacity","selected_value":"1l"},{"variation_id":"3","variation_type":"Capacity","display_name":"Capacity","selected_value":"2L"},{"variation_id":"2","variation_type":"Colour","display_name":"Color","selected_value":"Blue"}]
DEBUG - 2025-05-15 04:29:58 --> Variation Options for Product ID 6: [{"variation_type_id":"2","selected_value":"Red"},{"variation_type_id":"3","selected_value":"1l"},{"variation_type_id":"2","selected_value":"Red"},{"variation_type_id":"3","selected_value":"1l"},{"variation_type_id":"3","selected_value":"2L"},{"variation_type_id":"2","selected_value":"Blue"}]
DEBUG - 2025-05-15 04:29:58 --> Variation Type for ID 2: {"id":"2","variation_type":"Capacity","display_name":"Capacity"}
DEBUG - 2025-05-15 04:29:58 --> Variation Type for ID 3: {"id":"3","variation_type":"Colour","display_name":"Color"}
DEBUG - 2025-05-15 04:29:58 --> Variation Type for ID 2: {"id":"2","variation_type":"Capacity","display_name":"Capacity"}
DEBUG - 2025-05-15 04:29:58 --> Variation Type for ID 3: {"id":"3","variation_type":"Colour","display_name":"Color"}
DEBUG - 2025-05-15 04:29:58 --> Variation Type for ID 3: {"id":"3","variation_type":"Colour","display_name":"Color"}
DEBUG - 2025-05-15 04:29:58 --> Variation Type for ID 2: {"id":"2","variation_type":"Capacity","display_name":"Capacity"}
DEBUG - 2025-05-15 04:29:58 --> Variation Types for Product ID 6: {"2":{"variation_id":"2","variation_type":"Capacity","display_name":"Capacity","values":["Red","Blue"]},"3":{"variation_id":"3","variation_type":"Colour","display_name":"Color","values":["1l","2L"]}}
DEBUG - 2025-05-15 04:30:03 --> Selected Variations for Variation ID 3: [{"variation_type_id":"2","selected_value":"Blue"},{"variation_type_id":"3","selected_value":"2L"}]
DEBUG - 2025-05-15 04:30:03 --> Variation Details for Variation ID 3: [{"variation_id":"2","variation_type":"Colour","display_name":"Color","selected_value":"Blue"},{"variation_id":"3","variation_type":"Capacity","display_name":"Capacity","selected_value":"2L"}]
DEBUG - 2025-05-15 04:30:03 --> Variation Options for Product ID 4: [{"variation_type_id":"2","selected_value":"Blue"},{"variation_type_id":"3","selected_value":"2L"}]
DEBUG - 2025-05-15 04:30:03 --> Variation Type for ID 2: {"id":"2","variation_type":"Capacity","display_name":"Capacity"}
DEBUG - 2025-05-15 04:30:03 --> Variation Type for ID 3: {"id":"3","variation_type":"Colour","display_name":"Color"}
DEBUG - 2025-05-15 04:30:03 --> Variation Types for Product ID 4: {"2":{"variation_id":"2","variation_type":"Capacity","display_name":"Capacity","values":["Blue"]},"3":{"variation_id":"3","variation_type":"Colour","display_name":"Color","values":["2L"]}}
DEBUG - 2025-05-15 04:30:03 --> Selected Variations for Variation ID 4: [{"variation_type_id":"2","selected_value":"Red"},{"variation_type_id":"3","selected_value":"1l"}]
DEBUG - 2025-05-15 04:30:03 --> Variation Details for Variation ID 4: [{"variation_id":"2","variation_type":"Colour","display_name":"Color","selected_value":"Red"},{"variation_id":"3","variation_type":"Capacity","display_name":"Capacity","selected_value":"1l"}]
DEBUG - 2025-05-15 04:30:03 --> Variation Options for Product ID 5: [{"variation_type_id":"2","selected_value":"Red"},{"variation_type_id":"3","selected_value":"1l"}]
DEBUG - 2025-05-15 04:30:03 --> Variation Type for ID 2: {"id":"2","variation_type":"Capacity","display_name":"Capacity"}
DEBUG - 2025-05-15 04:30:03 --> Variation Type for ID 3: {"id":"3","variation_type":"Colour","display_name":"Color"}
DEBUG - 2025-05-15 04:30:03 --> Variation Types for Product ID 5: {"2":{"variation_id":"2","variation_type":"Capacity","display_name":"Capacity","values":["Red"]},"3":{"variation_id":"3","variation_type":"Colour","display_name":"Color","values":["1l"]}}
DEBUG - 2025-05-15 04:30:03 --> Selected Variations for Variation ID 5: [{"variation_type_id":"2","selected_value":"Red"},{"variation_type_id":"3","selected_value":"1l"},{"variation_type_id":"2","selected_value":"Red"},{"variation_type_id":"3","selected_value":"1l"},{"variation_type_id":"3","selected_value":"2L"},{"variation_type_id":"2","selected_value":"Blue"}]
DEBUG - 2025-05-15 04:30:03 --> Variation Details for Variation ID 5: [{"variation_id":"2","variation_type":"Colour","display_name":"Color","selected_value":"Red"},{"variation_id":"3","variation_type":"Capacity","display_name":"Capacity","selected_value":"1l"},{"variation_id":"2","variation_type":"Colour","display_name":"Color","selected_value":"Red"},{"variation_id":"3","variation_type":"Capacity","display_name":"Capacity","selected_value":"1l"},{"variation_id":"3","variation_type":"Capacity","display_name":"Capacity","selected_value":"2L"},{"variation_id":"2","variation_type":"Colour","display_name":"Color","selected_value":"Blue"}]
DEBUG - 2025-05-15 04:30:03 --> Variation Options for Product ID 6: [{"variation_type_id":"2","selected_value":"Red"},{"variation_type_id":"3","selected_value":"1l"},{"variation_type_id":"2","selected_value":"Red"},{"variation_type_id":"3","selected_value":"1l"},{"variation_type_id":"3","selected_value":"2L"},{"variation_type_id":"2","selected_value":"Blue"}]
DEBUG - 2025-05-15 04:30:03 --> Variation Type for ID 2: {"id":"2","variation_type":"Capacity","display_name":"Capacity"}
DEBUG - 2025-05-15 04:30:03 --> Variation Type for ID 3: {"id":"3","variation_type":"Colour","display_name":"Color"}
DEBUG - 2025-05-15 04:30:03 --> Variation Type for ID 2: {"id":"2","variation_type":"Capacity","display_name":"Capacity"}
DEBUG - 2025-05-15 04:30:03 --> Variation Type for ID 3: {"id":"3","variation_type":"Colour","display_name":"Color"}
DEBUG - 2025-05-15 04:30:03 --> Variation Type for ID 3: {"id":"3","variation_type":"Colour","display_name":"Color"}
DEBUG - 2025-05-15 04:30:03 --> Variation Type for ID 2: {"id":"2","variation_type":"Capacity","display_name":"Capacity"}
DEBUG - 2025-05-15 04:30:03 --> Variation Types for Product ID 6: {"2":{"variation_id":"2","variation_type":"Capacity","display_name":"Capacity","values":["Red","Blue"]},"3":{"variation_id":"3","variation_type":"Colour","display_name":"Color","values":["1l","2L"]}}
DEBUG - 2025-05-15 04:30:05 --> Selected Variations for Variation ID 3: [{"variation_type_id":"2","selected_value":"Blue"},{"variation_type_id":"3","selected_value":"2L"}]
DEBUG - 2025-05-15 04:30:05 --> Variation Details for Variation ID 3: [{"variation_id":"2","variation_type":"Colour","display_name":"Color","selected_value":"Blue"},{"variation_id":"3","variation_type":"Capacity","display_name":"Capacity","selected_value":"2L"}]
DEBUG - 2025-05-15 04:30:05 --> Variation Options for Product ID 4: [{"variation_type_id":"2","selected_value":"Blue"},{"variation_type_id":"3","selected_value":"2L"}]
DEBUG - 2025-05-15 04:30:05 --> Variation Type for ID 2: {"id":"2","variation_type":"Capacity","display_name":"Capacity"}
DEBUG - 2025-05-15 04:30:05 --> Variation Type for ID 3: {"id":"3","variation_type":"Colour","display_name":"Color"}
DEBUG - 2025-05-15 04:30:05 --> Variation Types for Product ID 4: {"2":{"variation_id":"2","variation_type":"Capacity","display_name":"Capacity","values":["Blue"]},"3":{"variation_id":"3","variation_type":"Colour","display_name":"Color","values":["2L"]}}
DEBUG - 2025-05-15 04:30:05 --> Selected Variations for Variation ID 4: [{"variation_type_id":"2","selected_value":"Red"},{"variation_type_id":"3","selected_value":"1l"}]
DEBUG - 2025-05-15 04:30:05 --> Variation Details for Variation ID 4: [{"variation_id":"2","variation_type":"Colour","display_name":"Color","selected_value":"Red"},{"variation_id":"3","variation_type":"Capacity","display_name":"Capacity","selected_value":"1l"}]
DEBUG - 2025-05-15 04:30:05 --> Variation Options for Product ID 5: [{"variation_type_id":"2","selected_value":"Red"},{"variation_type_id":"3","selected_value":"1l"}]
DEBUG - 2025-05-15 04:30:05 --> Variation Type for ID 2: {"id":"2","variation_type":"Capacity","display_name":"Capacity"}
DEBUG - 2025-05-15 04:30:05 --> Variation Type for ID 3: {"id":"3","variation_type":"Colour","display_name":"Color"}
DEBUG - 2025-05-15 04:30:05 --> Variation Types for Product ID 5: {"2":{"variation_id":"2","variation_type":"Capacity","display_name":"Capacity","values":["Red"]},"3":{"variation_id":"3","variation_type":"Colour","display_name":"Color","values":["1l"]}}
DEBUG - 2025-05-15 04:30:05 --> Selected Variations for Variation ID 5: [{"variation_type_id":"2","selected_value":"Red"},{"variation_type_id":"3","selected_value":"1l"},{"variation_type_id":"2","selected_value":"Red"},{"variation_type_id":"3","selected_value":"1l"},{"variation_type_id":"3","selected_value":"2L"},{"variation_type_id":"2","selected_value":"Blue"}]
DEBUG - 2025-05-15 04:30:05 --> Variation Details for Variation ID 5: [{"variation_id":"2","variation_type":"Colour","display_name":"Color","selected_value":"Red"},{"variation_id":"3","variation_type":"Capacity","display_name":"Capacity","selected_value":"1l"},{"variation_id":"2","variation_type":"Colour","display_name":"Color","selected_value":"Red"},{"variation_id":"3","variation_type":"Capacity","display_name":"Capacity","selected_value":"1l"},{"variation_id":"3","variation_type":"Capacity","display_name":"Capacity","selected_value":"2L"},{"variation_id":"2","variation_type":"Colour","display_name":"Color","selected_value":"Blue"}]
DEBUG - 2025-05-15 04:30:05 --> Variation Options for Product ID 6: [{"variation_type_id":"2","selected_value":"Red"},{"variation_type_id":"3","selected_value":"1l"},{"variation_type_id":"2","selected_value":"Red"},{"variation_type_id":"3","selected_value":"1l"},{"variation_type_id":"3","selected_value":"2L"},{"variation_type_id":"2","selected_value":"Blue"}]
DEBUG - 2025-05-15 04:30:05 --> Variation Type for ID 2: {"id":"2","variation_type":"Capacity","display_name":"Capacity"}
DEBUG - 2025-05-15 04:30:05 --> Variation Type for ID 3: {"id":"3","variation_type":"Colour","display_name":"Color"}
DEBUG - 2025-05-15 04:30:05 --> Variation Type for ID 2: {"id":"2","variation_type":"Capacity","display_name":"Capacity"}
DEBUG - 2025-05-15 04:30:05 --> Variation Type for ID 3: {"id":"3","variation_type":"Colour","display_name":"Color"}
DEBUG - 2025-05-15 04:30:05 --> Variation Type for ID 3: {"id":"3","variation_type":"Colour","display_name":"Color"}
DEBUG - 2025-05-15 04:30:05 --> Variation Type for ID 2: {"id":"2","variation_type":"Capacity","display_name":"Capacity"}
DEBUG - 2025-05-15 04:30:05 --> Variation Types for Product ID 6: {"2":{"variation_id":"2","variation_type":"Capacity","display_name":"Capacity","values":["Red","Blue"]},"3":{"variation_id":"3","variation_type":"Colour","display_name":"Color","values":["1l","2L"]}}
DEBUG - 2025-05-15 04:33:50 --> Selected Variations for Variation ID 3: [{"variation_type_id":"2","selected_value":"Blue"},{"variation_type_id":"3","selected_value":"2L"}]
DEBUG - 2025-05-15 04:33:50 --> Variation Details for Variation ID 3: [{"variation_id":"2","variation_type":"Colour","display_name":"Color","selected_value":"Blue"},{"variation_id":"3","variation_type":"Capacity","display_name":"Capacity","selected_value":"2L"}]
DEBUG - 2025-05-15 04:33:50 --> Variation Options for Product ID 4: [{"variation_type_id":"2","selected_value":"Blue"},{"variation_type_id":"3","selected_value":"2L"}]
DEBUG - 2025-05-15 04:33:50 --> Variation Type for ID 2: {"id":"2","variation_type":"Capacity","display_name":"Capacity"}
DEBUG - 2025-05-15 04:33:50 --> Variation Type for ID 3: {"id":"3","variation_type":"Colour","display_name":"Color"}
DEBUG - 2025-05-15 04:33:50 --> Variation Types for Product ID 4: {"2":{"variation_id":"2","variation_type":"Capacity","display_name":"Capacity","values":["Blue"]},"3":{"variation_id":"3","variation_type":"Colour","display_name":"Color","values":["2L"]}}
DEBUG - 2025-05-15 04:33:50 --> Selected Variations for Variation ID 4: [{"variation_type_id":"2","selected_value":"Red"},{"variation_type_id":"3","selected_value":"1l"}]
DEBUG - 2025-05-15 04:33:50 --> Variation Details for Variation ID 4: [{"variation_id":"2","variation_type":"Colour","display_name":"Color","selected_value":"Red"},{"variation_id":"3","variation_type":"Capacity","display_name":"Capacity","selected_value":"1l"}]
DEBUG - 2025-05-15 04:33:50 --> Variation Options for Product ID 5: [{"variation_type_id":"2","selected_value":"Red"},{"variation_type_id":"3","selected_value":"1l"}]
DEBUG - 2025-05-15 04:33:50 --> Variation Type for ID 2: {"id":"2","variation_type":"Capacity","display_name":"Capacity"}
DEBUG - 2025-05-15 04:33:50 --> Variation Type for ID 3: {"id":"3","variation_type":"Colour","display_name":"Color"}
DEBUG - 2025-05-15 04:33:50 --> Variation Types for Product ID 5: {"2":{"variation_id":"2","variation_type":"Capacity","display_name":"Capacity","values":["Red"]},"3":{"variation_id":"3","variation_type":"Colour","display_name":"Color","values":["1l"]}}
DEBUG - 2025-05-15 04:33:50 --> Selected Variations for Variation ID 5: [{"variation_type_id":"2","selected_value":"Red"},{"variation_type_id":"3","selected_value":"1l"},{"variation_type_id":"2","selected_value":"Red"},{"variation_type_id":"3","selected_value":"1l"},{"variation_type_id":"3","selected_value":"2L"},{"variation_type_id":"2","selected_value":"Blue"}]
DEBUG - 2025-05-15 04:33:50 --> Variation Details for Variation ID 5: [{"variation_id":"2","variation_type":"Colour","display_name":"Color","selected_value":"Red"},{"variation_id":"3","variation_type":"Capacity","display_name":"Capacity","selected_value":"1l"},{"variation_id":"2","variation_type":"Colour","display_name":"Color","selected_value":"Red"},{"variation_id":"3","variation_type":"Capacity","display_name":"Capacity","selected_value":"1l"},{"variation_id":"3","variation_type":"Capacity","display_name":"Capacity","selected_value":"2L"},{"variation_id":"2","variation_type":"Colour","display_name":"Color","selected_value":"Blue"}]
DEBUG - 2025-05-15 04:33:50 --> Variation Options for Product ID 6: [{"variation_type_id":"2","selected_value":"Red"},{"variation_type_id":"3","selected_value":"1l"},{"variation_type_id":"2","selected_value":"Red"},{"variation_type_id":"3","selected_value":"1l"},{"variation_type_id":"3","selected_value":"2L"},{"variation_type_id":"2","selected_value":"Blue"}]
DEBUG - 2025-05-15 04:33:50 --> Variation Type for ID 2: {"id":"2","variation_type":"Capacity","display_name":"Capacity"}
DEBUG - 2025-05-15 04:33:50 --> Variation Type for ID 3: {"id":"3","variation_type":"Colour","display_name":"Color"}
DEBUG - 2025-05-15 04:33:50 --> Variation Type for ID 2: {"id":"2","variation_type":"Capacity","display_name":"Capacity"}
DEBUG - 2025-05-15 04:33:50 --> Variation Type for ID 3: {"id":"3","variation_type":"Colour","display_name":"Color"}
DEBUG - 2025-05-15 04:33:50 --> Variation Type for ID 3: {"id":"3","variation_type":"Colour","display_name":"Color"}
DEBUG - 2025-05-15 04:33:50 --> Variation Type for ID 2: {"id":"2","variation_type":"Capacity","display_name":"Capacity"}
DEBUG - 2025-05-15 04:33:50 --> Variation Types for Product ID 6: {"2":{"variation_id":"2","variation_type":"Capacity","display_name":"Capacity","values":["Red","Blue"]},"3":{"variation_id":"3","variation_type":"Colour","display_name":"Color","values":["1l","2L"]}}
DEBUG - 2025-05-15 08:45:20 --> Selected Variations for Variation ID 3: [{"variation_type_id":"2","selected_value":"Blue"},{"variation_type_id":"3","selected_value":"2L"}]
DEBUG - 2025-05-15 08:45:20 --> Variation Details for Variation ID 3: [{"variation_id":"2","variation_type":"Colour","display_name":"Color","selected_value":"Blue"},{"variation_id":"3","variation_type":"Capacity","display_name":"Capacity","selected_value":"2L"}]
DEBUG - 2025-05-15 08:45:20 --> Variation Options for Product ID 4: [{"variation_type_id":"2","selected_value":"Blue"},{"variation_type_id":"3","selected_value":"2L"}]
DEBUG - 2025-05-15 08:45:20 --> Variation Type for ID 2: {"id":"2","variation_type":"Capacity","display_name":"Capacity"}
DEBUG - 2025-05-15 08:45:20 --> Variation Type for ID 3: {"id":"3","variation_type":"Colour","display_name":"Color"}
DEBUG - 2025-05-15 08:45:20 --> Variation Types for Product ID 4: {"2":{"variation_id":"2","variation_type":"Capacity","display_name":"Capacity","values":["Blue"]},"3":{"variation_id":"3","variation_type":"Colour","display_name":"Color","values":["2L"]}}
DEBUG - 2025-05-15 08:45:20 --> Selected Variations for Variation ID 4: [{"variation_type_id":"2","selected_value":"Red"},{"variation_type_id":"3","selected_value":"1l"}]
DEBUG - 2025-05-15 08:45:20 --> Variation Details for Variation ID 4: [{"variation_id":"2","variation_type":"Colour","display_name":"Color","selected_value":"Red"},{"variation_id":"3","variation_type":"Capacity","display_name":"Capacity","selected_value":"1l"}]
DEBUG - 2025-05-15 08:45:20 --> Variation Options for Product ID 5: [{"variation_type_id":"2","selected_value":"Red"},{"variation_type_id":"3","selected_value":"1l"}]
DEBUG - 2025-05-15 08:45:20 --> Variation Type for ID 2: {"id":"2","variation_type":"Capacity","display_name":"Capacity"}
DEBUG - 2025-05-15 08:45:20 --> Variation Type for ID 3: {"id":"3","variation_type":"Colour","display_name":"Color"}
DEBUG - 2025-05-15 08:45:20 --> Variation Types for Product ID 5: {"2":{"variation_id":"2","variation_type":"Capacity","display_name":"Capacity","values":["Red"]},"3":{"variation_id":"3","variation_type":"Colour","display_name":"Color","values":["1l"]}}
DEBUG - 2025-05-15 08:45:20 --> Selected Variations for Variation ID 5: [{"variation_type_id":"2","selected_value":"Red"},{"variation_type_id":"3","selected_value":"1l"},{"variation_type_id":"2","selected_value":"Red"},{"variation_type_id":"3","selected_value":"1l"},{"variation_type_id":"3","selected_value":"2L"},{"variation_type_id":"2","selected_value":"Blue"}]
DEBUG - 2025-05-15 08:45:20 --> Variation Details for Variation ID 5: [{"variation_id":"2","variation_type":"Colour","display_name":"Color","selected_value":"Red"},{"variation_id":"3","variation_type":"Capacity","display_name":"Capacity","selected_value":"1l"},{"variation_id":"2","variation_type":"Colour","display_name":"Color","selected_value":"Red"},{"variation_id":"3","variation_type":"Capacity","display_name":"Capacity","selected_value":"1l"},{"variation_id":"3","variation_type":"Capacity","display_name":"Capacity","selected_value":"2L"},{"variation_id":"2","variation_type":"Colour","display_name":"Color","selected_value":"Blue"}]
DEBUG - 2025-05-15 08:45:20 --> Variation Options for Product ID 6: [{"variation_type_id":"2","selected_value":"Red"},{"variation_type_id":"3","selected_value":"1l"},{"variation_type_id":"2","selected_value":"Red"},{"variation_type_id":"3","selected_value":"1l"},{"variation_type_id":"3","selected_value":"2L"},{"variation_type_id":"2","selected_value":"Blue"}]
DEBUG - 2025-05-15 08:45:20 --> Variation Type for ID 2: {"id":"2","variation_type":"Capacity","display_name":"Capacity"}
DEBUG - 2025-05-15 08:45:20 --> Variation Type for ID 3: {"id":"3","variation_type":"Colour","display_name":"Color"}
DEBUG - 2025-05-15 08:45:20 --> Variation Type for ID 2: {"id":"2","variation_type":"Capacity","display_name":"Capacity"}
DEBUG - 2025-05-15 08:45:20 --> Variation Type for ID 3: {"id":"3","variation_type":"Colour","display_name":"Color"}
DEBUG - 2025-05-15 08:45:20 --> Variation Type for ID 3: {"id":"3","variation_type":"Colour","display_name":"Color"}
DEBUG - 2025-05-15 08:45:20 --> Variation Type for ID 2: {"id":"2","variation_type":"Capacity","display_name":"Capacity"}
DEBUG - 2025-05-15 08:45:20 --> Variation Types for Product ID 6: {"2":{"variation_id":"2","variation_type":"Capacity","display_name":"Capacity","values":["Red","Blue"]},"3":{"variation_id":"3","variation_type":"Colour","display_name":"Color","values":["1l","2L"]}}
DEBUG - 2025-05-15 08:45:25 --> Selected Variations for Variation ID 3: [{"variation_type_id":"2","selected_value":"Blue"},{"variation_type_id":"3","selected_value":"2L"}]
DEBUG - 2025-05-15 08:45:25 --> Variation Details for Variation ID 3: [{"variation_id":"2","variation_type":"Colour","display_name":"Color","selected_value":"Blue"},{"variation_id":"3","variation_type":"Capacity","display_name":"Capacity","selected_value":"2L"}]
DEBUG - 2025-05-15 08:45:25 --> Variation Options for Product ID 4: [{"variation_type_id":"2","selected_value":"Blue"},{"variation_type_id":"3","selected_value":"2L"}]
DEBUG - 2025-05-15 08:45:25 --> Variation Type for ID 2: {"id":"2","variation_type":"Capacity","display_name":"Capacity"}
DEBUG - 2025-05-15 08:45:25 --> Variation Type for ID 3: {"id":"3","variation_type":"Colour","display_name":"Color"}
DEBUG - 2025-05-15 08:45:25 --> Variation Types for Product ID 4: {"2":{"variation_id":"2","variation_type":"Capacity","display_name":"Capacity","values":["Blue"]},"3":{"variation_id":"3","variation_type":"Colour","display_name":"Color","values":["2L"]}}
DEBUG - 2025-05-15 08:45:25 --> Selected Variations for Variation ID 4: [{"variation_type_id":"2","selected_value":"Red"},{"variation_type_id":"3","selected_value":"1l"}]
DEBUG - 2025-05-15 08:45:25 --> Variation Details for Variation ID 4: [{"variation_id":"2","variation_type":"Colour","display_name":"Color","selected_value":"Red"},{"variation_id":"3","variation_type":"Capacity","display_name":"Capacity","selected_value":"1l"}]
DEBUG - 2025-05-15 08:45:25 --> Variation Options for Product ID 5: [{"variation_type_id":"2","selected_value":"Red"},{"variation_type_id":"3","selected_value":"1l"}]
DEBUG - 2025-05-15 08:45:25 --> Variation Type for ID 2: {"id":"2","variation_type":"Capacity","display_name":"Capacity"}
DEBUG - 2025-05-15 08:45:25 --> Variation Type for ID 3: {"id":"3","variation_type":"Colour","display_name":"Color"}
DEBUG - 2025-05-15 08:45:25 --> Variation Types for Product ID 5: {"2":{"variation_id":"2","variation_type":"Capacity","display_name":"Capacity","values":["Red"]},"3":{"variation_id":"3","variation_type":"Colour","display_name":"Color","values":["1l"]}}
DEBUG - 2025-05-15 08:45:25 --> Selected Variations for Variation ID 5: [{"variation_type_id":"2","selected_value":"Red"},{"variation_type_id":"3","selected_value":"1l"},{"variation_type_id":"2","selected_value":"Red"},{"variation_type_id":"3","selected_value":"1l"},{"variation_type_id":"3","selected_value":"2L"},{"variation_type_id":"2","selected_value":"Blue"}]
DEBUG - 2025-05-15 08:45:25 --> Variation Details for Variation ID 5: [{"variation_id":"2","variation_type":"Colour","display_name":"Color","selected_value":"Red"},{"variation_id":"3","variation_type":"Capacity","display_name":"Capacity","selected_value":"1l"},{"variation_id":"2","variation_type":"Colour","display_name":"Color","selected_value":"Red"},{"variation_id":"3","variation_type":"Capacity","display_name":"Capacity","selected_value":"1l"},{"variation_id":"3","variation_type":"Capacity","display_name":"Capacity","selected_value":"2L"},{"variation_id":"2","variation_type":"Colour","display_name":"Color","selected_value":"Blue"}]
DEBUG - 2025-05-15 08:45:25 --> Variation Options for Product ID 6: [{"variation_type_id":"2","selected_value":"Red"},{"variation_type_id":"3","selected_value":"1l"},{"variation_type_id":"2","selected_value":"Red"},{"variation_type_id":"3","selected_value":"1l"},{"variation_type_id":"3","selected_value":"2L"},{"variation_type_id":"2","selected_value":"Blue"}]
DEBUG - 2025-05-15 08:45:25 --> Variation Type for ID 2: {"id":"2","variation_type":"Capacity","display_name":"Capacity"}
DEBUG - 2025-05-15 08:45:25 --> Variation Type for ID 3: {"id":"3","variation_type":"Colour","display_name":"Color"}
DEBUG - 2025-05-15 08:45:25 --> Variation Type for ID 2: {"id":"2","variation_type":"Capacity","display_name":"Capacity"}
DEBUG - 2025-05-15 08:45:25 --> Variation Type for ID 3: {"id":"3","variation_type":"Colour","display_name":"Color"}
DEBUG - 2025-05-15 08:45:25 --> Variation Type for ID 3: {"id":"3","variation_type":"Colour","display_name":"Color"}
DEBUG - 2025-05-15 08:45:25 --> Variation Type for ID 2: {"id":"2","variation_type":"Capacity","display_name":"Capacity"}
DEBUG - 2025-05-15 08:45:25 --> Variation Types for Product ID 6: {"2":{"variation_id":"2","variation_type":"Capacity","display_name":"Capacity","values":["Red","Blue"]},"3":{"variation_id":"3","variation_type":"Colour","display_name":"Color","values":["1l","2L"]}}
