WARNING - 2025-08-13 11:47:14 --> [DEPRECATED] Creation of dynamic property CodeIgniter\HTTP\IncomingRequest::$user is deprecated in APPPATH\Filters\Authfilter.php on line 143.
 1 SYSTEMPATH\Filters\Filters.php(203): App\Filters\AuthFilter->before(Object(CodeIgniter\HTTP\IncomingRequest), null)
 2 SYSTEMPATH\Filters\Filters.php(184): CodeIgniter\Filters\Filters->runBefore([...])
 3 SYSTEMPATH\CodeIgniter.php(481): CodeIgniter\Filters\Filters->run('api/getCategoriesdetails', 'before')
 4 SYSTEMPATH\CodeIgniter.php(355): CodeIgniter\CodeIgniter->handleRequest(null, Object(Config\Cache), false)
 5 SYSTEMPATH\Boot.php(312): CodeIgniter\CodeIgniter->run()
 6 SYSTEMPATH\Boot.php(67): CodeIgniter\Boot::runCodeIgniter(Object(CodeIgniter\CodeIgniter))
 7 FCPATH\index.php(56): CodeIgniter\Boot::bootWeb(Object(Config\Paths))
 8 SYSTEMPATH\Commands\Server\rewrite.php(49): require_once('C:\\Users\\Admin\\Documents\\EstoreAPI\\public\\index.php')
WARNING - 2025-08-13 11:47:14 --> [DEPRECATED] Creation of dynamic property CodeIgniter\HTTP\IncomingRequest::$user is deprecated in APPPATH\Filters\Authfilter.php on line 143.
 1 SYSTEMPATH\Filters\Filters.php(203): App\Filters\AuthFilter->before(Object(CodeIgniter\HTTP\IncomingRequest), null)
 2 SYSTEMPATH\Filters\Filters.php(184): CodeIgniter\Filters\Filters->runBefore([...])
 3 SYSTEMPATH\CodeIgniter.php(481): CodeIgniter\Filters\Filters->run('api/getProductsdetails', 'before')
 4 SYSTEMPATH\CodeIgniter.php(355): CodeIgniter\CodeIgniter->handleRequest(null, Object(Config\Cache), false)
 5 SYSTEMPATH\Boot.php(312): CodeIgniter\CodeIgniter->run()
 6 SYSTEMPATH\Boot.php(67): CodeIgniter\Boot::runCodeIgniter(Object(CodeIgniter\CodeIgniter))
 7 FCPATH\index.php(56): CodeIgniter\Boot::bootWeb(Object(Config\Paths))
 8 SYSTEMPATH\Commands\Server\rewrite.php(49): require_once('C:\\Users\\Admin\\Documents\\EstoreAPI\\public\\index.php')
DEBUG - 2025-08-13 11:47:14 --> Selected Variations for Variation ID 2: [{"variation_type_id":"2","selected_value":"Blue"},{"variation_type_id":"3","selected_value":"2 L"}]
DEBUG - 2025-08-13 11:47:14 --> Variation Details for Variation ID 2: [{"variation_id":"2","variation_type":"Colour","display_name":"Colour","selected_value":"Blue"},{"variation_id":"3","variation_type":"Capacity","display_name":"Capacity","selected_value":"2 L"}]
DEBUG - 2025-08-13 11:47:14 --> Variation Options for Product ID 2: [{"variation_type_id":"2","selected_value":"Blue"},{"variation_type_id":"3","selected_value":"2 L"}]
DEBUG - 2025-08-13 11:47:14 --> Variation Type for ID 2: null
DEBUG - 2025-08-13 11:47:14 --> Variation Type for ID 3: null
DEBUG - 2025-08-13 11:47:14 --> Variation Types for Product ID 2: []
DEBUG - 2025-08-13 11:47:14 --> Selected Variations for Variation ID 3: [{"variation_type_id":"2","selected_value":"Red"},{"variation_type_id":"3","selected_value":"1 L"}]
DEBUG - 2025-08-13 11:47:14 --> Variation Details for Variation ID 3: [{"variation_id":"2","variation_type":"Colour","display_name":"Colour","selected_value":"Red"},{"variation_id":"3","variation_type":"Capacity","display_name":"Capacity","selected_value":"1 L"}]
DEBUG - 2025-08-13 11:47:14 --> Variation Options for Product ID 3: [{"variation_type_id":"2","selected_value":"Red"},{"variation_type_id":"3","selected_value":"1 L"}]
DEBUG - 2025-08-13 11:47:14 --> Variation Type for ID 2: null
DEBUG - 2025-08-13 11:47:14 --> Variation Type for ID 3: null
DEBUG - 2025-08-13 11:47:14 --> Variation Types for Product ID 3: []
DEBUG - 2025-08-13 11:47:14 --> Selected Variations for Variation ID 4: [{"variation_type_id":"2","selected_value":"Black"},{"variation_type_id":"3","selected_value":"3 L"}]
DEBUG - 2025-08-13 11:47:14 --> Variation Details for Variation ID 4: [{"variation_id":"2","variation_type":"Colour","display_name":"Colour","selected_value":"Black"},{"variation_id":"3","variation_type":"Capacity","display_name":"Capacity","selected_value":"3 L"}]
DEBUG - 2025-08-13 11:47:14 --> Variation Options for Product ID 4: [{"variation_type_id":"2","selected_value":"Black"},{"variation_type_id":"3","selected_value":"3 L"}]
DEBUG - 2025-08-13 11:47:14 --> Variation Type for ID 2: null
DEBUG - 2025-08-13 11:47:14 --> Variation Type for ID 3: null
DEBUG - 2025-08-13 11:47:14 --> Variation Types for Product ID 4: []
DEBUG - 2025-08-13 11:47:14 --> Selected Variations for Variation ID 5: [{"variation_type_id":"2","selected_value":"Blue"},{"variation_type_id":"3","selected_value":"2 L"}]
DEBUG - 2025-08-13 11:47:14 --> Variation Details for Variation ID 5: [{"variation_id":"2","variation_type":"Colour","display_name":"Colour","selected_value":"Blue"},{"variation_id":"3","variation_type":"Capacity","display_name":"Capacity","selected_value":"2 L"}]
DEBUG - 2025-08-13 11:47:14 --> Variation Options for Product ID 5: [{"variation_type_id":"2","selected_value":"Blue"},{"variation_type_id":"3","selected_value":"2 L"}]
DEBUG - 2025-08-13 11:47:14 --> Variation Type for ID 2: null
DEBUG - 2025-08-13 11:47:14 --> Variation Type for ID 3: null
DEBUG - 2025-08-13 11:47:14 --> Variation Types for Product ID 5: []
DEBUG - 2025-08-13 11:47:14 --> Selected Variations for Variation ID 6: [{"variation_type_id":"2","selected_value":"Red"},{"variation_type_id":"3","selected_value":"2 L"}]
DEBUG - 2025-08-13 11:47:14 --> Variation Details for Variation ID 6: [{"variation_id":"2","variation_type":"Colour","display_name":"Colour","selected_value":"Red"},{"variation_id":"3","variation_type":"Capacity","display_name":"Capacity","selected_value":"2 L"}]
DEBUG - 2025-08-13 11:47:15 --> Variation Options for Product ID 6: [{"variation_type_id":"2","selected_value":"Red"},{"variation_type_id":"3","selected_value":"2 L"}]
DEBUG - 2025-08-13 11:47:15 --> Variation Type for ID 2: null
DEBUG - 2025-08-13 11:47:15 --> Variation Type for ID 3: null
DEBUG - 2025-08-13 11:47:15 --> Variation Types for Product ID 6: []
DEBUG - 2025-08-13 11:47:15 --> Selected Variations for Variation ID 7: [{"variation_type_id":"2","selected_value":"Black"},{"variation_type_id":"3","selected_value":"1 L"}]
DEBUG - 2025-08-13 11:47:15 --> Variation Details for Variation ID 7: [{"variation_id":"2","variation_type":"Colour","display_name":"Colour","selected_value":"Black"},{"variation_id":"3","variation_type":"Capacity","display_name":"Capacity","selected_value":"1 L"}]
DEBUG - 2025-08-13 11:47:15 --> Variation Options for Product ID 7: [{"variation_type_id":"2","selected_value":"Black"},{"variation_type_id":"3","selected_value":"1 L"}]
DEBUG - 2025-08-13 11:47:15 --> Variation Type for ID 2: null
DEBUG - 2025-08-13 11:47:15 --> Variation Type for ID 3: null
DEBUG - 2025-08-13 11:47:15 --> Variation Types for Product ID 7: []
DEBUG - 2025-08-13 11:47:15 --> Selected Variations for Variation ID 8: [{"variation_type_id":"2","selected_value":"Black"},{"variation_type_id":"3","selected_value":"3 L"}]
DEBUG - 2025-08-13 11:47:15 --> Variation Details for Variation ID 8: [{"variation_id":"2","variation_type":"Colour","display_name":"Colour","selected_value":"Black"},{"variation_id":"3","variation_type":"Capacity","display_name":"Capacity","selected_value":"3 L"}]
DEBUG - 2025-08-13 11:47:15 --> Variation Options for Product ID 8: [{"variation_type_id":"2","selected_value":"Black"},{"variation_type_id":"3","selected_value":"3 L"}]
DEBUG - 2025-08-13 11:47:15 --> Variation Type for ID 2: null
DEBUG - 2025-08-13 11:47:15 --> Variation Type for ID 3: null
DEBUG - 2025-08-13 11:47:15 --> Variation Types for Product ID 8: []
DEBUG - 2025-08-13 11:47:15 --> Selected Variations for Variation ID 9: [{"variation_type_id":"2","selected_value":"Blue"},{"variation_type_id":"3","selected_value":"3 L"}]
DEBUG - 2025-08-13 11:47:15 --> Variation Details for Variation ID 9: [{"variation_id":"2","variation_type":"Colour","display_name":"Colour","selected_value":"Blue"},{"variation_id":"3","variation_type":"Capacity","display_name":"Capacity","selected_value":"3 L"}]
DEBUG - 2025-08-13 11:47:15 --> Selected Variations for Variation ID 10: [{"variation_type_id":"2","selected_value":"Red"},{"variation_type_id":"3","selected_value":"2 L"}]
DEBUG - 2025-08-13 11:47:15 --> Variation Details for Variation ID 10: [{"variation_id":"2","variation_type":"Colour","display_name":"Colour","selected_value":"Red"},{"variation_id":"3","variation_type":"Capacity","display_name":"Capacity","selected_value":"2 L"}]
DEBUG - 2025-08-13 11:47:15 --> Selected Variations for Variation ID 11: [{"variation_type_id":"2","selected_value":"Red"},{"variation_type_id":"3","selected_value":"1 L"}]
DEBUG - 2025-08-13 11:47:15 --> Variation Details for Variation ID 11: [{"variation_id":"2","variation_type":"Colour","display_name":"Colour","selected_value":"Red"},{"variation_id":"3","variation_type":"Capacity","display_name":"Capacity","selected_value":"1 L"}]
DEBUG - 2025-08-13 11:47:15 --> Selected Variations for Variation ID 12: [{"variation_type_id":"2","selected_value":"Red"},{"variation_type_id":"3","selected_value":"1 L"}]
DEBUG - 2025-08-13 11:47:15 --> Variation Details for Variation ID 12: [{"variation_id":"2","variation_type":"Colour","display_name":"Colour","selected_value":"Red"},{"variation_id":"3","variation_type":"Capacity","display_name":"Capacity","selected_value":"1 L"}]
DEBUG - 2025-08-13 11:47:15 --> Variation Options for Product ID 9: [{"variation_type_id":"2","selected_value":"Blue"},{"variation_type_id":"3","selected_value":"3 L"},{"variation_type_id":"2","selected_value":"Red"},{"variation_type_id":"3","selected_value":"2 L"},{"variation_type_id":"2","selected_value":"Red"},{"variation_type_id":"3","selected_value":"1 L"},{"variation_type_id":"2","selected_value":"Red"},{"variation_type_id":"3","selected_value":"1 L"}]
DEBUG - 2025-08-13 11:47:15 --> Variation Type for ID 2: null
DEBUG - 2025-08-13 11:47:15 --> Variation Type for ID 3: null
DEBUG - 2025-08-13 11:47:15 --> Variation Type for ID 2: null
DEBUG - 2025-08-13 11:47:15 --> Variation Type for ID 3: null
DEBUG - 2025-08-13 11:47:15 --> Variation Type for ID 2: null
DEBUG - 2025-08-13 11:47:15 --> Variation Type for ID 3: null
DEBUG - 2025-08-13 11:47:15 --> Variation Type for ID 2: null
DEBUG - 2025-08-13 11:47:15 --> Variation Type for ID 3: null
DEBUG - 2025-08-13 11:47:15 --> Variation Types for Product ID 9: []
DEBUG - 2025-08-13 11:47:15 --> Selected Variations for Variation ID 13: [{"variation_type_id":"1","selected_value":"Large"},{"variation_type_id":"2","selected_value":"Blue"}]
DEBUG - 2025-08-13 11:47:15 --> Variation Details for Variation ID 13: [{"variation_id":"1","variation_type":"Size","display_name":"ty","selected_value":"Large"},{"variation_id":"2","variation_type":"Colour","display_name":"Colour","selected_value":"Blue"}]
DEBUG - 2025-08-13 11:47:15 --> Variation Options for Product ID 13: [{"variation_type_id":"1","selected_value":"Large"},{"variation_type_id":"2","selected_value":"Blue"}]
DEBUG - 2025-08-13 11:47:15 --> Variation Type for ID 1: null
DEBUG - 2025-08-13 11:47:15 --> Variation Type for ID 2: null
DEBUG - 2025-08-13 11:47:15 --> Variation Types for Product ID 13: []
WARNING - 2025-08-13 11:47:15 --> [DEPRECATED] Creation of dynamic property CodeIgniter\HTTP\IncomingRequest::$user is deprecated in APPPATH\Filters\Authfilter.php on line 143.
 1 SYSTEMPATH\Filters\Filters.php(203): App\Filters\AuthFilter->before(Object(CodeIgniter\HTTP\IncomingRequest), null)
 2 SYSTEMPATH\Filters\Filters.php(184): CodeIgniter\Filters\Filters->runBefore([...])
 3 SYSTEMPATH\CodeIgniter.php(481): CodeIgniter\Filters\Filters->run('api/getCustomerdetails', 'before')
 4 SYSTEMPATH\CodeIgniter.php(355): CodeIgniter\CodeIgniter->handleRequest(null, Object(Config\Cache), false)
 5 SYSTEMPATH\Boot.php(312): CodeIgniter\CodeIgniter->run()
 6 SYSTEMPATH\Boot.php(67): CodeIgniter\Boot::runCodeIgniter(Object(CodeIgniter\CodeIgniter))
 7 FCPATH\index.php(56): CodeIgniter\Boot::bootWeb(Object(Config\Paths))
 8 SYSTEMPATH\Commands\Server\rewrite.php(49): require_once('C:\\Users\\Admin\\Documents\\EstoreAPI\\public\\index.php')
WARNING - 2025-08-13 11:47:15 --> [DEPRECATED] Creation of dynamic property CodeIgniter\HTTP\IncomingRequest::$user is deprecated in APPPATH\Filters\Authfilter.php on line 143.
 1 SYSTEMPATH\Filters\Filters.php(203): App\Filters\AuthFilter->before(Object(CodeIgniter\HTTP\IncomingRequest), null)
 2 SYSTEMPATH\Filters\Filters.php(184): CodeIgniter\Filters\Filters->runBefore([...])
 3 SYSTEMPATH\CodeIgniter.php(481): CodeIgniter\Filters\Filters->run('api/getcitiesdetails', 'before')
 4 SYSTEMPATH\CodeIgniter.php(355): CodeIgniter\CodeIgniter->handleRequest(null, Object(Config\Cache), false)
 5 SYSTEMPATH\Boot.php(312): CodeIgniter\CodeIgniter->run()
 6 SYSTEMPATH\Boot.php(67): CodeIgniter\Boot::runCodeIgniter(Object(CodeIgniter\CodeIgniter))
 7 FCPATH\index.php(56): CodeIgniter\Boot::bootWeb(Object(Config\Paths))
 8 SYSTEMPATH\Commands\Server\rewrite.php(49): require_once('C:\\Users\\Admin\\Documents\\EstoreAPI\\public\\index.php')
WARNING - 2025-08-13 11:47:16 --> [DEPRECATED] Creation of dynamic property CodeIgniter\HTTP\IncomingRequest::$user is deprecated in APPPATH\Filters\Authfilter.php on line 143.
 1 SYSTEMPATH\Filters\Filters.php(203): App\Filters\AuthFilter->before(Object(CodeIgniter\HTTP\IncomingRequest), null)
 2 SYSTEMPATH\Filters\Filters.php(184): CodeIgniter\Filters\Filters->runBefore([...])
 3 SYSTEMPATH\CodeIgniter.php(481): CodeIgniter\Filters\Filters->run('api/getcountriesdetails', 'before')
 4 SYSTEMPATH\CodeIgniter.php(355): CodeIgniter\CodeIgniter->handleRequest(null, Object(Config\Cache), false)
 5 SYSTEMPATH\Boot.php(312): CodeIgniter\CodeIgniter->run()
 6 SYSTEMPATH\Boot.php(67): CodeIgniter\Boot::runCodeIgniter(Object(CodeIgniter\CodeIgniter))
 7 FCPATH\index.php(56): CodeIgniter\Boot::bootWeb(Object(Config\Paths))
 8 SYSTEMPATH\Commands\Server\rewrite.php(49): require_once('C:\\Users\\Admin\\Documents\\EstoreAPI\\public\\index.php')
WARNING - 2025-08-13 11:47:17 --> [DEPRECATED] Creation of dynamic property CodeIgniter\HTTP\IncomingRequest::$user is deprecated in APPPATH\Filters\Authfilter.php on line 143.
 1 SYSTEMPATH\Filters\Filters.php(203): App\Filters\AuthFilter->before(Object(CodeIgniter\HTTP\IncomingRequest), null)
 2 SYSTEMPATH\Filters\Filters.php(184): CodeIgniter\Filters\Filters->runBefore([...])
 3 SYSTEMPATH\CodeIgniter.php(481): CodeIgniter\Filters\Filters->run('api/getstatesdetails', 'before')
 4 SYSTEMPATH\CodeIgniter.php(355): CodeIgniter\CodeIgniter->handleRequest(null, Object(Config\Cache), false)
 5 SYSTEMPATH\Boot.php(312): CodeIgniter\CodeIgniter->run()
 6 SYSTEMPATH\Boot.php(67): CodeIgniter\Boot::runCodeIgniter(Object(CodeIgniter\CodeIgniter))
 7 FCPATH\index.php(56): CodeIgniter\Boot::bootWeb(Object(Config\Paths))
 8 SYSTEMPATH\Commands\Server\rewrite.php(49): require_once('C:\\Users\\Admin\\Documents\\EstoreAPI\\public\\index.php')
WARNING - 2025-08-13 11:47:17 --> [DEPRECATED] Creation of dynamic property CodeIgniter\HTTP\IncomingRequest::$user is deprecated in APPPATH\Filters\Authfilter.php on line 143.
 1 SYSTEMPATH\Filters\Filters.php(203): App\Filters\AuthFilter->before(Object(CodeIgniter\HTTP\IncomingRequest), null)
 2 SYSTEMPATH\Filters\Filters.php(184): CodeIgniter\Filters\Filters->runBefore([...])
 3 SYSTEMPATH\CodeIgniter.php(481): CodeIgniter\Filters\Filters->run('api/wishlist', 'before')
 4 SYSTEMPATH\CodeIgniter.php(355): CodeIgniter\CodeIgniter->handleRequest(null, Object(Config\Cache), false)
 5 SYSTEMPATH\Boot.php(312): CodeIgniter\CodeIgniter->run()
 6 SYSTEMPATH\Boot.php(67): CodeIgniter\Boot::runCodeIgniter(Object(CodeIgniter\CodeIgniter))
 7 FCPATH\index.php(56): CodeIgniter\Boot::bootWeb(Object(Config\Paths))
 8 SYSTEMPATH\Commands\Server\rewrite.php(49): require_once('C:\\Users\\Admin\\Documents\\EstoreAPI\\public\\index.php')
WARNING - 2025-08-13 11:47:17 --> [DEPRECATED] Creation of dynamic property CodeIgniter\HTTP\IncomingRequest::$user is deprecated in APPPATH\Filters\Authfilter.php on line 143.
 1 SYSTEMPATH\Filters\Filters.php(203): App\Filters\AuthFilter->before(Object(CodeIgniter\HTTP\IncomingRequest), null)
 2 SYSTEMPATH\Filters\Filters.php(184): CodeIgniter\Filters\Filters->runBefore([...])
 3 SYSTEMPATH\CodeIgniter.php(481): CodeIgniter\Filters\Filters->run('api/generateCaptcha', 'before')
 4 SYSTEMPATH\CodeIgniter.php(355): CodeIgniter\CodeIgniter->handleRequest(null, Object(Config\Cache), false)
 5 SYSTEMPATH\Boot.php(312): CodeIgniter\CodeIgniter->run()
 6 SYSTEMPATH\Boot.php(67): CodeIgniter\Boot::runCodeIgniter(Object(CodeIgniter\CodeIgniter))
 7 FCPATH\index.php(56): CodeIgniter\Boot::bootWeb(Object(Config\Paths))
 8 SYSTEMPATH\Commands\Server\rewrite.php(49): require_once('C:\\Users\\Admin\\Documents\\EstoreAPI\\public\\index.php')
WARNING - 2025-08-13 11:47:29 --> [DEPRECATED] Creation of dynamic property CodeIgniter\HTTP\IncomingRequest::$user is deprecated in APPPATH\Filters\Authfilter.php on line 143.
 1 SYSTEMPATH\Filters\Filters.php(203): App\Filters\AuthFilter->before(Object(CodeIgniter\HTTP\IncomingRequest), null)
 2 SYSTEMPATH\Filters\Filters.php(184): CodeIgniter\Filters\Filters->runBefore([...])
 3 SYSTEMPATH\CodeIgniter.php(481): CodeIgniter\Filters\Filters->run('api/getCategoriesdetails', 'before')
 4 SYSTEMPATH\CodeIgniter.php(355): CodeIgniter\CodeIgniter->handleRequest(null, Object(Config\Cache), false)
 5 SYSTEMPATH\Boot.php(312): CodeIgniter\CodeIgniter->run()
 6 SYSTEMPATH\Boot.php(67): CodeIgniter\Boot::runCodeIgniter(Object(CodeIgniter\CodeIgniter))
 7 FCPATH\index.php(56): CodeIgniter\Boot::bootWeb(Object(Config\Paths))
 8 SYSTEMPATH\Commands\Server\rewrite.php(49): require_once('C:\\Users\\Admin\\Documents\\EstoreAPI\\public\\index.php')
WARNING - 2025-08-13 11:47:30 --> [DEPRECATED] Creation of dynamic property CodeIgniter\HTTP\IncomingRequest::$user is deprecated in APPPATH\Filters\Authfilter.php on line 143.
 1 SYSTEMPATH\Filters\Filters.php(203): App\Filters\AuthFilter->before(Object(CodeIgniter\HTTP\IncomingRequest), null)
 2 SYSTEMPATH\Filters\Filters.php(184): CodeIgniter\Filters\Filters->runBefore([...])
 3 SYSTEMPATH\CodeIgniter.php(481): CodeIgniter\Filters\Filters->run('api/getProductsdetails', 'before')
 4 SYSTEMPATH\CodeIgniter.php(355): CodeIgniter\CodeIgniter->handleRequest(null, Object(Config\Cache), false)
 5 SYSTEMPATH\Boot.php(312): CodeIgniter\CodeIgniter->run()
 6 SYSTEMPATH\Boot.php(67): CodeIgniter\Boot::runCodeIgniter(Object(CodeIgniter\CodeIgniter))
 7 FCPATH\index.php(56): CodeIgniter\Boot::bootWeb(Object(Config\Paths))
 8 SYSTEMPATH\Commands\Server\rewrite.php(49): require_once('C:\\Users\\Admin\\Documents\\EstoreAPI\\public\\index.php')
DEBUG - 2025-08-13 11:47:30 --> Selected Variations for Variation ID 2: [{"variation_type_id":"2","selected_value":"Blue"},{"variation_type_id":"3","selected_value":"2 L"}]
DEBUG - 2025-08-13 11:47:30 --> Variation Details for Variation ID 2: [{"variation_id":"2","variation_type":"Colour","display_name":"Colour","selected_value":"Blue"},{"variation_id":"3","variation_type":"Capacity","display_name":"Capacity","selected_value":"2 L"}]
DEBUG - 2025-08-13 11:47:30 --> Variation Options for Product ID 2: [{"variation_type_id":"2","selected_value":"Blue"},{"variation_type_id":"3","selected_value":"2 L"}]
DEBUG - 2025-08-13 11:47:30 --> Variation Type for ID 2: null
DEBUG - 2025-08-13 11:47:30 --> Variation Type for ID 3: null
DEBUG - 2025-08-13 11:47:30 --> Variation Types for Product ID 2: []
DEBUG - 2025-08-13 11:47:30 --> Selected Variations for Variation ID 3: [{"variation_type_id":"2","selected_value":"Red"},{"variation_type_id":"3","selected_value":"1 L"}]
DEBUG - 2025-08-13 11:47:30 --> Variation Details for Variation ID 3: [{"variation_id":"2","variation_type":"Colour","display_name":"Colour","selected_value":"Red"},{"variation_id":"3","variation_type":"Capacity","display_name":"Capacity","selected_value":"1 L"}]
DEBUG - 2025-08-13 11:47:30 --> Variation Options for Product ID 3: [{"variation_type_id":"2","selected_value":"Red"},{"variation_type_id":"3","selected_value":"1 L"}]
DEBUG - 2025-08-13 11:47:30 --> Variation Type for ID 2: null
DEBUG - 2025-08-13 11:47:30 --> Variation Type for ID 3: null
DEBUG - 2025-08-13 11:47:30 --> Variation Types for Product ID 3: []
DEBUG - 2025-08-13 11:47:30 --> Selected Variations for Variation ID 4: [{"variation_type_id":"2","selected_value":"Black"},{"variation_type_id":"3","selected_value":"3 L"}]
DEBUG - 2025-08-13 11:47:30 --> Variation Details for Variation ID 4: [{"variation_id":"2","variation_type":"Colour","display_name":"Colour","selected_value":"Black"},{"variation_id":"3","variation_type":"Capacity","display_name":"Capacity","selected_value":"3 L"}]
DEBUG - 2025-08-13 11:47:30 --> Variation Options for Product ID 4: [{"variation_type_id":"2","selected_value":"Black"},{"variation_type_id":"3","selected_value":"3 L"}]
DEBUG - 2025-08-13 11:47:30 --> Variation Type for ID 2: null
DEBUG - 2025-08-13 11:47:30 --> Variation Type for ID 3: null
DEBUG - 2025-08-13 11:47:30 --> Variation Types for Product ID 4: []
DEBUG - 2025-08-13 11:47:30 --> Selected Variations for Variation ID 5: [{"variation_type_id":"2","selected_value":"Blue"},{"variation_type_id":"3","selected_value":"2 L"}]
DEBUG - 2025-08-13 11:47:30 --> Variation Details for Variation ID 5: [{"variation_id":"2","variation_type":"Colour","display_name":"Colour","selected_value":"Blue"},{"variation_id":"3","variation_type":"Capacity","display_name":"Capacity","selected_value":"2 L"}]
DEBUG - 2025-08-13 11:47:30 --> Variation Options for Product ID 5: [{"variation_type_id":"2","selected_value":"Blue"},{"variation_type_id":"3","selected_value":"2 L"}]
DEBUG - 2025-08-13 11:47:30 --> Variation Type for ID 2: null
DEBUG - 2025-08-13 11:47:30 --> Variation Type for ID 3: null
DEBUG - 2025-08-13 11:47:30 --> Variation Types for Product ID 5: []
DEBUG - 2025-08-13 11:47:30 --> Selected Variations for Variation ID 6: [{"variation_type_id":"2","selected_value":"Red"},{"variation_type_id":"3","selected_value":"2 L"}]
DEBUG - 2025-08-13 11:47:30 --> Variation Details for Variation ID 6: [{"variation_id":"2","variation_type":"Colour","display_name":"Colour","selected_value":"Red"},{"variation_id":"3","variation_type":"Capacity","display_name":"Capacity","selected_value":"2 L"}]
DEBUG - 2025-08-13 11:47:30 --> Variation Options for Product ID 6: [{"variation_type_id":"2","selected_value":"Red"},{"variation_type_id":"3","selected_value":"2 L"}]
DEBUG - 2025-08-13 11:47:30 --> Variation Type for ID 2: null
DEBUG - 2025-08-13 11:47:30 --> Variation Type for ID 3: null
DEBUG - 2025-08-13 11:47:30 --> Variation Types for Product ID 6: []
DEBUG - 2025-08-13 11:47:30 --> Selected Variations for Variation ID 7: [{"variation_type_id":"2","selected_value":"Black"},{"variation_type_id":"3","selected_value":"1 L"}]
DEBUG - 2025-08-13 11:47:30 --> Variation Details for Variation ID 7: [{"variation_id":"2","variation_type":"Colour","display_name":"Colour","selected_value":"Black"},{"variation_id":"3","variation_type":"Capacity","display_name":"Capacity","selected_value":"1 L"}]
DEBUG - 2025-08-13 11:47:30 --> Variation Options for Product ID 7: [{"variation_type_id":"2","selected_value":"Black"},{"variation_type_id":"3","selected_value":"1 L"}]
DEBUG - 2025-08-13 11:47:30 --> Variation Type for ID 2: null
DEBUG - 2025-08-13 11:47:30 --> Variation Type for ID 3: null
DEBUG - 2025-08-13 11:47:30 --> Variation Types for Product ID 7: []
DEBUG - 2025-08-13 11:47:30 --> Selected Variations for Variation ID 8: [{"variation_type_id":"2","selected_value":"Black"},{"variation_type_id":"3","selected_value":"3 L"}]
DEBUG - 2025-08-13 11:47:30 --> Variation Details for Variation ID 8: [{"variation_id":"2","variation_type":"Colour","display_name":"Colour","selected_value":"Black"},{"variation_id":"3","variation_type":"Capacity","display_name":"Capacity","selected_value":"3 L"}]
DEBUG - 2025-08-13 11:47:30 --> Variation Options for Product ID 8: [{"variation_type_id":"2","selected_value":"Black"},{"variation_type_id":"3","selected_value":"3 L"}]
DEBUG - 2025-08-13 11:47:30 --> Variation Type for ID 2: null
DEBUG - 2025-08-13 11:47:30 --> Variation Type for ID 3: null
DEBUG - 2025-08-13 11:47:30 --> Variation Types for Product ID 8: []
DEBUG - 2025-08-13 11:47:30 --> Selected Variations for Variation ID 9: [{"variation_type_id":"2","selected_value":"Blue"},{"variation_type_id":"3","selected_value":"3 L"}]
DEBUG - 2025-08-13 11:47:30 --> Variation Details for Variation ID 9: [{"variation_id":"2","variation_type":"Colour","display_name":"Colour","selected_value":"Blue"},{"variation_id":"3","variation_type":"Capacity","display_name":"Capacity","selected_value":"3 L"}]
DEBUG - 2025-08-13 11:47:30 --> Selected Variations for Variation ID 10: [{"variation_type_id":"2","selected_value":"Red"},{"variation_type_id":"3","selected_value":"2 L"}]
DEBUG - 2025-08-13 11:47:30 --> Variation Details for Variation ID 10: [{"variation_id":"2","variation_type":"Colour","display_name":"Colour","selected_value":"Red"},{"variation_id":"3","variation_type":"Capacity","display_name":"Capacity","selected_value":"2 L"}]
DEBUG - 2025-08-13 11:47:30 --> Selected Variations for Variation ID 11: [{"variation_type_id":"2","selected_value":"Red"},{"variation_type_id":"3","selected_value":"1 L"}]
DEBUG - 2025-08-13 11:47:30 --> Variation Details for Variation ID 11: [{"variation_id":"2","variation_type":"Colour","display_name":"Colour","selected_value":"Red"},{"variation_id":"3","variation_type":"Capacity","display_name":"Capacity","selected_value":"1 L"}]
DEBUG - 2025-08-13 11:47:30 --> Selected Variations for Variation ID 12: [{"variation_type_id":"2","selected_value":"Red"},{"variation_type_id":"3","selected_value":"1 L"}]
DEBUG - 2025-08-13 11:47:30 --> Variation Details for Variation ID 12: [{"variation_id":"2","variation_type":"Colour","display_name":"Colour","selected_value":"Red"},{"variation_id":"3","variation_type":"Capacity","display_name":"Capacity","selected_value":"1 L"}]
DEBUG - 2025-08-13 11:47:30 --> Variation Options for Product ID 9: [{"variation_type_id":"2","selected_value":"Blue"},{"variation_type_id":"3","selected_value":"3 L"},{"variation_type_id":"2","selected_value":"Red"},{"variation_type_id":"3","selected_value":"2 L"},{"variation_type_id":"2","selected_value":"Red"},{"variation_type_id":"3","selected_value":"1 L"},{"variation_type_id":"2","selected_value":"Red"},{"variation_type_id":"3","selected_value":"1 L"}]
DEBUG - 2025-08-13 11:47:30 --> Variation Type for ID 2: null
DEBUG - 2025-08-13 11:47:30 --> Variation Type for ID 3: null
DEBUG - 2025-08-13 11:47:30 --> Variation Type for ID 2: null
DEBUG - 2025-08-13 11:47:30 --> Variation Type for ID 3: null
DEBUG - 2025-08-13 11:47:30 --> Variation Type for ID 2: null
DEBUG - 2025-08-13 11:47:30 --> Variation Type for ID 3: null
DEBUG - 2025-08-13 11:47:30 --> Variation Type for ID 2: null
DEBUG - 2025-08-13 11:47:30 --> Variation Type for ID 3: null
DEBUG - 2025-08-13 11:47:30 --> Variation Types for Product ID 9: []
DEBUG - 2025-08-13 11:47:30 --> Selected Variations for Variation ID 13: [{"variation_type_id":"1","selected_value":"Large"},{"variation_type_id":"2","selected_value":"Blue"}]
DEBUG - 2025-08-13 11:47:30 --> Variation Details for Variation ID 13: [{"variation_id":"1","variation_type":"Size","display_name":"ty","selected_value":"Large"},{"variation_id":"2","variation_type":"Colour","display_name":"Colour","selected_value":"Blue"}]
DEBUG - 2025-08-13 11:47:30 --> Variation Options for Product ID 13: [{"variation_type_id":"1","selected_value":"Large"},{"variation_type_id":"2","selected_value":"Blue"}]
DEBUG - 2025-08-13 11:47:30 --> Variation Type for ID 1: null
DEBUG - 2025-08-13 11:47:30 --> Variation Type for ID 2: null
DEBUG - 2025-08-13 11:47:30 --> Variation Types for Product ID 13: []
WARNING - 2025-08-13 11:47:30 --> [DEPRECATED] Creation of dynamic property CodeIgniter\HTTP\IncomingRequest::$user is deprecated in APPPATH\Filters\Authfilter.php on line 143.
 1 SYSTEMPATH\Filters\Filters.php(203): App\Filters\AuthFilter->before(Object(CodeIgniter\HTTP\IncomingRequest), null)
 2 SYSTEMPATH\Filters\Filters.php(184): CodeIgniter\Filters\Filters->runBefore([...])
 3 SYSTEMPATH\CodeIgniter.php(481): CodeIgniter\Filters\Filters->run('api/getCustomerdetails', 'before')
 4 SYSTEMPATH\CodeIgniter.php(355): CodeIgniter\CodeIgniter->handleRequest(null, Object(Config\Cache), false)
 5 SYSTEMPATH\Boot.php(312): CodeIgniter\CodeIgniter->run()
 6 SYSTEMPATH\Boot.php(67): CodeIgniter\Boot::runCodeIgniter(Object(CodeIgniter\CodeIgniter))
 7 FCPATH\index.php(56): CodeIgniter\Boot::bootWeb(Object(Config\Paths))
 8 SYSTEMPATH\Commands\Server\rewrite.php(49): require_once('C:\\Users\\Admin\\Documents\\EstoreAPI\\public\\index.php')
WARNING - 2025-08-13 11:47:31 --> [DEPRECATED] Creation of dynamic property CodeIgniter\HTTP\IncomingRequest::$user is deprecated in APPPATH\Filters\Authfilter.php on line 143.
 1 SYSTEMPATH\Filters\Filters.php(203): App\Filters\AuthFilter->before(Object(CodeIgniter\HTTP\IncomingRequest), null)
 2 SYSTEMPATH\Filters\Filters.php(184): CodeIgniter\Filters\Filters->runBefore([...])
 3 SYSTEMPATH\CodeIgniter.php(481): CodeIgniter\Filters\Filters->run('api/getcitiesdetails', 'before')
 4 SYSTEMPATH\CodeIgniter.php(355): CodeIgniter\CodeIgniter->handleRequest(null, Object(Config\Cache), false)
 5 SYSTEMPATH\Boot.php(312): CodeIgniter\CodeIgniter->run()
 6 SYSTEMPATH\Boot.php(67): CodeIgniter\Boot::runCodeIgniter(Object(CodeIgniter\CodeIgniter))
 7 FCPATH\index.php(56): CodeIgniter\Boot::bootWeb(Object(Config\Paths))
 8 SYSTEMPATH\Commands\Server\rewrite.php(49): require_once('C:\\Users\\Admin\\Documents\\EstoreAPI\\public\\index.php')
WARNING - 2025-08-13 11:47:32 --> [DEPRECATED] Creation of dynamic property CodeIgniter\HTTP\IncomingRequest::$user is deprecated in APPPATH\Filters\Authfilter.php on line 143.
 1 SYSTEMPATH\Filters\Filters.php(203): App\Filters\AuthFilter->before(Object(CodeIgniter\HTTP\IncomingRequest), null)
 2 SYSTEMPATH\Filters\Filters.php(184): CodeIgniter\Filters\Filters->runBefore([...])
 3 SYSTEMPATH\CodeIgniter.php(481): CodeIgniter\Filters\Filters->run('api/getcountriesdetails', 'before')
 4 SYSTEMPATH\CodeIgniter.php(355): CodeIgniter\CodeIgniter->handleRequest(null, Object(Config\Cache), false)
 5 SYSTEMPATH\Boot.php(312): CodeIgniter\CodeIgniter->run()
 6 SYSTEMPATH\Boot.php(67): CodeIgniter\Boot::runCodeIgniter(Object(CodeIgniter\CodeIgniter))
 7 FCPATH\index.php(56): CodeIgniter\Boot::bootWeb(Object(Config\Paths))
 8 SYSTEMPATH\Commands\Server\rewrite.php(49): require_once('C:\\Users\\Admin\\Documents\\EstoreAPI\\public\\index.php')
WARNING - 2025-08-13 11:47:32 --> [DEPRECATED] Creation of dynamic property CodeIgniter\HTTP\IncomingRequest::$user is deprecated in APPPATH\Filters\Authfilter.php on line 143.
 1 SYSTEMPATH\Filters\Filters.php(203): App\Filters\AuthFilter->before(Object(CodeIgniter\HTTP\IncomingRequest), null)
 2 SYSTEMPATH\Filters\Filters.php(184): CodeIgniter\Filters\Filters->runBefore([...])
 3 SYSTEMPATH\CodeIgniter.php(481): CodeIgniter\Filters\Filters->run('api/getstatesdetails', 'before')
 4 SYSTEMPATH\CodeIgniter.php(355): CodeIgniter\CodeIgniter->handleRequest(null, Object(Config\Cache), false)
 5 SYSTEMPATH\Boot.php(312): CodeIgniter\CodeIgniter->run()
 6 SYSTEMPATH\Boot.php(67): CodeIgniter\Boot::runCodeIgniter(Object(CodeIgniter\CodeIgniter))
 7 FCPATH\index.php(56): CodeIgniter\Boot::bootWeb(Object(Config\Paths))
 8 SYSTEMPATH\Commands\Server\rewrite.php(49): require_once('C:\\Users\\Admin\\Documents\\EstoreAPI\\public\\index.php')
WARNING - 2025-08-13 11:47:32 --> [DEPRECATED] Creation of dynamic property CodeIgniter\HTTP\IncomingRequest::$user is deprecated in APPPATH\Filters\Authfilter.php on line 143.
 1 SYSTEMPATH\Filters\Filters.php(203): App\Filters\AuthFilter->before(Object(CodeIgniter\HTTP\IncomingRequest), null)
 2 SYSTEMPATH\Filters\Filters.php(184): CodeIgniter\Filters\Filters->runBefore([...])
 3 SYSTEMPATH\CodeIgniter.php(481): CodeIgniter\Filters\Filters->run('api/wishlist', 'before')
 4 SYSTEMPATH\CodeIgniter.php(355): CodeIgniter\CodeIgniter->handleRequest(null, Object(Config\Cache), false)
 5 SYSTEMPATH\Boot.php(312): CodeIgniter\CodeIgniter->run()
 6 SYSTEMPATH\Boot.php(67): CodeIgniter\Boot::runCodeIgniter(Object(CodeIgniter\CodeIgniter))
 7 FCPATH\index.php(56): CodeIgniter\Boot::bootWeb(Object(Config\Paths))
 8 SYSTEMPATH\Commands\Server\rewrite.php(49): require_once('C:\\Users\\Admin\\Documents\\EstoreAPI\\public\\index.php')
WARNING - 2025-08-13 11:47:32 --> [DEPRECATED] Creation of dynamic property CodeIgniter\HTTP\IncomingRequest::$user is deprecated in APPPATH\Filters\Authfilter.php on line 143.
 1 SYSTEMPATH\Filters\Filters.php(203): App\Filters\AuthFilter->before(Object(CodeIgniter\HTTP\IncomingRequest), null)
 2 SYSTEMPATH\Filters\Filters.php(184): CodeIgniter\Filters\Filters->runBefore([...])
 3 SYSTEMPATH\CodeIgniter.php(481): CodeIgniter\Filters\Filters->run('api/generateCaptcha', 'before')
 4 SYSTEMPATH\CodeIgniter.php(355): CodeIgniter\CodeIgniter->handleRequest(null, Object(Config\Cache), false)
 5 SYSTEMPATH\Boot.php(312): CodeIgniter\CodeIgniter->run()
 6 SYSTEMPATH\Boot.php(67): CodeIgniter\Boot::runCodeIgniter(Object(CodeIgniter\CodeIgniter))
 7 FCPATH\index.php(56): CodeIgniter\Boot::bootWeb(Object(Config\Paths))
 8 SYSTEMPATH\Commands\Server\rewrite.php(49): require_once('C:\\Users\\Admin\\Documents\\EstoreAPI\\public\\index.php')
WARNING - 2025-08-13 11:47:34 --> [DEPRECATED] Creation of dynamic property CodeIgniter\HTTP\IncomingRequest::$user is deprecated in APPPATH\Filters\Authfilter.php on line 143.
 1 SYSTEMPATH\Filters\Filters.php(203): App\Filters\AuthFilter->before(Object(CodeIgniter\HTTP\IncomingRequest), null)
 2 SYSTEMPATH\Filters\Filters.php(184): CodeIgniter\Filters\Filters->runBefore([...])
 3 SYSTEMPATH\CodeIgniter.php(481): CodeIgniter\Filters\Filters->run('api/getProductsdetails', 'before')
 4 SYSTEMPATH\CodeIgniter.php(355): CodeIgniter\CodeIgniter->handleRequest(null, Object(Config\Cache), false)
 5 SYSTEMPATH\Boot.php(312): CodeIgniter\CodeIgniter->run()
 6 SYSTEMPATH\Boot.php(67): CodeIgniter\Boot::runCodeIgniter(Object(CodeIgniter\CodeIgniter))
 7 FCPATH\index.php(56): CodeIgniter\Boot::bootWeb(Object(Config\Paths))
 8 SYSTEMPATH\Commands\Server\rewrite.php(49): require_once('C:\\Users\\Admin\\Documents\\EstoreAPI\\public\\index.php')
DEBUG - 2025-08-13 11:47:34 --> Selected Variations for Variation ID 2: [{"variation_type_id":"2","selected_value":"Blue"},{"variation_type_id":"3","selected_value":"2 L"}]
DEBUG - 2025-08-13 11:47:34 --> Variation Details for Variation ID 2: [{"variation_id":"2","variation_type":"Colour","display_name":"Colour","selected_value":"Blue"},{"variation_id":"3","variation_type":"Capacity","display_name":"Capacity","selected_value":"2 L"}]
DEBUG - 2025-08-13 11:47:34 --> Variation Options for Product ID 2: [{"variation_type_id":"2","selected_value":"Blue"},{"variation_type_id":"3","selected_value":"2 L"}]
DEBUG - 2025-08-13 11:47:34 --> Variation Type for ID 2: null
DEBUG - 2025-08-13 11:47:34 --> Variation Type for ID 3: null
DEBUG - 2025-08-13 11:47:34 --> Variation Types for Product ID 2: []
DEBUG - 2025-08-13 11:47:34 --> Selected Variations for Variation ID 3: [{"variation_type_id":"2","selected_value":"Red"},{"variation_type_id":"3","selected_value":"1 L"}]
DEBUG - 2025-08-13 11:47:34 --> Variation Details for Variation ID 3: [{"variation_id":"2","variation_type":"Colour","display_name":"Colour","selected_value":"Red"},{"variation_id":"3","variation_type":"Capacity","display_name":"Capacity","selected_value":"1 L"}]
DEBUG - 2025-08-13 11:47:34 --> Variation Options for Product ID 3: [{"variation_type_id":"2","selected_value":"Red"},{"variation_type_id":"3","selected_value":"1 L"}]
DEBUG - 2025-08-13 11:47:34 --> Variation Type for ID 2: null
DEBUG - 2025-08-13 11:47:34 --> Variation Type for ID 3: null
DEBUG - 2025-08-13 11:47:34 --> Variation Types for Product ID 3: []
DEBUG - 2025-08-13 11:47:34 --> Selected Variations for Variation ID 4: [{"variation_type_id":"2","selected_value":"Black"},{"variation_type_id":"3","selected_value":"3 L"}]
DEBUG - 2025-08-13 11:47:34 --> Variation Details for Variation ID 4: [{"variation_id":"2","variation_type":"Colour","display_name":"Colour","selected_value":"Black"},{"variation_id":"3","variation_type":"Capacity","display_name":"Capacity","selected_value":"3 L"}]
DEBUG - 2025-08-13 11:47:34 --> Variation Options for Product ID 4: [{"variation_type_id":"2","selected_value":"Black"},{"variation_type_id":"3","selected_value":"3 L"}]
DEBUG - 2025-08-13 11:47:34 --> Variation Type for ID 2: null
DEBUG - 2025-08-13 11:47:34 --> Variation Type for ID 3: null
DEBUG - 2025-08-13 11:47:34 --> Variation Types for Product ID 4: []
DEBUG - 2025-08-13 11:47:34 --> Selected Variations for Variation ID 5: [{"variation_type_id":"2","selected_value":"Blue"},{"variation_type_id":"3","selected_value":"2 L"}]
DEBUG - 2025-08-13 11:47:34 --> Variation Details for Variation ID 5: [{"variation_id":"2","variation_type":"Colour","display_name":"Colour","selected_value":"Blue"},{"variation_id":"3","variation_type":"Capacity","display_name":"Capacity","selected_value":"2 L"}]
DEBUG - 2025-08-13 11:47:34 --> Variation Options for Product ID 5: [{"variation_type_id":"2","selected_value":"Blue"},{"variation_type_id":"3","selected_value":"2 L"}]
DEBUG - 2025-08-13 11:47:34 --> Variation Type for ID 2: null
DEBUG - 2025-08-13 11:47:34 --> Variation Type for ID 3: null
DEBUG - 2025-08-13 11:47:34 --> Variation Types for Product ID 5: []
DEBUG - 2025-08-13 11:47:34 --> Selected Variations for Variation ID 6: [{"variation_type_id":"2","selected_value":"Red"},{"variation_type_id":"3","selected_value":"2 L"}]
DEBUG - 2025-08-13 11:47:34 --> Variation Details for Variation ID 6: [{"variation_id":"2","variation_type":"Colour","display_name":"Colour","selected_value":"Red"},{"variation_id":"3","variation_type":"Capacity","display_name":"Capacity","selected_value":"2 L"}]
DEBUG - 2025-08-13 11:47:34 --> Variation Options for Product ID 6: [{"variation_type_id":"2","selected_value":"Red"},{"variation_type_id":"3","selected_value":"2 L"}]
DEBUG - 2025-08-13 11:47:34 --> Variation Type for ID 2: null
DEBUG - 2025-08-13 11:47:34 --> Variation Type for ID 3: null
DEBUG - 2025-08-13 11:47:34 --> Variation Types for Product ID 6: []
DEBUG - 2025-08-13 11:47:34 --> Selected Variations for Variation ID 7: [{"variation_type_id":"2","selected_value":"Black"},{"variation_type_id":"3","selected_value":"1 L"}]
DEBUG - 2025-08-13 11:47:34 --> Variation Details for Variation ID 7: [{"variation_id":"2","variation_type":"Colour","display_name":"Colour","selected_value":"Black"},{"variation_id":"3","variation_type":"Capacity","display_name":"Capacity","selected_value":"1 L"}]
DEBUG - 2025-08-13 11:47:34 --> Variation Options for Product ID 7: [{"variation_type_id":"2","selected_value":"Black"},{"variation_type_id":"3","selected_value":"1 L"}]
DEBUG - 2025-08-13 11:47:34 --> Variation Type for ID 2: null
DEBUG - 2025-08-13 11:47:34 --> Variation Type for ID 3: null
DEBUG - 2025-08-13 11:47:34 --> Variation Types for Product ID 7: []
DEBUG - 2025-08-13 11:47:34 --> Selected Variations for Variation ID 8: [{"variation_type_id":"2","selected_value":"Black"},{"variation_type_id":"3","selected_value":"3 L"}]
DEBUG - 2025-08-13 11:47:35 --> Variation Details for Variation ID 8: [{"variation_id":"2","variation_type":"Colour","display_name":"Colour","selected_value":"Black"},{"variation_id":"3","variation_type":"Capacity","display_name":"Capacity","selected_value":"3 L"}]
DEBUG - 2025-08-13 11:47:35 --> Variation Options for Product ID 8: [{"variation_type_id":"2","selected_value":"Black"},{"variation_type_id":"3","selected_value":"3 L"}]
DEBUG - 2025-08-13 11:47:35 --> Variation Type for ID 2: null
DEBUG - 2025-08-13 11:47:35 --> Variation Type for ID 3: null
DEBUG - 2025-08-13 11:47:35 --> Variation Types for Product ID 8: []
DEBUG - 2025-08-13 11:47:35 --> Selected Variations for Variation ID 9: [{"variation_type_id":"2","selected_value":"Blue"},{"variation_type_id":"3","selected_value":"3 L"}]
DEBUG - 2025-08-13 11:47:35 --> Variation Details for Variation ID 9: [{"variation_id":"2","variation_type":"Colour","display_name":"Colour","selected_value":"Blue"},{"variation_id":"3","variation_type":"Capacity","display_name":"Capacity","selected_value":"3 L"}]
DEBUG - 2025-08-13 11:47:35 --> Selected Variations for Variation ID 10: [{"variation_type_id":"2","selected_value":"Red"},{"variation_type_id":"3","selected_value":"2 L"}]
DEBUG - 2025-08-13 11:47:35 --> Variation Details for Variation ID 10: [{"variation_id":"2","variation_type":"Colour","display_name":"Colour","selected_value":"Red"},{"variation_id":"3","variation_type":"Capacity","display_name":"Capacity","selected_value":"2 L"}]
DEBUG - 2025-08-13 11:47:35 --> Selected Variations for Variation ID 11: [{"variation_type_id":"2","selected_value":"Red"},{"variation_type_id":"3","selected_value":"1 L"}]
DEBUG - 2025-08-13 11:47:35 --> Variation Details for Variation ID 11: [{"variation_id":"2","variation_type":"Colour","display_name":"Colour","selected_value":"Red"},{"variation_id":"3","variation_type":"Capacity","display_name":"Capacity","selected_value":"1 L"}]
DEBUG - 2025-08-13 11:47:35 --> Selected Variations for Variation ID 12: [{"variation_type_id":"2","selected_value":"Red"},{"variation_type_id":"3","selected_value":"1 L"}]
DEBUG - 2025-08-13 11:47:35 --> Variation Details for Variation ID 12: [{"variation_id":"2","variation_type":"Colour","display_name":"Colour","selected_value":"Red"},{"variation_id":"3","variation_type":"Capacity","display_name":"Capacity","selected_value":"1 L"}]
DEBUG - 2025-08-13 11:47:35 --> Variation Options for Product ID 9: [{"variation_type_id":"2","selected_value":"Blue"},{"variation_type_id":"3","selected_value":"3 L"},{"variation_type_id":"2","selected_value":"Red"},{"variation_type_id":"3","selected_value":"2 L"},{"variation_type_id":"2","selected_value":"Red"},{"variation_type_id":"3","selected_value":"1 L"},{"variation_type_id":"2","selected_value":"Red"},{"variation_type_id":"3","selected_value":"1 L"}]
DEBUG - 2025-08-13 11:47:35 --> Variation Type for ID 2: null
DEBUG - 2025-08-13 11:47:35 --> Variation Type for ID 3: null
DEBUG - 2025-08-13 11:47:35 --> Variation Type for ID 2: null
DEBUG - 2025-08-13 11:47:35 --> Variation Type for ID 3: null
DEBUG - 2025-08-13 11:47:35 --> Variation Type for ID 2: null
DEBUG - 2025-08-13 11:47:35 --> Variation Type for ID 3: null
DEBUG - 2025-08-13 11:47:35 --> Variation Type for ID 2: null
DEBUG - 2025-08-13 11:47:35 --> Variation Type for ID 3: null
DEBUG - 2025-08-13 11:47:35 --> Variation Types for Product ID 9: []
DEBUG - 2025-08-13 11:47:35 --> Selected Variations for Variation ID 13: [{"variation_type_id":"1","selected_value":"Large"},{"variation_type_id":"2","selected_value":"Blue"}]
DEBUG - 2025-08-13 11:47:35 --> Variation Details for Variation ID 13: [{"variation_id":"1","variation_type":"Size","display_name":"ty","selected_value":"Large"},{"variation_id":"2","variation_type":"Colour","display_name":"Colour","selected_value":"Blue"}]
DEBUG - 2025-08-13 11:47:35 --> Variation Options for Product ID 13: [{"variation_type_id":"1","selected_value":"Large"},{"variation_type_id":"2","selected_value":"Blue"}]
DEBUG - 2025-08-13 11:47:35 --> Variation Type for ID 1: null
DEBUG - 2025-08-13 11:47:35 --> Variation Type for ID 2: null
DEBUG - 2025-08-13 11:47:35 --> Variation Types for Product ID 13: []
WARNING - 2025-08-13 11:47:35 --> [DEPRECATED] Creation of dynamic property CodeIgniter\HTTP\IncomingRequest::$user is deprecated in APPPATH\Filters\Authfilter.php on line 143.
 1 SYSTEMPATH\Filters\Filters.php(203): App\Filters\AuthFilter->before(Object(CodeIgniter\HTTP\IncomingRequest), null)
 2 SYSTEMPATH\Filters\Filters.php(184): CodeIgniter\Filters\Filters->runBefore([...])
 3 SYSTEMPATH\CodeIgniter.php(481): CodeIgniter\Filters\Filters->run('api/wishlist', 'before')
 4 SYSTEMPATH\CodeIgniter.php(355): CodeIgniter\CodeIgniter->handleRequest(null, Object(Config\Cache), false)
 5 SYSTEMPATH\Boot.php(312): CodeIgniter\CodeIgniter->run()
 6 SYSTEMPATH\Boot.php(67): CodeIgniter\Boot::runCodeIgniter(Object(CodeIgniter\CodeIgniter))
 7 FCPATH\index.php(56): CodeIgniter\Boot::bootWeb(Object(Config\Paths))
 8 SYSTEMPATH\Commands\Server\rewrite.php(49): require_once('C:\\Users\\Admin\\Documents\\EstoreAPI\\public\\index.php')
WARNING - 2025-08-13 11:47:36 --> [DEPRECATED] Creation of dynamic property CodeIgniter\HTTP\IncomingRequest::$user is deprecated in APPPATH\Filters\Authfilter.php on line 143.
 1 SYSTEMPATH\Filters\Filters.php(203): App\Filters\AuthFilter->before(Object(CodeIgniter\HTTP\IncomingRequest), null)
 2 SYSTEMPATH\Filters\Filters.php(184): CodeIgniter\Filters\Filters->runBefore([...])
 3 SYSTEMPATH\CodeIgniter.php(481): CodeIgniter\Filters\Filters->run('api/bestsellingproducts', 'before')
 4 SYSTEMPATH\CodeIgniter.php(355): CodeIgniter\CodeIgniter->handleRequest(null, Object(Config\Cache), false)
 5 SYSTEMPATH\Boot.php(312): CodeIgniter\CodeIgniter->run()
 6 SYSTEMPATH\Boot.php(67): CodeIgniter\Boot::runCodeIgniter(Object(CodeIgniter\CodeIgniter))
 7 FCPATH\index.php(56): CodeIgniter\Boot::bootWeb(Object(Config\Paths))
 8 SYSTEMPATH\Commands\Server\rewrite.php(49): require_once('C:\\Users\\Admin\\Documents\\EstoreAPI\\public\\index.php')
CRITICAL - 2025-08-13 11:47:36 --> ErrorException: Undefined array key "return_policy_days"
[Method: GET, Route: api/bestsellingproducts]
in APPPATH\Controllers\api\BestSellingController.php on line 95.
 1 APPPATH\Controllers\api\BestSellingController.php(95): CodeIgniter\Debug\Exceptions->errorHandler(2, 'Undefined array key "return_policy_days"', 'C:\\Users\\Admin\\Documents\\EstoreAPI\\app\\Controllers\\api\\BestSellingController.php', 95)
 2 SYSTEMPATH\CodeIgniter.php(933): App\Controllers\api\BestSellingController->bestsellingproduct()
 3 SYSTEMPATH\CodeIgniter.php(509): CodeIgniter\CodeIgniter->runController(Object(App\Controllers\api\BestSellingController))
 4 SYSTEMPATH\CodeIgniter.php(355): CodeIgniter\CodeIgniter->handleRequest(null, Object(Config\Cache), false)
 5 SYSTEMPATH\Boot.php(312): CodeIgniter\CodeIgniter->run()
 6 SYSTEMPATH\Boot.php(67): CodeIgniter\Boot::runCodeIgniter(Object(CodeIgniter\CodeIgniter))
 7 FCPATH\index.php(56): CodeIgniter\Boot::bootWeb(Object(Config\Paths))
 8 SYSTEMPATH\Commands\Server\rewrite.php(49): require_once('C:\\Users\\Admin\\Documents\\EstoreAPI\\public\\index.php')
